{"numFailedTestSuites":0,"numFailedTests":0,"numPassedTestSuites":11,"numPassedTests":71,"numPendingTestSuites":0,"numPendingTests":0,"numRuntimeErrorTestSuites":0,"numTodoTests":0,"numTotalTestSuites":11,"numTotalTests":71,"openHandles":[],"snapshot":{"added":0,"didUpdate":false,"failure":false,"filesAdded":0,"filesRemoved":0,"filesRemovedList":[],"filesUnmatched":0,"filesUpdated":0,"matched":0,"total":0,"unchecked":0,"uncheckedKeysByFile":[],"unmatched":0,"updated":0},"startTime":1747318820736,"success":true,"testResults":[{"assertionResults":[{"ancestorTitles":["Sessions API Integration Tests","POST /api/sessions/create"],"duration":38,"failureDetails":[],"failureMessages":[],"fullName":"Sessions API Integration Tests POST /api/sessions/create should return 400 if userId is missing","invocations":1,"location":null,"numPassingAsserts":2,"retryReasons":[],"status":"passed","title":"should return 400 if userId is missing"},{"ancestorTitles":["Sessions API Integration Tests","POST /api/sessions/create"],"duration":7,"failureDetails":[],"failureMessages":[],"fullName":"Sessions API Integration Tests POST /api/sessions/create should create a new session with a unique code","invocations":1,"location":null,"numPassingAsserts":3,"retryReasons":[],"status":"passed","title":"should create a new session with a unique code"},{"ancestorTitles":["Sessions API Integration Tests","POST /api/sessions/create"],"duration":32,"failureDetails":[],"failureMessages":[],"fullName":"Sessions API Integration Tests POST /api/sessions/create should handle database errors","invocations":1,"location":null,"numPassingAsserts":2,"retryReasons":[],"status":"passed","title":"should handle database errors"},{"ancestorTitles":["Sessions API Integration Tests","POST /api/sessions/join"],"duration":7,"failureDetails":[],"failureMessages":[],"fullName":"Sessions API Integration Tests POST /api/sessions/join should return 400 if userId or code is missing","invocations":1,"location":null,"numPassingAsserts":2,"retryReasons":[],"status":"passed","title":"should return 400 if userId or code is missing"},{"ancestorTitles":["Sessions API Integration Tests","POST /api/sessions/join"],"duration":12,"failureDetails":[],"failureMessages":[],"fullName":"Sessions API Integration Tests POST /api/sessions/join should return 404 if session is not found","invocations":1,"location":null,"numPassingAsserts":2,"retryReasons":[],"status":"passed","title":"should return 404 if session is not found"},{"ancestorTitles":["Sessions API Integration Tests","POST /api/sessions/join"],"duration":5,"failureDetails":[],"failureMessages":[],"fullName":"Sessions API Integration Tests POST /api/sessions/join should add user to session participants if not already a participant","invocations":1,"location":null,"numPassingAsserts":3,"retryReasons":[],"status":"passed","title":"should add user to session participants if not already a participant"},{"ancestorTitles":["Sessions API Integration Tests","POST /api/sessions/join"],"duration":4,"failureDetails":[],"failureMessages":[],"fullName":"Sessions API Integration Tests POST /api/sessions/join should not update session if user is already a participant","invocations":1,"location":null,"numPassingAsserts":3,"retryReasons":[],"status":"passed","title":"should not update session if user is already a participant"},{"ancestorTitles":["Sessions API Integration Tests","GET /api/sessions/:sessionId/status"],"duration":5,"failureDetails":[],"failureMessages":[],"fullName":"Sessions API Integration Tests GET /api/sessions/:sessionId/status should return session details if session exists","invocations":1,"location":null,"numPassingAsserts":2,"retryReasons":[],"status":"passed","title":"should return session details if session exists"},{"ancestorTitles":["Sessions API Integration Tests","GET /api/sessions/:sessionId/status"],"duration":5,"failureDetails":[],"failureMessages":[],"fullName":"Sessions API Integration Tests GET /api/sessions/:sessionId/status should return 404 if session does not exist","invocations":1,"location":null,"numPassingAsserts":2,"retryReasons":[],"status":"passed","title":"should return 404 if session does not exist"},{"ancestorTitles":["Sessions API Integration Tests","POST /api/sessions/:sessionId/start"],"duration":5,"failureDetails":[],"failureMessages":[],"fullName":"Sessions API Integration Tests POST /api/sessions/:sessionId/start should return 404 if session does not exist","invocations":1,"location":null,"numPassingAsserts":2,"retryReasons":[],"status":"passed","title":"should return 404 if session does not exist"},{"ancestorTitles":["Sessions API Integration Tests","POST /api/sessions/:sessionId/start"],"duration":7,"failureDetails":[],"failureMessages":[],"fullName":"Sessions API Integration Tests POST /api/sessions/:sessionId/start should return 403 if user is not the session owner","invocations":1,"location":null,"numPassingAsserts":2,"retryReasons":[],"status":"passed","title":"should return 403 if user is not the session owner"},{"ancestorTitles":["Sessions API Integration Tests","POST /api/sessions/:sessionId/start"],"duration":4,"failureDetails":[],"failureMessages":[],"fullName":"Sessions API Integration Tests POST /api/sessions/:sessionId/start should update session status to COLLECTING_IDEAS when started by owner","invocations":1,"location":null,"numPassingAsserts":3,"retryReasons":[],"status":"passed","title":"should update session status to COLLECTING_IDEAS when started by owner"},{"ancestorTitles":["Sessions API Integration Tests","POST /api/sessions/:sessionId/voting"],"duration":4,"failureDetails":[],"failureMessages":[],"fullName":"Sessions API Integration Tests POST /api/sessions/:sessionId/voting should return 404 if session does not exist","invocations":1,"location":null,"numPassingAsserts":2,"retryReasons":[],"status":"passed","title":"should return 404 if session does not exist"},{"ancestorTitles":["Sessions API Integration Tests","POST /api/sessions/:sessionId/voting"],"duration":5,"failureDetails":[],"failureMessages":[],"fullName":"Sessions API Integration Tests POST /api/sessions/:sessionId/voting should return 403 if user is not the session owner","invocations":1,"location":null,"numPassingAsserts":2,"retryReasons":[],"status":"passed","title":"should return 403 if user is not the session owner"},{"ancestorTitles":["Sessions API Integration Tests","POST /api/sessions/:sessionId/voting"],"duration":4,"failureDetails":[],"failureMessages":[],"fullName":"Sessions API Integration Tests POST /api/sessions/:sessionId/voting should return 400 if no ideas have been submitted","invocations":1,"location":null,"numPassingAsserts":2,"retryReasons":[],"status":"passed","title":"should return 400 if no ideas have been submitted"},{"ancestorTitles":["Sessions API Integration Tests","POST /api/sessions/:sessionId/voting"],"duration":3,"failureDetails":[],"failureMessages":[],"fullName":"Sessions API Integration Tests POST /api/sessions/:sessionId/voting should update session status to VOTING when started by owner with ideas","invocations":1,"location":null,"numPassingAsserts":4,"retryReasons":[],"status":"passed","title":"should update session status to VOTING when started by owner with ideas"},{"ancestorTitles":["Sessions API Integration Tests","GET /api/sessions/:sessionId/results"],"duration":4,"failureDetails":[],"failureMessages":[],"fullName":"Sessions API Integration Tests GET /api/sessions/:sessionId/results should return 404 if session does not exist","invocations":1,"location":null,"numPassingAsserts":2,"retryReasons":[],"status":"passed","title":"should return 404 if session does not exist"},{"ancestorTitles":["Sessions API Integration Tests","GET /api/sessions/:sessionId/results"],"duration":3,"failureDetails":[],"failureMessages":[],"fullName":"Sessions API Integration Tests GET /api/sessions/:sessionId/results should return session with voting results","invocations":1,"location":null,"numPassingAsserts":2,"retryReasons":[],"status":"passed","title":"should return session with voting results"}],"endTime":1747318821763,"message":"","name":"C:\\code\\jam\\server\\__tests__\\integration\\api\\sessions.test.ts","startTime":1747318821050,"status":"passed","summary":""},{"assertionResults":[{"ancestorTitles":["Session Flow Tests (Simple)"],"duration":9,"failureDetails":[],"failureMessages":[],"fullName":"Session Flow Tests (Simple) should create a session successfully","invocations":1,"location":null,"numPassingAsserts":3,"retryReasons":[],"status":"passed","title":"should create a session successfully"},{"ancestorTitles":["Session Flow Tests (Simple)"],"duration":5,"failureDetails":[],"failureMessages":[],"fullName":"Session Flow Tests (Simple) should allow a user to join a session","invocations":1,"location":null,"numPassingAsserts":3,"retryReasons":[],"status":"passed","title":"should allow a user to join a session"},{"ancestorTitles":["Session Flow Tests (Simple)"],"duration":4,"failureDetails":[],"failureMessages":[],"fullName":"Session Flow Tests (Simple) should handle errors gracefully","invocations":1,"location":null,"numPassingAsserts":1,"retryReasons":[],"status":"passed","title":"should handle errors gracefully"},{"ancestorTitles":["Session Flow Tests (Simple)"],"duration":24,"failureDetails":[],"failureMessages":[],"fullName":"Session Flow Tests (Simple) should handle a complete session lifecycle flow","invocations":1,"location":null,"numPassingAsserts":9,"retryReasons":[],"status":"passed","title":"should handle a complete session lifecycle flow"}],"endTime":1747318821962,"message":"","name":"C:\\code\\jam\\server\\__tests__\\integration\\flow\\session-flow.test.ts","startTime":1747318821799,"status":"passed","summary":""},{"assertionResults":[{"ancestorTitles":["Auth API Routes","POST /api/auth/register"],"duration":10,"failureDetails":[],"failureMessages":[],"fullName":"Auth API Routes POST /api/auth/register should return 400 if name is not provided","invocations":1,"location":null,"numPassingAsserts":2,"retryReasons":[],"status":"passed","title":"should return 400 if name is not provided"},{"ancestorTitles":["Auth API Routes","POST /api/auth/register"],"duration":3,"failureDetails":[],"failureMessages":[],"fullName":"Auth API Routes POST /api/auth/register should return 400 if name is empty","invocations":1,"location":null,"numPassingAsserts":1,"retryReasons":[],"status":"passed","title":"should return 400 if name is empty"},{"ancestorTitles":["Auth API Routes","POST /api/auth/register"],"duration":3,"failureDetails":[],"failureMessages":[],"fullName":"Auth API Routes POST /api/auth/register should create a user and return 201 if name is provided","invocations":1,"location":null,"numPassingAsserts":3,"retryReasons":[],"status":"passed","title":"should create a user and return 201 if name is provided"},{"ancestorTitles":["Auth API Routes","POST /api/auth/register"],"duration":5,"failureDetails":[],"failureMessages":[],"fullName":"Auth API Routes POST /api/auth/register should handle database errors","invocations":1,"location":null,"numPassingAsserts":3,"retryReasons":[],"status":"passed","title":"should handle database errors"},{"ancestorTitles":["Auth API Routes","GET /api/auth/validate"],"duration":3,"failureDetails":[],"failureMessages":[],"fullName":"Auth API Routes GET /api/auth/validate should return 401 if user ID is invalid","invocations":1,"location":null,"numPassingAsserts":1,"retryReasons":[],"status":"passed","title":"should return 401 if user ID is invalid"},{"ancestorTitles":["Auth API Routes","GET /api/auth/validate"],"duration":3,"failureDetails":[],"failureMessages":[],"fullName":"Auth API Routes GET /api/auth/validate should return user data if user ID is valid","invocations":1,"location":null,"numPassingAsserts":2,"retryReasons":[],"status":"passed","title":"should return user data if user ID is valid"}],"endTime":1747318822123,"message":"","name":"C:\\code\\jam\\server\\__tests__\\integration\\api\\auth-routes.test.ts","startTime":1747318821983,"status":"passed","summary":""},{"assertionResults":[{"ancestorTitles":["Auth API Routes","POST /api/auth/register"],"duration":11,"failureDetails":[],"failureMessages":[],"fullName":"Auth API Routes POST /api/auth/register should return 400 if name is not provided","invocations":1,"location":null,"numPassingAsserts":2,"retryReasons":[],"status":"passed","title":"should return 400 if name is not provided"},{"ancestorTitles":["Auth API Routes","POST /api/auth/register"],"duration":3,"failureDetails":[],"failureMessages":[],"fullName":"Auth API Routes POST /api/auth/register should return 400 if name is empty","invocations":1,"location":null,"numPassingAsserts":1,"retryReasons":[],"status":"passed","title":"should return 400 if name is empty"},{"ancestorTitles":["Auth API Routes","POST /api/auth/register"],"duration":4,"failureDetails":[],"failureMessages":[],"fullName":"Auth API Routes POST /api/auth/register should create a user and return 201 if name is provided","invocations":1,"location":null,"numPassingAsserts":3,"retryReasons":[],"status":"passed","title":"should create a user and return 201 if name is provided"},{"ancestorTitles":["Auth API Routes","POST /api/auth/register"],"duration":3,"failureDetails":[],"failureMessages":[],"fullName":"Auth API Routes POST /api/auth/register should handle database errors","invocations":1,"location":null,"numPassingAsserts":3,"retryReasons":[],"status":"passed","title":"should handle database errors"},{"ancestorTitles":["Auth API Routes","GET /api/auth/validate"],"duration":3,"failureDetails":[],"failureMessages":[],"fullName":"Auth API Routes GET /api/auth/validate should return 401 if user ID is invalid","invocations":1,"location":null,"numPassingAsserts":1,"retryReasons":[],"status":"passed","title":"should return 401 if user ID is invalid"},{"ancestorTitles":["Auth API Routes","GET /api/auth/validate"],"duration":4,"failureDetails":[],"failureMessages":[],"fullName":"Auth API Routes GET /api/auth/validate should return user data if user ID is valid","invocations":1,"location":null,"numPassingAsserts":2,"retryReasons":[],"status":"passed","title":"should return user data if user ID is valid"}],"endTime":1747318822267,"message":"","name":"C:\\code\\jam\\server\\__tests__\\integration\\api\\auth-routes.test.js","startTime":1747318822140,"status":"passed","summary":""},{"assertionResults":[{"ancestorTitles":["Session Flow Tests (JS)"],"duration":7,"failureDetails":[],"failureMessages":[],"fullName":"Session Flow Tests (JS) should create a session successfully","invocations":1,"location":null,"numPassingAsserts":2,"retryReasons":[],"status":"passed","title":"should create a session successfully"}],"endTime":1747318822392,"message":"","name":"C:\\code\\jam\\server\\__tests__\\integration\\flow\\session-flow.test.js","startTime":1747318822282,"status":"passed","summary":""},{"assertionResults":[{"ancestorTitles":["Session Routes"],"duration":1,"failureDetails":[],"failureMessages":[],"fullName":"Session Routes PrismaClient is properly mocked","invocations":1,"location":null,"numPassingAsserts":3,"retryReasons":[],"status":"passed","title":"PrismaClient is properly mocked"},{"ancestorTitles":["Session Routes"],"duration":0,"failureDetails":[],"failureMessages":[],"fullName":"Session Routes Socket.io is properly mocked","invocations":1,"location":null,"numPassingAsserts":2,"retryReasons":[],"status":"passed","title":"Socket.io is properly mocked"},{"ancestorTitles":["Session Routes"],"duration":40,"failureDetails":[],"failureMessages":[],"fullName":"Session Routes create session should validate user ID","invocations":1,"location":null,"numPassingAsserts":2,"retryReasons":[],"status":"passed","title":"create session should validate user ID"},{"ancestorTitles":["Session Routes"],"duration":1,"failureDetails":[],"failureMessages":[],"fullName":"Session Routes join session should require code and userId","invocations":1,"location":null,"numPassingAsserts":2,"retryReasons":[],"status":"passed","title":"join session should require code and userId"},{"ancestorTitles":["Session Routes"],"duration":1,"failureDetails":[],"failureMessages":[],"fullName":"Session Routes getSessionStatus should handle session not found","invocations":1,"location":null,"numPassingAsserts":2,"retryReasons":[],"status":"passed","title":"getSessionStatus should handle session not found"},{"ancestorTitles":["Session Routes"],"duration":1,"failureDetails":[],"failureMessages":[],"fullName":"Session Routes startSession should validate session ownership","invocations":1,"location":null,"numPassingAsserts":2,"retryReasons":[],"status":"passed","title":"startSession should validate session ownership"},{"ancestorTitles":["Session Routes"],"duration":1,"failureDetails":[],"failureMessages":[],"fullName":"Session Routes startSession should update session status and notify participants","invocations":1,"location":null,"numPassingAsserts":4,"retryReasons":[],"status":"passed","title":"startSession should update session status and notify participants"},{"ancestorTitles":["Session Routes"],"duration":0,"failureDetails":[],"failureMessages":[],"fullName":"Session Routes startVoting should require ideas to be present","invocations":1,"location":null,"numPassingAsserts":2,"retryReasons":[],"status":"passed","title":"startVoting should require ideas to be present"},{"ancestorTitles":["Session Routes"],"duration":0,"failureDetails":[],"failureMessages":[],"fullName":"Session Routes startVoting should update session status and start round 1","invocations":1,"location":null,"numPassingAsserts":4,"retryReasons":[],"status":"passed","title":"startVoting should update session status and start round 1"},{"ancestorTitles":["Session Routes"],"duration":0,"failureDetails":[],"failureMessages":[],"fullName":"Session Routes getSessionResults should handle non-existant session gracefully","invocations":1,"location":null,"numPassingAsserts":2,"retryReasons":[],"status":"passed","title":"getSessionResults should handle non-existant session gracefully"},{"ancestorTitles":["Session Routes"],"duration":1,"failureDetails":[],"failureMessages":[],"fullName":"Session Routes getSessionResults should return session results with vote counts","invocations":1,"location":null,"numPassingAsserts":2,"retryReasons":[],"status":"passed","title":"getSessionResults should return session results with vote counts"}],"endTime":1747318822506,"message":"","name":"C:\\code\\jam\\server\\__tests__\\unit\\server\\api\\sessions.test.ts","startTime":1747318822410,"status":"passed","summary":""},{"assertionResults":[{"ancestorTitles":["Session Handlers"],"duration":1,"failureDetails":[],"failureMessages":[],"fullName":"Session Handlers should successfully generate a unique session code","invocations":1,"location":null,"numPassingAsserts":2,"retryReasons":[],"status":"passed","title":"should successfully generate a unique session code"},{"ancestorTitles":["Session Handlers"],"duration":0,"failureDetails":[],"failureMessages":[],"fullName":"Session Handlers should regenerate code if a collision occurs","invocations":1,"location":null,"numPassingAsserts":2,"retryReasons":[],"status":"passed","title":"should regenerate code if a collision occurs"},{"ancestorTitles":["Session Handlers"],"duration":1,"failureDetails":[],"failureMessages":[],"fullName":"Session Handlers should create a session with user as owner and participant","invocations":1,"location":null,"numPassingAsserts":3,"retryReasons":[],"status":"passed","title":"should create a session with user as owner and participant"},{"ancestorTitles":["Session Handlers"],"duration":0,"failureDetails":[],"failureMessages":[],"fullName":"Session Handlers should join an existing session","invocations":1,"location":null,"numPassingAsserts":4,"retryReasons":[],"status":"passed","title":"should join an existing session"}],"endTime":1747318822608,"message":"","name":"C:\\code\\jam\\server\\__tests__\\unit\\server\\api\\sessions-handler.test.ts","startTime":1747318822526,"status":"passed","summary":""},{"assertionResults":[{"ancestorTitles":["Auth Middleware","authMiddleware"],"duration":1,"failureDetails":[],"failureMessages":[],"fullName":"Auth Middleware authMiddleware should return 401 if no user ID is provided","invocations":1,"location":null,"numPassingAsserts":3,"retryReasons":[],"status":"passed","title":"should return 401 if no user ID is provided"},{"ancestorTitles":["Auth Middleware","authMiddleware"],"duration":1,"failureDetails":[],"failureMessages":[],"fullName":"Auth Middleware authMiddleware should return 401 if user is not found","invocations":1,"location":null,"numPassingAsserts":4,"retryReasons":[],"status":"passed","title":"should return 401 if user is not found"},{"ancestorTitles":["Auth Middleware","authMiddleware"],"duration":1,"failureDetails":[],"failureMessages":[],"fullName":"Auth Middleware authMiddleware should call next() and add user to request if user is valid","invocations":1,"location":null,"numPassingAsserts":4,"retryReasons":[],"status":"passed","title":"should call next() and add user to request if user is valid"},{"ancestorTitles":["Auth Middleware","authMiddleware"],"duration":0,"failureDetails":[],"failureMessages":[],"fullName":"Auth Middleware authMiddleware should handle database errors","invocations":1,"location":null,"numPassingAsserts":3,"retryReasons":[],"status":"passed","title":"should handle database errors"},{"ancestorTitles":["Auth Middleware","sessionMemberMiddleware"],"duration":0,"failureDetails":[],"failureMessages":[],"fullName":"Auth Middleware sessionMemberMiddleware should return 400 if user ID or session ID is missing","invocations":1,"location":null,"numPassingAsserts":2,"retryReasons":[],"status":"passed","title":"should return 400 if user ID or session ID is missing"},{"ancestorTitles":["Auth Middleware","sessionMemberMiddleware"],"duration":0,"failureDetails":[],"failureMessages":[],"fullName":"Auth Middleware sessionMemberMiddleware should return 403 if user is not a member of the session","invocations":1,"location":null,"numPassingAsserts":3,"retryReasons":[],"status":"passed","title":"should return 403 if user is not a member of the session"},{"ancestorTitles":["Auth Middleware","sessionMemberMiddleware"],"duration":1,"failureDetails":[],"failureMessages":[],"fullName":"Auth Middleware sessionMemberMiddleware should call next() and add session to request if user is a member","invocations":1,"location":null,"numPassingAsserts":2,"retryReasons":[],"status":"passed","title":"should call next() and add session to request if user is a member"},{"ancestorTitles":["Auth Middleware","sessionOwnerMiddleware"],"duration":0,"failureDetails":[],"failureMessages":[],"fullName":"Auth Middleware sessionOwnerMiddleware should return 400 if user ID or session ID is missing","invocations":1,"location":null,"numPassingAsserts":1,"retryReasons":[],"status":"passed","title":"should return 400 if user ID or session ID is missing"},{"ancestorTitles":["Auth Middleware","sessionOwnerMiddleware"],"duration":1,"failureDetails":[],"failureMessages":[],"fullName":"Auth Middleware sessionOwnerMiddleware should return 403 if user is not the owner of the session","invocations":1,"location":null,"numPassingAsserts":3,"retryReasons":[],"status":"passed","title":"should return 403 if user is not the owner of the session"},{"ancestorTitles":["Auth Middleware","sessionOwnerMiddleware"],"duration":1,"failureDetails":[],"failureMessages":[],"fullName":"Auth Middleware sessionOwnerMiddleware should call next() and add session to request if user is the owner","invocations":1,"location":null,"numPassingAsserts":2,"retryReasons":[],"status":"passed","title":"should call next() and add session to request if user is the owner"}],"endTime":1747318822681,"message":"","name":"C:\\code\\jam\\server\\__tests__\\unit\\server\\api\\auth-middleware.test.ts","startTime":1747318822629,"status":"passed","summary":""},{"assertionResults":[{"ancestorTitles":["Lógica de selección de ideas","CASO 1: Tres ideas con mayor cantidad de votos empatadas"],"duration":1,"failureDetails":[],"failureMessages":[],"fullName":"Lógica de selección de ideas CASO 1: Tres ideas con mayor cantidad de votos empatadas debería finalizar cuando hay exactamente 3 ideas con el mismo número de votos y son las más votadas","invocations":1,"location":null,"numPassingAsserts":3,"retryReasons":[],"status":"passed","title":"debería finalizar cuando hay exactamente 3 ideas con el mismo número de votos y son las más votadas"},{"ancestorTitles":["Lógica de selección de ideas","CASO 1: Tres ideas con mayor cantidad de votos empatadas"],"duration":0,"failureDetails":[],"failureMessages":[],"fullName":"Lógica de selección de ideas CASO 1: Tres ideas con mayor cantidad de votos empatadas debería finalizar incluso si hay más ideas con el mismo número de votos pero solo necesitamos 3","invocations":1,"location":null,"numPassingAsserts":2,"retryReasons":[],"status":"passed","title":"debería finalizar incluso si hay más ideas con el mismo número de votos pero solo necesitamos 3"},{"ancestorTitles":["Lógica de selección de ideas","CASO 2: Dos ideas con mayor cantidad de votos"],"duration":1,"failureDetails":[],"failureMessages":[],"fullName":"Lógica de selección de ideas CASO 2: Dos ideas con mayor cantidad de votos debería finalizar cuando hay 2 ideas con más votos y 1 en segunda posición","invocations":1,"location":null,"numPassingAsserts":3,"retryReasons":[],"status":"passed","title":"debería finalizar cuando hay 2 ideas con más votos y 1 en segunda posición"},{"ancestorTitles":["Lógica de selección de ideas","CASO 2: Dos ideas con mayor cantidad de votos"],"duration":0,"failureDetails":[],"failureMessages":[],"fullName":"Lógica de selección de ideas CASO 2: Dos ideas con mayor cantidad de votos debería iniciar una nueva ronda cuando hay 2 ideas con más votos y múltiples empatadas en segunda posición","invocations":1,"location":null,"numPassingAsserts":3,"retryReasons":[],"status":"passed","title":"debería iniciar una nueva ronda cuando hay 2 ideas con más votos y múltiples empatadas en segunda posición"},{"ancestorTitles":["Lógica de selección de ideas","CASO 3: Una idea con mayor cantidad de votos"],"duration":0,"failureDetails":[],"failureMessages":[],"fullName":"Lógica de selección de ideas CASO 3: Una idea con mayor cantidad de votos debería finalizar cuando hay 1 idea con más votos y 2 en segunda posición","invocations":1,"location":null,"numPassingAsserts":3,"retryReasons":[],"status":"passed","title":"debería finalizar cuando hay 1 idea con más votos y 2 en segunda posición"},{"ancestorTitles":["Lógica de selección de ideas","CASO 3: Una idea con mayor cantidad de votos"],"duration":1,"failureDetails":[],"failureMessages":[],"fullName":"Lógica de selección de ideas CASO 3: Una idea con mayor cantidad de votos debería finalizar cuando hay 1 idea con más votos, 1 en segunda posición, y 1 en tercera posición","invocations":1,"location":null,"numPassingAsserts":3,"retryReasons":[],"status":"passed","title":"debería finalizar cuando hay 1 idea con más votos, 1 en segunda posición, y 1 en tercera posición"},{"ancestorTitles":["Lógica de selección de ideas","CASO 3: Una idea con mayor cantidad de votos"],"duration":0,"failureDetails":[],"failureMessages":[],"fullName":"Lógica de selección de ideas CASO 3: Una idea con mayor cantidad de votos debería iniciar una nueva ronda cuando hay 1 idea con más votos, 1 en segunda posición, y múltiples empatadas en tercera posición","invocations":1,"location":null,"numPassingAsserts":3,"retryReasons":[],"status":"passed","title":"debería iniciar una nueva ronda cuando hay 1 idea con más votos, 1 en segunda posición, y múltiples empatadas en tercera posición"},{"ancestorTitles":["Lógica de selección de ideas","CASO 3: Una idea con mayor cantidad de votos"],"duration":1,"failureDetails":[],"failureMessages":[],"fullName":"Lógica de selección de ideas CASO 3: Una idea con mayor cantidad de votos debería iniciar una nueva ronda cuando hay 1 idea con más votos y múltiples empatadas en segunda posición","invocations":1,"location":null,"numPassingAsserts":3,"retryReasons":[],"status":"passed","title":"debería iniciar una nueva ronda cuando hay 1 idea con más votos y múltiples empatadas en segunda posición"},{"ancestorTitles":["Lógica de selección de ideas","CASO 4: Más de tres ideas empatadas con mayor cantidad de votos"],"duration":0,"failureDetails":[],"failureMessages":[],"fullName":"Lógica de selección de ideas CASO 4: Más de tres ideas empatadas con mayor cantidad de votos debería iniciar una nueva ronda cuando hay 4 o más ideas empatadas con la mayor cantidad de votos","invocations":1,"location":null,"numPassingAsserts":2,"retryReasons":[],"status":"passed","title":"debería iniciar una nueva ronda cuando hay 4 o más ideas empatadas con la mayor cantidad de votos"}],"endTime":1747318822756,"message":"","name":"C:\\code\\jam\\server\\__tests__\\unit\\server\\services\\votacion.test.ts","startTime":1747318822708,"status":"passed","summary":""},{"assertionResults":[{"ancestorTitles":["Example integration test"],"duration":0,"failureDetails":[],"failureMessages":[],"fullName":"Example integration test should integrate components correctly","invocations":1,"location":null,"numPassingAsserts":1,"retryReasons":[],"status":"passed","title":"should integrate components correctly"}],"endTime":1747318822812,"message":"","name":"C:\\code\\jam\\server\\__tests__\\integration\\api\\example.test.ts","startTime":1747318822771,"status":"passed","summary":""},{"assertionResults":[{"ancestorTitles":["Example API test"],"duration":0,"failureDetails":[],"failureMessages":[],"fullName":"Example API test should pass","invocations":1,"location":null,"numPassingAsserts":1,"retryReasons":[],"status":"passed","title":"should pass"}],"endTime":1747318822865,"message":"","name":"C:\\code\\jam\\server\\__tests__\\unit\\server\\api\\example.test.ts","startTime":1747318822826,"status":"passed","summary":""}],"wasInterrupted":false,"coverageMap":{"C:\\code\\jam\\server\\routes\\sessions\\index.ts":{"path":"C:\\code\\jam\\server\\routes\\sessions\\index.ts","statementMap":{"0":{"start":{"line":1,"column":0},"end":{"line":1,"column":53}},"1":{"start":{"line":2,"column":0},"end":{"line":2,"column":46}},"2":{"start":{"line":3,"column":0},"end":{"line":3,"column":33}},"3":{"start":{"line":5,"column":15},"end":{"line":5,"column":31}},"4":{"start":{"line":6,"column":15},"end":{"line":6,"column":33}},"5":{"start":{"line":12,"column":35},"end":{"line":31,"column":2}},"6":{"start":{"line":12,"column":63},"end":{"line":31,"column":2}},"7":{"start":{"line":14,"column":21},"end":{"line":14,"column":59}},"8":{"start":{"line":15,"column":13},"end":{"line":15,"column":15}},"9":{"start":{"line":16,"column":2},"end":{"line":18,"column":3}},"10":{"start":{"line":16,"column":15},"end":{"line":16,"column":16}},"11":{"start":{"line":17,"column":4},"end":{"line":17,"column":77}},"12":{"start":{"line":21,"column":26},"end":{"line":23,"column":4}},"13":{"start":{"line":26,"column":2},"end":{"line":28,"column":3}},"14":{"start":{"line":27,"column":4},"end":{"line":27,"column":33}},"15":{"start":{"line":30,"column":2},"end":{"line":30,"column":14}},"16":{"start":{"line":12,"column":13},"end":{"line":12,"column":35}},"17":{"start":{"line":34,"column":43},"end":{"line":64,"column":2}},"18":{"start":{"line":34,"column":62},"end":{"line":64,"column":2}},"19":{"start":{"line":35,"column":2},"end":{"line":63,"column":3}},"20":{"start":{"line":36,"column":23},"end":{"line":36,"column":31}},"21":{"start":{"line":38,"column":4},"end":{"line":40,"column":5}},"22":{"start":{"line":39,"column":6},"end":{"line":39,"column":68}},"23":{"start":{"line":43,"column":24},"end":{"line":43,"column":51}},"24":{"start":{"line":46,"column":20},"end":{"line":57,"column":6}},"25":{"start":{"line":59,"column":4},"end":{"line":59,"column":41}},"26":{"start":{"line":61,"column":4},"end":{"line":61,"column":52}},"27":{"start":{"line":62,"column":4},"end":{"line":62,"column":71}},"28":{"start":{"line":34,"column":13},"end":{"line":34,"column":43}},"29":{"start":{"line":67,"column":41},"end":{"line":115,"column":2}},"30":{"start":{"line":67,"column":60},"end":{"line":115,"column":2}},"31":{"start":{"line":68,"column":2},"end":{"line":114,"column":3}},"32":{"start":{"line":69,"column":29},"end":{"line":69,"column":37}},"33":{"start":{"line":71,"column":4},"end":{"line":73,"column":5}},"34":{"start":{"line":72,"column":6},"end":{"line":72,"column":86}},"35":{"start":{"line":76,"column":20},"end":{"line":79,"column":6}},"36":{"start":{"line":81,"column":4},"end":{"line":83,"column":5}},"37":{"start":{"line":82,"column":6},"end":{"line":82,"column":66}},"38":{"start":{"line":86,"column":26},"end":{"line":86,"column":73}},"39":{"start":{"line":86,"column":57},"end":{"line":86,"column":72}},"40":{"start":{"line":88,"column":4},"end":{"line":110,"column":5}},"41":{"start":{"line":90,"column":29},"end":{"line":98,"column":8}},"42":{"start":{"line":101,"column":6},"end":{"line":104,"column":9}},"43":{"start":{"line":106,"column":6},"end":{"line":106,"column":50}},"44":{"start":{"line":109,"column":6},"end":{"line":109,"column":43}},"45":{"start":{"line":112,"column":4},"end":{"line":112,"column":51}},"46":{"start":{"line":113,"column":4},"end":{"line":113,"column":69}},"47":{"start":{"line":67,"column":13},"end":{"line":67,"column":41}},"48":{"start":{"line":118,"column":46},"end":{"line":140,"column":2}},"49":{"start":{"line":118,"column":65},"end":{"line":140,"column":2}},"50":{"start":{"line":119,"column":2},"end":{"line":139,"column":3}},"51":{"start":{"line":120,"column":26},"end":{"line":120,"column":36}},"52":{"start":{"line":122,"column":20},"end":{"line":129,"column":6}},"53":{"start":{"line":131,"column":4},"end":{"line":133,"column":5}},"54":{"start":{"line":132,"column":6},"end":{"line":132,"column":66}},"55":{"start":{"line":135,"column":4},"end":{"line":135,"column":41}},"56":{"start":{"line":137,"column":4},"end":{"line":137,"column":58}},"57":{"start":{"line":138,"column":4},"end":{"line":138,"column":75}},"58":{"start":{"line":118,"column":13},"end":{"line":118,"column":46}},"59":{"start":{"line":143,"column":42},"end":{"line":181,"column":2}},"60":{"start":{"line":143,"column":61},"end":{"line":181,"column":2}},"61":{"start":{"line":144,"column":2},"end":{"line":180,"column":3}},"62":{"start":{"line":145,"column":26},"end":{"line":145,"column":36}},"63":{"start":{"line":147,"column":20},"end":{"line":150,"column":6}},"64":{"start":{"line":152,"column":4},"end":{"line":154,"column":5}},"65":{"start":{"line":153,"column":6},"end":{"line":153,"column":66}},"66":{"start":{"line":157,"column":4},"end":{"line":159,"column":5}},"67":{"start":{"line":158,"column":6},"end":{"line":158,"column":89}},"68":{"start":{"line":162,"column":27},"end":{"line":168,"column":6}},"69":{"start":{"line":171,"column":4},"end":{"line":174,"column":7}},"70":{"start":{"line":176,"column":4},"end":{"line":176,"column":48}},"71":{"start":{"line":178,"column":4},"end":{"line":178,"column":52}},"72":{"start":{"line":179,"column":4},"end":{"line":179,"column":70}},"73":{"start":{"line":143,"column":13},"end":{"line":143,"column":42}},"74":{"start":{"line":184,"column":41},"end":{"line":236,"column":2}},"75":{"start":{"line":184,"column":60},"end":{"line":236,"column":2}},"76":{"start":{"line":185,"column":2},"end":{"line":235,"column":3}},"77":{"start":{"line":186,"column":26},"end":{"line":186,"column":36}},"78":{"start":{"line":188,"column":20},"end":{"line":194,"column":6}},"79":{"start":{"line":196,"column":4},"end":{"line":198,"column":5}},"80":{"start":{"line":197,"column":6},"end":{"line":197,"column":66}},"81":{"start":{"line":201,"column":4},"end":{"line":203,"column":5}},"82":{"start":{"line":202,"column":6},"end":{"line":202,"column":84}},"83":{"start":{"line":206,"column":4},"end":{"line":208,"column":5}},"84":{"start":{"line":207,"column":6},"end":{"line":207,"column":78}},"85":{"start":{"line":211,"column":27},"end":{"line":221,"column":6}},"86":{"start":{"line":224,"column":4},"end":{"line":229,"column":7}},"87":{"start":{"line":231,"column":4},"end":{"line":231,"column":48}},"88":{"start":{"line":233,"column":4},"end":{"line":233,"column":51}},"89":{"start":{"line":234,"column":4},"end":{"line":234,"column":69}},"90":{"start":{"line":184,"column":13},"end":{"line":184,"column":41}},"91":{"start":{"line":239,"column":47},"end":{"line":274,"column":2}},"92":{"start":{"line":239,"column":66},"end":{"line":274,"column":2}},"93":{"start":{"line":240,"column":2},"end":{"line":273,"column":3}},"94":{"start":{"line":241,"column":26},"end":{"line":241,"column":36}},"95":{"start":{"line":243,"column":20},"end":{"line":256,"column":6}},"96":{"start":{"line":258,"column":4},"end":{"line":260,"column":5}},"97":{"start":{"line":259,"column":6},"end":{"line":259,"column":66}},"98":{"start":{"line":265,"column":4},"end":{"line":269,"column":7}},"99":{"start":{"line":271,"column":4},"end":{"line":271,"column":54}},"100":{"start":{"line":272,"column":4},"end":{"line":272,"column":72}},"101":{"start":{"line":239,"column":13},"end":{"line":239,"column":47}},"102":{"start":{"line":277,"column":0},"end":{"line":277,"column":38}},"103":{"start":{"line":278,"column":0},"end":{"line":278,"column":34}},"104":{"start":{"line":279,"column":0},"end":{"line":279,"column":51}},"105":{"start":{"line":280,"column":0},"end":{"line":280,"column":47}},"106":{"start":{"line":281,"column":0},"end":{"line":281,"column":47}},"107":{"start":{"line":282,"column":0},"end":{"line":282,"column":53}},"108":{"start":{"line":284,"column":0},"end":{"line":284,"column":22}}},"fnMap":{"0":{"name":"(anonymous_8)","decl":{"start":{"line":12,"column":35},"end":{"line":12,"column":61}},"loc":{"start":{"line":12,"column":63},"end":{"line":31,"column":2}}},"1":{"name":"(anonymous_9)","decl":{"start":{"line":12,"column":63},"end":{"line":12,"column":null}},"loc":{"start":{"line":12,"column":63},"end":{"line":31,"column":1}}},"2":{"name":"(anonymous_10)","decl":{"start":{"line":34,"column":43},"end":{"line":34,"column":50}},"loc":{"start":{"line":34,"column":62},"end":{"line":64,"column":2}}},"3":{"name":"(anonymous_11)","decl":{"start":{"line":34,"column":62},"end":{"line":34,"column":null}},"loc":{"start":{"line":34,"column":62},"end":{"line":64,"column":1}}},"4":{"name":"(anonymous_12)","decl":{"start":{"line":67,"column":41},"end":{"line":67,"column":48}},"loc":{"start":{"line":67,"column":60},"end":{"line":115,"column":2}}},"5":{"name":"(anonymous_13)","decl":{"start":{"line":67,"column":60},"end":{"line":67,"column":null}},"loc":{"start":{"line":67,"column":60},"end":{"line":115,"column":1}}},"6":{"name":"(anonymous_14)","decl":{"start":{"line":86,"column":52},"end":{"line":86,"column":53}},"loc":{"start":{"line":86,"column":57},"end":{"line":86,"column":72}}},"7":{"name":"(anonymous_15)","decl":{"start":{"line":118,"column":46},"end":{"line":118,"column":53}},"loc":{"start":{"line":118,"column":65},"end":{"line":140,"column":2}}},"8":{"name":"(anonymous_16)","decl":{"start":{"line":118,"column":65},"end":{"line":118,"column":null}},"loc":{"start":{"line":118,"column":65},"end":{"line":140,"column":1}}},"9":{"name":"(anonymous_17)","decl":{"start":{"line":143,"column":42},"end":{"line":143,"column":49}},"loc":{"start":{"line":143,"column":61},"end":{"line":181,"column":2}}},"10":{"name":"(anonymous_18)","decl":{"start":{"line":143,"column":61},"end":{"line":143,"column":null}},"loc":{"start":{"line":143,"column":61},"end":{"line":181,"column":1}}},"11":{"name":"(anonymous_19)","decl":{"start":{"line":184,"column":41},"end":{"line":184,"column":48}},"loc":{"start":{"line":184,"column":60},"end":{"line":236,"column":2}}},"12":{"name":"(anonymous_20)","decl":{"start":{"line":184,"column":60},"end":{"line":184,"column":null}},"loc":{"start":{"line":184,"column":60},"end":{"line":236,"column":1}}},"13":{"name":"(anonymous_21)","decl":{"start":{"line":239,"column":47},"end":{"line":239,"column":54}},"loc":{"start":{"line":239,"column":66},"end":{"line":274,"column":2}}},"14":{"name":"(anonymous_22)","decl":{"start":{"line":239,"column":66},"end":{"line":239,"column":null}},"loc":{"start":{"line":239,"column":66},"end":{"line":274,"column":1}}}},"branchMap":{"0":{"loc":{"start":{"line":26,"column":2},"end":{"line":28,"column":3}},"type":"if","locations":[{"start":{"line":26,"column":2},"end":{"line":28,"column":3}}]},"1":{"loc":{"start":{"line":38,"column":4},"end":{"line":40,"column":5}},"type":"if","locations":[{"start":{"line":38,"column":4},"end":{"line":40,"column":5}}]},"2":{"loc":{"start":{"line":71,"column":4},"end":{"line":73,"column":5}},"type":"if","locations":[{"start":{"line":71,"column":4},"end":{"line":73,"column":5}}]},"3":{"loc":{"start":{"line":71,"column":8},"end":{"line":71,"column":24}},"type":"binary-expr","locations":[{"start":{"line":71,"column":8},"end":{"line":71,"column":15}},{"start":{"line":71,"column":19},"end":{"line":71,"column":24}}]},"4":{"loc":{"start":{"line":81,"column":4},"end":{"line":83,"column":5}},"type":"if","locations":[{"start":{"line":81,"column":4},"end":{"line":83,"column":5}}]},"5":{"loc":{"start":{"line":88,"column":4},"end":{"line":110,"column":5}},"type":"if","locations":[{"start":{"line":88,"column":4},"end":{"line":110,"column":5}},{"start":{"line":107,"column":11},"end":{"line":110,"column":5}}]},"6":{"loc":{"start":{"line":131,"column":4},"end":{"line":133,"column":5}},"type":"if","locations":[{"start":{"line":131,"column":4},"end":{"line":133,"column":5}}]},"7":{"loc":{"start":{"line":152,"column":4},"end":{"line":154,"column":5}},"type":"if","locations":[{"start":{"line":152,"column":4},"end":{"line":154,"column":5}}]},"8":{"loc":{"start":{"line":157,"column":4},"end":{"line":159,"column":5}},"type":"if","locations":[{"start":{"line":157,"column":4},"end":{"line":159,"column":5}}]},"9":{"loc":{"start":{"line":196,"column":4},"end":{"line":198,"column":5}},"type":"if","locations":[{"start":{"line":196,"column":4},"end":{"line":198,"column":5}}]},"10":{"loc":{"start":{"line":201,"column":4},"end":{"line":203,"column":5}},"type":"if","locations":[{"start":{"line":201,"column":4},"end":{"line":203,"column":5}}]},"11":{"loc":{"start":{"line":206,"column":4},"end":{"line":208,"column":5}},"type":"if","locations":[{"start":{"line":206,"column":4},"end":{"line":208,"column":5}}]},"12":{"loc":{"start":{"line":258,"column":4},"end":{"line":260,"column":5}},"type":"if","locations":[{"start":{"line":258,"column":4},"end":{"line":260,"column":5}}]}},"s":{"0":5,"1":5,"2":5,"3":5,"4":5,"5":5,"6":9,"7":9,"8":9,"9":9,"10":9,"11":54,"12":9,"13":9,"14":1,"15":8,"16":5,"17":5,"18":8,"19":8,"20":8,"21":8,"22":2,"23":6,"24":6,"25":5,"26":1,"27":1,"28":5,"29":5,"30":8,"31":8,"32":8,"33":8,"34":2,"35":6,"36":6,"37":1,"38":5,"39":6,"40":5,"41":4,"42":4,"43":4,"44":1,"45":0,"46":0,"47":5,"48":5,"49":4,"50":4,"51":4,"52":4,"53":4,"54":3,"55":1,"56":0,"57":0,"58":5,"59":5,"60":6,"61":6,"62":6,"63":6,"64":6,"65":1,"66":5,"67":2,"68":3,"69":3,"70":3,"71":0,"72":0,"73":5,"74":5,"75":7,"76":7,"77":7,"78":7,"79":7,"80":1,"81":6,"82":1,"83":5,"84":2,"85":3,"86":3,"87":3,"88":0,"89":0,"90":5,"91":5,"92":5,"93":5,"94":5,"95":5,"96":5,"97":3,"98":2,"99":0,"100":0,"101":5,"102":5,"103":5,"104":5,"105":5,"106":5,"107":5,"108":5},"f":{"0":9,"1":9,"2":8,"3":8,"4":8,"5":8,"6":6,"7":4,"8":4,"9":6,"10":6,"11":7,"12":7,"13":5,"14":5},"b":{"0":[1],"1":[2],"2":[2],"3":[8,7],"4":[1],"5":[4,1],"6":[3],"7":[1],"8":[2],"9":[1],"10":[1],"11":[2],"12":[3]}},"C:\\code\\jam\\server\\routes\\auth\\index.ts":{"path":"C:\\code\\jam\\server\\routes\\auth\\index.ts","statementMap":{"0":{"start":{"line":1,"column":0},"end":{"line":1,"column":53}},"1":{"start":{"line":2,"column":0},"end":{"line":2,"column":46}},"2":{"start":{"line":3,"column":0},"end":{"line":3,"column":55}},"3":{"start":{"line":5,"column":15},"end":{"line":5,"column":31}},"4":{"start":{"line":6,"column":15},"end":{"line":6,"column":33}},"5":{"start":{"line":9,"column":21},"end":{"line":41,"column":2}},"6":{"start":{"line":9,"column":59},"end":{"line":41,"column":2}},"7":{"start":{"line":10,"column":2},"end":{"line":40,"column":3}},"8":{"start":{"line":11,"column":21},"end":{"line":11,"column":29}},"9":{"start":{"line":13,"column":4},"end":{"line":18,"column":5}},"10":{"start":{"line":14,"column":6},"end":{"line":17,"column":9}},"11":{"start":{"line":21,"column":17},"end":{"line":25,"column":6}},"12":{"start":{"line":27,"column":4},"end":{"line":33,"column":7}},"13":{"start":{"line":35,"column":4},"end":{"line":35,"column":44}},"14":{"start":{"line":36,"column":4},"end":{"line":39,"column":7}},"15":{"start":{"line":43,"column":21},"end":{"line":60,"column":2}},"16":{"start":{"line":43,"column":59},"end":{"line":60,"column":2}},"17":{"start":{"line":44,"column":2},"end":{"line":59,"column":3}},"18":{"start":{"line":46,"column":4},"end":{"line":52,"column":7}},"19":{"start":{"line":54,"column":4},"end":{"line":54,"column":44}},"20":{"start":{"line":55,"column":4},"end":{"line":58,"column":7}},"21":{"start":{"line":71,"column":0},"end":{"line":71,"column":39}},"22":{"start":{"line":81,"column":0},"end":{"line":81,"column":54}},"23":{"start":{"line":83,"column":0},"end":{"line":83,"column":22}}},"fnMap":{"0":{"name":"(anonymous_8)","decl":{"start":{"line":9,"column":21},"end":{"line":9,"column":28}},"loc":{"start":{"line":9,"column":59},"end":{"line":41,"column":2}}},"1":{"name":"(anonymous_9)","decl":{"start":{"line":9,"column":59},"end":{"line":9,"column":null}},"loc":{"start":{"line":9,"column":59},"end":{"line":41,"column":1}}},"2":{"name":"(anonymous_10)","decl":{"start":{"line":43,"column":21},"end":{"line":43,"column":28}},"loc":{"start":{"line":43,"column":59},"end":{"line":60,"column":2}}},"3":{"name":"(anonymous_11)","decl":{"start":{"line":43,"column":59},"end":{"line":43,"column":null}},"loc":{"start":{"line":43,"column":59},"end":{"line":60,"column":1}}}},"branchMap":{"0":{"loc":{"start":{"line":13,"column":4},"end":{"line":18,"column":5}},"type":"if","locations":[{"start":{"line":13,"column":4},"end":{"line":18,"column":5}}]},"1":{"loc":{"start":{"line":13,"column":8},"end":{"line":13,"column":69}},"type":"binary-expr","locations":[{"start":{"line":13,"column":8},"end":{"line":13,"column":13}},{"start":{"line":13,"column":17},"end":{"line":13,"column":41}},{"start":{"line":13,"column":45},"end":{"line":13,"column":69}}]},"2":{"loc":{"start":{"line":49,"column":12},"end":{"line":49,"column":24}},"type":"cond-expr","locations":[{"start":{"line":49,"column":20},"end":{"line":49,"column":22}},{"start":{"line":49,"column":20},"end":{"line":49,"column":24}}]},"3":{"loc":{"start":{"line":49,"column":12},"end":{"line":49,"column":22}},"type":"binary-expr","locations":[{"start":{"line":49,"column":12},"end":{"line":49,"column":22}},{"start":{"line":49,"column":20},"end":{"line":49,"column":22}}]},"4":{"loc":{"start":{"line":50,"column":14},"end":{"line":50,"column":28}},"type":"cond-expr","locations":[{"start":{"line":50,"column":22},"end":{"line":50,"column":24}},{"start":{"line":50,"column":22},"end":{"line":50,"column":28}}]},"5":{"loc":{"start":{"line":50,"column":14},"end":{"line":50,"column":24}},"type":"binary-expr","locations":[{"start":{"line":50,"column":14},"end":{"line":50,"column":24}},{"start":{"line":50,"column":22},"end":{"line":50,"column":24}}]}},"s":{"0":1,"1":1,"2":1,"3":1,"4":1,"5":1,"6":4,"7":4,"8":4,"9":4,"10":2,"11":2,"12":1,"13":1,"14":1,"15":1,"16":1,"17":1,"18":1,"19":0,"20":0,"21":1,"22":1,"23":1},"f":{"0":4,"1":4,"2":1,"3":1},"b":{"0":[2],"1":[4,2,2],"2":[0,1],"3":[1,1],"4":[0,1],"5":[1,1]}},"C:\\code\\jam\\server\\middleware\\auth.ts":{"path":"C:\\code\\jam\\server\\middleware\\auth.ts","statementMap":{"0":{"start":{"line":2,"column":0},"end":{"line":2,"column":46}},"1":{"start":{"line":4,"column":15},"end":{"line":4,"column":33}},"2":{"start":{"line":13,"column":30},"end":{"line":54,"column":2}},"3":{"start":{"line":13,"column":88},"end":{"line":54,"column":2}},"4":{"start":{"line":14,"column":2},"end":{"line":53,"column":3}},"5":{"start":{"line":16,"column":19},"end":{"line":16,"column":53}},"6":{"start":{"line":18,"column":4},"end":{"line":23,"column":5}},"7":{"start":{"line":19,"column":6},"end":{"line":22,"column":9}},"8":{"start":{"line":26,"column":17},"end":{"line":28,"column":6}},"9":{"start":{"line":30,"column":4},"end":{"line":35,"column":5}},"10":{"start":{"line":31,"column":6},"end":{"line":34,"column":9}},"11":{"start":{"line":38,"column":4},"end":{"line":41,"column":7}},"12":{"start":{"line":44,"column":4},"end":{"line":44,"column":20}},"13":{"start":{"line":46,"column":4},"end":{"line":46,"column":11}},"14":{"start":{"line":48,"column":4},"end":{"line":48,"column":51}},"15":{"start":{"line":49,"column":4},"end":{"line":52,"column":7}},"16":{"start":{"line":13,"column":13},"end":{"line":13,"column":30}},"17":{"start":{"line":63,"column":39},"end":{"line":104,"column":2}},"18":{"start":{"line":63,"column":97},"end":{"line":104,"column":2}},"19":{"start":{"line":64,"column":2},"end":{"line":103,"column":3}},"20":{"start":{"line":65,"column":19},"end":{"line":65,"column":53}},"21":{"start":{"line":66,"column":26},"end":{"line":66,"column":36}},"22":{"start":{"line":68,"column":4},"end":{"line":73,"column":5}},"23":{"start":{"line":69,"column":6},"end":{"line":72,"column":9}},"24":{"start":{"line":76,"column":20},"end":{"line":84,"column":6}},"25":{"start":{"line":86,"column":4},"end":{"line":91,"column":5}},"26":{"start":{"line":87,"column":6},"end":{"line":90,"column":9}},"27":{"start":{"line":94,"column":4},"end":{"line":94,"column":26}},"28":{"start":{"line":96,"column":4},"end":{"line":96,"column":11}},"29":{"start":{"line":98,"column":4},"end":{"line":98,"column":61}},"30":{"start":{"line":99,"column":4},"end":{"line":102,"column":7}},"31":{"start":{"line":63,"column":13},"end":{"line":63,"column":39}},"32":{"start":{"line":113,"column":38},"end":{"line":151,"column":2}},"33":{"start":{"line":113,"column":96},"end":{"line":151,"column":2}},"34":{"start":{"line":114,"column":2},"end":{"line":150,"column":3}},"35":{"start":{"line":115,"column":19},"end":{"line":115,"column":53}},"36":{"start":{"line":116,"column":26},"end":{"line":116,"column":36}},"37":{"start":{"line":118,"column":4},"end":{"line":123,"column":5}},"38":{"start":{"line":119,"column":6},"end":{"line":122,"column":9}},"39":{"start":{"line":126,"column":20},"end":{"line":131,"column":6}},"40":{"start":{"line":133,"column":4},"end":{"line":138,"column":5}},"41":{"start":{"line":134,"column":6},"end":{"line":137,"column":9}},"42":{"start":{"line":141,"column":4},"end":{"line":141,"column":26}},"43":{"start":{"line":143,"column":4},"end":{"line":143,"column":11}},"44":{"start":{"line":145,"column":4},"end":{"line":145,"column":60}},"45":{"start":{"line":146,"column":4},"end":{"line":149,"column":7}},"46":{"start":{"line":113,"column":13},"end":{"line":113,"column":38}}},"fnMap":{"0":{"name":"(anonymous_7)","decl":{"start":{"line":13,"column":30},"end":{"line":13,"column":37}},"loc":{"start":{"line":13,"column":88},"end":{"line":54,"column":2}}},"1":{"name":"(anonymous_8)","decl":{"start":{"line":13,"column":88},"end":{"line":13,"column":null}},"loc":{"start":{"line":13,"column":88},"end":{"line":54,"column":1}}},"2":{"name":"(anonymous_9)","decl":{"start":{"line":63,"column":39},"end":{"line":63,"column":46}},"loc":{"start":{"line":63,"column":97},"end":{"line":104,"column":2}}},"3":{"name":"(anonymous_10)","decl":{"start":{"line":63,"column":97},"end":{"line":63,"column":null}},"loc":{"start":{"line":63,"column":97},"end":{"line":104,"column":1}}},"4":{"name":"(anonymous_11)","decl":{"start":{"line":113,"column":38},"end":{"line":113,"column":45}},"loc":{"start":{"line":113,"column":96},"end":{"line":151,"column":2}}},"5":{"name":"(anonymous_12)","decl":{"start":{"line":113,"column":96},"end":{"line":113,"column":null}},"loc":{"start":{"line":113,"column":96},"end":{"line":151,"column":1}}}},"branchMap":{"0":{"loc":{"start":{"line":18,"column":4},"end":{"line":23,"column":5}},"type":"if","locations":[{"start":{"line":18,"column":4},"end":{"line":23,"column":5}}]},"1":{"loc":{"start":{"line":30,"column":4},"end":{"line":35,"column":5}},"type":"if","locations":[{"start":{"line":30,"column":4},"end":{"line":35,"column":5}}]},"2":{"loc":{"start":{"line":68,"column":4},"end":{"line":73,"column":5}},"type":"if","locations":[{"start":{"line":68,"column":4},"end":{"line":73,"column":5}}]},"3":{"loc":{"start":{"line":68,"column":8},"end":{"line":68,"column":29}},"type":"binary-expr","locations":[{"start":{"line":68,"column":8},"end":{"line":68,"column":15}},{"start":{"line":68,"column":19},"end":{"line":68,"column":29}}]},"4":{"loc":{"start":{"line":86,"column":4},"end":{"line":91,"column":5}},"type":"if","locations":[{"start":{"line":86,"column":4},"end":{"line":91,"column":5}}]},"5":{"loc":{"start":{"line":118,"column":4},"end":{"line":123,"column":5}},"type":"if","locations":[{"start":{"line":118,"column":4},"end":{"line":123,"column":5}}]},"6":{"loc":{"start":{"line":118,"column":8},"end":{"line":118,"column":29}},"type":"binary-expr","locations":[{"start":{"line":118,"column":8},"end":{"line":118,"column":15}},{"start":{"line":118,"column":19},"end":{"line":118,"column":29}}]},"7":{"loc":{"start":{"line":133,"column":4},"end":{"line":138,"column":5}},"type":"if","locations":[{"start":{"line":133,"column":4},"end":{"line":138,"column":5}}]}},"s":{"0":1,"1":1,"2":1,"3":4,"4":4,"5":4,"6":4,"7":1,"8":3,"9":2,"10":1,"11":1,"12":1,"13":1,"14":1,"15":1,"16":1,"17":1,"18":3,"19":3,"20":3,"21":3,"22":3,"23":1,"24":2,"25":2,"26":1,"27":1,"28":1,"29":0,"30":0,"31":1,"32":1,"33":3,"34":3,"35":3,"36":3,"37":3,"38":1,"39":2,"40":2,"41":1,"42":1,"43":1,"44":0,"45":0,"46":1},"f":{"0":4,"1":4,"2":3,"3":3,"4":3,"5":3},"b":{"0":[1],"1":[1],"2":[1],"3":[3,3],"4":[1],"5":[1],"6":[3,3],"7":[1]}},"C:\\code\\jam\\server\\scripts\\generate-keys.js":{"path":"C:\\code\\jam\\server\\scripts\\generate-keys.js","statementMap":{"0":{"start":{"line":8,"column":15},"end":{"line":8,"column":32}},"1":{"start":{"line":11,"column":26},"end":{"line":13,"column":1}},"2":{"start":{"line":12,"column":2},"end":{"line":12,"column":48}},"3":{"start":{"line":15,"column":18},"end":{"line":15,"column":37}},"4":{"start":{"line":17,"column":0},"end":{"line":17,"column":58}},"5":{"start":{"line":18,"column":0},"end":{"line":18,"column":39}},"6":{"start":{"line":19,"column":0},"end":{"line":19,"column":97}}},"fnMap":{"0":{"name":"(anonymous_0)","decl":{"start":{"line":11,"column":26},"end":{"line":11,"column":27}},"loc":{"start":{"line":11,"column":32},"end":{"line":13,"column":1}},"line":11}},"branchMap":{},"s":{"0":0,"1":0,"2":0,"3":0,"4":0,"5":0,"6":0},"f":{"0":0},"b":{},"inputSourceMap":null},"C:\\code\\jam\\server\\routes\\index.ts":{"path":"C:\\code\\jam\\server\\routes\\index.ts","statementMap":{"0":{"start":{"line":1,"column":0},"end":{"line":1,"column":30}},"1":{"start":{"line":2,"column":0},"end":{"line":2,"column":32}},"2":{"start":{"line":3,"column":0},"end":{"line":3,"column":39}},"3":{"start":{"line":5,"column":15},"end":{"line":5,"column":31}},"4":{"start":{"line":8,"column":0},"end":{"line":8,"column":32}},"5":{"start":{"line":11,"column":0},"end":{"line":11,"column":39}},"6":{"start":{"line":15,"column":0},"end":{"line":15,"column":22}}},"fnMap":{},"branchMap":{},"s":{"0":0,"1":0,"2":0,"3":0,"4":0,"5":0,"6":0},"f":{},"b":{}},"C:\\code\\jam\\server\\__tests__\\unit\\server\\api\\compiled\\routes\\index.js":{"path":"C:\\code\\jam\\server\\__tests__\\unit\\server\\api\\compiled\\routes\\index.js","statementMap":{"0":{"start":{"line":2,"column":0},"end":{"line":2,"column":62}},"1":{"start":{"line":3,"column":16},"end":{"line":3,"column":34}},"2":{"start":{"line":4,"column":13},"end":{"line":4,"column":30}},"3":{"start":{"line":5,"column":17},"end":{"line":5,"column":38}},"4":{"start":{"line":6,"column":13},"end":{"line":6,"column":39}},"5":{"start":{"line":8,"column":0},"end":{"line":8,"column":36}},"6":{"start":{"line":10,"column":0},"end":{"line":10,"column":44}},"7":{"start":{"line":12,"column":0},"end":{"line":12,"column":25}}},"fnMap":{},"branchMap":{},"s":{"0":0,"1":0,"2":0,"3":0,"4":0,"5":0,"6":0,"7":0},"f":{},"b":{},"inputSourceMap":null},"C:\\code\\jam\\server\\prisma\\prisma-production.js":{"path":"C:\\code\\jam\\server\\prisma\\prisma-production.js","statementMap":{"0":{"start":{"line":9,"column":11},"end":{"line":9,"column":24}},"1":{"start":{"line":10,"column":13},"end":{"line":10,"column":28}},"2":{"start":{"line":11,"column":0},"end":{"line":11,"column":71}},"3":{"start":{"line":14,"column":29},"end":{"line":76,"column":1}},"4":{"start":{"line":80,"column":2},"end":{"line":103,"column":3}},"5":{"start":{"line":82,"column":4},"end":{"line":87,"column":5}},"6":{"start":{"line":83,"column":6},"end":{"line":83,"column":81}},"7":{"start":{"line":84,"column":6},"end":{"line":84,"column":113}},"8":{"start":{"line":85,"column":6},"end":{"line":85,"column":97}},"9":{"start":{"line":86,"column":6},"end":{"line":86,"column":22}},"10":{"start":{"line":90,"column":23},"end":{"line":90,"column":76}},"11":{"start":{"line":91,"column":4},"end":{"line":91,"column":55}},"12":{"start":{"line":93,"column":4},"end":{"line":93,"column":69}},"13":{"start":{"line":94,"column":4},"end":{"line":94,"column":70}},"14":{"start":{"line":95,"column":4},"end":{"line":95,"column":81}},"15":{"start":{"line":96,"column":4},"end":{"line":96,"column":82}},"16":{"start":{"line":97,"column":4},"end":{"line":97,"column":75}},"17":{"start":{"line":98,"column":4},"end":{"line":98,"column":88}},"18":{"start":{"line":99,"column":4},"end":{"line":99,"column":111}},"19":{"start":{"line":101,"column":4},"end":{"line":101,"column":72}},"20":{"start":{"line":102,"column":4},"end":{"line":102,"column":20}},"21":{"start":{"line":107,"column":0},"end":{"line":107,"column":24}}},"fnMap":{"0":{"name":"setupProductionPrisma","decl":{"start":{"line":79,"column":15},"end":{"line":79,"column":36}},"loc":{"start":{"line":79,"column":39},"end":{"line":104,"column":1}},"line":79}},"branchMap":{"0":{"loc":{"start":{"line":82,"column":4},"end":{"line":87,"column":5}},"type":"if","locations":[{"start":{"line":82,"column":4},"end":{"line":87,"column":5}},{"start":{},"end":{}}],"line":82}},"s":{"0":0,"1":0,"2":0,"3":0,"4":0,"5":0,"6":0,"7":0,"8":0,"9":0,"10":0,"11":0,"12":0,"13":0,"14":0,"15":0,"16":0,"17":0,"18":0,"19":0,"20":0,"21":0},"f":{"0":0},"b":{"0":[0,0]},"inputSourceMap":null},"C:\\code\\jam\\server\\__tests__\\unit\\server\\api\\compiled\\index.js":{"path":"C:\\code\\jam\\server\\__tests__\\unit\\server\\api\\compiled\\index.js","statementMap":{"0":{"start":{"line":2,"column":0},"end":{"line":2,"column":62}},"1":{"start":{"line":3,"column":0},"end":{"line":3,"column":20}},"2":{"start":{"line":4,"column":16},"end":{"line":4,"column":34}},"3":{"start":{"line":5,"column":13},"end":{"line":5,"column":28}},"4":{"start":{"line":6,"column":13},"end":{"line":6,"column":28}},"5":{"start":{"line":7,"column":18},"end":{"line":7,"column":38}},"6":{"start":{"line":8,"column":15},"end":{"line":8,"column":34}},"7":{"start":{"line":9,"column":15},"end":{"line":9,"column":32}},"8":{"start":{"line":11,"column":0},"end":{"line":11,"column":26}},"9":{"start":{"line":13,"column":10},"end":{"line":13,"column":34}},"10":{"start":{"line":14,"column":17},"end":{"line":14,"column":46}},"11":{"start":{"line":15,"column":9},"end":{"line":20,"column":2}},"12":{"start":{"line":21,"column":0},"end":{"line":21,"column":16}},"13":{"start":{"line":23,"column":0},"end":{"line":26,"column":4}},"14":{"start":{"line":27,"column":0},"end":{"line":27,"column":34}},"15":{"start":{"line":28,"column":0},"end":{"line":28,"column":58}},"16":{"start":{"line":30,"column":0},"end":{"line":30,"column":34}},"17":{"start":{"line":32,"column":0},"end":{"line":37,"column":3}},"18":{"start":{"line":33,"column":4},"end":{"line":36,"column":7}},"19":{"start":{"line":39,"column":0},"end":{"line":45,"column":3}},"20":{"start":{"line":40,"column":4},"end":{"line":40,"column":48}},"21":{"start":{"line":41,"column":4},"end":{"line":43,"column":7}},"22":{"start":{"line":42,"column":8},"end":{"line":42,"column":55}},"23":{"start":{"line":47,"column":11},"end":{"line":47,"column":35}},"24":{"start":{"line":48,"column":0},"end":{"line":50,"column":3}},"25":{"start":{"line":49,"column":4},"end":{"line":49,"column":115}}},"fnMap":{"0":{"name":"(anonymous_0)","decl":{"start":{"line":32,"column":19},"end":{"line":32,"column":20}},"loc":{"start":{"line":32,"column":39},"end":{"line":37,"column":1}},"line":32},"1":{"name":"(anonymous_1)","decl":{"start":{"line":39,"column":20},"end":{"line":39,"column":21}},"loc":{"start":{"line":39,"column":38},"end":{"line":45,"column":1}},"line":39},"2":{"name":"(anonymous_2)","decl":{"start":{"line":41,"column":28},"end":{"line":41,"column":29}},"loc":{"start":{"line":41,"column":40},"end":{"line":43,"column":5}},"line":41},"3":{"name":"(anonymous_3)","decl":{"start":{"line":48,"column":24},"end":{"line":48,"column":25}},"loc":{"start":{"line":48,"column":36},"end":{"line":50,"column":1}},"line":48}},"branchMap":{"0":{"loc":{"start":{"line":17,"column":16},"end":{"line":17,"column":65}},"type":"binary-expr","locations":[{"start":{"line":17,"column":16},"end":{"line":17,"column":38}},{"start":{"line":17,"column":42},"end":{"line":17,"column":65}}],"line":17},"1":{"loc":{"start":{"line":24,"column":12},"end":{"line":24,"column":61}},"type":"binary-expr","locations":[{"start":{"line":24,"column":12},"end":{"line":24,"column":34}},{"start":{"line":24,"column":38},"end":{"line":24,"column":61}}],"line":24},"2":{"loc":{"start":{"line":35,"column":21},"end":{"line":35,"column":58}},"type":"binary-expr","locations":[{"start":{"line":35,"column":21},"end":{"line":35,"column":41}},{"start":{"line":35,"column":45},"end":{"line":35,"column":58}}],"line":35},"3":{"loc":{"start":{"line":47,"column":11},"end":{"line":47,"column":35}},"type":"binary-expr","locations":[{"start":{"line":47,"column":11},"end":{"line":47,"column":27}},{"start":{"line":47,"column":31},"end":{"line":47,"column":35}}],"line":47},"4":{"loc":{"start":{"line":49,"column":44},"end":{"line":49,"column":81}},"type":"binary-expr","locations":[{"start":{"line":49,"column":44},"end":{"line":49,"column":64}},{"start":{"line":49,"column":68},"end":{"line":49,"column":81}}],"line":49}},"s":{"0":0,"1":0,"2":0,"3":0,"4":0,"5":0,"6":0,"7":0,"8":0,"9":0,"10":0,"11":0,"12":0,"13":0,"14":0,"15":0,"16":0,"17":0,"18":0,"19":0,"20":0,"21":0,"22":0,"23":0,"24":0,"25":0},"f":{"0":0,"1":0,"2":0,"3":0},"b":{"0":[0,0],"1":[0,0],"2":[0,0],"3":[0,0],"4":[0,0]},"inputSourceMap":null},"C:\\code\\jam\\server\\__tests__\\unit\\server\\api\\compiled\\middleware\\auth.js":{"path":"C:\\code\\jam\\server\\__tests__\\unit\\server\\api\\compiled\\middleware\\auth.js","statementMap":{"0":{"start":{"line":2,"column":16},"end":{"line":10,"column":1}},"1":{"start":{"line":3,"column":28},"end":{"line":3,"column":110}},"2":{"start":{"line":3,"column":91},"end":{"line":3,"column":106}},"3":{"start":{"line":4,"column":4},"end":{"line":9,"column":7}},"4":{"start":{"line":5,"column":36},"end":{"line":5,"column":97}},"5":{"start":{"line":5,"column":42},"end":{"line":5,"column":70}},"6":{"start":{"line":5,"column":85},"end":{"line":5,"column":95}},"7":{"start":{"line":6,"column":35},"end":{"line":6,"column":100}},"8":{"start":{"line":6,"column":41},"end":{"line":6,"column":73}},"9":{"start":{"line":6,"column":88},"end":{"line":6,"column":98}},"10":{"start":{"line":7,"column":32},"end":{"line":7,"column":116}},"11":{"start":{"line":8,"column":8},"end":{"line":8,"column":78}},"12":{"start":{"line":11,"column":18},"end":{"line":37,"column":1}},"13":{"start":{"line":12,"column":12},"end":{"line":12,"column":104}},"14":{"start":{"line":12,"column":43},"end":{"line":12,"column":68}},"15":{"start":{"line":12,"column":57},"end":{"line":12,"column":68}},"16":{"start":{"line":12,"column":69},"end":{"line":12,"column":81}},"17":{"start":{"line":12,"column":119},"end":{"line":12,"column":196}},"18":{"start":{"line":13,"column":4},"end":{"line":13,"column":160}},"19":{"start":{"line":13,"column":141},"end":{"line":13,"column":153}},"20":{"start":{"line":14,"column":23},"end":{"line":14,"column":68}},"21":{"start":{"line":14,"column":45},"end":{"line":14,"column":65}},"22":{"start":{"line":16,"column":8},"end":{"line":16,"column":70}},"23":{"start":{"line":16,"column":15},"end":{"line":16,"column":70}},"24":{"start":{"line":17,"column":8},"end":{"line":34,"column":66}},"25":{"start":{"line":17,"column":50},"end":{"line":34,"column":66}},"26":{"start":{"line":18,"column":12},"end":{"line":18,"column":169}},"27":{"start":{"line":18,"column":160},"end":{"line":18,"column":169}},"28":{"start":{"line":19,"column":12},"end":{"line":19,"column":52}},"29":{"start":{"line":19,"column":26},"end":{"line":19,"column":52}},"30":{"start":{"line":20,"column":12},"end":{"line":32,"column":13}},"31":{"start":{"line":21,"column":32},"end":{"line":21,"column":39}},"32":{"start":{"line":21,"column":40},"end":{"line":21,"column":46}},"33":{"start":{"line":22,"column":24},"end":{"line":22,"column":34}},"34":{"start":{"line":22,"column":35},"end":{"line":22,"column":72}},"35":{"start":{"line":23,"column":24},"end":{"line":23,"column":34}},"36":{"start":{"line":23,"column":35},"end":{"line":23,"column":45}},"37":{"start":{"line":23,"column":46},"end":{"line":23,"column":55}},"38":{"start":{"line":23,"column":56},"end":{"line":23,"column":65}},"39":{"start":{"line":24,"column":24},"end":{"line":24,"column":41}},"40":{"start":{"line":24,"column":42},"end":{"line":24,"column":55}},"41":{"start":{"line":24,"column":56},"end":{"line":24,"column":65}},"42":{"start":{"line":26,"column":20},"end":{"line":26,"column":128}},"43":{"start":{"line":26,"column":110},"end":{"line":26,"column":116}},"44":{"start":{"line":26,"column":117},"end":{"line":26,"column":126}},"45":{"start":{"line":27,"column":20},"end":{"line":27,"column":106}},"46":{"start":{"line":27,"column":81},"end":{"line":27,"column":97}},"47":{"start":{"line":27,"column":98},"end":{"line":27,"column":104}},"48":{"start":{"line":28,"column":20},"end":{"line":28,"column":89}},"49":{"start":{"line":28,"column":57},"end":{"line":28,"column":72}},"50":{"start":{"line":28,"column":73},"end":{"line":28,"column":80}},"51":{"start":{"line":28,"column":81},"end":{"line":28,"column":87}},"52":{"start":{"line":29,"column":20},"end":{"line":29,"column":87}},"53":{"start":{"line":29,"column":47},"end":{"line":29,"column":62}},"54":{"start":{"line":29,"column":63},"end":{"line":29,"column":78}},"55":{"start":{"line":29,"column":79},"end":{"line":29,"column":85}},"56":{"start":{"line":30,"column":20},"end":{"line":30,"column":42}},"57":{"start":{"line":30,"column":30},"end":{"line":30,"column":42}},"58":{"start":{"line":31,"column":20},"end":{"line":31,"column":33}},"59":{"start":{"line":31,"column":34},"end":{"line":31,"column":43}},"60":{"start":{"line":33,"column":12},"end":{"line":33,"column":39}},"61":{"start":{"line":34,"column":22},"end":{"line":34,"column":34}},"62":{"start":{"line":34,"column":35},"end":{"line":34,"column":41}},"63":{"start":{"line":34,"column":54},"end":{"line":34,"column":64}},"64":{"start":{"line":35,"column":8},"end":{"line":35,"column":35}},"65":{"start":{"line":35,"column":23},"end":{"line":35,"column":35}},"66":{"start":{"line":35,"column":36},"end":{"line":35,"column":89}},"67":{"start":{"line":38,"column":0},"end":{"line":38,"column":62}},"68":{"start":{"line":39,"column":0},"end":{"line":39,"column":99}},"69":{"start":{"line":40,"column":15},"end":{"line":40,"column":45}},"70":{"start":{"line":41,"column":13},"end":{"line":41,"column":40}},"71":{"start":{"line":49,"column":21},"end":{"line":95,"column":5}},"72":{"start":{"line":49,"column":49},"end":{"line":95,"column":3}},"73":{"start":{"line":51,"column":4},"end":{"line":94,"column":7}},"74":{"start":{"line":52,"column":8},"end":{"line":93,"column":9}},"75":{"start":{"line":54,"column":16},"end":{"line":54,"column":42}},"76":{"start":{"line":55,"column":16},"end":{"line":55,"column":50}},"77":{"start":{"line":56,"column":16},"end":{"line":61,"column":17}},"78":{"start":{"line":57,"column":20},"end":{"line":60,"column":28}},"79":{"start":{"line":62,"column":16},"end":{"line":64,"column":24}},"80":{"start":{"line":66,"column":16},"end":{"line":66,"column":33}},"81":{"start":{"line":67,"column":16},"end":{"line":72,"column":17}},"82":{"start":{"line":68,"column":20},"end":{"line":71,"column":28}},"83":{"start":{"line":74,"column":16},"end":{"line":77,"column":24}},"84":{"start":{"line":80,"column":16},"end":{"line":80,"column":26}},"85":{"start":{"line":82,"column":16},"end":{"line":82,"column":32}},"86":{"start":{"line":83,"column":16},"end":{"line":83,"column":23}},"87":{"start":{"line":84,"column":16},"end":{"line":84,"column":40}},"88":{"start":{"line":86,"column":16},"end":{"line":86,"column":36}},"89":{"start":{"line":87,"column":16},"end":{"line":87,"column":65}},"90":{"start":{"line":88,"column":16},"end":{"line":91,"column":24}},"91":{"start":{"line":92,"column":20},"end":{"line":92,"column":42}},"92":{"start":{"line":96,"column":0},"end":{"line":96,"column":40}},"93":{"start":{"line":104,"column":30},"end":{"line":149,"column":5}},"94":{"start":{"line":104,"column":58},"end":{"line":149,"column":3}},"95":{"start":{"line":106,"column":4},"end":{"line":148,"column":7}},"96":{"start":{"line":107,"column":8},"end":{"line":147,"column":9}},"97":{"start":{"line":109,"column":16},"end":{"line":109,"column":42}},"98":{"start":{"line":110,"column":16},"end":{"line":110,"column":50}},"99":{"start":{"line":111,"column":16},"end":{"line":111,"column":49}},"100":{"start":{"line":112,"column":16},"end":{"line":117,"column":17}},"101":{"start":{"line":113,"column":20},"end":{"line":116,"column":28}},"102":{"start":{"line":118,"column":16},"end":{"line":126,"column":24}},"103":{"start":{"line":128,"column":16},"end":{"line":128,"column":36}},"104":{"start":{"line":129,"column":16},"end":{"line":134,"column":17}},"105":{"start":{"line":130,"column":20},"end":{"line":133,"column":28}},"106":{"start":{"line":136,"column":16},"end":{"line":136,"column":38}},"107":{"start":{"line":137,"column":16},"end":{"line":137,"column":23}},"108":{"start":{"line":138,"column":16},"end":{"line":138,"column":40}},"109":{"start":{"line":140,"column":16},"end":{"line":140,"column":36}},"110":{"start":{"line":141,"column":16},"end":{"line":141,"column":75}},"111":{"start":{"line":142,"column":16},"end":{"line":145,"column":24}},"112":{"start":{"line":146,"column":20},"end":{"line":146,"column":42}},"113":{"start":{"line":150,"column":0},"end":{"line":150,"column":58}},"114":{"start":{"line":158,"column":29},"end":{"line":200,"column":5}},"115":{"start":{"line":158,"column":57},"end":{"line":200,"column":3}},"116":{"start":{"line":160,"column":4},"end":{"line":199,"column":7}},"117":{"start":{"line":161,"column":8},"end":{"line":198,"column":9}},"118":{"start":{"line":163,"column":16},"end":{"line":163,"column":42}},"119":{"start":{"line":164,"column":16},"end":{"line":164,"column":50}},"120":{"start":{"line":165,"column":16},"end":{"line":165,"column":49}},"121":{"start":{"line":166,"column":16},"end":{"line":171,"column":17}},"122":{"start":{"line":167,"column":20},"end":{"line":170,"column":28}},"123":{"start":{"line":172,"column":16},"end":{"line":177,"column":24}},"124":{"start":{"line":179,"column":16},"end":{"line":179,"column":36}},"125":{"start":{"line":180,"column":16},"end":{"line":185,"column":17}},"126":{"start":{"line":181,"column":20},"end":{"line":184,"column":28}},"127":{"start":{"line":187,"column":16},"end":{"line":187,"column":38}},"128":{"start":{"line":188,"column":16},"end":{"line":188,"column":23}},"129":{"start":{"line":189,"column":16},"end":{"line":189,"column":40}},"130":{"start":{"line":191,"column":16},"end":{"line":191,"column":36}},"131":{"start":{"line":192,"column":16},"end":{"line":192,"column":74}},"132":{"start":{"line":193,"column":16},"end":{"line":196,"column":24}},"133":{"start":{"line":197,"column":20},"end":{"line":197,"column":42}},"134":{"start":{"line":201,"column":0},"end":{"line":201,"column":56}}},"fnMap":{"0":{"name":"(anonymous_0)","decl":{"start":{"line":2,"column":44},"end":{"line":2,"column":45}},"loc":{"start":{"line":2,"column":89},"end":{"line":10,"column":1}},"line":2},"1":{"name":"adopt","decl":{"start":{"line":3,"column":13},"end":{"line":3,"column":18}},"loc":{"start":{"line":3,"column":26},"end":{"line":3,"column":112}},"line":3},"2":{"name":"(anonymous_2)","decl":{"start":{"line":3,"column":70},"end":{"line":3,"column":71}},"loc":{"start":{"line":3,"column":89},"end":{"line":3,"column":108}},"line":3},"3":{"name":"(anonymous_3)","decl":{"start":{"line":4,"column":36},"end":{"line":4,"column":37}},"loc":{"start":{"line":4,"column":63},"end":{"line":9,"column":5}},"line":4},"4":{"name":"fulfilled","decl":{"start":{"line":5,"column":17},"end":{"line":5,"column":26}},"loc":{"start":{"line":5,"column":34},"end":{"line":5,"column":99}},"line":5},"5":{"name":"rejected","decl":{"start":{"line":6,"column":17},"end":{"line":6,"column":25}},"loc":{"start":{"line":6,"column":33},"end":{"line":6,"column":102}},"line":6},"6":{"name":"step","decl":{"start":{"line":7,"column":17},"end":{"line":7,"column":21}},"loc":{"start":{"line":7,"column":30},"end":{"line":7,"column":118}},"line":7},"7":{"name":"(anonymous_7)","decl":{"start":{"line":11,"column":48},"end":{"line":11,"column":49}},"loc":{"start":{"line":11,"column":73},"end":{"line":37,"column":1}},"line":11},"8":{"name":"(anonymous_8)","decl":{"start":{"line":12,"column":30},"end":{"line":12,"column":31}},"loc":{"start":{"line":12,"column":41},"end":{"line":12,"column":83}},"line":12},"9":{"name":"(anonymous_9)","decl":{"start":{"line":13,"column":128},"end":{"line":13,"column":129}},"loc":{"start":{"line":13,"column":139},"end":{"line":13,"column":155}},"line":13},"10":{"name":"verb","decl":{"start":{"line":14,"column":13},"end":{"line":14,"column":17}},"loc":{"start":{"line":14,"column":21},"end":{"line":14,"column":70}},"line":14},"11":{"name":"(anonymous_11)","decl":{"start":{"line":14,"column":30},"end":{"line":14,"column":31}},"loc":{"start":{"line":14,"column":43},"end":{"line":14,"column":67}},"line":14},"12":{"name":"step","decl":{"start":{"line":15,"column":13},"end":{"line":15,"column":17}},"loc":{"start":{"line":15,"column":22},"end":{"line":36,"column":5}},"line":15},"13":{"name":"(anonymous_13)","decl":{"start":{"line":49,"column":21},"end":{"line":49,"column":22}},"loc":{"start":{"line":49,"column":47},"end":{"line":95,"column":5}},"line":49},"14":{"name":"(anonymous_14)","decl":{"start":{"line":49,"column":90},"end":{"line":49,"column":91}},"loc":{"start":{"line":49,"column":102},"end":{"line":95,"column":1}},"line":49},"15":{"name":"(anonymous_15)","decl":{"start":{"line":51,"column":29},"end":{"line":51,"column":30}},"loc":{"start":{"line":51,"column":43},"end":{"line":94,"column":5}},"line":51},"16":{"name":"(anonymous_16)","decl":{"start":{"line":104,"column":30},"end":{"line":104,"column":31}},"loc":{"start":{"line":104,"column":56},"end":{"line":149,"column":5}},"line":104},"17":{"name":"(anonymous_17)","decl":{"start":{"line":104,"column":99},"end":{"line":104,"column":100}},"loc":{"start":{"line":104,"column":111},"end":{"line":149,"column":1}},"line":104},"18":{"name":"(anonymous_18)","decl":{"start":{"line":106,"column":29},"end":{"line":106,"column":30}},"loc":{"start":{"line":106,"column":43},"end":{"line":148,"column":5}},"line":106},"19":{"name":"(anonymous_19)","decl":{"start":{"line":158,"column":29},"end":{"line":158,"column":30}},"loc":{"start":{"line":158,"column":55},"end":{"line":200,"column":5}},"line":158},"20":{"name":"(anonymous_20)","decl":{"start":{"line":158,"column":98},"end":{"line":158,"column":99}},"loc":{"start":{"line":158,"column":110},"end":{"line":200,"column":1}},"line":158},"21":{"name":"(anonymous_21)","decl":{"start":{"line":160,"column":29},"end":{"line":160,"column":30}},"loc":{"start":{"line":160,"column":43},"end":{"line":199,"column":5}},"line":160}},"branchMap":{"0":{"loc":{"start":{"line":2,"column":16},"end":{"line":10,"column":1}},"type":"binary-expr","locations":[{"start":{"line":2,"column":17},"end":{"line":2,"column":21}},{"start":{"line":2,"column":25},"end":{"line":2,"column":39}},{"start":{"line":2,"column":44},"end":{"line":10,"column":1}}],"line":2},"1":{"loc":{"start":{"line":3,"column":35},"end":{"line":3,"column":109}},"type":"cond-expr","locations":[{"start":{"line":3,"column":56},"end":{"line":3,"column":61}},{"start":{"line":3,"column":64},"end":{"line":3,"column":109}}],"line":3},"2":{"loc":{"start":{"line":4,"column":16},"end":{"line":4,"column":34}},"type":"binary-expr","locations":[{"start":{"line":4,"column":16},"end":{"line":4,"column":17}},{"start":{"line":4,"column":22},"end":{"line":4,"column":33}}],"line":4},"3":{"loc":{"start":{"line":7,"column":32},"end":{"line":7,"column":115}},"type":"cond-expr","locations":[{"start":{"line":7,"column":46},"end":{"line":7,"column":67}},{"start":{"line":7,"column":70},"end":{"line":7,"column":115}}],"line":7},"4":{"loc":{"start":{"line":8,"column":51},"end":{"line":8,"column":67}},"type":"binary-expr","locations":[{"start":{"line":8,"column":51},"end":{"line":8,"column":61}},{"start":{"line":8,"column":65},"end":{"line":8,"column":67}}],"line":8},"5":{"loc":{"start":{"line":11,"column":18},"end":{"line":37,"column":1}},"type":"binary-expr","locations":[{"start":{"line":11,"column":19},"end":{"line":11,"column":23}},{"start":{"line":11,"column":27},"end":{"line":11,"column":43}},{"start":{"line":11,"column":48},"end":{"line":37,"column":1}}],"line":11},"6":{"loc":{"start":{"line":12,"column":43},"end":{"line":12,"column":68}},"type":"if","locations":[{"start":{"line":12,"column":43},"end":{"line":12,"column":68}},{"start":{},"end":{}}],"line":12},"7":{"loc":{"start":{"line":12,"column":134},"end":{"line":12,"column":184}},"type":"cond-expr","locations":[{"start":{"line":12,"column":167},"end":{"line":12,"column":175}},{"start":{"line":12,"column":178},"end":{"line":12,"column":184}}],"line":12},"8":{"loc":{"start":{"line":13,"column":74},"end":{"line":13,"column":156}},"type":"binary-expr","locations":[{"start":{"line":13,"column":74},"end":{"line":13,"column":102}},{"start":{"line":13,"column":107},"end":{"line":13,"column":155}}],"line":13},"9":{"loc":{"start":{"line":16,"column":8},"end":{"line":16,"column":70}},"type":"if","locations":[{"start":{"line":16,"column":8},"end":{"line":16,"column":70}},{"start":{},"end":{}}],"line":16},"10":{"loc":{"start":{"line":17,"column":15},"end":{"line":17,"column":45}},"type":"binary-expr","locations":[{"start":{"line":17,"column":15},"end":{"line":17,"column":16}},{"start":{"line":17,"column":21},"end":{"line":17,"column":44}}],"line":17},"11":{"loc":{"start":{"line":17,"column":28},"end":{"line":17,"column":44}},"type":"binary-expr","locations":[{"start":{"line":17,"column":28},"end":{"line":17,"column":33}},{"start":{"line":17,"column":38},"end":{"line":17,"column":43}}],"line":17},"12":{"loc":{"start":{"line":18,"column":12},"end":{"line":18,"column":169}},"type":"if","locations":[{"start":{"line":18,"column":12},"end":{"line":18,"column":169}},{"start":{},"end":{}}],"line":18},"13":{"loc":{"start":{"line":18,"column":23},"end":{"line":18,"column":158}},"type":"binary-expr","locations":[{"start":{"line":18,"column":23},"end":{"line":18,"column":24}},{"start":{"line":18,"column":29},"end":{"line":18,"column":125}},{"start":{"line":18,"column":130},"end":{"line":18,"column":158}}],"line":18},"14":{"loc":{"start":{"line":18,"column":33},"end":{"line":18,"column":125}},"type":"cond-expr","locations":[{"start":{"line":18,"column
[...]
umn":93},"end":{"line":68,"column":1}},"line":46},"15":{"name":"(anonymous_15)","decl":{"start":{"line":48,"column":29},"end":{"line":48,"column":30}},"loc":{"start":{"line":48,"column":43},"end":{"line":67,"column":5}},"line":48},"16":{"name":"(anonymous_16)","decl":{"start":{"line":71,"column":20},"end":{"line":71,"column":21}},"loc":{"start":{"line":71,"column":40},"end":{"line":106,"column":5}},"line":71},"17":{"name":"(anonymous_17)","decl":{"start":{"line":71,"column":83},"end":{"line":71,"column":84}},"loc":{"start":{"line":71,"column":95},"end":{"line":106,"column":1}},"line":71},"18":{"name":"(anonymous_18)","decl":{"start":{"line":73,"column":29},"end":{"line":73,"column":30}},"loc":{"start":{"line":73,"column":43},"end":{"line":105,"column":5}},"line":73},"19":{"name":"(anonymous_19)","decl":{"start":{"line":109,"column":18},"end":{"line":109,"column":19}},"loc":{"start":{"line":109,"column":38},"end":{"line":158,"column":5}},"line":109},"20":{"name":"(anonymous_20)","decl":{"start":{"line":109,"column":81},"end":{"line":109,"column":82}},"loc":{"start":{"line":109,"column":93},"end":{"line":158,"column":1}},"line":109},"21":{"name":"(anonymous_21)","decl":{"start":{"line":111,"column":29},"end":{"line":111,"column":30}},"loc":{"start":{"line":111,"column":43},"end":{"line":157,"column":5}},"line":111},"22":{"name":"(anonymous_22)","decl":{"start":{"line":128,"column":58},"end":{"line":128,"column":59}},"loc":{"start":{"line":128,"column":71},"end":{"line":128,"column":100}},"line":128},"23":{"name":"(anonymous_23)","decl":{"start":{"line":161,"column":23},"end":{"line":161,"column":24}},"loc":{"start":{"line":161,"column":43},"end":{"line":189,"column":5}},"line":161},"24":{"name":"(anonymous_24)","decl":{"start":{"line":161,"column":86},"end":{"line":161,"column":87}},"loc":{"start":{"line":161,"column":98},"end":{"line":189,"column":1}},"line":161},"25":{"name":"(anonymous_25)","decl":{"start":{"line":163,"column":29},"end":{"line":163,"column":30}},"loc":{"start":{"line":163,"column":43},"end":{"line":188,"column":5}},"line":163},"26":{"name":"(anonymous_26)","decl":{"start":{"line":192,"column":19},"end":{"line":192,"column":20}},"loc":{"start":{"line":192,"column":39},"end":{"line":234,"column":5}},"line":192},"27":{"name":"(anonymous_27)","decl":{"start":{"line":192,"column":82},"end":{"line":192,"column":83}},"loc":{"start":{"line":192,"column":94},"end":{"line":234,"column":1}},"line":192},"28":{"name":"(anonymous_28)","decl":{"start":{"line":194,"column":29},"end":{"line":194,"column":30}},"loc":{"start":{"line":194,"column":43},"end":{"line":233,"column":5}},"line":194},"29":{"name":"(anonymous_29)","decl":{"start":{"line":237,"column":18},"end":{"line":237,"column":19}},"loc":{"start":{"line":237,"column":38},"end":{"line":292,"column":5}},"line":237},"30":{"name":"(anonymous_30)","decl":{"start":{"line":237,"column":81},"end":{"line":237,"column":82}},"loc":{"start":{"line":237,"column":93},"end":{"line":292,"column":1}},"line":237},"31":{"name":"(anonymous_31)","decl":{"start":{"line":239,"column":29},"end":{"line":239,"column":30}},"loc":{"start":{"line":239,"column":43},"end":{"line":291,"column":5}},"line":239},"32":{"name":"(anonymous_32)","decl":{"start":{"line":295,"column":24},"end":{"line":295,"column":25}},"loc":{"start":{"line":295,"column":44},"end":{"line":335,"column":5}},"line":295},"33":{"name":"(anonymous_33)","decl":{"start":{"line":295,"column":87},"end":{"line":295,"column":88}},"loc":{"start":{"line":295,"column":99},"end":{"line":335,"column":1}},"line":295},"34":{"name":"(anonymous_34)","decl":{"start":{"line":297,"column":29},"end":{"line":297,"column":30}},"loc":{"start":{"line":297,"column":43},"end":{"line":334,"column":5}},"line":297}},"branchMap":{"0":{"loc":{"start":{"line":2,"column":16},"end":{"line":10,"column":1}},"type":"binary-expr","locations":[{"start":{"line":2,"column":17},"end":{"line":2,"column":21}},{"start":{"line":2,"column":25},"end":{"line":2,"column":39}},{"start":{"line":2,"column":44},"end":{"line":10,"column":1}}],"line":2},"1":{"loc":{"start":{"line":3,"column":35},"end":{"line":3,"column":109}},"type":"cond-expr","locations":[{"start":{"line":3,"column":56},"end":{"line":3,"column":61}},{"start":{"line":3,"column":64},"end":{"line":3,"column":109}}],"line":3},"2":{"loc":{"start":{"line":4,"column":16},"end":{"line":4,"column":34}},"type":"binary-expr","locations":[{"start":{"line":4,"column":16},"end":{"line":4,"column":17}},{"start":{"line":4,"column":22},"end":{"line":4,"column":33}}],"line":4},"3":{"loc":{"start":{"line":7,"column":32},"end":{"line":7,"column":115}},"type":"cond-expr","locations":[{"start":{"line":7,"column":46},"end":{"line":7,"column":67}},{"start":{"line":7,"column":70},"end":{"line":7,"column":115}}],"line":7},"4":{"loc":{"start":{"line":8,"column":51},"end":{"line":8,"column":67}},"type":"binary-expr","locations":[{"start":{"line":8,"column":51},"end":{"line":8,"column":61}},{"start":{"line":8,"column":65},"end":{"line":8,"column":67}}],"line":8},"5":{"loc":{"start":{"line":11,"column":18},"end":{"line":37,"column":1}},"type":"binary-expr","locations":[{"start":{"line":11,"column":19},"end":{"line":11,"column":23}},{"start":{"line":11,"column":27},"end":{"line":11,"column":43}},{"start":{"line":11,"column":48},"end":{"line":37,"column":1}}],"line":11},"6":{"loc":{"start":{"line":12,"column":43},"end":{"line":12,"column":68}},"type":"if","locations":[{"start":{"line":12,"column":43},"end":{"line":12,"column":68}},{"start":{},"end":{}}],"line":12},"7":{"loc":{"start":{"line":12,"column":134},"end":{"line":12,"column":184}},"type":"cond-expr","locations":[{"start":{"line":12,"column":167},"end":{"line":12,"column":175}},{"start":{"line":12,"column":178},"end":{"line":12,"column":184}}],"line":12},"8":{"loc":{"start":{"line":13,"column":74},"end":{"line":13,"column":156}},"type":"binary-expr","locations":[{"start":{"line":13,"column":74},"end":{"line":13,"column":102}},{"start":{"line":13,"column":107},"end":{"line":13,"column":155}}],"line":13},"9":{"loc":{"start":{"line":16,"column":8},"end":{"line":16,"column":70}},"type":"if","locations":[{"start":{"line":16,"column":8},"end":{"line":16,"column":70}},{"start":{},"end":{}}],"line":16},"10":{"loc":{"start":{"line":17,"column":15},"end":{"line":17,"column":45}},"type":"binary-expr","locations":[{"start":{"line":17,"column":15},"end":{"line":17,"column":16}},{"start":{"line":17,"column":21},"end":{"line":17,"column":44}}],"line":17},"11":{"loc":{"start":{"line":17,"column":28},"end":{"line":17,"column":44}},"type":"binary-expr","locations":[{"start":{"line":17,"column":28},"end":{"line":17,"column":33}},{"start":{"line":17,"column":38},"end":{"line":17,"column":43}}],"line":17},"12":{"loc":{"start":{"line":18,"column":12},"end":{"line":18,"column":169}},"type":"if","locations":[{"start":{"line":18,"column":12},"end":{"line":18,"column":169}},{"start":{},"end":{}}],"line":18},"13":{"loc":{"start":{"line":18,"column":23},"end":{"line":18,"column":158}},"type":"binary-expr","locations":[{"start":{"line":18,"column":23},"end":{"line":18,"column":24}},{"start":{"line":18,"column":29},"end":{"line":18,"column":125}},{"start":{"line":18,"column":130},"end":{"line":18,"column":158}}],"line":18},"14":{"loc":{"start":{"line":18,"column":33},"end":{"line":18,"column":125}},"type":"cond-expr","locations":[{"start":{"line":18,"column":45},"end":{"line":18,"column":56}},{"start":{"line":18,"column":59},"end":{"line":18,"column":125}}],"line":18},"15":{"loc":{"start":{"line":18,"column":59},"end":{"line":18,"column":125}},"type":"cond-expr","locations":[{"start":{"line":18,"column":67},"end":{"line":18,"column":116}},{"start":{"line":18,"column":119},"end":{"line":18,"column":125}}],"line":18},"16":{"loc":{"start":{"line":18,"column":67},"end":{"line":18,"column":116}},"type":"binary-expr","locations":[{"start":{"line":18,"column":67},"end":{"line":18,"column":77}},{"start":{"line":18,"column":82},"end":{"line":18,"column":115}}],"line":18},"17":{"loc":{"start":{"line":18,"column":82},"end":{"line":18,"column":112}},"type":"binary-expr","locations":[{"start":{"line":18,"column":83},"end":{"line":18,"column":98}},{"start":{"line":18,"column":103},"end":{"line":18,"column":112}}],"line":18},"18":{"loc":{"start":{"line":19,"column":12},"end":{"line":19,"column":52}},"type":"if","locations":[{"start":{"line":19,"column":12},"end":{"line":19,"column":52}},{"start":{},"end":{}}],"line":19},"19":{"loc":{"start":{"line":20,"column":12},"end":{"line":32,"column":13}},"type":"switch","locations":[{"start":{"line":21,"column":16},"end":{"line":21,"column":23}},{"start":{"line":21,"column":24},"end":{"line":21,"column":46}},{"start":{"line":22,"column":16},"end":{"line":22,"column":72}},{"start":{"line":23,"column":16},"end":{"line":23,"column":65}},{"start":{"line":24,"column":16},"end":{"line":24,"column":65}},{"start":{"line":25,"column":16},"end":{"line":31,"column":43}}],"line":20},"20":{"loc":{"start":{"line":26,"column":20},"end":{"line":26,"column":128}},"type":"if","locations":[{"start":{"line":26,"column":20},"end":{"line":26,"column":128}},{"start":{},"end":{}}],"line":26},"21":{"loc":{"start":{"line":26,"column":24},"end":{"line":26,"column":106}},"type":"binary-expr","locations":[{"start":{"line":26,"column":24},"end":{"line":26,"column":74}},{"start":{"line":26,"column":79},"end":{"line":26,"column":90}},{"start":{"line":26,"column":94},"end":{"line":26,"column":105}}],"line":26},"22":{"loc":{"start":{"line":26,"column":42},"end":{"line":26,"column":73}},"type":"binary-expr","locations":[{"start":{"line":26,"column":42},"end":{"line":26,"column":54}},{"start":{"line":26,"column":58},"end":{"line":26,"column":73}}],"line":26},"23":{"loc":{"start":{"line":27,"column":20},"end":{"line":27,"column":106}},"type":"if","locations":[{"start":{"line":27,"column":20},"end":{"line":27,"column":106}},{"start":{},"end":{}}],"line":27},"24":{"loc":{"start":{"line":27,"column":24},"end":{"line":27,"column":77}},"type":"binary-expr","locations":[{"start":{"line":27,"column":24},"end":{"line":27,"column":35}},{"start":{"line":27,"column":40},"end":{"line":27,"column":42}},{"start":{"line":27,"column":47},"end":{"line":27,"column":59}},{"start":{"line":27,"column":63},"end":{"line":27,"column":75}}],"line":27},"25":{"loc":{"start":{"line":28,"column":20},"end":{"line":28,"column":89}},"type":"if","locations":[{"start":{"line":28,"column":20},"end":{"line":28,"column":89}},{"start":{},"end":{}}],"line":28},"26":{"loc":{"start":{"line":28,"column":24},"end":{"line":28,"column":53}},"type":"binary-expr","locations":[{"start":{"line":28,"column":24},"end":{"line":28,"column":35}},{"start":{"line":28,"column":39},"end":{"line":28,"column":53}}],"line":28},"27":{"loc":{"start":{"line":29,"column":20},"end":{"line":29,"column":87}},"type":"if","locations":[{"start":{"line":29,"column":20},"end":{"line":29,"column":87}},{"start":{},"end":{}}],"line":29},"28":{"loc":{"start":{"line":29,"column":24},"end":{"line":29,"column":43}},"type":"binary-expr","locations":[{"start":{"line":29,"column":24},"end":{"line":29,"column":25}},{"start":{"line":29,"column":29},"end":{"line":29,"column":43}}],"line":29},"29":{"loc":{"start":{"line":30,"column":20},"end":{"line":30,"column":42}},"type":"if","locations":[{"start":{"line":30,"column":20},"end":{"line":30,"column":42}},{"start":{},"end":{}}],"line":30},"30":{"loc":{"start":{"line":35,"column":8},"end":{"line":35,"column":35}},"type":"if","locations":[{"start":{"line":35,"column":8},"end":{"line":35,"column":35}},{"start":{},"end":{}}],"line":35},"31":{"loc":{"start":{"line":35,"column":52},"end":{"line":35,"column":74}},"type":"cond-expr","locations":[{"start":{"line":35,"column":60},"end":{"line":35,"column":65}},{"start":{"line":35,"column":68},"end":{"line":35,"column":74}}],"line":35},"32":{"loc":{"start":{"line":49,"column":8},"end":{"line":66,"column":9}},"type":"switch","locations":[{"start":{"line":50,"column":12},"end":{"line":58,"column":24}},{"start":{"line":59,"column":12},"end":{"line":65,"column":44}}],"line":49},"33":{"loc":{"start":{"line":62,"column":16},"end":{"line":64,"column":17}},"type":"if","locations":[{"start":{"line":62,"column":16},"end":{"line":64,"column":17}},{"start":{},"end":{}}],"line":62},"34":{"loc":{"start":{"line":74,"column":8},"end":{"line":104,"column":9}},"type":"switch","locations":[{"start":{"line":75,"column":12},"end":{"line":81,"column":73}},{"start":{"line":82,"column":12},"end":{"line":95,"column":24}},{"start":{"line":96,"column":12},"end":{"line":98,"column":69}},{"start":{"line":99,"column":12},"end":{"line":102,"column":99}},{"start":{"line":103,"column":12},"end":{"line":103,"column":42}}],"line":74},"35":{"loc":{"start":{"line":78,"column":16},"end":{"line":80,"column":17}},"type":"if","locations":[{"start":{"line":78,"column":16},"end":{"line":80,"column":17}},{"start":{},"end":{}}],"line":78},"36":{"loc":{"start":{"line":112,"column":8},"end":{"line":156,"column":9}},"type":"switch","locations":[{"start":{"line":113,"column":12},"end":{"line":122,"column":24}},{"start":{"line":123,"column":12},"end":{"line":138,"column":24}},{"start":{"line":139,"column":12},"end":{"line":146,"column":76}},{"start":{"line":147,"column":12},"end":{"line":149,"column":65}},{"start":{"line":150,"column":12},"end":{"line":150,"column":44}},{"start":{"line":151,"column":12},"end":{"line":154,"column":97}},{"start":{"line":155,"column":12},"end":{"line":155,"column":42}}],"line":112},"37":{"loc":{"start":{"line":116,"column":16},"end":{"line":118,"column":17}},"type":"if","locations":[{"start":{"line":116,"column":16},"end":{"line":118,"column":17}},{"start":{},"end":{}}],"line":116},"38":{"loc":{"start":{"line":116,"column":20},"end":{"line":116,"column":38}},"type":"binary-expr","locations":[{"start":{"line":116,"column":20},"end":{"line":116,"column":29}},{"start":{"line":116,"column":33},"end":{"line":116,"column":38}}],"line":116},"39":{"loc":{"start":{"line":125,"column":16},"end":{"line":127,"column":17}},"type":"if","locations":[{"start":{"line":125,"column":16},"end":{"line":127,"column":17}},{"start":{},"end":{}}],"line":125},"40":{"loc":{"start":{"line":129,"column":16},"end":{"line":129,"column":61}},"type":"if","locations":[{"start":{"line":129,"column":16},"end":{"line":129,"column":61}},{"start":{},"end":{}}],"line":129},"41":{"loc":{"start":{"line":164,"column":8},"end":{"line":187,"column":9}},"type":"switch","locations":[{"start":{"line":165,"column":12},"end":{"line":175,"column":24}},{"start":{"line":176,"column":12},"end":{"line":181,"column":69}},{"start":{"line":182,"column":12},"end":{"line":185,"column":103}},{"start":{"line":186,"column":12},"end":{"line":186,"column":42}}],"line":164},"42":{"loc":{"start":{"line":178,"column":16},"end":{"line":180,"column":17}},"type":"if","locations":[{"start":{"line":178,"column":16},"end":{"line":180,"column":17}},{"start":{},"end":{}}],"line":178},"43":{"loc":{"start":{"line":195,"column":8},"end":{"line":232,"column":9}},"type":"switch","locations":[{"start":{"line":196,"column":12},"end":{"line":202,"column":24}},{"start":{"line":203,"column":12},"end":{"line":218,"column":24}},{"start":{"line":219,"column":12},"end":{"line":226,"column":76}},{"start":{"line":227,"column":12},"end":{"line":230,"column":98}},{"start":{"line":231,"column":12},"end":{"line":231,"column":42}}],"line":195},"44":{"loc":{"start":{"line":205,"column":16},"end":{"line":207,"column":17}},"type":"if","locations":[{"start":{"line":205,"column":16},"end":{"line":207,"column":17}},{"start":{},"end":{}}],"line":205},"45":{"loc":{"start":{"line":209,"column":16},"end":{"line":211,"column":17}},"type":"if","locations":[{"start":{"line":209,"column":16},"end":{"line":211,"column":17}},{"start":{},"end":{}}],"line":209},"46":{"loc":{"start":{"line":240,"column":8},"end":{"line":290,"column":9}},"type":"switch","locations":[{"start":{"line":241,"column":12},"end":{"line":250,"column":24}},{"start":{"line":251,"column":12},"end":{"line":274,"column":24}},{"start":{"line":275,"column":12},"end":{"line":284,"column":76}},{"start":{"line":285,"column":12},"end":{"line":288,"column":97}},{"start":{"line":289,"column":12},"end":{"line":289,"column":42}}],"line":240},"47":{"loc":{"start":{"line":253,"column":16},"end":{"line":255,"column":17}},"type":"if","locations":[{"start":{"line":253,"column":16},"end":{"line":255,"column":17}},{"start":{},"end":{}}],"line":253},"48":{"loc":{"start":{"line":257,"column":16},"end":{"line":259,"column":17}},"type":"if","locations":[{"start":{"line":257,"column":16},"end":{"line":259,"column":17}},{"start":{},"end":{}}],"line":257},"49":{"loc":{"start":{"line":261,"column":16},"end":{"line":263,"column":17}},"type":"if","locations":[{"start":{"line":261,"column":16},"end":{"line":263,"column":17}},{"start":{},"end":{}}],"line":261},"50":{"loc":{"start":{"line":298,"column":8},"end":{"line":333,"column":9}},"type":"switch","locations":[{"start":{"line":299,"column":12},"end":{"line":315,"column":24}},{"start":{"line":316,"column":12},"end":{"line":327,"column":24}},{"start":{"line":328,"column":12},"end":{"line":331,"column":100}},{"start":{"line":332,"column":12},"end":{"line":332,"column":42}}],"line":298},"51":{"loc":{"start":{"line":318,"column":16},"end":{"line":320,"column":17}},"type":"if","locations":[{"start":{"line":318,"column":16},"end":{"line":320,"column":17}},{"start":{},"end":{}}],"line":318}},"s":{"0":0,"1":0,"2":0,"3":0,"4":0,"5":0,"6":0,"7":0,"8":0,"9":0,"10":0,"11":0,"12":0,"13":0,"14":0,"15":0,"16":0,"17":0,"18":0,"19":0,"20":0,"21":0,"22":0,"23":0,"24":0,"25":0,"26":0,"27":0,"28":0,"29":0,"30":0,"31":0,"32":0,"33":0,"34":0,"35":0,"36":0,"37":0,"38":0,"39":0,"40":0,"41":0,"42":0,"43":0,"44":0,"45":0,"46":0,"47":0,"48":0,"49":0,"50":0,"51":0,"52":0,"53":0,"54":0,"55":0,"56":0,"57":0,"58":0,"59":0,"60":0,"61":0,"62":0,"63":0,"64":0,"65":0,"66":0,"67":0,"68":0,"69":0,"70":0,"71":0,"72":0,"73":0,"74":0,"75":0,"76":0,"77":0,"78":0,"79":0,"80":0,"81":0,"82":0,"83":0,"84":0,"85":0,"86":0,"87":0,"88":0,"89":0,"90":0,"91":0,"92":0,"93":0,"94":0,"95":0,"96":0,"97":0,"98":0,"99":0,"100":0,"101":0,"102":0,"103":0,"104":0,"105":0,"106":0,"107":0,"108":0,"109":0,"110":0,"111":0,"112":0,"113":0,"114":0,"115":0,"116":0,"117":0,"118":0,"119":0,"120":0,"121":0,"122":0,"123":0,"124":0,"125":0,"126":0,"127":0,"128":0,"129":0,"130":0,"131":0,"132":0,"133":0,"134":0,"135":0,"136":0,"137":0,"138":0,"139":0,"140":0,"141":0,"142":0,"143":0,"144":0,"145":0,"146":0,"147":0,"148":0,"149":0,"150":0,"151":0,"152":0,"153":0,"154":0,"155":0,"156":0,"157":0,"158":0,"159":0,"160":0,"161":0,"162":0,"163":0,"164":0,"165":0,"166":0,"167":0,"168":0,"169":0,"170":0,"171":0,"172":0,"173":0,"174":0,"175":0,"176":0,"177":0,"178":0,"179":0,"180":0,"181":0,"182":0,"183":0,"184":0,"185":0,"186":0,"187":0,"188":0,"189":0,"190":0,"191":0,"192":0,"193":0,"194":0,"195":0,"196":0,"197":0,"198":0,"199":0,"200":0,"201":0,"202":0,"203":0,"204":0,"205":0,"206":0,"207":0,"208":0,"209":0,"210":0,"211":0,"212":0,"213":0,"214":0,"215":0},"f":{"0":0,"1":0,"2":0,"3":0,"4":0,"5":0,"6":0,"7":0,"8":0,"9":0,"10":0,"11":0,"12":0,"13":0,"14":0,"15":0,"16":0,"17":0,"18":0,"19":0,"20":0,"21":0,"22":0,"23":0,"24":0,"25":0,"26":0,"27":0,"28":0,"29":0,"30":0,"31":0,"32":0,"33":0,"34":0},"b":{"0":[0,0,0],"1":[0,0],"2":[0,0],"3":[0,0],"4":[0,0],"5":[0,0,0],"6":[0,0],"7":[0,0],"8":[0,0],"9":[0,0],"10":[0,0],"11":[0,0],"12":[0,0],"13":[0,0,0],"14":[0,0],"15":[0,0],"16":[0,0],"17":[0,0],"18":[0,0],"19":[0,0,0,0,0,0],"20":[0,0],"21":[0,0,0],"22":[0,0],"23":[0,0],"24":[0,0,0,0],"25":[0,0],"26":[0,0],"27":[0,0],"28":[0,0],"29":[0,0],"30":[0,0],"31":[0,0],"32":[0,0],"33":[0,0],"34":[0,0,0,0,0],"35":[0,0],"36":[0,0,0,0,0,0,0],"37":[0,0],"38":[0,0],"39":[0,0],"40":[0,0],"41":[0,0,0,0],"42":[0,0],"43":[0,0,0,0,0],"44":[0,0],"45":[0,0],"46":[0,0,0,0,0],"47":[0,0],"48":[0,0],"49":[0,0],"50":[0,0,0,0],"51":[0,0]},"inputSourceMap":null}}}
