{"/Users/ludo/code/jam-literaria/server/api/controllers/authController.js": {"path":"/Users/ludo/code/jam-literaria/server/api/controllers/authController.js","statementMap":{"0":{"start":{"line":8,"column":24},"end":{"line":42,"column":1}},"1":{"start":{"line":9,"column":2},"end":{"line":41,"column":null}},"2":{"start":{"line":10,"column":21},"end":{"line":10,"column":29}},"3":{"start":{"line":12,"column":4},"end":{"line":17,"column":null}},"4":{"start":{"line":13,"column":6},"end":{"line":16,"column":null}},"5":{"start":{"line":20,"column":17},"end":{"line":20,"column":45}},"6":{"start":{"line":23,"column":4},"end":{"line":23,"column":null}},"7":{"start":{"line":25,"column":4},"end":{"line":33,"column":null}},"8":{"start":{"line":35,"column":4},"end":{"line":35,"column":null}},"9":{"start":{"line":37,"column":4},"end":{"line":40,"column":null}},"10":{"start":{"line":49,"column":30},"end":{"line":71,"column":1}},"11":{"start":{"line":50,"column":2},"end":{"line":70,"column":null}},"12":{"start":{"line":52,"column":21},"end":{"line":52,"column":24}},"13":{"start":{"line":54,"column":4},"end":{"line":62,"column":null}},"14":{"start":{"line":64,"column":4},"end":{"line":64,"column":null}},"15":{"start":{"line":66,"column":4},"end":{"line":69,"column":null}},"16":{"start":{"line":78,"column":22},"end":{"line":104,"column":1}},"17":{"start":{"line":79,"column":2},"end":{"line":103,"column":null}},"18":{"start":{"line":81,"column":4},"end":{"line":95,"column":null}},"19":{"start":{"line":82,"column":6},"end":{"line":89,"column":null}},"20":{"start":{"line":83,"column":8},"end":{"line":83,"column":null}},"21":{"start":{"line":85,"column":8},"end":{"line":88,"column":null}},"22":{"start":{"line":91,"column":6},"end":{"line":94,"column":null}},"23":{"start":{"line":97,"column":4},"end":{"line":97,"column":null}},"24":{"start":{"line":99,"column":4},"end":{"line":102,"column":null}}},"fnMap":{"0":{"name":"(anonymous_0)","decl":{"start":{"line":8,"column":24},"end":{"line":8,"column":29}},"loc":{"start":{"line":8,"column":44},"end":{"line":42,"column":1}},"line":8},"1":{"name":"(anonymous_1)","decl":{"start":{"line":49,"column":30},"end":{"line":49,"column":35}},"loc":{"start":{"line":49,"column":50},"end":{"line":71,"column":1}},"line":49},"2":{"name":"(anonymous_2)","decl":{"start":{"line":78,"column":22},"end":{"line":78,"column":27}},"loc":{"start":{"line":78,"column":42},"end":{"line":104,"column":1}},"line":78},"3":{"name":"(anonymous_3)","decl":{"start":{"line":81,"column":24},"end":{"line":81,"column":25}},"loc":{"start":{"line":81,"column":33},"end":{"line":95,"column":5}},"line":81}},"branchMap":{"0":{"loc":{"start":{"line":12,"column":4},"end":{"line":17,"column":null}},"type":"if","locations":[{"start":{"line":12,"column":4},"end":{"line":17,"column":null}},{"start":{},"end":{}}],"line":12},"1":{"loc":{"start":{"line":12,"column":8},"end":{"line":12,"column":35}},"type":"binary-expr","locations":[{"start":{"line":12,"column":8},"end":{"line":12,"column":13}},{"start":{"line":12,"column":17},"end":{"line":12,"column":35}}],"line":12},"2":{"loc":{"start":{"line":82,"column":6},"end":{"line":89,"column":null}},"type":"if","locations":[{"start":{"line":82,"column":6},"end":{"line":89,"column":null}},{"start":{},"end":{}}],"line":82}},"s":{"0":4,"1":139,"2":139,"3":139,"4":3,"5":136,"6":136,"7":136,"8":0,"9":0,"10":4,"11":4,"12":4,"13":4,"14":0,"15":0,"16":4,"17":1,"18":1,"19":1,"20":0,"21":0,"22":1,"23":0,"24":0},"f":{"0":139,"1":4,"2":1,"3":1},"b":{"0":[3,136],"1":[139,137],"2":[0,1]},"meta":{"lastBranch":3,"lastFunction":4,"lastStatement":25,"seen":{"s:8:24:42:1":0,"f:8:24:8:29":0,"s:9:2:41:Infinity":1,"s:10:21:10:29":2,"b:12:4:17:Infinity:undefined:undefined:undefined:undefined":0,"s:12:4:17:Infinity":3,"b:12:8:12:13:12:17:12:35":1,"s:13:6:16:Infinity":4,"s:20:17:20:45":5,"s:23:4:23:Infinity":6,"s:25:4:33:Infinity":7,"s:35:4:35:Infinity":8,"s:37:4:40:Infinity":9,"s:49:30:71:1":10,"f:49:30:49:35":1,"s:50:2:70:Infinity":11,"s:52:21:52:24":12,"s:54:4:62:Infinity":13,"s:64:4:64:Infinity":14,"s:66:4:69:Infinity":15,"s:78:22:104:1":16,"f:78:22:78:27":2,"s:79:2:103:Infinity":17,"s:81:4:95:Infinity":18,"f:81:24:81:25":3,"b:82:6:89:Infinity:undefined:undefined:undefined:undefined":2,"s:82:6:89:Infinity":19,"s:83:8:83:Infinity":20,"s:85:8:88:Infinity":21,"s:91:6:94:Infinity":22,"s:97:4:97:Infinity":23,"s:99:4:102:Infinity":24}}}
,"/Users/ludo/code/jam-literaria/server/api/controllers/ideaController.js": {"path":"/Users/ludo/code/jam-literaria/server/api/controllers/ideaController.js","statementMap":{"0":{"start":{"line":8,"column":26},"end":{"line":52,"column":1}},"1":{"start":{"line":9,"column":2},"end":{"line":51,"column":3}},"2":{"start":{"line":10,"column":24},"end":{"line":10,"column":32}},"3":{"start":{"line":11,"column":21},"end":{"line":11,"column":24}},"4":{"start":{"line":12,"column":22},"end":{"line":12,"column":57}},"5":{"start":{"line":14,"column":4},"end":{"line":19,"column":5}},"6":{"start":{"line":15,"column":6},"end":{"line":18,"column":9}},"7":{"start":{"line":21,"column":4},"end":{"line":26,"column":5}},"8":{"start":{"line":22,"column":6},"end":{"line":25,"column":9}},"9":{"start":{"line":28,"column":4},"end":{"line":33,"column":5}},"10":{"start":{"line":29,"column":6},"end":{"line":32,"column":9}},"11":{"start":{"line":36,"column":17},"end":{"line":36,"column":68}},"12":{"start":{"line":38,"column":4},"end":{"line":43,"column":7}},"13":{"start":{"line":45,"column":4},"end":{"line":45,"column":47}},"14":{"start":{"line":47,"column":4},"end":{"line":50,"column":7}},"15":{"start":{"line":59,"column":33},"end":{"line":80,"column":1}},"16":{"start":{"line":60,"column":2},"end":{"line":79,"column":3}},"17":{"start":{"line":61,"column":19},"end":{"line":61,"column":29}},"18":{"start":{"line":64,"column":18},"end":{"line":64,"column":65}},"19":{"start":{"line":66,"column":4},"end":{"line":71,"column":7}},"20":{"start":{"line":73,"column":4},"end":{"line":73,"column":45}},"21":{"start":{"line":75,"column":4},"end":{"line":78,"column":7}},"22":{"start":{"line":87,"column":38},"end":{"line":109,"column":1}},"23":{"start":{"line":88,"column":2},"end":{"line":108,"column":3}},"24":{"start":{"line":89,"column":19},"end":{"line":89,"column":29}},"25":{"start":{"line":90,"column":21},"end":{"line":90,"column":24}},"26":{"start":{"line":93,"column":18},"end":{"line":93,"column":69}},"27":{"start":{"line":95,"column":4},"end":{"line":100,"column":7}},"28":{"start":{"line":102,"column":4},"end":{"line":102,"column":50}},"29":{"start":{"line":104,"column":4},"end":{"line":107,"column":7}},"30":{"start":{"line":116,"column":33},"end":{"line":137,"column":1}},"31":{"start":{"line":117,"column":2},"end":{"line":136,"column":3}},"32":{"start":{"line":118,"column":19},"end":{"line":118,"column":29}},"33":{"start":{"line":121,"column":18},"end":{"line":121,"column":60}},"34":{"start":{"line":123,"column":4},"end":{"line":128,"column":7}},"35":{"start":{"line":130,"column":4},"end":{"line":130,"column":55}},"36":{"start":{"line":132,"column":4},"end":{"line":135,"column":7}},"37":{"start":{"line":144,"column":31},"end":{"line":165,"column":1}},"38":{"start":{"line":145,"column":2},"end":{"line":164,"column":3}},"39":{"start":{"line":146,"column":19},"end":{"line":146,"column":29}},"40":{"start":{"line":149,"column":18},"end":{"line":149,"column":49}},"41":{"start":{"line":151,"column":4},"end":{"line":156,"column":7}},"42":{"start":{"line":158,"column":4},"end":{"line":158,"column":53}},"43":{"start":{"line":160,"column":4},"end":{"line":163,"column":7}}},"fnMap":{"0":{"name":"(anonymous_0)","decl":{"start":{"line":8,"column":26},"end":{"line":8,"column":31}},"loc":{"start":{"line":8,"column":46},"end":{"line":52,"column":1}},"line":8},"1":{"name":"(anonymous_1)","decl":{"start":{"line":59,"column":33},"end":{"line":59,"column":38}},"loc":{"start":{"line":59,"column":53},"end":{"line":80,"column":1}},"line":59},"2":{"name":"(anonymous_2)","decl":{"start":{"line":87,"column":38},"end":{"line":87,"column":43}},"loc":{"start":{"line":87,"column":58},"end":{"line":109,"column":1}},"line":87},"3":{"name":"(anonymous_3)","decl":{"start":{"line":116,"column":33},"end":{"line":116,"column":38}},"loc":{"start":{"line":116,"column":53},"end":{"line":137,"column":1}},"line":116},"4":{"name":"(anonymous_4)","decl":{"start":{"line":144,"column":31},"end":{"line":144,"column":36}},"loc":{"start":{"line":144,"column":51},"end":{"line":165,"column":1}},"line":144}},"branchMap":{"0":{"loc":{"start":{"line":12,"column":22},"end":{"line":12,"column":57}},"type":"binary-expr","locations":[{"start":{"line":12,"column":22},"end":{"line":12,"column":35}},{"start":{"line":12,"column":39},"end":{"line":12,"column":57}}],"line":12},"1":{"loc":{"start":{"line":14,"column":4},"end":{"line":19,"column":5}},"type":"if","locations":[{"start":{"line":14,"column":4},"end":{"line":19,"column":5}},{"start":{},"end":{}}],"line":14},"2":{"loc":{"start":{"line":14,"column":8},"end":{"line":14,"column":30}},"type":"binary-expr","locations":[{"start":{"line":14,"column":8},"end":{"line":14,"column":16}},{"start":{"line":14,"column":20},"end":{"line":14,"column":30}}],"line":14},"3":{"loc":{"start":{"line":21,"column":4},"end":{"line":26,"column":5}},"type":"if","locations":[{"start":{"line":21,"column":4},"end":{"line":26,"column":5}},{"start":{},"end":{}}],"line":21},"4":{"loc":{"start":{"line":28,"column":4},"end":{"line":33,"column":5}},"type":"if","locations":[{"start":{"line":28,"column":4},"end":{"line":33,"column":5}},{"start":{},"end":{}}],"line":28},"5":{"loc":{"start":{"line":49,"column":13},"end":{"line":49,"column":53}},"type":"binary-expr","locations":[{"start":{"line":49,"column":13},"end":{"line":49,"column":26}},{"start":{"line":49,"column":30},"end":{"line":49,"column":53}}],"line":49},"6":{"loc":{"start":{"line":134,"column":13},"end":{"line":134,"column":61}},"type":"binary-expr","locations":[{"start":{"line":134,"column":13},"end":{"line":134,"column":26}},{"start":{"line":134,"column":30},"end":{"line":134,"column":61}}],"line":134},"7":{"loc":{"start":{"line":162,"column":13},"end":{"line":162,"column":59}},"type":"binary-expr","locations":[{"start":{"line":162,"column":13},"end":{"line":162,"column":26}},{"start":{"line":162,"column":30},"end":{"line":162,"column":59}}],"line":162}},"s":{"0":4,"1":154,"2":154,"3":154,"4":154,"5":154,"6":1,"7":153,"8":1,"9":152,"10":1,"11":151,"12":151,"13":3,"14":3,"15":4,"16":33,"17":33,"18":33,"19":33,"20":1,"21":1,"22":4,"23":2,"24":2,"25":2,"26":2,"27":2,"28":0,"29":0,"30":4,"31":0,"32":0,"33":0,"34":0,"35":0,"36":0,"37":4,"38":0,"39":0,"40":0,"41":0,"42":0,"43":0},"f":{"0":154,"1":33,"2":2,"3":0,"4":0},"b":{"0":[154,0],"1":[1,153],"2":[154,153],"3":[1,152],"4":[1,151],"5":[3,0],"6":[0,0],"7":[0,0]},"meta":{"lastBranch":8,"lastFunction":5,"lastStatement":44,"seen":{"s:8:26:52:1":0,"f:8:26:8:31":0,"s:9:2:51:3":1,"s:10:24:10:32":2,"s:11:21:11:24":3,"s:12:22:12:57":4,"b:12:22:12:35:12:39:12:57":0,"b:14:4:19:5:undefined:undefined:undefined:undefined":1,"s:14:4:19:5":5,"b:14:8:14:16:14:20:14:30":2,"s:15:6:18:9":6,"b:21:4:26:5:undefined:undefined:undefined:undefined":3,"s:21:4:26:5":7,"s:22:6:25:9":8,"b:28:4:33:5:undefined:undefined:undefined:undefined":4,"s:28:4:33:5":9,"s:29:6:32:9":10,"s:36:17:36:68":11,"s:38:4:43:7":12,"s:45:4:45:47":13,"s:47:4:50:7":14,"b:49:13:49:26:49:30:49:53":5,"s:59:33:80:1":15,"f:59:33:59:38":1,"s:60:2:79:3":16,"s:61:19:61:29":17,"s:64:18:64:65":18,"s:66:4:71:7":19,"s:73:4:73:45":20,"s:75:4:78:7":21,"s:87:38:109:1":22,"f:87:38:87:43":2,"s:88:2:108:3":23,"s:89:19:89:29":24,"s:90:21:90:24":25,"s:93:18:93:69":26,"s:95:4:100:7":27,"s:102:4:102:50":28,"s:104:4:107:7":29,"s:116:33:137:1":30,"f:116:33:116:38":3,"s:117:2:136:3":31,"s:118:19:118:29":32,"s:121:18:121:60":33,"s:123:4:128:7":34,"s:130:4:130:55":35,"s:132:4:135:7":36,"b:134:13:134:26:134:30:134:61":6,"s:144:31:165:1":37,"f:144:31:144:36":4,"s:145:2:164:3":38,"s:146:19:146:29":39,"s:149:18:149:49":40,"s:151:4:156:7":41,"s:158:4:158:53":42,"s:160:4:163:7":43,"b:162:13:162:26:162:30:162:59":7}}}
,"/Users/ludo/code/jam-literaria/server/api/controllers/sessionController.js": {"path":"/Users/ludo/code/jam-literaria/server/api/controllers/sessionController.js","statementMap":{"0":{"start":{"line":10,"column":29},"end":{"line":31,"column":1}},"1":{"start":{"line":11,"column":2},"end":{"line":30,"column":3}},"2":{"start":{"line":12,"column":21},"end":{"line":12,"column":24}},"3":{"start":{"line":15,"column":20},"end":{"line":15,"column":57}},"4":{"start":{"line":17,"column":4},"end":{"line":22,"column":7}},"5":{"start":{"line":24,"column":4},"end":{"line":24,"column":50}},"6":{"start":{"line":26,"column":4},"end":{"line":29,"column":7}},"7":{"start":{"line":38,"column":26},"end":{"line":66,"column":1}},"8":{"start":{"line":39,"column":2},"end":{"line":65,"column":3}},"9":{"start":{"line":40,"column":19},"end":{"line":40,"column":29}},"10":{"start":{"line":43,"column":20},"end":{"line":43,"column":65}},"11":{"start":{"line":45,"column":4},"end":{"line":50,"column":5}},"12":{"start":{"line":46,"column":6},"end":{"line":49,"column":9}},"13":{"start":{"line":52,"column":4},"end":{"line":57,"column":7}},"14":{"start":{"line":59,"column":4},"end":{"line":59,"column":47}},"15":{"start":{"line":61,"column":4},"end":{"line":64,"column":7}},"16":{"start":{"line":73,"column":27},"end":{"line":112,"column":1}},"17":{"start":{"line":74,"column":2},"end":{"line":111,"column":3}},"18":{"start":{"line":75,"column":21},"end":{"line":75,"column":29}},"19":{"start":{"line":76,"column":21},"end":{"line":76,"column":24}},"20":{"start":{"line":78,"column":4},"end":{"line":83,"column":5}},"21":{"start":{"line":79,"column":6},"end":{"line":82,"column":9}},"22":{"start":{"line":86,"column":20},"end":{"line":86,"column":57}},"23":{"start":{"line":88,"column":4},"end":{"line":93,"column":5}},"24":{"start":{"line":89,"column":6},"end":{"line":92,"column":9}},"25":{"start":{"line":96,"column":27},"end":{"line":96,"column":74}},"26":{"start":{"line":98,"column":4},"end":{"line":103,"column":7}},"27":{"start":{"line":105,"column":4},"end":{"line":105,"column":48}},"28":{"start":{"line":107,"column":4},"end":{"line":110,"column":7}},"29":{"start":{"line":119,"column":28},"end":{"line":161,"column":1}},"30":{"start":{"line":120,"column":2},"end":{"line":160,"column":3}},"31":{"start":{"line":121,"column":19},"end":{"line":121,"column":29}},"32":{"start":{"line":122,"column":21},"end":{"line":122,"column":24}},"33":{"start":{"line":125,"column":20},"end":{"line":125,"column":60}},"34":{"start":{"line":128,"column":28},"end":{"line":128,"column":72}},"35":{"start":{"line":131,"column":4},"end":{"line":136,"column":5}},"36":{"start":{"line":132,"column":6},"end":{"line":135,"column":9}},"37":{"start":{"line":138,"column":4},"end":{"line":144,"column":7}},"38":{"start":{"line":146,"column":4},"end":{"line":146,"column":49}},"39":{"start":{"line":149,"column":4},"end":{"line":154,"column":5}},"40":{"start":{"line":150,"column":6},"end":{"line":153,"column":9}},"41":{"start":{"line":156,"column":4},"end":{"line":159,"column":7}},"42":{"start":{"line":168,"column":32},"end":{"line":217,"column":1}},"43":{"start":{"line":169,"column":2},"end":{"line":216,"column":3}},"44":{"start":{"line":170,"column":19},"end":{"line":170,"column":29}},"45":{"start":{"line":173,"column":20},"end":{"line":173,"column":65}},"46":{"start":{"line":175,"column":4},"end":{"line":180,"column":5}},"47":{"start":{"line":176,"column":6},"end":{"line":179,"column":9}},"48":{"start":{"line":183,"column":16},"end":{"line":183,"column":18}},"49":{"start":{"line":184,"column":4},"end":{"line":186,"column":5}},"50":{"start":{"line":185,"column":6},"end":{"line":185,"column":50}},"51":{"start":{"line":189,"column":25},"end":{"line":203,"column":5}},"52":{"start":{"line":205,"column":4},"end":{"line":208,"column":7}},"53":{"start":{"line":210,"column":4},"end":{"line":210,"column":54}},"54":{"start":{"line":212,"column":4},"end":{"line":215,"column":7}},"55":{"start":{"line":224,"column":30},"end":{"line":242,"column":1}},"56":{"start":{"line":225,"column":2},"end":{"line":241,"column":3}},"57":{"start":{"line":226,"column":21},"end":{"line":226,"column":52}},"58":{"start":{"line":228,"column":4},"end":{"line":233,"column":7}},"59":{"start":{"line":235,"column":4},"end":{"line":235,"column":52}},"60":{"start":{"line":237,"column":4},"end":{"line":240,"column":7}},"61":{"start":{"line":249,"column":33},"end":{"line":270,"column":1}},"62":{"start":{"line":250,"column":2},"end":{"line":269,"column":3}},"63":{"start":{"line":251,"column":21},"end":{"line":251,"column":24}},"64":{"start":{"line":254,"column":21},"end":{"line":254,"column":69}},"65":{"start":{"line":256,"column":4},"end":{"line":261,"column":7}},"66":{"start":{"line":263,"column":4},"end":{"line":263,"column":55}},"67":{"start":{"line":265,"column":4},"end":{"line":268,"column":7}},"68":{"start":{"line":277,"column":29},"end":{"line":315,"column":1}},"69":{"start":{"line":278,"column":2},"end":{"line":314,"column":3}},"70":{"start":{"line":279,"column":19},"end":{"line":279,"column":29}},"71":{"start":{"line":280,"column":21},"end":{"line":280,"column":24}},"72":{"start":{"line":283,"column":19},"end":{"line":283,"column":60}},"73":{"start":{"line":285,"column":4},"end":{"line":290,"column":7}},"74":{"start":{"line":292,"column":4},"end":{"line":292,"column":50}},"75":{"start":{"line":295,"column":4},"end":{"line":300,"column":5}},"76":{"start":{"line":296,"column":6},"end":{"line":299,"column":9}},"77":{"start":{"line":303,"column":4},"end":{"line":308,"column":5}},"78":{"start":{"line":304,"column":6},"end":{"line":307,"column":9}},"79":{"start":{"line":310,"column":4},"end":{"line":313,"column":7}},"80":{"start":{"line":322,"column":31},"end":{"line":343,"column":1}},"81":{"start":{"line":323,"column":2},"end":{"line":342,"column":3}},"82":{"start":{"line":324,"column":19},"end":{"line":324,"column":29}},"83":{"start":{"line":327,"column":20},"end":{"line":327,"column":65}},"84":{"start":{"line":329,"column":4},"end":{"line":334,"column":7}},"85":{"start":{"line":336,"column":4},"end":{"line":336,"column":52}},"86":{"start":{"line":338,"column":4},"end":{"line":341,"column":7}},"87":{"start":{"line":350,"column":27},"end":{"line":405,"column":1}},"88":{"start":{"line":351,"column":2},"end":{"line":404,"column":3}},"89":{"start":{"line":352,"column":19},"end":{"line":352,"column":29}},"90":{"start":{"line":353,"column":21},"end":{"line":353,"column":24}},"91":{"start":{"line":356,"column":20},"end":{"line":356,"column":53}},"92":{"start":{"line":358,"column":4},"end":{"line":363,"column":5}},"93":{"start":{"line":359,"column":6},"end":{"line":362,"column":9}},"94":{"start":{"line":366,"column":4},"end":{"line":371,"column":5}},"95":{"start":{"line":367,"column":6},"end":{"line":370,"column":9}},"96":{"start":{"line":374,"column":27},"end":{"line":374,"column":62}},"97":{"start":{"line":377,"column":4},"end":{"line":381,"column":5}},"98":{"start":{"line":378,"column":6},"end":{"line":380,"column":9}},"99":{"start":{"line":383,"column":4},"end":{"line":388,"column":7}},"100":{"start":{"line":390,"column":4},"end":{"line":390,"column":48}},"101":{"start":{"line":393,"column":4},"end":{"line":398,"column":5}},"102":{"start":{"line":394,"column":6},"end":{"line":397,"column":9}},"103":{"start":{"line":400,"column":4},"end":{"line":403,"column":7}}},"fnMap":{"0":{"name":"(anonymous_0)","decl":{"start":{"line":10,"column":29},"end":{"line":10,"column":34}},"loc":{"start":{"line":10,"column":49},"end":{"line":31,"column":1}},"line":10},"1":{"name":"(anonymous_1)","decl":{"start":{"line":38,"column":26},"end":{"line":38,"column":31}},"loc":{"start":{"line":38,"column":46},"end":{"line":66,"column":1}},"line":38},"2":{"name":"(anonymous_2)","decl":{"start":{"line":73,"column":27},"end":{"line":73,"column":32}},"loc":{"start":{"line":73,"column":47},"end":{"line":112,"column":1}},"line":73},"3":{"name":"(anonymous_3)","decl":{"start":{"line":119,"column":28},"end":{"line":119,"column":33}},"loc":{"start":{"line":119,"column":48},"end":{"line":161,"column":1}},"line":119},"4":{"name":"(anonymous_4)","decl":{"start":{"line":168,"column":32},"end":{"line":168,"column":37}},"loc":{"start":{"line":168,"column":52},"end":{"line":217,"column":1}},"line":168},"5":{"name":"(anonymous_5)","decl":{"start":{"line":224,"column":30},"end":{"line":224,"column":35}},"loc":{"start":{"line":224,"column":50},"end":{"line":242,"column":1}},"line":224},"6":{"name":"(anonymous_6)","decl":{"start":{"line":249,"column":33},"end":{"line":249,"column":38}},"loc":{"start":{"line":249,"column":53},"end":{"line":270,"column":1}},"line":249},"7":{"name":"(anonymous_7)","decl":{"start":{"line":277,"column":29},"end":{"line":277,"column":34}},"loc":{"start":{"line":277,"column":49},"end":{"line":315,"column":1}},"line":277},"8":{"name":"(anonymous_8)","decl":{"start":{"line":322,"column":31},"end":{"line":322,"column":36}},"loc":{"start":{"line":322,"column":51},"end":{"line":343,"column":1}},"line":322},"9":{"name":"(anonymous_9)","decl":{"start":{"line":350,"column":27},"end":{"line":350,"column":32}},"loc":{"start":{"line":350,"column":47},"end":{"line":405,"column":1}},"line":350}},"branchMap":{"0":{"loc":{"start":{"line":45,"column":4},"end":{"line":50,"column":5}},"type":"if","locations":[{"start":{"line":45,"column":4},"end":{"line":50,"column":5}},{"start":{},"end":{}}],"line":45},"1":{"loc":{"start":{"line":78,"column":4},"end":{"line":83,"column":5}},"type":"if","locations":[{"start":{"line":78,"column":4},"end":{"line":83,"column":5}},{"start":{},"end":{}}],"line":78},"2":{"loc":{"start":{"line":88,"column":4},"end":{"line":93,"column":5}},"type":"if","locations":[{"start":{"line":88,"column":4},"end":{"line":93,"column":5}},{"start":{},"end":{}}],"line":88},"3":{"loc":{"start":{"line":109,"column":13},"end":{"line":109,"column":54}},"type":"binary-expr","locations":[{"start":{"line":109,"column":13},"end":{"line":109,"column":26}},{"start":{"line":109,"column":30},"end":{"line":109,"column":54}}],"line":109},"4":{"loc":{"start":{"line":131,"column":4},"end":{"line":136,"column":5}},"type":"if","locations":[{"start":{"line":131,"column":4},"end":{"line":136,"column":5}},{"start":{},"end":{}}],"line":131},"5":{"loc":{"start":{"line":149,"column":4},"end":{"line":154,"column":5}},"type":"if","locations":[{"start":{"line":149,"column":4},"end":{"line":154,"column":5}},{"start":{},"end":{}}],"line":149},"6":{"loc":{"start":{"line":158,"column":13},"end":{"line":158,"column":55}},"type":"binary-expr","locations":[{"start":{"line":158,"column":13},"end":{"line":158,"column":26}},{"start":{"line":158,"column":30},"end":{"line":158,"column":55}}],"line":158},"7":{"loc":{"start":{"line":175,"column":4},"end":{"line":180,"column":5}},"type":"if","locations":[{"start":{"line":175,"column":4},"end":{"line":180,"column":5}},{"start":{},"end":{}}],"line":175},"8":{"loc":{"start":{"line":184,"column":4},"end":{"line":186,"column":5}},"type":"if","locations":[{"start":{"line":184,"column":4},"end":{"line":186,"column":5}},{"start":{},"end":{}}],"line":184},"9":{"loc":{"start":{"line":184,"column":8},"end":{"line":184,"column":110}},"type":"binary-expr","locations":[{"start":{"line":184,"column":8},"end":{"line":184,"column":45}},{"start":{"line":184,"column":49},"end":{"line":184,"column":76}},{"start":{"line":184,"column":80},"end":{"line":184,"column":110}}],"line":184},"10":{"loc":{"start":{"line":295,"column":4},"end":{"line":300,"column":5}},"type":"if","locations":[{"start":{"line":295,"column":4},"end":{"line":300,"column":5}},{"start":{},"end":{}}],"line":295},"11":{"loc":{"start":{"line":303,"column":4},"end":{"line":308,"column":5}},"type":"if","locations":[{"start":{"line":303,"column":4},"end":{"line":308,"column":5}},{"start":{},"end":{}}],"line":303},"12":{"loc":{"start":{"line":312,"column":13},"end":{"line":312,"column":56}},"type":"binary-expr","locations":[{"start":{"line":312,"column":13},"end":{"line":312,"column":26}},{"start":{"line":312,"column":30},"end":{"line":312,"column":56}}],"line":312},"13":{"loc":{"start":{"line":358,"column":4},"end":{"line":363,"column":5}},"type":"if","locations":[{"start":{"line":358,"column":4},"end":{"line":363,"column":5}},{"start":{},"end":{}}],"line":358},"14":{"loc":{"start":{"line":366,"column":4},"end":{"line":371,"column":5}},"type":"if","locations":[{"start":{"line":366,"column":4},"end":{"line":371,"column":5}},{"start":{},"end":{}}],"line":366},"15":{"loc":{"start":{"line":377,"column":4},"end":{"line":381,"column":5}},"type":"if","locations":[{"start":{"line":377,"column":4},"end":{"line":381,"column":5}},{"start":{},"end":{}}],"line":377},"16":{"loc":{"start":{"line":393,"column":4},"end":{"line":398,"column":5}},"type":"if","locations":[{"start":{"line":393,"column":4},"end":{"line":398,"column":5}},{"start":{},"end":{}}],"line":393},"17":{"loc":{"start":{"line":402,"column":13},"end":{"line":402,"column":54}},"type":"binary-expr","locations":[{"start":{"line":402,"column":13},"end":{"line":402,"column":26}},{"start":{"line":402,"column":30},"end":{"line":402,"column":54}}],"line":402}},"s":{"0":4,"1":56,"2":56,"3":56,"4":56,"5":0,"6":0,"7":4,"8":4,"9":4,"10":4,"11":4,"12":2,"13":2,"14":0,"15":0,"16":4,"17":64,"18":64,"19":64,"20":64,"21":1,"22":63,"23":63,"24":1,"25":62,"26":62,"27":0,"28":0,"29":4,"30":49,"31":49,"32":49,"33":49,"34":49,"35":49,"36":0,"37":47,"38":2,"39":2,"40":1,"41":1,"42":4,"43":0,"44":0,"45":0,"46":0,"47":0,"48":0,"49":0,"50":0,"51":0,"52":0,"53":0,"54":0,"55":4,"56":0,"57":0,"58":0,"59":0,"60":0,"61":4,"62":0,"63":0,"64":0,"65":0,"66":0,"67":0,"68":4,"69":2,"70":2,"71":2,"72":2,"73":2,"74":1,"75":1,"76":1,"77":0,"78":0,"79":0,"80":4,"81":1,"82":1,"83":1,"84":1,"85":0,"86":0,"87":4,"88":30,"89":30,"90":30,"91":30,"92":30,"93":0,"94":30,"95":1,"96":29,"97":29,"98":0,"99":29,"100":0,"101":0,"102":0,"103":0},"f":{"0":56,"1":4,"2":64,"3":49,"4":0,"5":0,"6":0,"7":2,"8":1,"9":30},"b":{"0":[2,2],"1":[1,63],"2":[1,62],"3":[0,0],"4":[0,49],"5":[1,1],"6":[1,0],"7":[0,0],"8":[0,0],"9":[0,0,0],"10":[1,0],"11":[0,0],"12":[0,0],"13":[0,30],"14":[1,29],"15":[0,29],"16":[0,0],"17":[0,0]},"meta":{"lastBranch":18,"lastFunction":10,"lastStatement":104,"seen":{"s:10:29:31:1":0,"f:10:29:10:34":0,"s:11:2:30:3":1,"s:12:21:12:24":2,"s:15:20:15:57":3,"s:17:4:22:7":4,"s:24:4:24:50":5,"s:26:4:29:7":6,"s:38:26:66:1":7,"f:38:26:38:31":1,"s:39:2:65:3":8,"s:40:19:40:29":9,"s:43:20:43:65":10,"b:45:4:50:5:undefined:undefined:undefined:undefined":0,"s:45:4:50:5":11,"s:46:6:49:9":12,"s:52:4:57:7":13,"s:59:4:59:47":14,"s:61:4:64:7":15,"s:73:27:112:1":16,"f:73:27:73:32":2,"s:74:2:111:3":17,"s:75:21:75:29":18,"s:76:21:76:24":19,"b:78:4:83:5:undefined:undefined:undefined:undefined":1,"s:78:4:83:5":20,"s:79:6:82:9":21,"s:86:20:86:57":22,"b:88:4:93:5:undefined:undefined:undefined:undefined":2,"s:88:4:93:5":23,"s:89:6:92:9":24,"s:96:27:96:74":25,"s:98:4:103:7":26,"s:105:4:105:48":27,"s:107:4:110:7":28,"b:109:13:109:26:109:30:109:54":3,"s:119:28:161:1":29,"f:119:28:119:33":3,"s:120:2:160:3":30,"s:121:19:121:29":31,"s:122:21:122:24":32,"s:125:20:125:60":33,"s:128:28:128:72":34,"b:131:4:136:5:undefined:undefined:undefined:undefined":4,"s:131:4:136:5":35,"s:132:6:135:9":36,"s:138:4:144:7":37,"s:146:4:146:49":38,"b:149:4:154:5:undefined:undefined:undefined:undefined":5,"s:149:4:154:5":39,"s:150:6:153:9":40,"s:156:4:159:7":41,"b:158:13:158:26:158:30:158:55":6,"s:168:32:217:1":42,"f:168:32:168:37":4,"s:169:2:216:3":43,"s:170:19:170:29":44,"s:173:20:173:65":45,"b:175:4:180:5:undefined:undefined:undefined:undefined":7,"s:175:4:180:5":46,"s:176:6:179:9":47,"s:183:16:183:18":48,"b:184:4:186:5:undefined:undefined:undefined:undefined":8,"s:184:4:186:5":49,"b:184:8:184:45:184:49:184:76:184:80:184:110":9,"s:185:6:185:50":50,"s:189:25:203:5":51,"s:205:4:208:7":52,"s:210:4:210:54":53,"s:212:4:215:7":54,"s:224:30:242:1":55,"f:224:30:224:35":5,"s:225:2:241:3":56,"s:226:21:226:52":57,"s:228:4:233:7":58,"s:235:4:235:52":59,"s:237:4:240:7":60,"s:249:33:270:1":61,"f:249:33:249:38":6,"s:250:2:269:3":62,"s:251:21:251:24":63,"s:254:21:254:69":64,"s:256:4:261:7":65,"s:263:4:263:55":66,"s:265:4:268:7":67,"s:277:29:315:1":68,"f:277:29:277:34":7,"s:278:2:314:3":69,"s:279:19:279:29":70,"s:280:21:280:24":71,"s:283:19:283:60":72,"s:285:4:290:7":73,"s:292:4:292:50":74,"b:295:4:300:5:undefined:undefined:undefined:undefined":10,"s:295:4:300:5":75,"s:296:6:299:9":76,"b:303:4:308:5:undefined:undefined:undefined:undefined":11,"s:303:4:308:5":77,"s:304:6:307:9":78,"s:310:4:313:7":79,"b:312:13:312:26:312:30:312:56":12,"s:322:31:343:1":80,"f:322:31:322:36":8,"s:323:2:342:3":81,"s:324:19:324:29":82,"s:327:20:327:65":83,"s:329:4:334:7":84,"s:336:4:336:52":85,"s:338:4:341:7":86,"s:350:27:405:1":87,"f:350:27:350:32":9,"s:351:2:404:3":88,"s:352:19:352:29":89,"s:353:21:353:24":90,"s:356:20:356:53":91,"b:358:4:363:5:undefined:undefined:undefined:undefined":13,"s:358:4:363:5":92,"s:359:6:362:9":93,"b:366:4:371:5:undefined:undefined:undefined:undefined":14,"s:366:4:371:5":94,"s:367:6:370:9":95,"s:374:27:374:62":96,"b:377:4:381:5:undefined:undefined:undefined:undefined":15,"s:377:4:381:5":97,"s:378:6:380:9":98,"s:383:4:388:7":99,"s:390:4:390:48":100,"b:393:4:398:5:undefined:undefined:undefined:undefined":16,"s:393:4:398:5":101,"s:394:6:397:9":102,"s:400:4:403:7":103,"b:402:13:402:26:402:30:402:54":17}}}
,"/Users/ludo/code/jam-literaria/server/api/controllers/voteController.js": {"path":"/Users/ludo/code/jam-literaria/server/api/controllers/voteController.js","statementMap":{"0":{"start":{"line":8,"column":26},"end":{"line":36,"column":1}},"1":{"start":{"line":9,"column":2},"end":{"line":35,"column":3}},"2":{"start":{"line":10,"column":23},"end":{"line":10,"column":31}},"3":{"start":{"line":11,"column":21},"end":{"line":11,"column":24}},"4":{"start":{"line":12,"column":22},"end":{"line":12,"column":57}},"5":{"start":{"line":14,"column":4},"end":{"line":19,"column":5}},"6":{"start":{"line":15,"column":6},"end":{"line":18,"column":9}},"7":{"start":{"line":22,"column":19},"end":{"line":22,"column":75}},"8":{"start":{"line":24,"column":4},"end":{"line":27,"column":7}},"9":{"start":{"line":29,"column":4},"end":{"line":29,"column":47}},"10":{"start":{"line":31,"column":4},"end":{"line":34,"column":7}},"11":{"start":{"line":43,"column":29},"end":{"line":65,"column":1}},"12":{"start":{"line":44,"column":2},"end":{"line":64,"column":3}},"13":{"start":{"line":45,"column":19},"end":{"line":45,"column":29}},"14":{"start":{"line":46,"column":18},"end":{"line":46,"column":77}},"15":{"start":{"line":49,"column":19},"end":{"line":49,"column":55}},"16":{"start":{"line":51,"column":4},"end":{"line":56,"column":7}},"17":{"start":{"line":58,"column":4},"end":{"line":58,"column":51}},"18":{"start":{"line":60,"column":4},"end":{"line":63,"column":7}},"19":{"start":{"line":72,"column":30},"end":{"line":94,"column":1}},"20":{"start":{"line":73,"column":2},"end":{"line":93,"column":3}},"21":{"start":{"line":74,"column":19},"end":{"line":74,"column":29}},"22":{"start":{"line":75,"column":18},"end":{"line":75,"column":77}},"23":{"start":{"line":78,"column":20},"end":{"line":78,"column":57}},"24":{"start":{"line":80,"column":4},"end":{"line":85,"column":7}},"25":{"start":{"line":87,"column":4},"end":{"line":87,"column":52}},"26":{"start":{"line":89,"column":4},"end":{"line":92,"column":7}},"27":{"start":{"line":101,"column":30},"end":{"line":137,"column":1}},"28":{"start":{"line":102,"column":2},"end":{"line":136,"column":3}},"29":{"start":{"line":103,"column":19},"end":{"line":103,"column":29}},"30":{"start":{"line":104,"column":21},"end":{"line":104,"column":24}},"31":{"start":{"line":107,"column":20},"end":{"line":107,"column":61}},"32":{"start":{"line":109,"column":4},"end":{"line":114,"column":5}},"33":{"start":{"line":110,"column":6},"end":{"line":113,"column":9}},"34":{"start":{"line":117,"column":21},"end":{"line":121,"column":5}},"35":{"start":{"line":123,"column":4},"end":{"line":128,"column":7}},"36":{"start":{"line":130,"column":4},"end":{"line":130,"column":52}},"37":{"start":{"line":132,"column":4},"end":{"line":135,"column":7}}},"fnMap":{"0":{"name":"(anonymous_0)","decl":{"start":{"line":8,"column":26},"end":{"line":8,"column":31}},"loc":{"start":{"line":8,"column":46},"end":{"line":36,"column":1}},"line":8},"1":{"name":"(anonymous_1)","decl":{"start":{"line":43,"column":29},"end":{"line":43,"column":34}},"loc":{"start":{"line":43,"column":49},"end":{"line":65,"column":1}},"line":43},"2":{"name":"(anonymous_2)","decl":{"start":{"line":72,"column":30},"end":{"line":72,"column":35}},"loc":{"start":{"line":72,"column":50},"end":{"line":94,"column":1}},"line":72},"3":{"name":"(anonymous_3)","decl":{"start":{"line":101,"column":30},"end":{"line":101,"column":35}},"loc":{"start":{"line":101,"column":50},"end":{"line":137,"column":1}},"line":101}},"branchMap":{"0":{"loc":{"start":{"line":12,"column":22},"end":{"line":12,"column":57}},"type":"binary-expr","locations":[{"start":{"line":12,"column":22},"end":{"line":12,"column":35}},{"start":{"line":12,"column":39},"end":{"line":12,"column":57}}],"line":12},"1":{"loc":{"start":{"line":14,"column":4},"end":{"line":19,"column":5}},"type":"if","locations":[{"start":{"line":14,"column":4},"end":{"line":19,"column":5}},{"start":{},"end":{}}],"line":14},"2":{"loc":{"start":{"line":14,"column":8},"end":{"line":14,"column":29}},"type":"binary-expr","locations":[{"start":{"line":14,"column":8},"end":{"line":14,"column":15}},{"start":{"line":14,"column":19},"end":{"line":14,"column":29}}],"line":14},"3":{"loc":{"start":{"line":33,"column":13},"end":{"line":33,"column":53}},"type":"binary-expr","locations":[{"start":{"line":33,"column":13},"end":{"line":33,"column":26}},{"start":{"line":33,"column":30},"end":{"line":33,"column":53}}],"line":33},"4":{"loc":{"start":{"line":46,"column":18},"end":{"line":46,"column":77}},"type":"cond-expr","locations":[{"start":{"line":46,"column":36},"end":{"line":46,"column":65}},{"start":{"line":46,"column":68},"end":{"line":46,"column":77}}],"line":46},"5":{"loc":{"start":{"line":75,"column":18},"end":{"line":75,"column":77}},"type":"cond-expr","locations":[{"start":{"line":75,"column":36},"end":{"line":75,"column":65}},{"start":{"line":75,"column":68},"end":{"line":75,"column":77}}],"line":75},"6":{"loc":{"start":{"line":109,"column":4},"end":{"line":114,"column":5}},"type":"if","locations":[{"start":{"line":109,"column":4},"end":{"line":114,"column":5}},{"start":{},"end":{}}],"line":109}},"s":{"0":4,"1":35,"2":35,"3":35,"4":35,"5":35,"6":1,"7":34,"8":30,"9":4,"10":4,"11":4,"12":10,"13":10,"14":10,"15":10,"16":10,"17":1,"18":1,"19":4,"20":9,"21":9,"22":9,"23":9,"24":9,"25":1,"26":1,"27":4,"28":4,"29":4,"30":4,"31":4,"32":4,"33":1,"34":3,"35":3,"36":0,"37":0},"f":{"0":35,"1":10,"2":9,"3":4},"b":{"0":[35,0],"1":[1,34],"2":[35,34],"3":[4,0],"4":[1,9],"5":[1,8],"6":[1,3]},"meta":{"lastBranch":7,"lastFunction":4,"lastStatement":38,"seen":{"s:8:26:36:1":0,"f:8:26:8:31":0,"s:9:2:35:3":1,"s:10:23:10:31":2,"s:11:21:11:24":3,"s:12:22:12:57":4,"b:12:22:12:35:12:39:12:57":0,"b:14:4:19:5:undefined:undefined:undefined:undefined":1,"s:14:4:19:5":5,"b:14:8:14:15:14:19:14:29":2,"s:15:6:18:9":6,"s:22:19:22:75":7,"s:24:4:27:7":8,"s:29:4:29:47":9,"s:31:4:34:7":10,"b:33:13:33:26:33:30:33:53":3,"s:43:29:65:1":11,"f:43:29:43:34":1,"s:44:2:64:3":12,"s:45:19:45:29":13,"s:46:18:46:77":14,"b:46:36:46:65:46:68:46:77":4,"s:49:19:49:55":15,"s:51:4:56:7":16,"s:58:4:58:51":17,"s:60:4:63:7":18,"s:72:30:94:1":19,"f:72:30:72:35":2,"s:73:2:93:3":20,"s:74:19:74:29":21,"s:75:18:75:77":22,"b:75:36:75:65:75:68:75:77":5,"s:78:20:78:57":23,"s:80:4:85:7":24,"s:87:4:87:52":25,"s:89:4:92:7":26,"s:101:30:137:1":27,"f:101:30:101:35":3,"s:102:2:136:3":28,"s:103:19:103:29":29,"s:104:21:104:24":30,"s:107:20:107:61":31,"b:109:4:114:5:undefined:undefined:undefined:undefined":6,"s:109:4:114:5":32,"s:110:6:113:9":33,"s:117:21:121:5":34,"s:123:4:128:7":35,"s:130:4:130:52":36,"s:132:4:135:7":37}}}
,"/Users/ludo/code/jam-literaria/server/api/middleware/auth.js": {"path":"/Users/ludo/code/jam-literaria/server/api/middleware/auth.js","statementMap":{"0":{"start":{"line":7,"column":30},"end":{"line":48,"column":1}},"1":{"start":{"line":9,"column":17},"end":{"line":9,"column":36}},"2":{"start":{"line":11,"column":2},"end":{"line":16,"column":null}},"3":{"start":{"line":12,"column":4},"end":{"line":15,"column":null}},"4":{"start":{"line":18,"column":2},"end":{"line":47,"column":null}},"5":{"start":{"line":20,"column":17},"end":{"line":20,"column":41}},"6":{"start":{"line":22,"column":4},"end":{"line":30,"column":null}},"7":{"start":{"line":24,"column":6},"end":{"line":24,"column":null}},"8":{"start":{"line":26,"column":6},"end":{"line":29,"column":null}},"9":{"start":{"line":33,"column":4},"end":{"line":33,"column":null}},"10":{"start":{"line":36,"column":4},"end":{"line":36,"column":null}},"11":{"start":{"line":39,"column":4},"end":{"line":39,"column":null}},"12":{"start":{"line":41,"column":4},"end":{"line":41,"column":null}},"13":{"start":{"line":43,"column":4},"end":{"line":46,"column":null}},"14":{"start":{"line":54,"column":38},"end":{"line":86,"column":1}},"15":{"start":{"line":56,"column":17},"end":{"line":56,"column":36}},"16":{"start":{"line":58,"column":2},"end":{"line":61,"column":null}},"17":{"start":{"line":60,"column":4},"end":{"line":60,"column":null}},"18":{"start":{"line":63,"column":2},"end":{"line":85,"column":null}},"19":{"start":{"line":65,"column":17},"end":{"line":65,"column":41}},"20":{"start":{"line":67,"column":4},"end":{"line":76,"column":null}},"21":{"start":{"line":69,"column":6},"end":{"line":69,"column":null}},"22":{"start":{"line":72,"column":6},"end":{"line":72,"column":null}},"23":{"start":{"line":75,"column":6},"end":{"line":75,"column":null}},"24":{"start":{"line":79,"column":4},"end":{"line":79,"column":null}},"25":{"start":{"line":81,"column":4},"end":{"line":81,"column":null}},"26":{"start":{"line":84,"column":4},"end":{"line":84,"column":null}},"27":{"start":{"line":92,"column":38},"end":{"line":137,"column":1}},"28":{"start":{"line":94,"column":2},"end":{"line":136,"column":null}},"29":{"start":{"line":95,"column":22},"end":{"line":95,"column":57}},"30":{"start":{"line":97,"column":4},"end":{"line":102,"column":null}},"31":{"start":{"line":98,"column":6},"end":{"line":101,"column":null}},"32":{"start":{"line":104,"column":4},"end":{"line":135,"column":null}},"33":{"start":{"line":106,"column":22},"end":{"line":106,"column":70}},"34":{"start":{"line":108,"column":6},"end":{"line":113,"column":null}},"35":{"start":{"line":109,"column":8},"end":{"line":112,"column":null}},"36":{"start":{"line":116,"column":6},"end":{"line":121,"column":null}},"37":{"start":{"line":117,"column":8},"end":{"line":120,"column":null}},"38":{"start":{"line":124,"column":6},"end":{"line":124,"column":null}},"39":{"start":{"line":127,"column":6},"end":{"line":127,"column":null}},"40":{"start":{"line":129,"column":6},"end":{"line":129,"column":null}},"41":{"start":{"line":131,"column":6},"end":{"line":134,"column":null}},"42":{"start":{"line":143,"column":44},"end":{"line":194,"column":1}},"43":{"start":{"line":145,"column":2},"end":{"line":193,"column":null}},"44":{"start":{"line":146,"column":22},"end":{"line":146,"column":57}},"45":{"start":{"line":148,"column":4},"end":{"line":153,"column":null}},"46":{"start":{"line":149,"column":6},"end":{"line":152,"column":null}},"47":{"start":{"line":155,"column":4},"end":{"line":192,"column":null}},"48":{"start":{"line":157,"column":22},"end":{"line":157,"column":70}},"49":{"start":{"line":159,"column":6},"end":{"line":164,"column":null}},"50":{"start":{"line":160,"column":8},"end":{"line":163,"column":null}},"51":{"start":{"line":167,"column":27},"end":{"line":167,"column":76}},"52":{"start":{"line":170,"column":28},"end":{"line":170,"column":72}},"53":{"start":{"line":170,"column":51},"end":{"line":170,"column":71}},"54":{"start":{"line":172,"column":6},"end":{"line":177,"column":null}},"55":{"start":{"line":173,"column":8},"end":{"line":176,"column":null}},"56":{"start":{"line":180,"column":6},"end":{"line":180,"column":null}},"57":{"start":{"line":181,"column":6},"end":{"line":181,"column":null}},"58":{"start":{"line":184,"column":6},"end":{"line":184,"column":null}},"59":{"start":{"line":186,"column":6},"end":{"line":186,"column":null}},"60":{"start":{"line":188,"column":6},"end":{"line":191,"column":null}}},"fnMap":{"0":{"name":"(anonymous_0)","decl":{"start":{"line":7,"column":30},"end":{"line":7,"column":31}},"loc":{"start":{"line":7,"column":50},"end":{"line":48,"column":1}},"line":7},"1":{"name":"(anonymous_1)","decl":{"start":{"line":54,"column":38},"end":{"line":54,"column":39}},"loc":{"start":{"line":54,"column":58},"end":{"line":86,"column":1}},"line":54},"2":{"name":"(anonymous_2)","decl":{"start":{"line":92,"column":38},"end":{"line":92,"column":39}},"loc":{"start":{"line":92,"column":58},"end":{"line":137,"column":1}},"line":92},"3":{"name":"(anonymous_3)","decl":{"start":{"line":94,"column":27},"end":{"line":94,"column":28}},"loc":{"start":{"line":94,"column":33},"end":{"line":136,"column":3}},"line":94},"4":{"name":"(anonymous_4)","decl":{"start":{"line":143,"column":44},"end":{"line":143,"column":45}},"loc":{"start":{"line":143,"column":64},"end":{"line":194,"column":1}},"line":143},"5":{"name":"(anonymous_5)","decl":{"start":{"line":145,"column":27},"end":{"line":145,"column":28}},"loc":{"start":{"line":145,"column":33},"end":{"line":193,"column":3}},"line":145},"6":{"name":"(anonymous_6)","decl":{"start":{"line":170,"column":46},"end":{"line":170,"column":47}},"loc":{"start":{"line":170,"column":51},"end":{"line":170,"column":71}},"line":170}},"branchMap":{"0":{"loc":{"start":{"line":11,"column":2},"end":{"line":16,"column":null}},"type":"if","locations":[{"start":{"line":11,"column":2},"end":{"line":16,"column":null}},{"start":{},"end":{}}],"line":11},"1":{"loc":{"start":{"line":22,"column":4},"end":{"line":30,"column":null}},"type":"if","locations":[{"start":{"line":22,"column":4},"end":{"line":30,"column":null}},{"start":{},"end":{}}],"line":22},"2":{"loc":{"start":{"line":58,"column":2},"end":{"line":61,"column":null}},"type":"if","locations":[{"start":{"line":58,"column":2},"end":{"line":61,"column":null}},{"start":{},"end":{}}],"line":58},"3":{"loc":{"start":{"line":67,"column":4},"end":{"line":76,"column":null}},"type":"if","locations":[{"start":{"line":67,"column":4},"end":{"line":76,"column":null}},{"start":{"line":73,"column":11},"end":{"line":76,"column":null}}],"line":67},"4":{"loc":{"start":{"line":95,"column":22},"end":{"line":95,"column":57}},"type":"binary-expr","locations":[{"start":{"line":95,"column":22},"end":{"line":95,"column":35}},{"start":{"line":95,"column":39},"end":{"line":95,"column":57}}],"line":95},"5":{"loc":{"start":{"line":97,"column":4},"end":{"line":102,"column":null}},"type":"if","locations":[{"start":{"line":97,"column":4},"end":{"line":102,"column":null}},{"start":{},"end":{}}],"line":97},"6":{"loc":{"start":{"line":108,"column":6},"end":{"line":113,"column":null}},"type":"if","locations":[{"start":{"line":108,"column":6},"end":{"line":113,"column":null}},{"start":{},"end":{}}],"line":108},"7":{"loc":{"start":{"line":116,"column":6},"end":{"line":121,"column":null}},"type":"if","locations":[{"start":{"line":116,"column":6},"end":{"line":121,"column":null}},{"start":{},"end":{}}],"line":116},"8":{"loc":{"start":{"line":146,"column":22},"end":{"line":146,"column":57}},"type":"binary-expr","locations":[{"start":{"line":146,"column":22},"end":{"line":146,"column":35}},{"start":{"line":146,"column":39},"end":{"line":146,"column":57}}],"line":146},"9":{"loc":{"start":{"line":148,"column":4},"end":{"line":153,"column":null}},"type":"if","locations":[{"start":{"line":148,"column":4},"end":{"line":153,"column":null}},{"start":{},"end":{}}],"line":148},"10":{"loc":{"start":{"line":159,"column":6},"end":{"line":164,"column":null}},"type":"if","locations":[{"start":{"line":159,"column":6},"end":{"line":164,"column":null}},{"start":{},"end":{}}],"line":159},"11":{"loc":{"start":{"line":172,"column":6},"end":{"line":177,"column":null}},"type":"if","locations":[{"start":{"line":172,"column":6},"end":{"line":177,"column":null}},{"start":{},"end":{}}],"line":172}},"s":{"0":5,"1":796,"2":796,"3":19,"4":777,"5":777,"6":777,"7":1,"8":1,"9":775,"10":775,"11":775,"12":1,"13":1,"14":5,"15":5,"16":5,"17":2,"18":3,"19":3,"20":3,"21":1,"22":1,"23":1,"24":2,"25":1,"26":1,"27":5,"28":5,"29":5,"30":5,"31":1,"32":4,"33":4,"34":4,"35":1,"36":2,"37":1,"38":1,"39":1,"40":1,"41":1,"42":5,"43":6,"44":6,"45":6,"46":1,"47":5,"48":5,"49":5,"50":1,"51":3,"52":3,"53":4,"54":3,"55":1,"56":2,"57":2,"58":2,"59":1,"60":1},"f":{"0":796,"1":5,"2":5,"3":5,"4":6,"5":6,"6":4},"b":{"0":[19,777],"1":[1,776],"2":[2,3],"3":[1,1],"4":[5,1],"5":[1,4],"6":[1,3],"7":[1,1],"8":[6,1],"9":[1,5],"10":[1,4],"11":[1,2]},"meta":{"lastBranch":12,"lastFunction":7,"lastStatement":61,"seen":{"s:7:30:48:1":0,"f:7:30:7:31":0,"s:9:17:9:36":1,"b:11:2:16:Infinity:undefined:undefined:undefined:undefined":0,"s:11:2:16:Infinity":2,"s:12:4:15:Infinity":3,"s:18:2:47:Infinity":4,"s:20:17:20:41":5,"b:22:4:30:Infinity:undefined:undefined:undefined:undefined":1,"s:22:4:30:Infinity":6,"s:24:6:24:Infinity":7,"s:26:6:29:Infinity":8,"s:33:4:33:Infinity":9,"s:36:4:36:Infinity":10,"s:39:4:39:Infinity":11,"s:41:4:41:Infinity":12,"s:43:4:46:Infinity":13,"s:54:38:86:1":14,"f:54:38:54:39":1,"s:56:17:56:36":15,"b:58:2:61:Infinity:undefined:undefined:undefined:undefined":2,"s:58:2:61:Infinity":16,"s:60:4:60:Infinity":17,"s:63:2:85:Infinity":18,"s:65:17:65:41":19,"b:67:4:76:Infinity:73:11:76:Infinity":3,"s:67:4:76:Infinity":20,"s:69:6:69:Infinity":21,"s:72:6:72:Infinity":22,"s:75:6:75:Infinity":23,"s:79:4:79:Infinity":24,"s:81:4:81:Infinity":25,"s:84:4:84:Infinity":26,"s:92:38:137:1":27,"f:92:38:92:39":2,"s:94:2:136:Infinity":28,"f:94:27:94:28":3,"s:95:22:95:57":29,"b:95:22:95:35:95:39:95:57":4,"b:97:4:102:Infinity:undefined:undefined:undefined:undefined":5,"s:97:4:102:Infinity":30,"s:98:6:101:Infinity":31,"s:104:4:135:Infinity":32,"s:106:22:106:70":33,"b:108:6:113:Infinity:undefined:undefined:undefined:undefined":6,"s:108:6:113:Infinity":34,"s:109:8:112:Infinity":35,"b:116:6:121:Infinity:undefined:undefined:undefined:undefined":7,"s:116:6:121:Infinity":36,"s:117:8:120:Infinity":37,"s:124:6:124:Infinity":38,"s:127:6:127:Infinity":39,"s:129:6:129:Infinity":40,"s:131:6:134:Infinity":41,"s:143:44:194:1":42,"f:143:44:143:45":4,"s:145:2:193:Infinity":43,"f:145:27:145:28":5,"s:146:22:146:57":44,"b:146:22:146:35:146:39:146:57":8,"b:148:4:153:Infinity:undefined:undefined:undefined:undefined":9,"s:148:4:153:Infinity":45,"s:149:6:152:Infinity":46,"s:155:4:192:Infinity":47,"s:157:22:157:70":48,"b:159:6:164:Infinity:undefined:undefined:undefined:undefined":10,"s:159:6:164:Infinity":49,"s:160:8:163:Infinity":50,"s:167:27:167:76":51,"s:170:28:170:72":52,"f:170:46:170:47":6,"s:170:51:170:71":53,"b:172:6:177:Infinity:undefined:undefined:undefined:undefined":11,"s:172:6:177:Infinity":54,"s:173:8:176:Infinity":55,"s:180:6:180:Infinity":56,"s:181:6:181:Infinity":57,"s:184:6:184:Infinity":58,"s:186:6:186:Infinity":59,"s:188:6:191:Infinity":60}}}
,"/Users/ludo/code/jam-literaria/server/api/routes/auth.js": {"path":"/Users/ludo/code/jam-literaria/server/api/routes/auth.js","statementMap":{"0":{"start":{"line":5,"column":15},"end":{"line":5,"column":31}},"1":{"start":{"line":8,"column":0},"end":{"line":8,"column":35}},"2":{"start":{"line":11,"column":0},"end":{"line":11,"column":50}},"3":{"start":{"line":12,"column":0},"end":{"line":12,"column":47}}},"fnMap":{},"branchMap":{},"s":{"0":4,"1":4,"2":4,"3":4},"f":{},"b":{},"meta":{"lastBranch":0,"lastFunction":0,"lastStatement":4,"seen":{"s:5:15:5:31":0,"s:8:0:8:35":1,"s:11:0:11:50":2,"s:12:0:12:47":3}}}
,"/Users/ludo/code/jam-literaria/server/api/routes/ideas.js": {"path":"/Users/ludo/code/jam-literaria/server/api/routes/ideas.js","statementMap":{"0":{"start":{"line":11,"column":15},"end":{"line":11,"column":31}},"1":{"start":{"line":14,"column":0},"end":{"line":14,"column":27}},"2":{"start":{"line":17,"column":0},"end":{"line":17,"column":38}},"3":{"start":{"line":18,"column":0},"end":{"line":18,"column":44}},"4":{"start":{"line":19,"column":0},"end":{"line":19,"column":54}},"5":{"start":{"line":20,"column":0},"end":{"line":20,"column":55}},"6":{"start":{"line":21,"column":0},"end":{"line":21,"column":50}}},"fnMap":{},"branchMap":{},"s":{"0":4,"1":4,"2":4,"3":4,"4":4,"5":4,"6":4},"f":{},"b":{},"meta":{"lastBranch":0,"lastFunction":0,"lastStatement":7,"seen":{"s:11:15:11:31":0,"s:14:0:14:27":1,"s:17:0:17:38":2,"s:18:0:18:44":3,"s:19:0:19:54":4,"s:20:0:20:55":5,"s:21:0:21:50":6}}}
,"/Users/ludo/code/jam-literaria/server/api/routes/sessions.js": {"path":"/Users/ludo/code/jam-literaria/server/api/routes/sessions.js","statementMap":{"0":{"start":{"line":16,"column":15},"end":{"line":16,"column":31}},"1":{"start":{"line":19,"column":0},"end":{"line":19,"column":27}},"2":{"start":{"line":22,"column":0},"end":{"line":22,"column":32}},"3":{"start":{"line":23,"column":0},"end":{"line":23,"column":34}},"4":{"start":{"line":24,"column":0},"end":{"line":24,"column":32}},"5":{"start":{"line":25,"column":0},"end":{"line":25,"column":41}},"6":{"start":{"line":26,"column":0},"end":{"line":26,"column":31}},"7":{"start":{"line":27,"column":0},"end":{"line":27,"column":44}},"8":{"start":{"line":28,"column":0},"end":{"line":28,"column":49}},"9":{"start":{"line":29,"column":0},"end":{"line":29,"column":40}},"10":{"start":{"line":30,"column":0},"end":{"line":30,"column":46}},"11":{"start":{"line":31,"column":0},"end":{"line":31,"column":37}}},"fnMap":{},"branchMap":{},"s":{"0":4,"1":4,"2":4,"3":4,"4":4,"5":4,"6":4,"7":4,"8":4,"9":4,"10":4,"11":4},"f":{},"b":{},"meta":{"lastBranch":0,"lastFunction":0,"lastStatement":12,"seen":{"s:16:15:16:31":0,"s:19:0:19:27":1,"s:22:0:22:32":2,"s:23:0:23:34":3,"s:24:0:24:32":4,"s:25:0:25:41":5,"s:26:0:26:31":6,"s:27:0:27:44":7,"s:28:0:28:49":8,"s:29:0:29:40":9,"s:30:0:30:46":10,"s:31:0:31:37":11}}}
,"/Users/ludo/code/jam-literaria/server/api/routes/votes.js": {"path":"/Users/ludo/code/jam-literaria/server/api/routes/votes.js","statementMap":{"0":{"start":{"line":10,"column":15},"end":{"line":10,"column":31}},"1":{"start":{"line":13,"column":0},"end":{"line":13,"column":27}},"2":{"start":{"line":16,"column":0},"end":{"line":16,"column":38}},"3":{"start":{"line":17,"column":0},"end":{"line":17,"column":47}},"4":{"start":{"line":18,"column":0},"end":{"line":18,"column":49}},"5":{"start":{"line":19,"column":0},"end":{"line":19,"column":46}}},"fnMap":{},"branchMap":{},"s":{"0":4,"1":4,"2":4,"3":4,"4":4,"5":4},"f":{},"b":{},"meta":{"lastBranch":0,"lastFunction":0,"lastStatement":6,"seen":{"s:10:15:10:31":0,"s:13:0:13:27":1,"s:16:0:16:38":2,"s:17:0:17:47":3,"s:18:0:18:49":4,"s:19:0:19:46":5}}}
,"/Users/ludo/code/jam-literaria/server/models/Idea.js": {"path":"/Users/ludo/code/jam-literaria/server/models/Idea.js","statementMap":{"0":{"start":{"line":13,"column":4},"end":{"line":15,"column":5}},"1":{"start":{"line":14,"column":6},"end":{"line":14,"column":73}},"2":{"start":{"line":17,"column":14},"end":{"line":17,"column":28}},"3":{"start":{"line":18,"column":14},"end":{"line":18,"column":23}},"4":{"start":{"line":20,"column":17},"end":{"line":23,"column":6}},"5":{"start":{"line":25,"column":4},"end":{"line":25,"column":54}},"6":{"start":{"line":27,"column":4},"end":{"line":27,"column":32}},"7":{"start":{"line":36,"column":4},"end":{"line":38,"column":5}},"8":{"start":{"line":37,"column":6},"end":{"line":37,"column":45}},"9":{"start":{"line":40,"column":14},"end":{"line":40,"column":28}},"10":{"start":{"line":41,"column":17},"end":{"line":46,"column":6}},"11":{"start":{"line":48,"column":4},"end":{"line":48,"column":32}},"12":{"start":{"line":57,"column":4},"end":{"line":59,"column":5}},"13":{"start":{"line":58,"column":6},"end":{"line":58,"column":48}},"14":{"start":{"line":61,"column":14},"end":{"line":61,"column":28}},"15":{"start":{"line":62,"column":17},"end":{"line":68,"column":6}},"16":{"start":{"line":70,"column":4},"end":{"line":70,"column":31}},"17":{"start":{"line":79,"column":4},"end":{"line":81,"column":5}},"18":{"start":{"line":80,"column":6},"end":{"line":80,"column":47}},"19":{"start":{"line":83,"column":14},"end":{"line":83,"column":28}},"20":{"start":{"line":84,"column":17},"end":{"line":90,"column":6}},"21":{"start":{"line":92,"column":4},"end":{"line":92,"column":30}},"22":{"start":{"line":102,"column":4},"end":{"line":104,"column":5}},"23":{"start":{"line":103,"column":6},"end":{"line":103,"column":63}},"24":{"start":{"line":106,"column":14},"end":{"line":106,"column":28}},"25":{"start":{"line":107,"column":17},"end":{"line":113,"column":6}},"26":{"start":{"line":115,"column":4},"end":{"line":115,"column":41}},"27":{"start":{"line":124,"column":4},"end":{"line":126,"column":5}},"28":{"start":{"line":125,"column":6},"end":{"line":125,"column":16}},"29":{"start":{"line":128,"column":14},"end":{"line":128,"column":28}},"30":{"start":{"line":131,"column":25},"end":{"line":131,"column":57}},"31":{"start":{"line":131,"column":43},"end":{"line":131,"column":46}},"32":{"start":{"line":133,"column":17},"end":{"line":139,"column":6}},"33":{"start":{"line":141,"column":4},"end":{"line":141,"column":32}},"34":{"start":{"line":150,"column":4},"end":{"line":152,"column":5}},"35":{"start":{"line":151,"column":6},"end":{"line":151,"column":48}},"36":{"start":{"line":154,"column":14},"end":{"line":154,"column":28}},"37":{"start":{"line":155,"column":17},"end":{"line":159,"column":6}},"38":{"start":{"line":161,"column":19},"end":{"line":161,"column":38}},"39":{"start":{"line":162,"column":4},"end":{"line":162,"column":37}},"40":{"start":{"line":172,"column":4},"end":{"line":174,"column":5}},"41":{"start":{"line":173,"column":6},"end":{"line":173,"column":63}},"42":{"start":{"line":176,"column":14},"end":{"line":176,"column":28}},"43":{"start":{"line":177,"column":17},"end":{"line":181,"column":6}},"44":{"start":{"line":183,"column":19},"end":{"line":183,"column":48}},"45":{"start":{"line":184,"column":4},"end":{"line":184,"column":37}},"46":{"start":{"line":193,"column":4},"end":{"line":195,"column":5}},"47":{"start":{"line":194,"column":6},"end":{"line":194,"column":45}},"48":{"start":{"line":197,"column":14},"end":{"line":197,"column":28}},"49":{"start":{"line":198,"column":17},"end":{"line":201,"column":6}},"50":{"start":{"line":203,"column":4},"end":{"line":203,"column":17}},"51":{"start":{"line":204,"column":4},"end":{"line":204,"column":16}},"52":{"start":{"line":213,"column":4},"end":{"line":215,"column":5}},"53":{"start":{"line":214,"column":6},"end":{"line":214,"column":48}},"54":{"start":{"line":217,"column":14},"end":{"line":217,"column":28}},"55":{"start":{"line":218,"column":17},"end":{"line":221,"column":6}},"56":{"start":{"line":223,"column":4},"end":{"line":223,"column":24}},"57":{"start":{"line":224,"column":4},"end":{"line":224,"column":16}}},"fnMap":{"0":{"name":"(anonymous_0)","decl":{"start":{"line":12,"column":9},"end":{"line":12,"column":19}},"loc":{"start":{"line":12,"column":50},"end":{"line":28,"column":3}},"line":12},"1":{"name":"(anonymous_1)","decl":{"start":{"line":35,"column":9},"end":{"line":35,"column":20}},"loc":{"start":{"line":35,"column":25},"end":{"line":49,"column":3}},"line":35},"2":{"name":"(anonymous_2)","decl":{"start":{"line":56,"column":9},"end":{"line":56,"column":28}},"loc":{"start":{"line":56,"column":40},"end":{"line":71,"column":3}},"line":56},"3":{"name":"(anonymous_3)","decl":{"start":{"line":78,"column":9},"end":{"line":78,"column":27}},"loc":{"start":{"line":78,"column":38},"end":{"line":93,"column":3}},"line":78},"4":{"name":"(anonymous_4)","decl":{"start":{"line":101,"column":9},"end":{"line":101,"column":35}},"loc":{"start":{"line":101,"column":57},"end":{"line":116,"column":3}},"line":101},"5":{"name":"(anonymous_5)","decl":{"start":{"line":123,"column":9},"end":{"line":123,"column":22}},"loc":{"start":{"line":123,"column":32},"end":{"line":142,"column":3}},"line":123},"6":{"name":"(anonymous_6)","decl":{"start":{"line":131,"column":37},"end":{"line":131,"column":38}},"loc":{"start":{"line":131,"column":43},"end":{"line":131,"column":46}},"line":131},"7":{"name":"(anonymous_7)","decl":{"start":{"line":149,"column":9},"end":{"line":149,"column":28}},"loc":{"start":{"line":149,"column":40},"end":{"line":163,"column":3}},"line":149},"8":{"name":"(anonymous_8)","decl":{"start":{"line":171,"column":9},"end":{"line":171,"column":37}},"loc":{"start":{"line":171,"column":59},"end":{"line":185,"column":3}},"line":171},"9":{"name":"(anonymous_9)","decl":{"start":{"line":192,"column":9},"end":{"line":192,"column":19}},"loc":{"start":{"line":192,"column":24},"end":{"line":205,"column":3}},"line":192},"10":{"name":"(anonymous_10)","decl":{"start":{"line":212,"column":9},"end":{"line":212,"column":29}},"loc":{"start":{"line":212,"column":41},"end":{"line":225,"column":3}},"line":212}},"branchMap":{"0":{"loc":{"start":{"line":13,"column":4},"end":{"line":15,"column":5}},"type":"if","locations":[{"start":{"line":13,"column":4},"end":{"line":15,"column":5}},{"start":{},"end":{}}],"line":13},"1":{"loc":{"start":{"line":13,"column":8},"end":{"line":13,"column":43}},"type":"binary-expr","locations":[{"start":{"line":13,"column":8},"end":{"line":13,"column":16}},{"start":{"line":13,"column":20},"end":{"line":13,"column":29}},{"start":{"line":13,"column":33},"end":{"line":13,"column":43}}],"line":13},"2":{"loc":{"start":{"line":36,"column":4},"end":{"line":38,"column":5}},"type":"if","locations":[{"start":{"line":36,"column":4},"end":{"line":38,"column":5}},{"start":{},"end":{}}],"line":36},"3":{"loc":{"start":{"line":48,"column":11},"end":{"line":48,"column":31}},"type":"binary-expr","locations":[{"start":{"line":48,"column":11},"end":{"line":48,"column":23}},{"start":{"line":48,"column":27},"end":{"line":48,"column":31}}],"line":48},"4":{"loc":{"start":{"line":57,"column":4},"end":{"line":59,"column":5}},"type":"if","locations":[{"start":{"line":57,"column":4},"end":{"line":59,"column":5}},{"start":{},"end":{}}],"line":57},"5":{"loc":{"start":{"line":79,"column":4},"end":{"line":81,"column":5}},"type":"if","locations":[{"start":{"line":79,"column":4},"end":{"line":81,"column":5}},{"start":{},"end":{}}],"line":79},"6":{"loc":{"start":{"line":102,"column":4},"end":{"line":104,"column":5}},"type":"if","locations":[{"start":{"line":102,"column":4},"end":{"line":104,"column":5}},{"start":{},"end":{}}],"line":102},"7":{"loc":{"start":{"line":102,"column":8},"end":{"line":102,"column":31}},"type":"binary-expr","locations":[{"start":{"line":102,"column":8},"end":{"line":102,"column":18}},{"start":{"line":102,"column":22},"end":{"line":102,"column":31}}],"line":102},"8":{"loc":{"start":{"line":124,"column":4},"end":{"line":126,"column":5}},"type":"if","locations":[{"start":{"line":124,"column":4},"end":{"line":126,"column":5}},{"start":{},"end":{}}],"line":124},"9":{"loc":{"start":{"line":124,"column":8},"end":{"line":124,"column":55}},"type":"binary-expr","locations":[{"start":{"line":124,"column":8},"end":{"line":124,"column":31}},{"start":{"line":124,"column":35},"end":{"line":124,"column":55}}],"line":124},"10":{"loc":{"start":{"line":150,"column":4},"end":{"line":152,"column":5}},"type":"if","locations":[{"start":{"line":150,"column":4},"end":{"line":152,"column":5}},{"start":{},"end":{}}],"line":150},"11":{"loc":{"start":{"line":162,"column":11},"end":{"line":162,"column":36}},"type":"cond-expr","locations":[{"start":{"line":162,"column":20},"end":{"line":162,"column":32}},{"start":{"line":162,"column":35},"end":{"line":162,"column":36}}],"line":162},"12":{"loc":{"start":{"line":172,"column":4},"end":{"line":174,"column":5}},"type":"if","locations":[{"start":{"line":172,"column":4},"end":{"line":174,"column":5}},{"start":{},"end":{}}],"line":172},"13":{"loc":{"start":{"line":172,"column":8},"end":{"line":172,"column":31}},"type":"binary-expr","locations":[{"start":{"line":172,"column":8},"end":{"line":172,"column":18}},{"start":{"line":172,"column":22},"end":{"line":172,"column":31}}],"line":172},"14":{"loc":{"start":{"line":184,"column":11},"end":{"line":184,"column":36}},"type":"cond-expr","locations":[{"start":{"line":184,"column":20},"end":{"line":184,"column":32}},{"start":{"line":184,"column":35},"end":{"line":184,"column":36}}],"line":184},"15":{"loc":{"start":{"line":193,"column":4},"end":{"line":195,"column":5}},"type":"if","locations":[{"start":{"line":193,"column":4},"end":{"line":195,"column":5}},{"start":{},"end":{}}],"line":193},"16":{"loc":{"start":{"line":213,"column":4},"end":{"line":215,"column":5}},"type":"if","locations":[{"start":{"line":213,"column":4},"end":{"line":215,"column":5}},{"start":{},"end":{}}],"line":213}},"s":{"0":615,"1":4,"2":611,"3":611,"4":611,"5":611,"6":611,"7":617,"8":1,"9":616,"10":616,"11":616,"12":44,"13":1,"14":43,"15":43,"16":43,"17":4,"18":1,"19":3,"20":3,"21":3,"22":211,"23":2,"24":209,"25":209,"26":209,"27":33,"28":2,"29":31,"30":31,"31":67,"32":31,"33":31,"34":3,"35":1,"36":2,"37":2,"38":2,"39":2,"40":4,"41":2,"42":2,"43":2,"44":2,"45":2,"46":2,"47":1,"48":1,"49":1,"50":1,"51":1,"52":3,"53":1,"54":2,"55":2,"56":2,"57":2},"f":{"0":10,"1":10,"2":10,"3":10,"4":10,"5":10,"6":67,"7":10,"8":10,"9":10,"10":10},"b":{"0":[4,611],"1":[615,613,612],"2":[1,616],"3":[616,3],"4":[1,43],"5":[1,3],"6":[2,209],"7":[211,210],"8":[2,31],"9":[33,32],"10":[1,2],"11":[2,0],"12":[2,2],"13":[4,3],"14":[2,0],"15":[1,1],"16":[1,2]},"meta":{"lastBranch":17,"lastFunction":11,"lastStatement":58,"seen":{"f:12:9:12:19":0,"b:13:4:15:5:undefined:undefined:undefined:undefined":0,"s:13:4:15:5":0,"b:13:8:13:16:13:20:13:29:13:33:13:43":1,"s:14:6:14:73":1,"s:17:14:17:28":2,"s:18:14:18:23":3,"s:20:17:23:6":4,"s:25:4:25:54":5,"s:27:4:27:32":6,"f:35:9:35:20":1,"b:36:4:38:5:undefined:undefined:undefined:undefined":2,"s:36:4:38:5":7,"s:37:6:37:45":8,"s:40:14:40:28":9,"s:41:17:46:6":10,"s:48:4:48:32":11,"b:48:11:48:23:48:27:48:31":3,"f:56:9:56:28":2,"b:57:4:59:5:undefined:undefined:undefined:undefined":4,"s:57:4:59:5":12,"s:58:6:58:48":13,"s:61:14:61:28":14,"s:62:17:68:6":15,"s:70:4:70:31":16,"f:78:9:78:27":3,"b:79:4:81:5:undefined:undefined:undefined:undefined":5,"s:79:4:81:5":17,"s:80:6:80:47":18,"s:83:14:83:28":19,"s:84:17:90:6":20,"s:92:4:92:30":21,"f:101:9:101:35":4,"b:102:4:104:5:undefined:undefined:undefined:undefined":6,"s:102:4:104:5":22,"b:102:8:102:18:102:22:102:31":7,"s:103:6:103:63":23,"s:106:14:106:28":24,"s:107:17:113:6":25,"s:115:4:115:41":26,"f:123:9:123:22":5,"b:124:4:126:5:undefined:undefined:undefined:undefined":8,"s:124:4:126:5":27,"b:124:8:124:31:124:35:124:55":9,"s:125:6:125:16":28,"s:128:14:128:28":29,"s:131:25:131:57":30,"f:131:37:131:38":6,"s:131:43:131:46":31,"s:133:17:139:6":32,"s:141:4:141:32":33,"f:149:9:149:28":7,"b:150:4:152:5:undefined:undefined:undefined:undefined":10,"s:150:4:152:5":34,"s:151:6:151:48":35,"s:154:14:154:28":36,"s:155:17:159:6":37,"s:161:19:161:38":38,"s:162:4:162:37":39,"b:162:20:162:32:162:35:162:36":11,"f:171:9:171:37":8,"b:172:4:174:5:undefined:undefined:undefined:undefined":12,"s:172:4:174:5":40,"b:172:8:172:18:172:22:172:31":13,"s:173:6:173:63":41,"s:176:14:176:28":42,"s:177:17:181:6":43,"s:183:19:183:48":44,"s:184:4:184:37":45,"b:184:20:184:32:184:35:184:36":14,"f:192:9:192:19":9,"b:193:4:195:5:undefined:undefined:undefined:undefined":15,"s:193:4:195:5":46,"s:194:6:194:45":47,"s:197:14:197:28":48,"s:198:17:201:6":49,"s:203:4:203:17":50,"s:204:4:204:16":51,"f:212:9:212:29":10,"b:213:4:215:5:undefined:undefined:undefined:undefined":16,"s:213:4:215:5":52,"s:214:6:214:48":53,"s:217:14:217:28":54,"s:218:17:221:6":55,"s:223:4:223:24":56,"s:224:4:224:16":57}}}
,"/Users/ludo/code/jam-literaria/server/models/Session.js": {"path":"/Users/ludo/code/jam-literaria/server/models/Session.js","statementMap":{"0":{"start":{"line":5,"column":30},"end":{"line":10,"column":1}},"1":{"start":{"line":19,"column":4},"end":{"line":21,"column":null}},"2":{"start":{"line":20,"column":6},"end":{"line":20,"column":null}},"3":{"start":{"line":23,"column":14},"end":{"line":23,"column":28}},"4":{"start":{"line":24,"column":14},"end":{"line":24,"column":23}},"5":{"start":{"line":25,"column":17},"end":{"line":25,"column":43}},"6":{"start":{"line":28,"column":23},"end":{"line":31,"column":6}},"7":{"start":{"line":33,"column":4},"end":{"line":33,"column":null}},"8":{"start":{"line":36,"column":28},"end":{"line":39,"column":6}},"9":{"start":{"line":41,"column":4},"end":{"line":41,"column":null}},"10":{"start":{"line":44,"column":25},"end":{"line":47,"column":6}},"11":{"start":{"line":49,"column":4},"end":{"line":49,"column":null}},"12":{"start":{"line":51,"column":4},"end":{"line":51,"column":null}},"13":{"start":{"line":60,"column":4},"end":{"line":62,"column":null}},"14":{"start":{"line":61,"column":6},"end":{"line":61,"column":null}},"15":{"start":{"line":64,"column":14},"end":{"line":64,"column":28}},"16":{"start":{"line":65,"column":17},"end":{"line":71,"column":6}},"17":{"start":{"line":73,"column":4},"end":{"line":73,"column":null}},"18":{"start":{"line":82,"column":4},"end":{"line":84,"column":null}},"19":{"start":{"line":83,"column":6},"end":{"line":83,"column":null}},"20":{"start":{"line":86,"column":14},"end":{"line":86,"column":28}},"21":{"start":{"line":87,"column":17},"end":{"line":93,"column":6}},"22":{"start":{"line":95,"column":4},"end":{"line":95,"column":null}},"23":{"start":{"line":103,"column":14},"end":{"line":103,"column":28}},"24":{"start":{"line":104,"column":17},"end":{"line":110,"column":6}},"25":{"start":{"line":112,"column":4},"end":{"line":112,"column":null}},"26":{"start":{"line":121,"column":4},"end":{"line":123,"column":null}},"27":{"start":{"line":122,"column":6},"end":{"line":122,"column":null}},"28":{"start":{"line":125,"column":14},"end":{"line":125,"column":28}},"29":{"start":{"line":126,"column":17},"end":{"line":134,"column":6}},"30":{"start":{"line":136,"column":4},"end":{"line":136,"column":null}},"31":{"start":{"line":146,"column":4},"end":{"line":148,"column":null}},"32":{"start":{"line":147,"column":6},"end":{"line":147,"column":null}},"33":{"start":{"line":150,"column":4},"end":{"line":152,"column":null}},"34":{"start":{"line":151,"column":6},"end":{"line":151,"column":null}},"35":{"start":{"line":154,"column":14},"end":{"line":154,"column":28}},"36":{"start":{"line":155,"column":17},"end":{"line":159,"column":6}},"37":{"start":{"line":161,"column":4},"end":{"line":161,"column":null}},"38":{"start":{"line":171,"column":4},"end":{"line":173,"column":null}},"39":{"start":{"line":172,"column":6},"end":{"line":172,"column":null}},"40":{"start":{"line":175,"column":14},"end":{"line":175,"column":28}},"41":{"start":{"line":176,"column":17},"end":{"line":180,"column":6}},"42":{"start":{"line":182,"column":4},"end":{"line":182,"column":null}},"43":{"start":{"line":192,"column":4},"end":{"line":194,"column":null}},"44":{"start":{"line":193,"column":6},"end":{"line":193,"column":null}},"45":{"start":{"line":196,"column":14},"end":{"line":196,"column":28}},"46":{"start":{"line":199,"column":22},"end":{"line":203,"column":6}},"47":{"start":{"line":205,"column":19},"end":{"line":205,"column":51}},"48":{"start":{"line":207,"column":4},"end":{"line":209,"column":null}},"49":{"start":{"line":208,"column":6},"end":{"line":208,"column":18}},"50":{"start":{"line":212,"column":23},"end":{"line":215,"column":6}},"51":{"start":{"line":217,"column":4},"end":{"line":217,"column":null}},"52":{"start":{"line":218,"column":4},"end":{"line":218,"column":null}},"53":{"start":{"line":227,"column":4},"end":{"line":229,"column":null}},"54":{"start":{"line":228,"column":6},"end":{"line":228,"column":null}},"55":{"start":{"line":231,"column":14},"end":{"line":231,"column":28}},"56":{"start":{"line":232,"column":17},"end":{"line":238,"column":6}},"57":{"start":{"line":240,"column":4},"end":{"line":240,"column":null}},"58":{"start":{"line":250,"column":4},"end":{"line":252,"column":null}},"59":{"start":{"line":251,"column":6},"end":{"line":251,"column":null}},"60":{"start":{"line":254,"column":14},"end":{"line":254,"column":28}},"61":{"start":{"line":255,"column":95},"end":{"line":255,"column":103}},"62":{"start":{"line":258,"column":26},"end":{"line":260,"column":30}},"63":{"start":{"line":262,"column":28},"end":{"line":264,"column":32}},"64":{"start":{"line":266,"column":17},"end":{"line":274,"column":6}},"65":{"start":{"line":276,"column":4},"end":{"line":283,"column":null}},"66":{"start":{"line":285,"column":4},"end":{"line":285,"column":null}},"67":{"start":{"line":294,"column":4},"end":{"line":296,"column":null}},"68":{"start":{"line":295,"column":6},"end":{"line":295,"column":null}},"69":{"start":{"line":298,"column":14},"end":{"line":298,"column":28}},"70":{"start":{"line":299,"column":17},"end":{"line":302,"column":6}},"71":{"start":{"line":304,"column":21},"end":{"line":304,"column":40}},"72":{"start":{"line":306,"column":4},"end":{"line":306,"column":null}},"73":{"start":{"line":306,"column":19},"end":{"line":306,"column":null}},"74":{"start":{"line":309,"column":4},"end":{"line":315,"column":null}},"75":{"start":{"line":310,"column":6},"end":{"line":314,"column":null}},"76":{"start":{"line":311,"column":8},"end":{"line":311,"column":null}},"77":{"start":{"line":313,"column":8},"end":{"line":313,"column":null}},"78":{"start":{"line":317,"column":4},"end":{"line":323,"column":null}},"79":{"start":{"line":318,"column":6},"end":{"line":322,"column":null}},"80":{"start":{"line":319,"column":8},"end":{"line":319,"column":null}},"81":{"start":{"line":321,"column":8},"end":{"line":321,"column":null}},"82":{"start":{"line":325,"column":4},"end":{"line":325,"column":null}},"83":{"start":{"line":334,"column":4},"end":{"line":336,"column":null}},"84":{"start":{"line":335,"column":6},"end":{"line":335,"column":null}},"85":{"start":{"line":338,"column":14},"end":{"line":338,"column":28}},"86":{"start":{"line":340,"column":4},"end":{"line":388,"column":null}},"87":{"start":{"line":342,"column":6},"end":{"line":342,"column":null}},"88":{"start":{"line":345,"column":30},"end":{"line":348,"column":8}},"89":{"start":{"line":349,"column":6},"end":{"line":349,"column":null}},"90":{"start":{"line":352,"column":30},"end":{"line":355,"column":8}},"91":{"start":{"line":356,"column":6},"end":{"line":356,"column":null}},"92":{"start":{"line":359,"column":35},"end":{"line":362,"column":6}},"93":{"start":{"line":363,"column":4},"end":{"line":363,"column":null}},"94":{"start":{"line":366,"column":31},"end":{"line":369,"column":6}},"95":{"start":{"line":370,"column":4},"end":{"line":370,"column":null}},"96":{"start":{"line":373,"column":30},"end":{"line":376,"column":6}},"97":{"start":{"line":377,"column":4},"end":{"line":377,"column":null}},"98":{"start":{"line":380,"column":6},"end":{"line":380,"column":null}},"99":{"start":{"line":382,"column":4},"end":{"line":382,"column":null}},"100":{"start":{"line":385,"column":6},"end":{"line":385,"column":null}},"101":{"start":{"line":386,"column":6},"end":{"line":386,"column":null}},"102":{"start":{"line":387,"column":6},"end":{"line":387,"column":null}},"103":{"start":{"line":397,"column":23},"end":{"line":397,"column":57}},"104":{"start":{"line":398,"column":15},"end":{"line":398,"column":17}},"105":{"start":{"line":400,"column":4},"end":{"line":402,"column":null}},"106":{"start":{"line":400,"column":17},"end":{"line":400,"column":18}},"107":{"start":{"line":401,"column":6},"end":{"line":401,"column":null}},"108":{"start":{"line":405,"column":14},"end":{"line":405,"column":28}},"109":{"start":{"line":406,"column":17},"end":{"line":406,"column":84}},"110":{"start":{"line":407,"column":19},"end":{"line":407,"column":33}},"111":{"start":{"line":410,"column":4},"end":{"line":412,"column":null}},"112":{"start":{"line":411,"column":6},"end":{"line":411,"column":null}},"113":{"start":{"line":414,"column":4},"end":{"line":414,"column":null}}},"fnMap":{"0":{"name":"(anonymous_0)","decl":{"start":{"line":18,"column":9},"end":{"line":18,"column":22}},"loc":{"start":{"line":18,"column":32},"end":{"line":52,"column":null}},"line":18},"1":{"name":"(anonymous_1)","decl":{"start":{"line":59,"column":9},"end":{"line":59,"column":23}},"loc":{"start":{"line":59,"column":28},"end":{"line":74,"column":null}},"line":59},"2":{"name":"(anonymous_2)","decl":{"start":{"line":81,"column":9},"end":{"line":81,"column":25}},"loc":{"start":{"line":81,"column":32},"end":{"line":96,"column":null}},"line":81},"3":{"name":"(anonymous_3)","decl":{"start":{"line":102,"column":9},"end":{"line":102,"column":23}},"loc":{"start":{"line":102,"column":26},"end":{"line":113,"column":null}},"line":102},"4":{"name":"(anonymous_4)","decl":{"start":{"line":120,"column":9},"end":{"line":120,"column":33}},"loc":{"start":{"line":120,"column":42},"end":{"line":137,"column":null}},"line":120},"5":{"name":"(anonymous_5)","decl":{"start":{"line":145,"column":9},"end":{"line":145,"column":28}},"loc":{"start":{"line":145,"column":41},"end":{"line":162,"column":null}},"line":145},"6":{"name":"(anonymous_6)","decl":{"start":{"line":170,"column":9},"end":{"line":170,"column":27}},"loc":{"start":{"line":170,"column":39},"end":{"line":183,"column":null}},"line":170},"7":{"name":"(anonymous_7)","decl":{"start":{"line":191,"column":9},"end":{"line":191,"column":23}},"loc":{"start":{"line":191,"column":43},"end":{"line":219,"column":null}},"line":191},"8":{"name":"(anonymous_8)","decl":{"start":{"line":226,"column":9},"end":{"line":226,"column":24}},"loc":{"start":{"line":226,"column":36},"end":{"line":241,"column":null}},"line":226},"9":{"name":"(anonymous_9)","decl":{"start":{"line":249,"column":9},"end":{"line":249,"column":30}},"loc":{"start":{"line":249,"column":52},"end":{"line":286,"column":null}},"line":249},"10":{"name":"(anonymous_10)","decl":{"start":{"line":293,"column":9},"end":{"line":293,"column":27}},"loc":{"start":{"line":293,"column":39},"end":{"line":326,"column":null}},"line":293},"11":{"name":"(anonymous_11)","decl":{"start":{"line":333,"column":9},"end":{"line":333,"column":22}},"loc":{"start":{"line":333,"column":27},"end":{"line":389,"column":null}},"line":333},"12":{"name":"(anonymous_12)","decl":{"start":{"line":395,"column":9},"end":{"line":395,"column":28}},"loc":{"start":{"line":395,"column":31},"end":{"line":415,"column":null}},"line":395}},"branchMap":{"0":{"loc":{"start":{"line":19,"column":4},"end":{"line":21,"column":null}},"type":"if","locations":[{"start":{"line":19,"column":4},"end":{"line":21,"column":null}},{"start":{},"end":{}}],"line":19},"1":{"loc":{"start":{"line":60,"column":4},"end":{"line":62,"column":null}},"type":"if","locations":[{"start":{"line":60,"column":4},"end":{"line":62,"column":null}},{"start":{},"end":{}}],"line":60},"2":{"loc":{"start":{"line":73,"column":11},"end":{"line":73,"column":31}},"type":"binary-expr","locations":[{"start":{"line":73,"column":11},"end":{"line":73,"column":23}},{"start":{"line":73,"column":27},"end":{"line":73,"column":31}}],"line":73},"3":{"loc":{"start":{"line":82,"column":4},"end":{"line":84,"column":null}},"type":"if","locations":[{"start":{"line":82,"column":4},"end":{"line":84,"column":null}},{"start":{},"end":{}}],"line":82},"4":{"loc":{"start":{"line":95,"column":11},"end":{"line":95,"column":33}},"type":"binary-expr","locations":[{"start":{"line":95,"column":11},"end":{"line":95,"column":25}},{"start":{"line":95,"column":29},"end":{"line":95,"column":33}}],"line":95},"5":{"loc":{"start":{"line":121,"column":4},"end":{"line":123,"column":null}},"type":"if","locations":[{"start":{"line":121,"column":4},"end":{"line":123,"column":null}},{"start":{},"end":{}}],"line":121},"6":{"loc":{"start":{"line":146,"column":4},"end":{"line":148,"column":null}},"type":"if","locations":[{"start":{"line":146,"column":4},"end":{"line":148,"column":null}},{"start":{},"end":{}}],"line":146},"7":{"loc":{"start":{"line":146,"column":8},"end":{"line":146,"column":22}},"type":"binary-expr","locations":[{"start":{"line":146,"column":8},"end":{"line":146,"column":11}},{"start":{"line":146,"column":15},"end":{"line":146,"column":22}}],"line":146},"8":{"loc":{"start":{"line":150,"column":4},"end":{"line":152,"column":null}},"type":"if","locations":[{"start":{"line":150,"column":4},"end":{"line":152,"column":null}},{"start":{},"end":{}}],"line":150},"9":{"loc":{"start":{"line":171,"column":4},"end":{"line":173,"column":null}},"type":"if","locations":[{"start":{"line":171,"column":4},"end":{"line":173,"column":null}},{"start":{},"end":{}}],"line":171},"10":{"loc":{"start":{"line":171,"column":8},"end":{"line":171,"column":34}},"type":"binary-expr","locations":[{"start":{"line":171,"column":8},"end":{"line":171,"column":11}},{"start":{"line":171,"column":15},"end":{"line":171,"column":34}}],"line":171},"11":{"loc":{"start":{"line":192,"column":4},"end":{"line":194,"column":null}},"type":"if","locations":[{"start":{"line":192,"column":4},"end":{"line":194,"column":null}},{"start":{},"end":{}}],"line":192},"12":{"loc":{"start":{"line":192,"column":8},"end":{"line":192,"column":29}},"type":"binary-expr","locations":[{"start":{"line":192,"column":8},"end":{"line":192,"column":18}},{"start":{"line":192,"column":22},"end":{"line":192,"column":29}}],"line":192},"13":{"loc":{"start":{"line":207,"column":4},"end":{"line":209,"column":null}},"type":"if","locations":[{"start":{"line":207,"column":4},"end":{"line":209,"column":null}},{"start":{},"end":{}}],"line":207},"14":{"loc":{"start":{"line":207,"column":8},"end":{"line":207,"column":34}},"type":"binary-expr","locations":[{"start":{"line":207,"column":8},"end":{"line":207,"column":14}},{"start":{"line":207,"column":18},"end":{"line":207,"column":34}}],"line":207},"15":{"loc":{"start":{"line":227,"column":4},"end":{"line":229,"column":null}},"type":"if","locations":[{"start":{"line":227,"column":4},"end":{"line":229,"column":null}},{"start":{},"end":{}}],"line":227},"16":{"loc":{"start":{"line":250,"column":4},"end":{"line":252,"column":null}},"type":"if","locations":[{"start":{"line":250,"column":4},"end":{"line":252,"column":null}},{"start":{},"end":{}}],"line":250},"17":{"loc":{"start":{"line":250,"column":8},"end":{"line":250,"column":31}},"type":"binary-expr","locations":[{"start":{"line":250,"column":8},"end":{"line":250,"column":18}},{"start":{"line":250,"column":22},"end":{"line":250,"column":31}}],"line":250},"18":{"loc":{"start":{"line":258,"column":26},"end":{"line":260,"column":30}},"type":"cond-expr","locations":[{"start":{"line":259,"column":8},"end":{"line":259,"column":38}},{"start":{"line":260,"column":8},"end":{"line":260,"column":30}}],"line":258},"19":{"loc":{"start":{"line":260,"column":8},"end":{"line":260,"column":30}},"type":"binary-expr","locations":[{"start":{"line":260,"column":8},"end":{"line":260,"column":22}},{"start":{"line":260,"column":26},"end":{"line":260,"column":30}}],"line":260},"20":{"loc":{"start":{"line":262,"column":28},"end":{"line":264,"column":32}},"type":"cond-expr","locations":[{"start":{"line":263,"column":8},"end":{"line":263,"column":40}},{"start":{"line":264,"column":8},"end":{"line":264,"column":32}}],"line":262},"21":{"loc":{"start":{"line":264,"column":8},"end":{"line":264,"column":32}},"type":"binary-expr","locations":[{"start":{"line":264,"column":8},"end":{"line":264,"column":24}},{"start":{"line":264,"column":28},"end":{"line":264,"column":32}}],"line":264},"22":{"loc":{"start":{"line":279,"column":6},"end":{"line":279,"column":27}},"type":"binary-expr","locations":[{"start":{"line":279,"column":6},"end":{"line":279,"column":19}},{"start":{"line":279,"column":23},"end":{"line":279,"column":27}}],"line":279},"23":{"loc":{"start":{"line":280,"column":6},"end":{"line":280,"column":27}},"type":"b
[...]
,"/Users/ludo/code/jam-literaria/server/services/votingService.js": {"path":"/Users/ludo/code/jam-literaria/server/services/votingService.js","statementMap":{"0":{"start":{"line":11,"column":2},"end":{"line":19,"column":null}},"1":{"start":{"line":12,"column":4},"end":{"line":12,"column":13}},"2":{"start":{"line":13,"column":9},"end":{"line":19,"column":null}},"3":{"start":{"line":14,"column":4},"end":{"line":14,"column":13}},"4":{"start":{"line":15,"column":9},"end":{"line":19,"column":null}},"5":{"start":{"line":16,"column":4},"end":{"line":16,"column":13}},"6":{"start":{"line":18,"column":4},"end":{"line":18,"column":13}},"7":{"start":{"line":29,"column":2},"end":{"line":31,"column":null}},"8":{"start":{"line":30,"column":4},"end":{"line":30,"column":null}},"9":{"start":{"line":34,"column":22},"end":{"line":34,"column":64}},"10":{"start":{"line":36,"column":2},"end":{"line":38,"column":null}},"11":{"start":{"line":37,"column":4},"end":{"line":37,"column":null}},"12":{"start":{"line":41,"column":26},"end":{"line":41,"column":63}},"13":{"start":{"line":42,"column":29},"end":{"line":42,"column":66}},"14":{"start":{"line":45,"column":16},"end":{"line":50,"column":5}},"15":{"start":{"line":45,"column":43},"end":{"line":50,"column":3}},"16":{"start":{"line":53,"column":17},"end":{"line":53,"column":76}},"17":{"start":{"line":56,"column":2},"end":{"line":138,"column":null}},"18":{"start":{"line":58,"column":23},"end":{"line":58,"column":71}},"19":{"start":{"line":61,"column":26},"end":{"line":61,"column":56}},"20":{"start":{"line":64,"column":4},"end":{"line":64,"column":null}},"21":{"start":{"line":65,"column":4},"end":{"line":68,"column":null}},"22":{"start":{"line":70,"column":4},"end":{"line":74,"column":null}},"23":{"start":{"line":75,"column":9},"end":{"line":138,"column":null}},"24":{"start":{"line":77,"column":23},"end":{"line":77,"column":71}},"25":{"start":{"line":80,"column":27},"end":{"line":80,"column":69}},"26":{"start":{"line":81,"column":21},"end":{"line":81,"column":30}},"27":{"start":{"line":85,"column":27},"end":{"line":85,"column":48}},"28":{"start":{"line":86,"column":28},"end":{"line":86,"column":73}},"29":{"start":{"line":87,"column":26},"end":{"line":87,"column":67}},"30":{"start":{"line":89,"column":4},"end":{"line":89,"column":null}},"31":{"start":{"line":92,"column":4},"end":{"line":92,"column":null}},"32":{"start":{"line":93,"column":4},"end":{"line":98,"column":null}},"33":{"start":{"line":100,"column":4},"end":{"line":107,"column":null}},"34":{"start":{"line":108,"column":9},"end":{"line":138,"column":null}},"35":{"start":{"line":110,"column":27},"end":{"line":110,"column":69}},"36":{"start":{"line":111,"column":21},"end":{"line":111,"column":30}},"37":{"start":{"line":115,"column":27},"end":{"line":115,"column":56}},"38":{"start":{"line":116,"column":28},"end":{"line":116,"column":73}},"39":{"start":{"line":117,"column":26},"end":{"line":117,"column":67}},"40":{"start":{"line":119,"column":4},"end":{"line":119,"column":null}},"41":{"start":{"line":122,"column":4},"end":{"line":122,"column":null}},"42":{"start":{"line":123,"column":4},"end":{"line":128,"column":null}},"43":{"start":{"line":130,"column":4},"end":{"line":137,"column":null}},"44":{"start":{"line":140,"column":2},"end":{"line":140,"column":null}},"45":{"start":{"line":150,"column":25},"end":{"line":150,"column":47}},"46":{"start":{"line":153,"column":2},"end":{"line":158,"column":null}},"47":{"start":{"line":154,"column":4},"end":{"line":157,"column":null}},"48":{"start":{"line":161,"column":25},"end":{"line":161,"column":52}},"49":{"start":{"line":164,"column":26},"end":{"line":169,"column":7}},"50":{"start":{"line":165,"column":20},"end":{"line":165,"column":51}},"51":{"start":{"line":166,"column":19},"end":{"line":169,"column":5}},"52":{"start":{"line":171,"column":2},"end":{"line":172,"column":null}},"53":{"start":{"line":172,"column":29},"end":{"line":172,"column":72}},"54":{"start":{"line":175,"column":23},"end":{"line":175,"column":25}},"55":{"start":{"line":176,"column":25},"end":{"line":176,"column":27}},"56":{"start":{"line":177,"column":20},"end":{"line":177,"column":34}},"57":{"start":{"line":179,"column":2},"end":{"line":196,"column":null}},"58":{"start":{"line":179,"column":15},"end":{"line":179,"column":16}},"59":{"start":{"line":180,"column":18},"end":{"line":180,"column":36}},"60":{"start":{"line":182,"column":4},"end":{"line":182,"column":null}},"61":{"start":{"line":182,"column":26},"end":{"line":182,"column":null}},"62":{"start":{"line":185,"column":4},"end":{"line":195,"column":null}},"63":{"start":{"line":187,"column":6},"end":{"line":187,"column":null}},"64":{"start":{"line":188,"column":6},"end":{"line":188,"column":null}},"65":{"start":{"line":189,"column":6},"end":{"line":189,"column":null}},"66":{"start":{"line":192,"column":6},"end":{"line":192,"column":null}},"67":{"start":{"line":193,"column":6},"end":{"line":193,"column":null}},"68":{"start":{"line":194,"column":6},"end":{"line":194,"column":12}},"69":{"start":{"line":199,"column":2},"end":{"line":228,"column":null}},"70":{"start":{"line":201,"column":4},"end":{"line":201,"column":null}},"71":{"start":{"line":202,"column":4},"end":{"line":206,"column":null}},"72":{"start":{"line":204,"column":46},"end":{"line":204,"column":53}},"73":{"start":{"line":205,"column":50},"end":{"line":205,"column":57}},"74":{"start":{"line":207,"column":9},"end":{"line":228,"column":null}},"75":{"start":{"line":209,"column":4},"end":{"line":209,"column":null}},"76":{"start":{"line":210,"column":4},"end":{"line":213,"column":null}},"77":{"start":{"line":212,"column":46},"end":{"line":212,"column":53}},"78":{"start":{"line":214,"column":9},"end":{"line":228,"column":null}},"79":{"start":{"line":216,"column":4},"end":{"line":216,"column":null}},"80":{"start":{"line":217,"column":4},"end":{"line":220,"column":null}},"81":{"start":{"line":219,"column":50},"end":{"line":219,"column":57}},"82":{"start":{"line":223,"column":4},"end":{"line":223,"column":null}},"83":{"start":{"line":224,"column":4},"end":{"line":227,"column":null}},"84":{"start":{"line":226,"column":64},"end":{"line":226,"column":71}},"85":{"start":{"line":237,"column":2},"end":{"line":243,"column":null}},"86":{"start":{"line":238,"column":4},"end":{"line":240,"column":null}},"87":{"start":{"line":239,"column":6},"end":{"line":239,"column":null}},"88":{"start":{"line":241,"column":4},"end":{"line":241,"column":null}},"89":{"start":{"line":242,"column":4},"end":{"line":242,"column":null}}},"fnMap":{"0":{"name":"calculateRequiredVotes","decl":{"start":{"line":10,"column":16},"end":{"line":10,"column":38}},"loc":{"start":{"line":10,"column":50},"end":{"line":20,"column":null}},"line":10},"1":{"name":"processVotingRound","decl":{"start":{"line":28,"column":22},"end":{"line":28,"column":40}},"loc":{"start":{"line":28,"column":59},"end":{"line":141,"column":null}},"line":28},"2":{"name":"(anonymous_2)","decl":{"start":{"line":45,"column":32},"end":{"line":45,"column":38}},"loc":{"start":{"line":45,"column":43},"end":{"line":50,"column":3}},"line":45},"3":{"name":"determinarAccionSiguiente","decl":{"start":{"line":149,"column":16},"end":{"line":149,"column":41}},"loc":{"start":{"line":149,"column":73},"end":{"line":229,"column":null}},"line":149},"4":{"name":"(anonymous_4)","decl":{"start":{"line":165,"column":10},"end":{"line":165,"column":11}},"loc":{"start":{"line":165,"column":20},"end":{"line":165,"column":51}},"line":165},"5":{"name":"(anonymous_5)","decl":{"start":{"line":166,"column":9},"end":{"line":166,"column":14}},"loc":{"start":{"line":166,"column":19},"end":{"line":169,"column":5}},"line":166},"6":{"name":"(anonymous_6)","decl":{"start":{"line":172,"column":24},"end":{"line":172,"column":25}},"loc":{"start":{"line":172,"column":29},"end":{"line":172,"column":72}},"line":172},"7":{"name":"(anonymous_7)","decl":{"start":{"line":204,"column":38},"end":{"line":204,"column":42}},"loc":{"start":{"line":204,"column":46},"end":{"line":204,"column":53}},"line":204},"8":{"name":"(anonymous_8)","decl":{"start":{"line":205,"column":42},"end":{"line":205,"column":46}},"loc":{"start":{"line":205,"column":50},"end":{"line":205,"column":57}},"line":205},"9":{"name":"(anonymous_9)","decl":{"start":{"line":212,"column":38},"end":{"line":212,"column":42}},"loc":{"start":{"line":212,"column":46},"end":{"line":212,"column":53}},"line":212},"10":{"name":"(anonymous_10)","decl":{"start":{"line":219,"column":42},"end":{"line":219,"column":46}},"loc":{"start":{"line":219,"column":50},"end":{"line":219,"column":57}},"line":219},"11":{"name":"(anonymous_11)","decl":{"start":{"line":226,"column":56},"end":{"line":226,"column":60}},"loc":{"start":{"line":226,"column":64},"end":{"line":226,"column":71}},"line":226},"12":{"name":"agruparIdeasPorVotos","decl":{"start":{"line":236,"column":16},"end":{"line":236,"column":36}},"loc":{"start":{"line":236,"column":44},"end":{"line":244,"column":1}},"line":236},"13":{"name":"(anonymous_13)","decl":{"start":{"line":237,"column":22},"end":{"line":237,"column":23}},"loc":{"start":{"line":237,"column":40},"end":{"line":243,"column":3}},"line":237}},"branchMap":{"0":{"loc":{"start":{"line":11,"column":2},"end":{"line":19,"column":null}},"type":"if","locations":[{"start":{"line":11,"column":2},"end":{"line":19,"column":null}},{"start":{"line":13,"column":9},"end":{"line":19,"column":null}}],"line":11},"1":{"loc":{"start":{"line":13,"column":9},"end":{"line":19,"column":null}},"type":"if","locations":[{"start":{"line":13,"column":9},"end":{"line":19,"column":null}},{"start":{"line":15,"column":9},"end":{"line":19,"column":null}}],"line":13},"2":{"loc":{"start":{"line":15,"column":9},"end":{"line":19,"column":null}},"type":"if","locations":[{"start":{"line":15,"column":9},"end":{"line":19,"column":null}},{"start":{"line":17,"column":9},"end":{"line":19,"column":null}}],"line":15},"3":{"loc":{"start":{"line":29,"column":2},"end":{"line":31,"column":null}},"type":"if","locations":[{"start":{"line":29,"column":2},"end":{"line":31,"column":null}},{"start":{},"end":{}}],"line":29},"4":{"loc":{"start":{"line":29,"column":6},"end":{"line":29,"column":39}},"type":"binary-expr","locations":[{"start":{"line":29,"column":6},"end":{"line":29,"column":16}},{"start":{"line":29,"column":20},"end":{"line":29,"column":39}}],"line":29},"5":{"loc":{"start":{"line":36,"column":2},"end":{"line":38,"column":null}},"type":"if","locations":[{"start":{"line":36,"column":2},"end":{"line":38,"column":null}},{"start":{},"end":{}}],"line":36},"6":{"loc":{"start":{"line":36,"column":6},"end":{"line":36,"column":46}},"type":"binary-expr","locations":[{"start":{"line":36,"column":6},"end":{"line":36,"column":18}},{"start":{"line":36,"column":22},"end":{"line":36,"column":46}}],"line":36},"7":{"loc":{"start":{"line":42,"column":29},"end":{"line":42,"column":66}},"type":"binary-expr","locations":[{"start":{"line":42,"column":29},"end":{"line":42,"column":60}},{"start":{"line":42,"column":64},"end":{"line":42,"column":66}}],"line":42},"8":{"loc":{"start":{"line":56,"column":2},"end":{"line":138,"column":null}},"type":"if","locations":[{"start":{"line":56,"column":2},"end":{"line":138,"column":null}},{"start":{"line":75,"column":9},"end":{"line":138,"column":null}}],"line":56},"9":{"loc":{"start":{"line":75,"column":9},"end":{"line":138,"column":null}},"type":"if","locations":[{"start":{"line":75,"column":9},"end":{"line":138,"column":null}},{"start":{"line":108,"column":9},"end":{"line":138,"column":null}}],"line":75},"10":{"loc":{"start":{"line":108,"column":9},"end":{"line":138,"column":null}},"type":"if","locations":[{"start":{"line":108,"column":9},"end":{"line":138,"column":null}},{"start":{},"end":{}}],"line":108},"11":{"loc":{"start":{"line":149,"column":49},"end":{"line":149,"column":71}},"type":"default-arg","locations":[{"start":{"line":149,"column":70},"end":{"line":149,"column":71}}],"line":149},"12":{"loc":{"start":{"line":153,"column":2},"end":{"line":158,"column":null}},"type":"if","locations":[{"start":{"line":153,"column":2},"end":{"line":158,"column":null}},{"start":{},"end":{}}],"line":153},"13":{"loc":{"start":{"line":182,"column":4},"end":{"line":182,"column":null}},"type":"if","locations":[{"start":{"line":182,"column":4},"end":{"line":182,"column":null}},{"start":{},"end":{}}],"line":182},"14":{"loc":{"start":{"line":185,"column":4},"end":{"line":195,"column":null}},"type":"if","locations":[{"start":{"line":185,"column":4},"end":{"line":195,"column":null}},{"start":{"line":190,"column":11},"end":{"line":195,"column":null}}],"line":185},"15":{"loc":{"start":{"line":199,"column":2},"end":{"line":228,"column":null}},"type":"if","locations":[{"start":{"line":199,"column":2},"end":{"line":228,"column":null}},{"start":{"line":207,"column":9},"end":{"line":228,"column":null}}],"line":199},"16":{"loc":{"start":{"line":199,"column":6},"end":{"line":199,"column":58}},"type":"binary-expr","locations":[{"start":{"line":199,"column":6},"end":{"line":199,"column":29}},{"start":{"line":199,"column":33},"end":{"line":199,"column":58}}],"line":199},"17":{"loc":{"start":{"line":207,"column":9},"end":{"line":228,"column":null}},"type":"if","locations":[{"start":{"line":207,"column":9},"end":{"line":228,"column":null}},{"start":{"line":214,"column":9},"end":{"line":228,"column":null}}],"line":207},"18":{"loc":{"start":{"line":207,"column":13},"end":{"line":207,"column":67}},"type":"binary-expr","locations":[{"start":{"line":207,"column":13},"end":{"line":207,"column":36}},{"start":{"line":207,"column":40},"end":{"line":207,"column":67}}],"line":207},"19":{"loc":{"start":{"line":214,"column":9},"end":{"line":228,"column":null}},"type":"if","locations":[{"start":{"line":214,"column":9},"end":{"line":228,"column":null}},{"start":{"line":221,"column":9},"end":{"line":228,"column":null}}],"line":214},"20":{"loc":{"start":{"line":214,"column":13},"end":{"line":214,"column":67}},"type":"binary-expr","locations":[{"start":{"line":214,"column":13},"end":{"line":214,"column":38}},{"start":{"line":214,"column":42},"end":{"line":214,"column":67}}],"line":214},"21":{"loc":{"start":{"line":238,"column":4},"end":{"line":240,"column":null}},"type":"if","locations":[{"start":{"line":238,"column":4},"end":{"line":240,"column":null}},{"start":{},"end":{}}],"line":238}},"s":{"0":10,"1":4,"2":6,"3":2,"4":4,"5":2,"6":2,"7":18,"8":0,"9":18,"10":18,"11":0,"12":18,"13":18,"14":18,"15":43,"16":18,"17":18,"18":16,"19":16,"20":16,"21":16,"22":16,"23":2,"24":2,"25":2,"26":2,"27":2,"28":2,"29":2,"30":2,"31":2,"32":2,"33":2,"34":0,"35":0,"36":0,"37":0,"38":0,"39":0,"40":0,"41":0,"42":0,"43":0,"44":0,"45":37,"46":37,"47":1,"48":36,"49":36,"50":29,"51":65,"52":36,"53":65,"54":36,"55":36,"56":36,"57":36,"58":36,"59":60,"60":60,"61":7,"62":53,"63":42,"64":42,"65":42,"66":11,"67":11,"68":11,"69":36,"70":7,"71":7,"72":10,"73":24,"74":29,"75":25,"76":25,"77":53,"78":4,"79":4,"80":4,"81":15,"82":0,"83":0,"84":0,"85":40,"86":127,"87":70,"88":127,"89":127},"f":{"0":10,"1":18,"2":43,"3":37,"4":29,"5":65,"6":65,"7":10,"8":24,"9":53,"10":15,"11":0,"12":40,"13":127},"b":{"0":[4,6],"1":[2,4],"2":[2,2],"3":[0,18],"4":[18,18],"5":[0,18],"6":[18,18],"7":[18,18],"8":[16,2],"9":[2,0],"10":[0,0],"11":[37],"12":[1,36],"13":[7,53],"14":[42,11],"15":[7,29],"16":[36,32],"17":[25,4],"18":[29,25],"19":[4,0],"20":[4,4],"21":[70,57]},"meta":{"lastBranch":22,"lastFunction":14,"lastStatement":90,"seen":{"f:10:16:10:38":0,"b:11:2:19:Infinity:13:9:19:Infinity":0,"s:11:2:19:Infinity":0,"s:12:4:12:13":1,"b:13:9:19:Infinity:15:9:19:Infinity":1,"s:13:9:19:Infinity":2,"s:14:4:14:13":3,"b:15:9:19:Infinity:17:9:19:Infinity":2,"s:15:9:19:Infinity":4,"s:16:4:16:13":5,"s:18:4:18:13":6,"f:28:22:28:40":1,"b:29:2:31:Infinity:undefined:undefined:undefined:undefined":3,"s:29:2:31:Infinity":7,"b:29:6:29:16:29:20:29:39":4,"s:30:4:30:Infinity":8,"s:34:22:34:64":9,"b:36:2:38:Infinity:undefined:undefined:undefined:undefined":5,"s:36:2:38:Infinity":10,"b:36:6:36:18:36:22:36:46":6,"s:37:4:37:Infinity":11,"s:41:26:41:63":12,"s:42:29:42:66":13,"b:42:29:42:60:42:64:42:66":7,"s:45:16:50:5":14,"f:45:32:45:38":2,"s:45:43:50:3":15,"s:53:17:53:76":16,"b:56:2:138:Infinity:75:9:138:Infinity":8,"s:56:2:138:Infinity":17,"s:58:23:58:71":18,"s:61:26:61:56":19,"s:64:4:64:Infinity":20,"s:65:4:68:Infinity":21,"s:70:4:74:Infinity":22,"b:75:9:138:Infinity:108:9:138:Infinity":9,"s:75:9:138:Infinity":23,"s:77:23:77:71":24,"s:80:27:80:69":25,"s:81:21:81:30":26,"s:85:27:85:48":27,"s:86:28:86:73":28,"s:87:26:87:67":29,"s:89:4:89:Infinity":30,"s:92:4:92:Infinity":31,"s:93:4:98:Infinity":32,"s:100:4:107:Infinity":33,"b:108:9:138:Infinity:undefined:undefined:undefined:undefined":10,"s:108:9:138:Infinity":34,"s:110:27:110:69":35,"s:111:21:111:30":36,"s:115:27:115:56":37,"s:116:28:116:73":38,"s:117:26:117:67":39,"s:119:4:119:Infinity":40,"s:122:4:122:Infinity":41,"s:123:4:128:Infinity":42,"s:130:4:137:Infinity":43,"s:140:2:140:Infinity":44,"f:149:16:149:41":3,"b:149:70:149:71":11,"s:150:25:150:47":45,"b:153:2:158:Infinity:undefined:undefined:undefined:undefined":12,"s:153:2:158:Infinity":46,"s:154:4:157:Infinity":47,"s:161:25:161:52":48,"s:164:26:169:7":49,"f:165:10:165:11":4,"s:165:20:165:51":50,"f:166:9:166:14":5,"s:166:19:169:5":51,"s:171:2:172:Infinity":52,"f:172:24:172:25":6,"s:172:29:172:72":53,"s:175:23:175:25":54,"s:176:25:176:27":55,"s:177:20:177:34":56,"s:179:2:196:Infinity":57,"s:179:15:179:16":58,"s:180:18:180:36":59,"b:182:4:182:Infinity:undefined:undefined:undefined:undefined":13,"s:182:4:182:Infinity":60,"s:182:26:182:Infinity":61,"b:185:4:195:Infinity:190:11:195:Infinity":14,"s:185:4:195:Infinity":62,"s:187:6:187:Infinity":63,"s:188:6:188:Infinity":64,"s:189:6:189:Infinity":65,"s:192:6:192:Infinity":66,"s:193:6:193:Infinity":67,"s:194:6:194:12":68,"b:199:2:228:Infinity:207:9:228:Infinity":15,"s:199:2:228:Infinity":69,"b:199:6:199:29:199:33:199:58":16,"s:201:4:201:Infinity":70,"s:202:4:206:Infinity":71,"f:204:38:204:42":7,"s:204:46:204:53":72,"f:205:42:205:46":8,"s:205:50:205:57":73,"b:207:9:228:Infinity:214:9:228:Infinity":17,"s:207:9:228:Infinity":74,"b:207:13:207:36:207:40:207:67":18,"s:209:4:209:Infinity":75,"s:210:4:213:Infinity":76,"f:212:38:212:42":9,"s:212:46:212:53":77,"b:214:9:228:Infinity:221:9:228:Infinity":19,"s:214:9:228:Infinity":78,"b:214:13:214:38:214:42:214:67":20,"s:216:4:216:Infinity":79,"s:217:4:220:Infinity":80,"f:219:42:219:46":10,"s:219:50:219:57":81,"s:223:4:223:Infinity":82,"s:224:4:227:Infinity":83,"f:226:56:226:60":11,"s:226:64:226:71":84,"f:236:16:236:36":12,"s:237:2:243:Infinity":85,"f:237:22:237:23":13,"b:238:4:240:Infinity:undefined:undefined:undefined:undefined":21,"s:238:4:240:Infinity":86,"s:239:6:239:Infinity":87,"s:241:4:241:Infinity":88,"s:242:4:242:Infinity":89}}}
,"/Users/ludo/code/jam-literaria/server/socket/io.js": {"path":"/Users/ludo/code/jam-literaria/server/socket/io.js","statementMap":{"0":{"start":{"line":12,"column":2},"end":{"line":12,"column":39}},"1":{"start":{"line":13,"column":2},"end":{"line":13,"column":12}}},"fnMap":{"0":{"name":"initSocketIO","decl":{"start":{"line":11,"column":16},"end":{"line":11,"column":28}},"loc":{"start":{"line":11,"column":55},"end":{"line":14,"column":1}},"line":11}},"branchMap":{"0":{"loc":{"start":{"line":11,"column":41},"end":{"line":11,"column":53}},"type":"default-arg","locations":[{"start":{"line":11,"column":51},"end":{"line":11,"column":53}}],"line":11}},"s":{"0":0,"1":0},"f":{"0":0},"b":{"0":[0]},"meta":{"lastBranch":1,"lastFunction":1,"lastStatement":2,"seen":{"f:11:16:11:28":0,"b:11:51:11:53":0,"s:12:2:12:39":0,"s:13:2:13:12":1}}}
}
