TN:
SF:index.ts
FN:33,(anonymous_1)
FN:41,(anonymous_2)
FN:44,(anonymous_3)
FN:53,(anonymous_4)
FNF:4
FNH:2
FNDA:0,(anonymous_1)
FNDA:6,(anonymous_2)
FNDA:0,(anonymous_3)
FNDA:6,(anonymous_4)
DA:1,6
DA:2,6
DA:3,6
DA:4,6
DA:5,6
DA:6,6
DA:9,6
DA:12,6
DA:13,6
DA:14,6
DA:22,6
DA:26,6
DA:27,6
DA:30,6
DA:33,6
DA:34,0
DA:41,6
DA:42,6
DA:44,6
DA:45,0
DA:52,6
DA:53,6
DA:54,6
DA:57,6
LF:24
LH:22
BRDA:16,0,0,6
BRDA:16,0,1,6
BRDA:23,1,0,6
BRDA:23,1,1,6
BRDA:36,2,0,0
BRDA:36,2,1,0
BRDA:52,3,0,6
BRDA:52,3,1,5
BRDA:54,4,0,6
BRDA:54,4,1,0
BRF:10
BRH:7
end_of_record
TN:
SF:__tests__\unit\server\api\compiled\index.js
FN:32,(anonymous_0)
FN:39,(anonymous_1)
FN:41,(anonymous_2)
FN:48,(anonymous_3)
FNF:4
FNH:0
FNDA:0,(anonymous_0)
FNDA:0,(anonymous_1)
FNDA:0,(anonymous_2)
FNDA:0,(anonymous_3)
DA:2,0
DA:3,0
DA:4,0
DA:5,0
DA:6,0
DA:7,0
DA:8,0
DA:9,0
DA:11,0
DA:13,0
DA:14,0
DA:15,0
DA:21,0
DA:23,0
DA:27,0
DA:28,0
DA:30,0
DA:32,0
DA:33,0
DA:39,0
DA:40,0
DA:41,0
DA:42,0
DA:47,0
DA:48,0
DA:49,0
LF:26
LH:0
BRDA:17,0,0,0
BRDA:17,0,1,0
BRDA:24,1,0,0
BRDA:24,1,1,0
BRDA:35,2,0,0
BRDA:35,2,1,0
BRDA:47,3,0,0
BRDA:47,3,1,0
BRDA:49,4,0,0
BRDA:49,4,1,0
BRF:10
BRH:0
end_of_record
TN:
SF:__tests__\unit\server\api\compiled\__tests__\unit\server\api\sessions-handler.test.js
FN:2,(anonymous_0)
FN:3,(anonymous_1)
FN:13,(anonymous_2)
FN:14,adopt
FN:14,(anonymous_4)
FN:15,(anonymous_5)
FN:16,fulfilled
FN:17,rejected
FN:18,step
FN:22,(anonymous_9)
FN:23,(anonymous_10)
FN:24,(anonymous_11)
FN:25,verb
FN:25,(anonymous_13)
FN:26,step
FN:49,(anonymous_15)
FN:61,(anonymous_16)
FN:73,(anonymous_17)
FN:77,(anonymous_18)
FN:83,(anonymous_19)
FN:88,(anonymous_20)
FN:103,(anonymous_21)
FN:103,(anonymous_22)
FN:105,(anonymous_23)
FN:120,(anonymous_24)
FN:120,(anonymous_25)
FN:122,(anonymous_26)
FN:138,(anonymous_27)
FN:138,(anonymous_28)
FN:140,(anonymous_29)
FN:161,(anonymous_30)
FN:161,(anonymous_31)
FN:163,(anonymous_32)
FNF:33
FNH:0
FNDA:0,(anonymous_0)
FNDA:0,(anonymous_1)
FNDA:0,(anonymous_2)
FNDA:0,adopt
FNDA:0,(anonymous_4)
FNDA:0,(anonymous_5)
FNDA:0,fulfilled
FNDA:0,rejected
FNDA:0,step
FNDA:0,(anonymous_9)
FNDA:0,(anonymous_10)
FNDA:0,(anonymous_11)
FNDA:0,verb
FNDA:0,(anonymous_13)
FNDA:0,step
FNDA:0,(anonymous_15)
FNDA:0,(anonymous_16)
FNDA:0,(anonymous_17)
FNDA:0,(anonymous_18)
FNDA:0,(anonymous_19)
FNDA:0,(anonymous_20)
FNDA:0,(anonymous_21)
FNDA:0,(anonymous_22)
FNDA:0,(anonymous_23)
FNDA:0,(anonymous_24)
FNDA:0,(anonymous_25)
FNDA:0,(anonymous_26)
FNDA:0,(anonymous_27)
FNDA:0,(anonymous_28)
FNDA:0,(anonymous_29)
FNDA:0,(anonymous_30)
FNDA:0,(anonymous_31)
FNDA:0,(anonymous_32)
DA:2,0
DA:3,0
DA:4,0
DA:5,0
DA:6,0
DA:7,0
DA:9,0
DA:11,0
DA:13,0
DA:14,0
DA:15,0
DA:16,0
DA:17,0
DA:18,0
DA:19,0
DA:22,0
DA:23,0
DA:24,0
DA:25,0
DA:27,0
DA:28,0
DA:29,0
DA:30,0
DA:31,0
DA:32,0
DA:33,0
DA:34,0
DA:35,0
DA:37,0
DA:38,0
DA:39,0
DA:40,0
DA:41,0
DA:42,0
DA:44,0
DA:45,0
DA:46,0
DA:49,0
DA:50,0
DA:51,0
DA:52,0
DA:53,0
DA:56,0
DA:58,0
DA:59,0
DA:61,0
DA:62,0
DA:72,0
DA:73,0
DA:77,0
DA:83,0
DA:88,0
DA:89,0
DA:91,0
DA:95,0
DA:100,0
DA:101,0
DA:103,0
DA:105,0
DA:106,0
DA:109,0
DA:110,0
DA:112,0
DA:114,0
DA:115,0
DA:116,0
DA:120,0
DA:122,0
DA:123,0
DA:126,0
DA:127,0
DA:128,0
DA:130,0
DA:132,0
DA:133,0
DA:134,0
DA:138,0
DA:140,0
DA:141,0
DA:143,0
DA:144,0
DA:150,0
DA:151,0
DA:153,0
DA:154,0
DA:155,0
DA:156,0
DA:157,0
DA:161,0
DA:163,0
DA:164,0
DA:166,0
DA:167,0
DA:173,0
DA:174,0
DA:175,0
DA:176,0
DA:178,0
DA:179,0
DA:183,0
DA:184,0
DA:185,0
DA:186,0
LF:103
LH:0
BRDA:2,0,0,0
BRDA:2,0,1,0
BRDA:2,0,2,0
BRDA:3,1,0,0
BRDA:3,1,1,0
BRDA:6,2,0,0
BRDA:6,2,1,0
BRDA:13,3,0,0
BRDA:13,3,1,0
BRDA:13,3,2,0
BRDA:14,4,0,0
BRDA:14,4,1,0
BRDA:15,5,0,0
BRDA:15,5,1,0
BRDA:18,6,0,0
BRDA:18,6,1,0
BRDA:19,7,0,0
BRDA:19,7,1,0
BRDA:22,8,0,0
BRDA:22,8,1,0
BRDA:22,8,2,0
BRDA:23,9,0,0
BRDA:23,9,1,0
BRDA:23,10,0,0
BRDA:23,10,1,0
BRDA:24,11,0,0
BRDA:24,11,1,0
BRDA:27,12,0,0
BRDA:27,12,1,0
BRDA:28,13,0,0
BRDA:28,13,1,0
BRDA:28,14,0,0
BRDA:28,14,1,0
BRDA:29,15,0,0
BRDA:29,15,1,0
BRDA:29,16,0,0
BRDA:29,16,1,0
BRDA:29,16,2,0
BRDA:29,17,0,0
BRDA:29,17,1,0
BRDA:29,18,0,0
BRDA:29,18,1,0
BRDA:29,19,0,0
BRDA:29,19,1,0
BRDA:29,20,0,0
BRDA:29,20,1,0
BRDA:30,21,0,0
BRDA:30,21,1,0
BRDA:31,22,0,0
BRDA:31,22,1,0
BRDA:31,22,2,0
BRDA:31,22,3,0
BRDA:31,22,4,0
BRDA:31,22,5,0
BRDA:37,23,0,0
BRDA:37,23,1,0
BRDA:37,24,0,0
BRDA:37,24,1,0
BRDA:37,24,2,0
BRDA:37,25,0,0
BRDA:37,25,1,0
BRDA:38,26,0,0
BRDA:38,26,1,0
BRDA:38,27,0,0
BRDA:38,27,1,0
BRDA:38,27,2,0
BRDA:38,27,3,0
BRDA:39,28,0,0
BRDA:39,28,1,0
BRDA:39,29,0,0
BRDA:39,29,1,0
BRDA:40,30,0,0
BRDA:40,30,1,0
BRDA:40,31,0,0
BRDA:40,31,1,0
BRDA:41,32,0,0
BRDA:41,32,1,0
BRDA:46,33,0,0
BRDA:46,33,1,0
BRDA:46,34,0,0
BRDA:46,34,1,0
BRDA:49,35,0,0
BRDA:49,35,1,0
BRDA:49,35,2,0
BRDA:50,36,0,0
BRDA:50,36,1,0
BRDA:50,37,0,0
BRDA:50,37,1,0
BRDA:51,38,0,0
BRDA:51,38,1,0
BRDA:51,39,0,0
BRDA:51,39,1,0
BRDA:52,40,0,0
BRDA:52,40,1,0
BRDA:56,41,0,0
BRDA:56,41,1,0
BRDA:106,42,0,0
BRDA:106,42,1,0
BRDA:123,43,0,0
BRDA:123,43,1,0
BRDA:141,44,0,0
BRDA:141,44,1,0
BRDA:164,45,0,0
BRDA:164,45,1,0
BRF:104
BRH:0
end_of_record
TN:
SF:__tests__\unit\server\api\compiled\middleware\auth.js
FN:2,(anonymous_0)
FN:3,adopt
FN:3,(anonymous_2)
FN:4,(anonymous_3)
FN:5,fulfilled
FN:6,rejected
FN:7,step
FN:11,(anonymous_7)
FN:12,(anonymous_8)
FN:13,(anonymous_9)
FN:14,verb
FN:14,(anonymous_11)
FN:15,step
FN:49,(anonymous_13)
FN:49,(anonymous_14)
FN:51,(anonymous_15)
FN:104,(anonymous_16)
FN:104,(anonymous_17)
FN:106,(anonymous_18)
FN:158,(anonymous_19)
FN:158,(anonymous_20)
FN:160,(anonymous_21)
FNF:22
FNH:0
FNDA:0,(anonymous_0)
FNDA:0,adopt
FNDA:0,(anonymous_2)
FNDA:0,(anonymous_3)
FNDA:0,fulfilled
FNDA:0,rejected
FNDA:0,step
FNDA:0,(anonymous_7)
FNDA:0,(anonymous_8)
FNDA:0,(anonymous_9)
FNDA:0,verb
FNDA:0,(anonymous_11)
FNDA:0,step
FNDA:0,(anonymous_13)
FNDA:0,(anonymous_14)
FNDA:0,(anonymous_15)
FNDA:0,(anonymous_16)
FNDA:0,(anonymous_17)
FNDA:0,(anonymous_18)
FNDA:0,(anonymous_19)
FNDA:0,(anonymous_20)
FNDA:0,(anonymous_21)
DA:2,0
DA:3,0
DA:4,0
DA:5,0
DA:6,0
DA:7,0
DA:8,0
DA:11,0
DA:12,0
DA:13,0
DA:14,0
DA:16,0
DA:17,0
DA:18,0
DA:19,0
DA:20,0
DA:21,0
DA:22,0
DA:23,0
DA:24,0
DA:26,0
DA:27,0
DA:28,0
DA:29,0
DA:30,0
DA:31,0
DA:33,0
DA:34,0
DA:35,0
DA:38,0
DA:39,0
DA:40,0
DA:41,0
DA:49,0
DA:51,0
DA:52,0
DA:54,0
DA:55,0
DA:56,0
DA:57,0
DA:62,0
DA:66,0
DA:67,0
DA:68,0
DA:74,0
DA:80,0
DA:82,0
DA:83,0
DA:84,0
DA:86,0
DA:87,0
DA:88,0
DA:92,0
DA:96,0
DA:104,0
DA:106,0
DA:107,0
DA:109,0
DA:110,0
DA:111,0
DA:112,0
DA:113,0
DA:118,0
DA:128,0
DA:129,0
DA:130,0
DA:136,0
DA:137,0
DA:138,0
DA:140,0
DA:141,0
DA:142,0
DA:146,0
DA:150,0
DA:158,0
DA:160,0
DA:161,0
DA:163,0
DA:164,0
DA:165,0
DA:166,0
DA:167,0
DA:172,0
DA:179,0
DA:180,0
DA:181,0
DA:187,0
DA:188,0
DA:189,0
DA:191,0
DA:192,0
DA:193,0
DA:197,0
DA:201,0
LF:94
LH:0
BRDA:2,0,0,0
BRDA:2,0,1,0
BRDA:2,0,2,0
BRDA:3,1,0,0
BRDA:3,1,1,0
BRDA:4,2,0,0
BRDA:4,2,1,0
BRDA:7,3,0,0
BRDA:7,3,1,0
BRDA:8,4,0,0
BRDA:8,4,1,0
BRDA:11,5,0,0
BRDA:11,5,1,0
BRDA:11,5,2,0
BRDA:12,6,0,0
BRDA:12,6,1,0
BRDA:12,7,0,0
BRDA:12,7,1,0
BRDA:13,8,0,0
BRDA:13,8,1,0
BRDA:16,9,0,0
BRDA:16,9,1,0
BRDA:17,10,0,0
BRDA:17,10,1,0
BRDA:17,11,0,0
BRDA:17,11,1,0
BRDA:18,12,0,0
BRDA:18,12,1,0
BRDA:18,13,0,0
BRDA:18,13,1,0
BRDA:18,13,2,0
BRDA:18,14,0,0
BRDA:18,14,1,0
BRDA:18,15,0,0
BRDA:18,15,1,0
BRDA:18,16,0,0
BRDA:18,16,1,0
BRDA:18,17,0,0
BRDA:18,17,1,0
BRDA:19,18,0,0
BRDA:19,18,1,0
BRDA:20,19,0,0
BRDA:20,19,1,0
BRDA:20,19,2,0
BRDA:20,19,3,0
BRDA:20,19,4,0
BRDA:20,19,5,0
BRDA:26,20,0,0
BRDA:26,20,1,0
BRDA:26,21,0,0
BRDA:26,21,1,0
BRDA:26,21,2,0
BRDA:26,22,0,0
BRDA:26,22,1,0
BRDA:27,23,0,0
BRDA:27,23,1,0
BRDA:27,24,0,0
BRDA:27,24,1,0
BRDA:27,24,2,0
BRDA:27,24,3,0
BRDA:28,25,0,0
BRDA:28,25,1,0
BRDA:28,26,0,0
BRDA:28,26,1,0
BRDA:29,27,0,0
BRDA:29,27,1,0
BRDA:29,28,0,0
BRDA:29,28,1,0
BRDA:30,29,0,0
BRDA:30,29,1,0
BRDA:35,30,0,0
BRDA:35,30,1,0
BRDA:35,31,0,0
BRDA:35,31,1,0
BRDA:52,32,0,0
BRDA:52,32,1,0
BRDA:52,32,2,0
BRDA:52,32,3,0
BRDA:52,32,4,0
BRDA:56,33,0,0
BRDA:56,33,1,0
BRDA:67,34,0,0
BRDA:67,34,1,0
BRDA:107,35,0,0
BRDA:107,35,1,0
BRDA:107,35,2,0
BRDA:107,35,3,0
BRDA:112,36,0,0
BRDA:112,36,1,0
BRDA:112,37,0,0
BRDA:112,37,1,0
BRDA:129,38,0,0
BRDA:129,38,1,0
BRDA:161,39,0,0
BRDA:161,39,1,0
BRDA:161,39,2,0
BRDA:161,39,3,0
BRDA:166,40,0,0
BRDA:166,40,1,0
BRDA:166,41,0,0
BRDA:166,41,1,0
BRDA:180,42,0,0
BRDA:180,42,1,0
BRF:103
BRH:0
end_of_record
TN:
SF:__tests__\unit\server\api\compiled\routes\index.js
FNF:0
FNH:0
DA:2,0
DA:3,0
DA:4,0
DA:5,0
DA:6,0
DA:8,0
DA:10,0
DA:12,0
LF:8
LH:0
BRF:0
BRH:0
end_of_record
TN:
SF:__tests__\unit\server\api\compiled\routes\auth\index.js
FN:2,(anonymous_0)
FN:3,adopt
FN:3,(anonymous_2)
FN:4,(anonymous_3)
FN:5,fulfilled
FN:6,rejected
FN:7,step
FN:11,(anonymous_7)
FN:12,(anonymous_8)
FN:13,(anonymous_9)
FN:14,verb
FN:14,(anonymous_11)
FN:15,step
FN:45,(anonymous_13)
FN:45,(anonymous_14)
FN:47,(anonymous_15)
FN:83,(anonymous_16)
FN:83,(anonymous_17)
FN:85,(anonymous_18)
FNF:19
FNH:0
FNDA:0,(anonymous_0)
FNDA:0,adopt
FNDA:0,(anonymous_2)
FNDA:0,(anonymous_3)
FNDA:0,fulfilled
FNDA:0,rejected
FNDA:0,step
FNDA:0,(anonymous_7)
FNDA:0,(anonymous_8)
FNDA:0,(anonymous_9)
FNDA:0,verb
FNDA:0,(anonymous_11)
FNDA:0,step
FNDA:0,(anonymous_13)
FNDA:0,(anonymous_14)
FNDA:0,(anonymous_15)
FNDA:0,(anonymous_16)
FNDA:0,(anonymous_17)
FNDA:0,(anonymous_18)
DA:2,0
DA:3,0
DA:4,0
DA:5,0
DA:6,0
DA:7,0
DA:8,0
DA:11,0
DA:12,0
DA:13,0
DA:14,0
DA:16,0
DA:17,0
DA:18,0
DA:19,0
DA:20,0
DA:21,0
DA:22,0
DA:23,0
DA:24,0
DA:26,0
DA:27,0
DA:28,0
DA:29,0
DA:30,0
DA:31,0
DA:33,0
DA:34,0
DA:35,0
DA:38,0
DA:39,0
DA:40,0
DA:41,0
DA:42,0
DA:43,0
DA:45,0
DA:47,0
DA:48,0
DA:50,0
DA:51,0
DA:52,0
DA:53,0
DA:58,0
DA:64,0
DA:65,0
DA:73,0
DA:74,0
DA:75,0
DA:79,0
DA:83,0
DA:85,0
DA:86,0
DA:88,0
DA:97,0
DA:98,0
DA:103,0
DA:115,0
DA:124,0
DA:125,0
LF:59
LH:0
BRDA:2,0,0,0
BRDA:2,0,1,0
BRDA:2,0,2,0
BRDA:3,1,0,0
BRDA:3,1,1,0
BRDA:4,2,0,0
BRDA:4,2,1,0
BRDA:7,3,0,0
BRDA:7,3,1,0
BRDA:8,4,0,0
BRDA:8,4,1,0
BRDA:11,5,0,0
BRDA:11,5,1,0
BRDA:11,5,2,0
BRDA:12,6,0,0
BRDA:12,6,1,0
BRDA:12,7,0,0
BRDA:12,7,1,0
BRDA:13,8,0,0
BRDA:13,8,1,0
BRDA:16,9,0,0
BRDA:16,9,1,0
BRDA:17,10,0,0
BRDA:17,10,1,0
BRDA:17,11,0,0
BRDA:17,11,1,0
BRDA:18,12,0,0
BRDA:18,12,1,0
BRDA:18,13,0,0
BRDA:18,13,1,0
BRDA:18,13,2,0
BRDA:18,14,0,0
BRDA:18,14,1,0
BRDA:18,15,0,0
BRDA:18,15,1,0
BRDA:18,16,0,0
BRDA:18,16,1,0
BRDA:18,17,0,0
BRDA:18,17,1,0
BRDA:19,18,0,0
BRDA:19,18,1,0
BRDA:20,19,0,0
BRDA:20,19,1,0
BRDA:20,19,2,0
BRDA:20,19,3,0
BRDA:20,19,4,0
BRDA:20,19,5,0
BRDA:26,20,0,0
BRDA:26,20,1,0
BRDA:26,21,0,0
BRDA:26,21,1,0
BRDA:26,21,2,0
BRDA:26,22,0,0
BRDA:26,22,1,0
BRDA:27,23,0,0
BRDA:27,23,1,0
BRDA:27,24,0,0
BRDA:27,24,1,0
BRDA:27,24,2,0
BRDA:27,24,3,0
BRDA:28,25,0,0
BRDA:28,25,1,0
BRDA:28,26,0,0
BRDA:28,26,1,0
BRDA:29,27,0,0
BRDA:29,27,1,0
BRDA:29,28,0,0
BRDA:29,28,1,0
BRDA:30,29,0,0
BRDA:30,29,1,0
BRDA:35,30,0,0
BRDA:35,30,1,0
BRDA:35,31,0,0
BRDA:35,31,1,0
BRDA:48,32,0,0
BRDA:48,32,1,0
BRDA:48,32,2,0
BRDA:48,32,3,0
BRDA:52,33,0,0
BRDA:52,33,1,0
BRDA:52,34,0,0
BRDA:52,34,1,0
BRDA:52,34,2,0
BRDA:91,35,0,0
BRDA:91,35,1,0
BRDA:91,36,0,0
BRDA:91,36,1,0
BRDA:92,37,0,0
BRDA:92,37,1,0
BRDA:92,38,0,0
BRDA:92,38,1,0
BRF:91
BRH:0
end_of_record
TN:
SF:__tests__\unit\server\api\compiled\routes\sessions\index.js
FN:2,(anonymous_0)
FN:3,adopt
FN:3,(anonymous_2)
FN:4,(anonymous_3)
FN:5,fulfilled
FN:6,rejected
FN:7,step
FN:11,(anonymous_7)
FN:12,(anonymous_8)
FN:13,(anonymous_9)
FN:14,verb
FN:14,(anonymous_11)
FN:15,step
FN:46,(anonymous_13)
FN:46,(anonymous_14)
FN:48,(anonymous_15)
FN:71,(anonymous_16)
FN:71,(anonymous_17)
FN:73,(anonymous_18)
FN:109,(anonymous_19)
FN:109,(anonymous_20)
FN:111,(anonymous_21)
FN:128,(anonymous_22)
FN:161,(anonymous_23)
FN:161,(anonymous_24)
FN:163,(anonymous_25)
FN:192,(anonymous_26)
FN:192,(anonymous_27)
FN:194,(anonymous_28)
FN:237,(anonymous_29)
FN:237,(anonymous_30)
FN:239,(anonymous_31)
FN:295,(anonymous_32)
FN:295,(anonymous_33)
FN:297,(anonymous_34)
FNF:35
FNH:0
FNDA:0,(anonymous_0)
FNDA:0,adopt
FNDA:0,(anonymous_2)
FNDA:0,(anonymous_3)
FNDA:0,fulfilled
FNDA:0,rejected
FNDA:0,step
FNDA:0,(anonymous_7)
FNDA:0,(anonymous_8)
FNDA:0,(anonymous_9)
FNDA:0,verb
FNDA:0,(anonymous_11)
FNDA:0,step
FNDA:0,(anonymous_13)
FNDA:0,(anonymous_14)
FNDA:0,(anonymous_15)
FNDA:0,(anonymous_16)
FNDA:0,(anonymous_17)
FNDA:0,(anonymous_18)
FNDA:0,(anonymous_19)
FNDA:0,(anonymous_20)
FNDA:0,(anonymous_21)
FNDA:0,(anonymous_22)
FNDA:0,(anonymous_23)
FNDA:0,(anonymous_24)
FNDA:0,(anonymous_25)
FNDA:0,(anonymous_26)
FNDA:0,(anonymous_27)
FNDA:0,(anonymous_28)
FNDA:0,(anonymous_29)
FNDA:0,(anonymous_30)
FNDA:0,(anonymous_31)
FNDA:0,(anonymous_32)
FNDA:0,(anonymous_33)
FNDA:0,(anonymous_34)
DA:2,0
DA:3,0
DA:4,0
DA:5,0
DA:6,0
DA:7,0
DA:8,0
DA:11,0
DA:12,0
DA:13,0
DA:14,0
DA:16,0
DA:17,0
DA:18,0
DA:19,0
DA:20,0
DA:21,0
DA:22,0
DA:23,0
DA:24,0
DA:26,0
DA:27,0
DA:28,0
DA:29,0
DA:30,0
DA:31,0
DA:33,0
DA:34,0
DA:35,0
DA:38,0
DA:39,0
DA:40,0
DA:41,0
DA:42,0
DA:43,0
DA:44,0
DA:46,0
DA:48,0
DA:49,0
DA:51,0
DA:52,0
DA:53,0
DA:54,0
DA:56,0
DA:60,0
DA:62,0
DA:63,0
DA:65,0
DA:69,0
DA:71,0
DA:73,0
DA:74,0
DA:76,0
DA:77,0
DA:78,0
DA:79,0
DA:81,0
DA:83,0
DA:84,0
DA:97,0
DA:98,0
DA:100,0
DA:101,0
DA:102,0
DA:103,0
DA:107,0
DA:109,0
DA:111,0
DA:112,0
DA:114,0
DA:115,0
DA:116,0
DA:117,0
DA:119,0
DA:124,0
DA:125,0
DA:126,0
DA:128,0
DA:129,0
DA:130,0
DA:140,0
DA:142,0
DA:146,0
DA:149,0
DA:150,0
DA:152,0
DA:153,0
DA:154,0
DA:155,0
DA:159,0
DA:161,0
DA:163,0
DA:164,0
DA:166,0
DA:167,0
DA:168,0
DA:177,0
DA:178,0
DA:179,0
DA:181,0
DA:183,0
DA:184,0
DA:185,0
DA:186,0
DA:190,0
DA:192,0
DA:194,0
DA:195,0
DA:197,0
DA:198,0
DA:199,0
DA:204,0
DA:205,0
DA:206,0
DA:209,0
DA:210,0
DA:212,0
DA:220,0
DA:222,0
DA:226,0
DA:228,0
DA:229,0
DA:230,0
DA:231,0
DA:235,0
DA:237,0
DA:239,0
DA:240,0
DA:242,0
DA:243,0
DA:244,0
DA:252,0
DA:253,0
DA:254,0
DA:257,0
DA:258,0
DA:261,0
DA:262,0
DA:264,0
DA:276,0
DA:278,0
DA:284,0
DA:286,0
DA:287,0
DA:288,0
DA:289,0
DA:293,0
DA:295,0
DA:297,0
DA:298,0
DA:300,0
DA:301,0
DA:302,0
DA:317,0
DA:318,0
DA:319,0
DA:323,0
DA:329,0
DA:330,0
DA:331,0
DA:332,0
DA:336,0
DA:338,0
DA:339,0
DA:340,0
DA:341,0
DA:342,0
DA:343,0
DA:344,0
LF:169
LH:0
BRDA:2,0,0,0
BRDA:2,0,1,0
BRDA:2,0,2,0
BRDA:3,1,0,0
BRDA:3,1,1,0
BRDA:4,2,0,0
BRDA:4,2,1,0
BRDA:7,3,0,0
BRDA:7,3,1,0
BRDA:8,4,0,0
BRDA:8,4,1,0
BRDA:11,5,0,0
BRDA:11,5,1,0
BRDA:11,5,2,0
BRDA:12,6,0,0
BRDA:12,6,1,0
BRDA:12,7,0,0
BRDA:12,7,1,0
BRDA:13,8,0,0
BRDA:13,8,1,0
BRDA:16,9,0,0
BRDA:16,9,1,0
BRDA:17,10,0,0
BRDA:17,10,1,0
BRDA:17,11,0,0
BRDA:17,11,1,0
BRDA:18,12,0,0
BRDA:18,12,1,0
BRDA:18,13,0,0
BRDA:18,13,1,0
BRDA:18,13,2,0
BRDA:18,14,0,0
BRDA:18,14,1,0
BRDA:18,15,0,0
BRDA:18,15,1,0
BRDA:18,16,0,0
BRDA:18,16,1,0
BRDA:18,17,0,0
BRDA:18,17,1,0
BRDA:19,18,0,0
BRDA:19,18,1,0
BRDA:20,19,0,0
BRDA:20,19,1,0
BRDA:20,19,2,0
BRDA:20,19,3,0
BRDA:20,19,4,0
BRDA:20,19,5,0
BRDA:26,20,0,0
BRDA:26,20,1,0
BRDA:26,21,0,0
BRDA:26,21,1,0
BRDA:26,21,2,0
BRDA:26,22,0,0
BRDA:26,22,1,0
BRDA:27,23,0,0
BRDA:27,23,1,0
BRDA:27,24,0,0
BRDA:27,24,1,0
BRDA:27,24,2,0
BRDA:27,24,3,0
BRDA:28,25,0,0
BRDA:28,25,1,0
BRDA:28,26,0,0
BRDA:28,26,1,0
BRDA:29,27,0,0
BRDA:29,27,1,0
BRDA:29,28,0,0
BRDA:29,28,1,0
BRDA:30,29,0,0
BRDA:30,29,1,0
BRDA:35,30,0,0
BRDA:35,30,1,0
BRDA:35,31,0,0
BRDA:35,31,1,0
BRDA:49,32,0,0
BRDA:49,32,1,0
BRDA:62,33,0,0
BRDA:62,33,1,0
BRDA:74,34,0,0
BRDA:74,34,1,0
BRDA:74,34,2,0
BRDA:74,34,3,0
BRDA:74,34,4,0
BRDA:78,35,0,0
BRDA:78,35,1,0
BRDA:112,36,0,0
BRDA:112,36,1,0
BRDA:112,36,2,0
BRDA:112,36,3,0
BRDA:112,36,4,0
BRDA:112,36,5,0
BRDA:112,36,6,0
BRDA:116,37,0,0
BRDA:116,37,1,0
BRDA:116,38,0,0
BRDA:116,38,1,0
BRDA:125,39,0,0
BRDA:125,39,1,0
BRDA:129,40,0,0
BRDA:129,40,1,0
BRDA:164,41,0,0
BRDA:164,41,1,0
BRDA:164,41,2,0
BRDA:164,41,3,0
BRDA:178,42,0,0
BRDA:178,42,1,0
BRDA:195,43,0,0
BRDA:195,43,1,0
BRDA:195,43,2,0
BRDA:195,43,3,0
BRDA:195,43,4,0
BRDA:205,44,0,0
BRDA:205,44,1,0
BRDA:209,45,0,0
BRDA:209,45,1,0
BRDA:240,46,0,0
BRDA:240,46,1,0
BRDA:240,46,2,0
BRDA:240,46,3,0
BRDA:240,46,4,0
BRDA:253,47,0,0
BRDA:253,47,1,0
BRDA:257,48,0,0
BRDA:257,48,1,0
BRDA:261,49,0,0
BRDA:261,49,1,0
BRDA:298,50,0,0
BRDA:298,50,1,0
BRDA:298,50,2,0
BRDA:298,50,3,0
BRDA:318,51,0,0
BRDA:318,51,1,0
BRF:132
BRH:0
end_of_record
TN:
SF:middleware\auth.ts
FN:13,(anonymous_7)
FN:13,(anonymous_8)
FN:63,(anonymous_9)
FN:63,(anonymous_10)
FN:113,(anonymous_11)
FN:113,(anonymous_12)
FNF:6
FNH:6
FNDA:4,(anonymous_7)
FNDA:4,(anonymous_8)
FNDA:3,(anonymous_9)
FNDA:3,(anonymous_10)
FNDA:3,(anonymous_11)
FNDA:3,(anonymous_12)
DA:2,1
DA:4,1
DA:13,4
DA:14,4
DA:16,4
DA:18,4
DA:19,1
DA:26,3
DA:30,2
DA:31,1
DA:38,1
DA:44,1
DA:46,1
DA:48,1
DA:49,1
DA:63,3
DA:64,3
DA:65,3
DA:66,3
DA:68,3
DA:69,1
DA:76,2
DA:86,2
DA:87,1
DA:94,1
DA:96,1
DA:98,0
DA:99,0
DA:113,3
DA:114,3
DA:115,3
DA:116,3
DA:118,3
DA:119,1
DA:126,2
DA:133,2
DA:134,1
DA:141,1
DA:143,1
DA:145,0
DA:146,0
LF:41
LH:37
BRDA:18,0,0,1
BRDA:30,1,0,1
BRDA:68,2,0,1
BRDA:68,3,0,3
BRDA:68,3,1,3
BRDA:86,4,0,1
BRDA:118,5,0,1
BRDA:118,6,0,3
BRDA:118,6,1,3
BRDA:133,7,0,1
BRF:10
BRH:10
end_of_record
TN:
SF:prisma\prisma-production.js
FN:79,setupProductionPrisma
FNF:1
FNH:0
FNDA:0,setupProductionPrisma
DA:9,0
DA:10,0
DA:11,0
DA:14,0
DA:80,0
DA:82,0
DA:83,0
DA:84,0
DA:85,0
DA:86,0
DA:90,0
DA:91,0
DA:93,0
DA:94,0
DA:95,0
DA:96,0
DA:97,0
DA:98,0
DA:99,0
DA:101,0
DA:102,0
DA:107,0
LF:22
LH:0
BRDA:82,0,0,0
BRDA:82,0,1,0
BRF:2
BRH:0
end_of_record
TN:
SF:routes\index.ts
FNF:0
FNH:0
DA:1,1
DA:2,1
DA:3,1
DA:5,1
DA:8,1
DA:11,1
DA:15,1
LF:7
LH:7
BRF:0
BRH:0
end_of_record
TN:
SF:routes\auth\index.ts
FN:9,(anonymous_8)
FN:9,(anonymous_9)
FN:43,(anonymous_10)
FN:43,(anonymous_11)
FNF:4
FNH:4
FNDA:4,(anonymous_8)
FNDA:4,(anonymous_9)
FNDA:1,(anonymous_10)
FNDA:1,(anonymous_11)
DA:1,1
DA:2,1
DA:3,1
DA:5,1
DA:6,1
DA:9,4
DA:10,4
DA:11,4
DA:13,4
DA:14,2
DA:21,2
DA:27,1
DA:35,1
DA:36,1
DA:43,1
DA:44,1
DA:46,1
DA:54,0
DA:55,0
DA:71,1
DA:81,1
DA:83,1
LF:22
LH:20
BRDA:13,0,0,2
BRDA:13,1,0,4
BRDA:13,1,1,2
BRDA:13,1,2,2
BRDA:49,2,0,0
BRDA:49,2,1,1
BRDA:49,3,0,1
BRDA:49,3,1,1
BRDA:50,4,0,0
BRDA:50,4,1,1
BRDA:50,5,0,1
BRDA:50,5,1,1
BRF:12
BRH:10
end_of_record
TN:
SF:routes\sessions\index.ts
FN:12,(anonymous_8)
FN:12,(anonymous_9)
FN:34,(anonymous_10)
FN:34,(anonymous_11)
FN:67,(anonymous_12)
FN:67,(anonymous_13)
FN:86,(anonymous_14)
FN:118,(anonymous_15)
FN:118,(anonymous_16)
FN:143,(anonymous_17)
FN:143,(anonymous_18)
FN:184,(anonymous_19)
FN:184,(anonymous_20)
FN:239,(anonymous_21)
FN:239,(anonymous_22)
FNF:15
FNH:15
FNDA:9,(anonymous_8)
FNDA:9,(anonymous_9)
FNDA:8,(anonymous_10)
FNDA:8,(anonymous_11)
FNDA:8,(anonymous_12)
FNDA:8,(anonymous_13)
FNDA:6,(anonymous_14)
FNDA:4,(anonymous_15)
FNDA:4,(anonymous_16)
FNDA:6,(anonymous_17)
FNDA:6,(anonymous_18)
FNDA:7,(anonymous_19)
FNDA:7,(anonymous_20)
FNDA:5,(anonymous_21)
FNDA:5,(anonymous_22)
DA:1,5
DA:2,5
DA:3,5
DA:5,5
DA:6,5
DA:12,9
DA:14,9
DA:15,9
DA:16,9
DA:17,54
DA:21,9
DA:26,9
DA:27,1
DA:30,8
DA:34,8
DA:35,8
DA:36,8
DA:38,8
DA:39,2
DA:43,6
DA:46,6
DA:59,5
DA:61,1
DA:62,1
DA:67,8
DA:68,8
DA:69,8
DA:71,8
DA:72,2
DA:76,6
DA:81,6
DA:82,1
DA:86,6
DA:88,5
DA:90,4
DA:101,4
DA:106,4
DA:109,1
DA:112,0
DA:113,0
DA:118,5
DA:119,4
DA:120,4
DA:122,4
DA:131,4
DA:132,3
DA:135,1
DA:137,0
DA:138,0
DA:143,6
DA:144,6
DA:145,6
DA:147,6
DA:152,6
DA:153,1
DA:157,5
DA:158,2
DA:162,3
DA:171,3
DA:176,3
DA:178,0
DA:179,0
DA:184,7
DA:185,7
DA:186,7
DA:188,7
DA:196,7
DA:197,1
DA:201,6
DA:202,1
DA:206,5
DA:207,2
DA:211,3
DA:224,3
DA:231,3
DA:233,0
DA:234,0
DA:239,5
DA:240,5
DA:241,5
DA:243,5
DA:258,5
DA:259,3
DA:265,2
DA:271,0
DA:272,0
DA:277,5
DA:278,5
DA:279,5
DA:280,5
DA:281,5
DA:282,5
DA:284,5
LF:93
LH:83
BRDA:26,0,0,1
BRDA:38,1,0,2
BRDA:71,2,0,2
BRDA:71,3,0,8
BRDA:71,3,1,7
BRDA:81,4,0,1
BRDA:88,5,0,4
BRDA:88,5,1,1
BRDA:131,6,0,3
BRDA:152,7,0,1
BRDA:157,8,0,2
BRDA:196,9,0,1
BRDA:201,10,0,1
BRDA:206,11,0,2
BRDA:258,12,0,3
BRF:15
BRH:15
end_of_record
TN:
SF:scripts\generate-keys.js
FN:11,(anonymous_0)
FNF:1
FNH:1
FNDA:2,(anonymous_0)
DA:8,2
DA:11,2
DA:12,2
DA:15,2
DA:17,2
DA:18,2
DA:19,2
LF:7
LH:7
BRF:0
BRH:0
end_of_record
