{"/Users/ludo/code/jam-literaria/app/src/components/ProtectedRoute.jsx": {"path":"/Users/ludo/code/jam-literaria/app/src/components/ProtectedRoute.jsx","statementMap":{"0":{"start":{"line":5,"column":23},"end":{"line":28,"column":null}},"1":{"start":{"line":6,"column":35},"end":{"line":6,"column":null}},"2":{"start":{"line":7,"column":12},"end":{"line":7,"column":null}},"3":{"start":{"line":8,"column":8},"end":{"line":8,"column":null}},"4":{"start":{"line":11,"column":2},"end":{"line":13,"column":null}},"5":{"start":{"line":12,"column":4},"end":{"line":12,"column":null}},"6":{"start":{"line":16,"column":2},"end":{"line":24,"column":null}},"7":{"start":{"line":18,"column":4},"end":{"line":22,"column":null}},"8":{"start":{"line":20,"column":26},"end":{"line":20,"column":null}},"9":{"start":{"line":21,"column":6},"end":{"line":21,"column":null}},"10":{"start":{"line":23,"column":4},"end":{"line":23,"column":null}},"11":{"start":{"line":27,"column":2},"end":{"line":27,"column":null}}},"fnMap":{"0":{"name":"(anonymous_0)","decl":{"start":{"line":5,"column":23},"end":{"line":5,"column":29}},"loc":{"start":{"line":5,"column":29},"end":{"line":28,"column":null}},"line":5}},"branchMap":{"0":{"loc":{"start":{"line":11,"column":2},"end":{"line":13,"column":null}},"type":"if","locations":[{"start":{"line":11,"column":2},"end":{"line":13,"column":null}},{"start":{},"end":{}}],"line":11},"1":{"loc":{"start":{"line":16,"column":2},"end":{"line":24,"column":null}},"type":"if","locations":[{"start":{"line":16,"column":2},"end":{"line":24,"column":null}},{"start":{},"end":{}}],"line":16},"2":{"loc":{"start":{"line":18,"column":4},"end":{"line":22,"column":null}},"type":"if","locations":[{"start":{"line":18,"column":4},"end":{"line":22,"column":null}},{"start":{},"end":{}}],"line":18}},"s":{"0":1,"1":8,"2":8,"3":8,"4":8,"5":1,"6":7,"7":4,"8":2,"9":2,"10":4,"11":3},"f":{"0":8},"b":{"0":[1,7],"1":[4,3],"2":[2,2]},"meta":{"lastBranch":3,"lastFunction":1,"lastStatement":12,"seen":{"s:5:23:28:Infinity":0,"f:5:23:5:29":0,"s:6:35:6:Infinity":1,"s:7:12:7:Infinity":2,"s:8:8:8:Infinity":3,"b:11:2:13:Infinity:undefined:undefined:undefined:undefined":0,"s:11:2:13:Infinity":4,"s:12:4:12:Infinity":5,"b:16:2:24:Infinity:undefined:undefined:undefined:undefined":1,"s:16:2:24:Infinity":6,"b:18:4:22:Infinity:undefined:undefined:undefined:undefined":2,"s:18:4:22:Infinity":7,"s:20:26:20:Infinity":8,"s:21:6:21:Infinity":9,"s:23:4:23:Infinity":10,"s:27:2:27:Infinity":11}}}
,"/Users/ludo/code/jam-literaria/app/src/components/common/Button.css": {"path":"/Users/ludo/code/jam-literaria/app/src/components/common/Button.css","statementMap":{},"fnMap":{},"branchMap":{},"s":{},"f":{},"b":{},"meta":{"lastBranch":0,"lastFunction":0,"lastStatement":0,"seen":{}}}
,"/Users/ludo/code/jam-literaria/app/src/components/common/Button.jsx": {"path":"/Users/ludo/code/jam-literaria/app/src/components/common/Button.jsx","statementMap":{"0":{"start":{"line":4,"column":15},"end":{"line":23,"column":null}},"1":{"start":{"line":13,"column":2},"end":{"line":21,"column":null}}},"fnMap":{"0":{"name":"(anonymous_0)","decl":{"start":{"line":4,"column":15},"end":{"line":4,"column":16}},"loc":{"start":{"line":12,"column":6},"end":{"line":23,"column":null}},"line":12}},"branchMap":{"0":{"loc":{"start":{"line":6,"column":2},"end":{"line":6,"column":null}},"type":"default-arg","locations":[{"start":{"line":6,"column":9},"end":{"line":6,"column":null}}],"line":6},"1":{"loc":{"start":{"line":8,"column":2},"end":{"line":8,"column":null}},"type":"default-arg","locations":[{"start":{"line":8,"column":13},"end":{"line":8,"column":null}}],"line":8},"2":{"loc":{"start":{"line":9,"column":2},"end":{"line":9,"column":null}},"type":"default-arg","locations":[{"start":{"line":9,"column":14},"end":{"line":9,"column":null}}],"line":9},"3":{"loc":{"start":{"line":10,"column":2},"end":{"line":10,"column":null}},"type":"default-arg","locations":[{"start":{"line":10,"column":12},"end":{"line":10,"column":null}}],"line":10},"4":{"loc":{"start":{"line":11,"column":2},"end":{"line":11,"column":null}},"type":"default-arg","locations":[{"start":{"line":11,"column":9},"end":{"line":11,"column":null}}],"line":11}},"s":{"0":1,"1":14},"f":{"0":14},"b":{"0":[14],"1":[14],"2":[14],"3":[14],"4":[14]},"meta":{"lastBranch":5,"lastFunction":1,"lastStatement":2,"seen":{"s:4:15:23:Infinity":0,"f:4:15:4:16":0,"b:6:9:6:Infinity":0,"b:8:13:8:Infinity":1,"b:9:14:9:Infinity":2,"b:10:12:10:Infinity":3,"b:11:9:11:Infinity":4,"s:13:2:21:Infinity":1}}}
,"/Users/ludo/code/jam-literaria/app/src/components/common/LoadingSpinner.css": {"path":"/Users/ludo/code/jam-literaria/app/src/components/common/LoadingSpinner.css","statementMap":{},"fnMap":{},"branchMap":{},"s":{},"f":{},"b":{},"meta":{"lastBranch":0,"lastFunction":0,"lastStatement":0,"seen":{}}}
,"/Users/ludo/code/jam-literaria/app/src/components/common/LoadingSpinner.jsx": {"path":"/Users/ludo/code/jam-literaria/app/src/components/common/LoadingSpinner.jsx","statementMap":{"0":{"start":{"line":4,"column":23},"end":{"line":10,"column":null}},"1":{"start":{"line":5,"column":2},"end":{"line":8,"column":null}}},"fnMap":{"0":{"name":"(anonymous_0)","decl":{"start":{"line":4,"column":23},"end":{"line":4,"column":24}},"loc":{"start":{"line":4,"column":67},"end":{"line":10,"column":null}},"line":4}},"branchMap":{"0":{"loc":{"start":{"line":4,"column":26},"end":{"line":4,"column":43}},"type":"default-arg","locations":[{"start":{"line":4,"column":33},"end":{"line":4,"column":43}}],"line":4},"1":{"loc":{"start":{"line":4,"column":43},"end":{"line":4,"column":61}},"type":"default-arg","locations":[{"start":{"line":4,"column":51},"end":{"line":4,"column":61}}],"line":4}},"s":{"0":1,"1":10},"f":{"0":10},"b":{"0":[10],"1":[10]},"meta":{"lastBranch":2,"lastFunction":1,"lastStatement":2,"seen":{"s:4:23:10:Infinity":0,"f:4:23:4:24":0,"b:4:33:4:43":0,"b:4:51:4:61":1,"s:5:2:8:Infinity":1}}}
,"/Users/ludo/code/jam-literaria/app/src/components/common/TextArea.css": {"path":"/Users/ludo/code/jam-literaria/app/src/components/common/TextArea.css","statementMap":{},"fnMap":{},"branchMap":{},"s":{},"f":{},"b":{},"meta":{"lastBranch":0,"lastFunction":0,"lastStatement":0,"seen":{}}}
,"/Users/ludo/code/jam-literaria/app/src/components/common/TextArea.jsx": {"path":"/Users/ludo/code/jam-literaria/app/src/components/common/TextArea.jsx","statementMap":{"0":{"start":{"line":4,"column":17},"end":{"line":52,"column":null}},"1":{"start":{"line":13,"column":8},"end":{"line":13,"column":null}},"2":{"start":{"line":16,"column":21},"end":{"line":30,"column":null}},"3":{"start":{"line":17,"column":21},"end":{"line":17,"column":null}},"4":{"start":{"line":18,"column":4},"end":{"line":18,"column":null}},"5":{"start":{"line":18,"column":19},"end":{"line":18,"column":null}},"6":{"start":{"line":21,"column":4},"end":{"line":21,"column":null}},"7":{"start":{"line":24,"column":22},"end":{"line":27,"column":null}},"8":{"start":{"line":29,"column":4},"end":{"line":29,"column":null}},"9":{"start":{"line":33,"column":2},"end":{"line":35,"column":null}},"10":{"start":{"line":34,"column":4},"end":{"line":34,"column":null}},"11":{"start":{"line":37,"column":2},"end":{"line":50,"column":null}}},"fnMap":{"0":{"name":"(anonymous_0)","decl":{"start":{"line":4,"column":17},"end":{"line":4,"column":18}},"loc":{"start":{"line":12,"column":6},"end":{"line":52,"column":null}},"line":12},"1":{"name":"(anonymous_1)","decl":{"start":{"line":16,"column":21},"end":{"line":16,"column":27}},"loc":{"start":{"line":16,"column":27},"end":{"line":30,"column":null}},"line":16},"2":{"name":"(anonymous_2)","decl":{"start":{"line":33,"column":12},"end":{"line":33,"column":18}},"loc":{"start":{"line":33,"column":18},"end":{"line":35,"column":5}},"line":33}},"branchMap":{"0":{"loc":{"start":{"line":9,"column":2},"end":{"line":9,"column":null}},"type":"default-arg","locations":[{"start":{"line":9,"column":13},"end":{"line":9,"column":null}}],"line":9},"1":{"loc":{"start":{"line":10,"column":2},"end":{"line":10,"column":null}},"type":"default-arg","locations":[{"start":{"line":10,"column":14},"end":{"line":10,"column":null}}],"line":10},"2":{"loc":{"start":{"line":11,"column":2},"end":{"line":11,"column":null}},"type":"default-arg","locations":[{"start":{"line":11,"column":14},"end":{"line":11,"column":null}}],"line":11},"3":{"loc":{"start":{"line":18,"column":4},"end":{"line":18,"column":null}},"type":"if","locations":[{"start":{"line":18,"column":4},"end":{"line":18,"column":null}},{"start":{},"end":{}}],"line":18},"4":{"loc":{"start":{"line":46,"column":43},"end":{"line":46,"column":69}},"type":"cond-expr","locations":[{"start":{"line":46,"column":54},"end":{"line":46,"column":67}},{"start":{"line":46,"column":67},"end":{"line":46,"column":69}}],"line":46}},"s":{"0":1,"1":20,"2":20,"3":34,"4":34,"5":0,"6":34,"7":34,"8":34,"9":20,"10":20,"11":20},"f":{"0":20,"1":34,"2":20},"b":{"0":[20],"1":[20],"2":[20],"3":[0,34],"4":[2,18]},"meta":{"lastBranch":5,"lastFunction":3,"lastStatement":12,"seen":{"s:4:17:52:Infinity":0,"f:4:17:4:18":0,"b:9:13:9:Infinity":0,"b:10:14:10:Infinity":1,"b:11:14:11:Infinity":2,"s:13:8:13:Infinity":1,"s:16:21:30:Infinity":2,"f:16:21:16:27":1,"s:17:21:17:Infinity":3,"b:18:4:18:Infinity:undefined:undefined:undefined:undefined":3,"s:18:4:18:Infinity":4,"s:18:19:18:Infinity":5,"s:21:4:21:Infinity":6,"s:24:22:27:Infinity":7,"s:29:4:29:Infinity":8,"s:33:2:35:Infinity":9,"f:33:12:33:18":2,"s:34:4:34:Infinity":10,"s:37:2:50:Infinity":11,"b:46:54:46:67:46:67:46:69":4}}}
}
