{"/Users/ludo/code/jam-literaria/app/src/components/ProtectedRoute.jsx": {"path":"/Users/ludo/code/jam-literaria/app/src/components/ProtectedRoute.jsx","statementMap":{"0":{"start":{"line":5,"column":23},"end":{"line":28,"column":null}},"1":{"start":{"line":6,"column":35},"end":{"line":6,"column":null}},"2":{"start":{"line":7,"column":12},"end":{"line":7,"column":null}},"3":{"start":{"line":8,"column":8},"end":{"line":8,"column":null}},"4":{"start":{"line":11,"column":2},"end":{"line":13,"column":null}},"5":{"start":{"line":12,"column":4},"end":{"line":12,"column":null}},"6":{"start":{"line":16,"column":2},"end":{"line":24,"column":null}},"7":{"start":{"line":18,"column":4},"end":{"line":22,"column":null}},"8":{"start":{"line":20,"column":26},"end":{"line":20,"column":null}},"9":{"start":{"line":21,"column":6},"end":{"line":21,"column":null}},"10":{"start":{"line":23,"column":4},"end":{"line":23,"column":null}},"11":{"start":{"line":27,"column":2},"end":{"line":27,"column":null}}},"fnMap":{"0":{"name":"(anonymous_0)","decl":{"start":{"line":5,"column":23},"end":{"line":5,"column":29}},"loc":{"start":{"line":5,"column":29},"end":{"line":28,"column":null}},"line":5}},"branchMap":{"0":{"loc":{"start":{"line":11,"column":2},"end":{"line":13,"column":null}},"type":"if","locations":[{"start":{"line":11,"column":2},"end":{"line":13,"column":null}},{"start":{},"end":{}}],"line":11},"1":{"loc":{"start":{"line":16,"column":2},"end":{"line":24,"column":null}},"type":"if","locations":[{"start":{"line":16,"column":2},"end":{"line":24,"column":null}},{"start":{},"end":{}}],"line":16},"2":{"loc":{"start":{"line":18,"column":4},"end":{"line":22,"column":null}},"type":"if","locations":[{"start":{"line":18,"column":4},"end":{"line":22,"column":null}},{"start":{},"end":{}}],"line":18}},"s":{"0":1,"1":8,"2":8,"3":8,"4":8,"5":1,"6":7,"7":4,"8":2,"9":2,"10":4,"11":3},"f":{"0":8},"b":{"0":[1,7],"1":[4,3],"2":[2,2]},"meta":{"lastBranch":3,"lastFunction":1,"lastStatement":12,"seen":{"s:5:23:28:Infinity":0,"f:5:23:5:29":0,"s:6:35:6:Infinity":1,"s:7:12:7:Infinity":2,"s:8:8:8:Infinity":3,"b:11:2:13:Infinity:undefined:undefined:undefined:undefined":0,"s:11:2:13:Infinity":4,"s:12:4:12:Infinity":5,"b:16:2:24:Infinity:undefined:undefined:undefined:undefined":1,"s:16:2:24:Infinity":6,"b:18:4:22:Infinity:undefined:undefined:undefined:undefined":2,"s:18:4:22:Infinity":7,"s:20:26:20:Infinity":8,"s:21:6:21:Infinity":9,"s:23:4:23:Infinity":10,"s:27:2:27:Infinity":11}}}
,"/Users/ludo/code/jam-literaria/app/src/components/common/Button.css": {"path":"/Users/ludo/code/jam-literaria/app/src/components/common/Button.css","statementMap":{},"fnMap":{},"branchMap":{},"s":{},"f":{},"b":{},"meta":{"lastBranch":0,"lastFunction":0,"lastStatement":0,"seen":{}}}
,"/Users/ludo/code/jam-literaria/app/src/components/common/Button.jsx": {"path":"/Users/ludo/code/jam-literaria/app/src/components/common/Button.jsx","statementMap":{"0":{"start":{"line":4,"column":15},"end":{"line":23,"column":null}},"1":{"start":{"line":13,"column":2},"end":{"line":21,"column":null}}},"fnMap":{"0":{"name":"(anonymous_0)","decl":{"start":{"line":4,"column":15},"end":{"line":4,"column":16}},"loc":{"start":{"line":12,"column":6},"end":{"line":23,"column":null}},"line":12}},"branchMap":{"0":{"loc":{"start":{"line":6,"column":2},"end":{"line":6,"column":null}},"type":"default-arg","locations":[{"start":{"line":6,"column":9},"end":{"line":6,"column":null}}],"line":6},"1":{"loc":{"start":{"line":8,"column":2},"end":{"line":8,"column":null}},"type":"default-arg","locations":[{"start":{"line":8,"column":13},"end":{"line":8,"column":null}}],"line":8},"2":{"loc":{"start":{"line":9,"column":2},"end":{"line":9,"column":null}},"type":"default-arg","locations":[{"start":{"line":9,"column":14},"end":{"line":9,"column":null}}],"line":9},"3":{"loc":{"start":{"line":10,"column":2},"end":{"line":10,"column":null}},"type":"default-arg","locations":[{"start":{"line":10,"column":12},"end":{"line":10,"column":null}}],"line":10},"4":{"loc":{"start":{"line":11,"column":2},"end":{"line":11,"column":null}},"type":"default-arg","locations":[{"start":{"line":11,"column":9},"end":{"line":11,"column":null}}],"line":11}},"s":{"0":1,"1":14},"f":{"0":14},"b":{"0":[14],"1":[14],"2":[14],"3":[14],"4":[14]},"meta":{"lastBranch":5,"lastFunction":1,"lastStatement":2,"seen":{"s:4:15:23:Infinity":0,"f:4:15:4:16":0,"b:6:9:6:Infinity":0,"b:8:13:8:Infinity":1,"b:9:14:9:Infinity":2,"b:10:12:10:Infinity":3,"b:11:9:11:Infinity":4,"s:13:2:21:Infinity":1}}}
,"/Users/ludo/code/jam-literaria/app/src/components/common/LoadingSpinner.css": {"path":"/Users/ludo/code/jam-literaria/app/src/components/common/LoadingSpinner.css","statementMap":{},"fnMap":{},"branchMap":{},"s":{},"f":{},"b":{},"meta":{"lastBranch":0,"lastFunction":0,"lastStatement":0,"seen":{}}}
,"/Users/ludo/code/jam-literaria/app/src/components/common/LoadingSpinner.jsx": {"path":"/Users/ludo/code/jam-literaria/app/src/components/common/LoadingSpinner.jsx","statementMap":{"0":{"start":{"line":4,"column":23},"end":{"line":10,"column":null}},"1":{"start":{"line":5,"column":2},"end":{"line":8,"column":null}}},"fnMap":{"0":{"name":"(anonymous_0)","decl":{"start":{"line":4,"column":23},"end":{"line":4,"column":24}},"loc":{"start":{"line":4,"column":67},"end":{"line":10,"column":null}},"line":4}},"branchMap":{"0":{"loc":{"start":{"line":4,"column":26},"end":{"line":4,"column":43}},"type":"default-arg","locations":[{"start":{"line":4,"column":33},"end":{"line":4,"column":43}}],"line":4},"1":{"loc":{"start":{"line":4,"column":43},"end":{"line":4,"column":61}},"type":"default-arg","locations":[{"start":{"line":4,"column":51},"end":{"line":4,"column":61}}],"line":4}},"s":{"0":1,"1":10},"f":{"0":10},"b":{"0":[10],"1":[10]},"meta":{"lastBranch":2,"lastFunction":1,"lastStatement":2,"seen":{"s:4:23:10:Infinity":0,"f:4:23:4:24":0,"b:4:33:4:43":0,"b:4:51:4:61":1,"s:5:2:8:Infinity":1}}}
,"/Users/ludo/code/jam-literaria/app/src/components/common/TextArea.css": {"path":"/Users/ludo/code/jam-literaria/app/src/components/common/TextArea.css","statementMap":{},"fnMap":{},"branchMap":{},"s":{},"f":{},"b":{},"meta":{"lastBranch":0,"lastFunction":0,"lastStatement":0,"seen":{}}}
,"/Users/ludo/code/jam-literaria/app/src/components/common/TextArea.jsx": {"path":"/Users/ludo/code/jam-literaria/app/src/components/common/TextArea.jsx","statementMap":{"0":{"start":{"line":4,"column":17},"end":{"line":52,"column":null}},"1":{"start":{"line":13,"column":8},"end":{"line":13,"column":null}},"2":{"start":{"line":16,"column":21},"end":{"line":30,"column":null}},"3":{"start":{"line":17,"column":21},"end":{"line":17,"column":null}},"4":{"start":{"line":18,"column":4},"end":{"line":18,"column":null}},"5":{"start":{"line":18,"column":19},"end":{"line":18,"column":null}},"6":{"start":{"line":21,"column":4},"end":{"line":21,"column":null}},"7":{"start":{"line":24,"column":22},"end":{"line":27,"column":null}},"8":{"start":{"line":29,"column":4},"end":{"line":29,"column":null}},"9":{"start":{"line":33,"column":2},"end":{"line":35,"column":null}},"10":{"start":{"line":34,"column":4},"end":{"line":34,"column":null}},"11":{"start":{"line":37,"column":2},"end":{"line":50,"column":null}}},"fnMap":{"0":{"name":"(anonymous_0)","decl":{"start":{"line":4,"column":17},"end":{"line":4,"column":18}},"loc":{"start":{"line":12,"column":6},"end":{"line":52,"column":null}},"line":12},"1":{"name":"(anonymous_1)","decl":{"start":{"line":16,"column":21},"end":{"line":16,"column":27}},"loc":{"start":{"line":16,"column":27},"end":{"line":30,"column":null}},"line":16},"2":{"name":"(anonymous_2)","decl":{"start":{"line":33,"column":12},"end":{"line":33,"column":18}},"loc":{"start":{"line":33,"column":18},"end":{"line":35,"column":5}},"line":33}},"branchMap":{"0":{"loc":{"start":{"line":9,"column":2},"end":{"line":9,"column":null}},"type":"default-arg","locations":[{"start":{"line":9,"column":13},"end":{"line":9,"column":null}}],"line":9},"1":{"loc":{"start":{"line":10,"column":2},"end":{"line":10,"column":null}},"type":"default-arg","locations":[{"start":{"line":10,"column":14},"end":{"line":10,"column":null}}],"line":10},"2":{"loc":{"start":{"line":11,"column":2},"end":{"line":11,"column":null}},"type":"default-arg","locations":[{"start":{"line":11,"column":14},"end":{"line":11,"column":null}}],"line":11},"3":{"loc":{"start":{"line":18,"column":4},"end":{"line":18,"column":null}},"type":"if","locations":[{"start":{"line":18,"column":4},"end":{"line":18,"column":null}},{"start":{},"end":{}}],"line":18},"4":{"loc":{"start":{"line":46,"column":43},"end":{"line":46,"column":69}},"type":"cond-expr","locations":[{"start":{"line":46,"column":54},"end":{"line":46,"column":67}},{"start":{"line":46,"column":67},"end":{"line":46,"column":69}}],"line":46}},"s":{"0":1,"1":20,"2":20,"3":34,"4":34,"5":0,"6":34,"7":34,"8":34,"9":20,"10":20,"11":20},"f":{"0":20,"1":34,"2":20},"b":{"0":[20],"1":[20],"2":[20],"3":[0,34],"4":[2,18]},"meta":{"lastBranch":5,"lastFunction":3,"lastStatement":12,"seen":{"s:4:17:52:Infinity":0,"f:4:17:4:18":0,"b:9:13:9:Infinity":0,"b:10:14:10:Infinity":1,"b:11:14:11:Infinity":2,"s:13:8:13:Infinity":1,"s:16:21:30:Infinity":2,"f:16:21:16:27":1,"s:17:21:17:Infinity":3,"b:18:4:18:Infinity:undefined:undefined:undefined:undefined":3,"s:18:4:18:Infinity":4,"s:18:19:18:Infinity":5,"s:21:4:21:Infinity":6,"s:24:22:27:Infinity":7,"s:29:4:29:Infinity":8,"s:33:2:35:Infinity":9,"f:33:12:33:18":2,"s:34:4:34:Infinity":10,"s:37:2:50:Infinity":11,"b:46:54:46:67:46:67:46:69":4}}}
,"/Users/ludo/code/jam-literaria/app/src/services/socketService.js": {"path":"/Users/ludo/code/jam-literaria/app/src/services/socketService.js","statementMap":{"0":{"start":{"line":5,"column":4},"end":{"line":5,"column":23}},"1":{"start":{"line":6,"column":4},"end":{"line":6,"column":23}},"2":{"start":{"line":7,"column":4},"end":{"line":13,"column":6}},"3":{"start":{"line":17,"column":4},"end":{"line":19,"column":5}},"4":{"start":{"line":18,"column":6},"end":{"line":18,"column":24}},"5":{"start":{"line":21,"column":4},"end":{"line":21,"column":25}},"6":{"start":{"line":22,"column":22},"end":{"line":22,"column":77}},"7":{"start":{"line":23,"column":4},"end":{"line":28,"column":7}},"8":{"start":{"line":31,"column":4},"end":{"line":33,"column":7}},"9":{"start":{"line":32,"column":6},"end":{"line":32,"column":38}},"10":{"start":{"line":35,"column":4},"end":{"line":37,"column":7}},"11":{"start":{"line":36,"column":6},"end":{"line":36,"column":41}},"12":{"start":{"line":39,"column":4},"end":{"line":44,"column":7}},"13":{"start":{"line":40,"column":6},"end":{"line":40,"column":44}},"14":{"start":{"line":41,"column":6},"end":{"line":43,"column":7}},"15":{"start":{"line":42,"column":8},"end":{"line":42,"column":38}},"16":{"start":{"line":46,"column":4},"end":{"line":51,"column":7}},"17":{"start":{"line":47,"column":6},"end":{"line":47,"column":40}},"18":{"start":{"line":48,"column":6},"end":{"line":50,"column":7}},"19":{"start":{"line":49,"column":8},"end":{"line":49,"column":42}},"20":{"start":{"line":53,"column":4},"end":{"line":58,"column":7}},"21":{"start":{"line":54,"column":6},"end":{"line":54,"column":38}},"22":{"start":{"line":55,"column":6},"end":{"line":57,"column":7}},"23":{"start":{"line":56,"column":8},"end":{"line":56,"column":40}},"24":{"start":{"line":60,"column":4},"end":{"line":65,"column":7}},"25":{"start":{"line":61,"column":6},"end":{"line":61,"column":42}},"26":{"start":{"line":62,"column":6},"end":{"line":64,"column":7}},"27":{"start":{"line":63,"column":8},"end":{"line":63,"column":44}},"28":{"start":{"line":67,"column":4},"end":{"line":72,"column":7}},"29":{"start":{"line":68,"column":6},"end":{"line":68,"column":44}},"30":{"start":{"line":69,"column":6},"end":{"line":71,"column":7}},"31":{"start":{"line":70,"column":8},"end":{"line":70,"column":46}},"32":{"start":{"line":76,"column":4},"end":{"line":79,"column":5}},"33":{"start":{"line":77,"column":6},"end":{"line":77,"column":31}},"34":{"start":{"line":78,"column":6},"end":{"line":78,"column":25}},"35":{"start":{"line":84,"column":4},"end":{"line":87,"column":5}},"36":{"start":{"line":85,"column":6},"end":{"line":85,"column":46}},"37":{"start":{"line":86,"column":6},"end":{"line":86,"column":13}},"38":{"start":{"line":89,"column":4},"end":{"line":89,"column":52}},"39":{"start":{"line":94,"column":4},"end":{"line":97,"column":5}},"40":{"start":{"line":95,"column":6},"end":{"line":95,"column":46}},"41":{"start":{"line":96,"column":6},"end":{"line":96,"column":13}},"42":{"start":{"line":99,"column":4},"end":{"line":99,"column":53}},"43":{"start":{"line":104,"column":4},"end":{"line":107,"column":5}},"44":{"start":{"line":105,"column":6},"end":{"line":105,"column":46}},"45":{"start":{"line":106,"column":6},"end":{"line":106,"column":13}},"46":{"start":{"line":109,"column":4},"end":{"line":109,"column":53}},"47":{"start":{"line":114,"column":4},"end":{"line":116,"column":5}},"48":{"start":{"line":115,"column":6},"end":{"line":115,"column":39}},"49":{"start":{"line":121,"column":22},"end":{"line":121,"column":41}}},"fnMap":{"0":{"name":"(anonymous_0)","decl":{"start":{"line":4,"column":2},"end":{"line":4,"column":13}},"loc":{"start":{"line":4,"column":16},"end":{"line":14,"column":3}},"line":4},"1":{"name":"(anonymous_1)","decl":{"start":{"line":16,"column":2},"end":{"line":16,"column":6}},"loc":{"start":{"line":16,"column":15},"end":{"line":73,"column":3}},"line":16},"2":{"name":"(anonymous_2)","decl":{"start":{"line":31,"column":30},"end":{"line":31,"column":31}},"loc":{"start":{"line":31,"column":36},"end":{"line":33,"column":5}},"line":31},"3":{"name":"(anonymous_3)","decl":{"start":{"line":35,"column":33},"end":{"line":35,"column":34}},"loc":{"start":{"line":35,"column":39},"end":{"line":37,"column":5}},"line":35},"4":{"name":"(anonymous_4)","decl":{"start":{"line":39,"column":28},"end":{"line":39,"column":29}},"loc":{"start":{"line":39,"column":39},"end":{"line":44,"column":5}},"line":39},"5":{"name":"(anonymous_5)","decl":{"start":{"line":46,"column":34},"end":{"line":46,"column":35}},"loc":{"start":{"line":46,"column":44},"end":{"line":51,"column":5}},"line":46},"6":{"name":"(anonymous_6)","decl":{"start":{"line":53,"column":32},"end":{"line":53,"column":33}},"loc":{"start":{"line":53,"column":42},"end":{"line":58,"column":5}},"line":53},"7":{"name":"(anonymous_7)","decl":{"start":{"line":60,"column":36},"end":{"line":60,"column":37}},"loc":{"start":{"line":60,"column":46},"end":{"line":65,"column":5}},"line":60},"8":{"name":"(anonymous_8)","decl":{"start":{"line":67,"column":38},"end":{"line":67,"column":39}},"loc":{"start":{"line":67,"column":48},"end":{"line":72,"column":5}},"line":67},"9":{"name":"(anonymous_9)","decl":{"start":{"line":75,"column":2},"end":{"line":75,"column":12}},"loc":{"start":{"line":75,"column":15},"end":{"line":80,"column":3}},"line":75},"10":{"name":"(anonymous_10)","decl":{"start":{"line":83,"column":2},"end":{"line":83,"column":13}},"loc":{"start":{"line":83,"column":25},"end":{"line":90,"column":3}},"line":83},"11":{"name":"(anonymous_11)","decl":{"start":{"line":93,"column":2},"end":{"line":93,"column":14}},"loc":{"start":{"line":93,"column":26},"end":{"line":100,"column":3}},"line":93},"12":{"name":"(anonymous_12)","decl":{"start":{"line":103,"column":2},"end":{"line":103,"column":14}},"loc":{"start":{"line":103,"column":26},"end":{"line":110,"column":3}},"line":103},"13":{"name":"(anonymous_13)","decl":{"start":{"line":113,"column":2},"end":{"line":113,"column":4}},"loc":{"start":{"line":113,"column":22},"end":{"line":117,"column":3}},"line":113}},"branchMap":{"0":{"loc":{"start":{"line":17,"column":4},"end":{"line":19,"column":5}},"type":"if","locations":[{"start":{"line":17,"column":4},"end":{"line":19,"column":5}},{"start":{},"end":{}}],"line":17},"1":{"loc":{"start":{"line":22,"column":22},"end":{"line":22,"column":77}},"type":"binary-expr","locations":[{"start":{"line":22,"column":22},"end":{"line":22,"column":50}},{"start":{"line":22,"column":54},"end":{"line":22,"column":77}}],"line":22},"2":{"loc":{"start":{"line":41,"column":6},"end":{"line":43,"column":7}},"type":"if","locations":[{"start":{"line":41,"column":6},"end":{"line":43,"column":7}},{"start":{},"end":{}}],"line":41},"3":{"loc":{"start":{"line":48,"column":6},"end":{"line":50,"column":7}},"type":"if","locations":[{"start":{"line":48,"column":6},"end":{"line":50,"column":7}},{"start":{},"end":{}}],"line":48},"4":{"loc":{"start":{"line":55,"column":6},"end":{"line":57,"column":7}},"type":"if","locations":[{"start":{"line":55,"column":6},"end":{"line":57,"column":7}},{"start":{},"end":{}}],"line":55},"5":{"loc":{"start":{"line":62,"column":6},"end":{"line":64,"column":7}},"type":"if","locations":[{"start":{"line":62,"column":6},"end":{"line":64,"column":7}},{"start":{},"end":{}}],"line":62},"6":{"loc":{"start":{"line":69,"column":6},"end":{"line":71,"column":7}},"type":"if","locations":[{"start":{"line":69,"column":6},"end":{"line":71,"column":7}},{"start":{},"end":{}}],"line":69},"7":{"loc":{"start":{"line":76,"column":4},"end":{"line":79,"column":5}},"type":"if","locations":[{"start":{"line":76,"column":4},"end":{"line":79,"column":5}},{"start":{},"end":{}}],"line":76},"8":{"loc":{"start":{"line":84,"column":4},"end":{"line":87,"column":5}},"type":"if","locations":[{"start":{"line":84,"column":4},"end":{"line":87,"column":5}},{"start":{},"end":{}}],"line":84},"9":{"loc":{"start":{"line":94,"column":4},"end":{"line":97,"column":5}},"type":"if","locations":[{"start":{"line":94,"column":4},"end":{"line":97,"column":5}},{"start":{},"end":{}}],"line":94},"10":{"loc":{"start":{"line":104,"column":4},"end":{"line":107,"column":5}},"type":"if","locations":[{"start":{"line":104,"column":4},"end":{"line":107,"column":5}},{"start":{},"end":{}}],"line":104},"11":{"loc":{"start":{"line":114,"column":4},"end":{"line":116,"column":5}},"type":"if","locations":[{"start":{"line":114,"column":4},"end":{"line":116,"column":5}},{"start":{},"end":{}}],"line":114}},"s":{"0":24,"1":24,"2":24,"3":14,"4":1,"5":14,"6":14,"7":14,"8":14,"9":0,"10":14,"11":0,"12":14,"13":1,"14":1,"15":1,"16":14,"17":2,"18":2,"19":1,"20":14,"21":1,"22":1,"23":1,"24":14,"25":1,"26":1,"27":1,"28":14,"29":1,"30":1,"31":1,"32":15,"33":14,"34":14,"35":2,"36":1,"37":1,"38":1,"39":2,"40":1,"41":1,"42":1,"43":2,"44":1,"45":1,"46":1,"47":11,"48":10,"49":24},"f":{"0":24,"1":14,"2":0,"3":0,"4":1,"5":2,"6":1,"7":1,"8":1,"9":15,"10":2,"11":2,"12":2,"13":11},"b":{"0":[1,13],"1":[14,0],"2":[1,0],"3":[1,1],"4":[1,0],"5":[1,0],"6":[1,0],"7":[14,1],"8":[1,1],"9":[1,1],"10":[1,1],"11":[10,1]},"meta":{"lastBranch":12,"lastFunction":14,"lastStatement":50,"seen":{"f:4:2:4:13":0,"s:5:4:5:23":0,"s:6:4:6:23":1,"s:7:4:13:6":2,"f:16:2:16:6":1,"b:17:4:19:5:undefined:undefined:undefined:undefined":0,"s:17:4:19:5":3,"s:18:6:18:24":4,"s:21:4:21:25":5,"s:22:22:22:77":6,"b:22:22:22:50:22:54:22:77":1,"s:23:4:28:7":7,"s:31:4:33:7":8,"f:31:30:31:31":2,"s:32:6:32:38":9,"s:35:4:37:7":10,"f:35:33:35:34":3,"s:36:6:36:41":11,"s:39:4:44:7":12,"f:39:28:39:29":4,"s:40:6:40:44":13,"b:41:6:43:7:undefined:undefined:undefined:undefined":2,"s:41:6:43:7":14,"s:42:8:42:38":15,"s:46:4:51:7":16,"f:46:34:46:35":5,"s:47:6:47:40":17,"b:48:6:50:7:undefined:undefined:undefined:undefined":3,"s:48:6:50:7":18,"s:49:8:49:42":19,"s:53:4:58:7":20,"f:53:32:53:33":6,"s:54:6:54:38":21,"b:55:6:57:7:undefined:undefined:undefined:undefined":4,"s:55:6:57:7":22,"s:56:8:56:40":23,"s:60:4:65:7":24,"f:60:36:60:37":7,"s:61:6:61:42":25,"b:62:6:64:7:undefined:undefined:undefined:undefined":5,"s:62:6:64:7":26,"s:63:8:63:44":27,"s:67:4:72:7":28,"f:67:38:67:39":8,"s:68:6:68:44":29,"b:69:6:71:7:undefined:undefined:undefined:undefined":6,"s:69:6:71:7":30,"s:70:8:70:46":31,"f:75:2:75:12":9,"b:76:4:79:5:undefined:undefined:undefined:undefined":7,"s:76:4:79:5":32,"s:77:6:77:31":33,"s:78:6:78:25":34,"f:83:2:83:13":10,"b:84:4:87:5:undefined:undefined:undefined:undefined":8,"s:84:4:87:5":35,"s:85:6:85:46":36,"s:86:6:86:13":37,"s:89:4:89:52":38,"f:93:2:93:14":11,"b:94:4:97:5:undefined:undefined:undefined:undefined":9,"s:94:4:97:5":39,"s:95:6:95:46":40,"s:96:6:96:13":41,"s:99:4:99:53":42,"f:103:2:103:14":12,"b:104:4:107:5:undefined:undefined:undefined:undefined":10,"s:104:4:107:5":43,"s:105:6:105:46":44,"s:106:6:106:13":45,"s:109:4:109:53":46,"f:113:2:113:4":13,"b:114:4:116:5:undefined:undefined:undefined:undefined":11,"s:114:4:116:5":47,"s:115:6:115:39":48,"s:121:22:121:41":49}}}
}
