{"/mnt/c/code/jam/server/api/controllers/authController.js": {"path":"/mnt/c/code/jam/server/api/controllers/authController.js","statementMap":{"0":{"start":{"line":8,"column":24},"end":{"line":42,"column":1}},"1":{"start":{"line":9,"column":2},"end":{"line":41,"column":3}},"2":{"start":{"line":10,"column":21},"end":{"line":10,"column":29}},"3":{"start":{"line":12,"column":4},"end":{"line":17,"column":5}},"4":{"start":{"line":13,"column":6},"end":{"line":16,"column":9}},"5":{"start":{"line":20,"column":17},"end":{"line":20,"column":45}},"6":{"start":{"line":23,"column":4},"end":{"line":23,"column":33}},"7":{"start":{"line":25,"column":4},"end":{"line":33,"column":7}},"8":{"start":{"line":35,"column":4},"end":{"line":35,"column":48}},"9":{"start":{"line":37,"column":4},"end":{"line":40,"column":7}},"10":{"start":{"line":49,"column":30},"end":{"line":71,"column":1}},"11":{"start":{"line":50,"column":2},"end":{"line":70,"column":3}},"12":{"start":{"line":52,"column":21},"end":{"line":52,"column":24}},"13":{"start":{"line":54,"column":4},"end":{"line":62,"column":7}},"14":{"start":{"line":64,"column":4},"end":{"line":64,"column":52}},"15":{"start":{"line":66,"column":4},"end":{"line":69,"column":7}},"16":{"start":{"line":78,"column":22},"end":{"line":104,"column":1}},"17":{"start":{"line":79,"column":2},"end":{"line":103,"column":3}},"18":{"start":{"line":81,"column":4},"end":{"line":95,"column":7}},"19":{"start":{"line":82,"column":6},"end":{"line":89,"column":7}},"20":{"start":{"line":83,"column":8},"end":{"line":83,"column":57}},"21":{"start":{"line":85,"column":8},"end":{"line":88,"column":11}},"22":{"start":{"line":91,"column":6},"end":{"line":94,"column":9}},"23":{"start":{"line":97,"column":4},"end":{"line":97,"column":42}},"24":{"start":{"line":99,"column":4},"end":{"line":102,"column":7}}},"fnMap":{"0":{"name":"(anonymous_0)","decl":{"start":{"line":8,"column":24},"end":{"line":8,"column":25}},"loc":{"start":{"line":8,"column":44},"end":{"line":42,"column":1}},"line":8},"1":{"name":"(anonymous_1)","decl":{"start":{"line":49,"column":30},"end":{"line":49,"column":31}},"loc":{"start":{"line":49,"column":50},"end":{"line":71,"column":1}},"line":49},"2":{"name":"(anonymous_2)","decl":{"start":{"line":78,"column":22},"end":{"line":78,"column":23}},"loc":{"start":{"line":78,"column":42},"end":{"line":104,"column":1}},"line":78},"3":{"name":"(anonymous_3)","decl":{"start":{"line":81,"column":24},"end":{"line":81,"column":25}},"loc":{"start":{"line":81,"column":33},"end":{"line":95,"column":5}},"line":81}},"branchMap":{"0":{"loc":{"start":{"line":12,"column":4},"end":{"line":17,"column":5}},"type":"if","locations":[{"start":{"line":12,"column":4},"end":{"line":17,"column":5}},{"start":{},"end":{}}],"line":12},"1":{"loc":{"start":{"line":12,"column":8},"end":{"line":12,"column":35}},"type":"binary-expr","locations":[{"start":{"line":12,"column":8},"end":{"line":12,"column":13}},{"start":{"line":12,"column":17},"end":{"line":12,"column":35}}],"line":12},"2":{"loc":{"start":{"line":82,"column":6},"end":{"line":89,"column":7}},"type":"if","locations":[{"start":{"line":82,"column":6},"end":{"line":89,"column":7}},{"start":{},"end":{}}],"line":82}},"s":{"0":0,"1":0,"2":0,"3":0,"4":0,"5":0,"6":0,"7":0,"8":0,"9":0,"10":0,"11":0,"12":0,"13":0,"14":0,"15":0,"16":0,"17":0,"18":0,"19":0,"20":0,"21":0,"22":0,"23":0,"24":0},"f":{"0":0,"1":0,"2":0,"3":0},"b":{"0":[0,0],"1":[0,0],"2":[0,0]},"inputSourceMap":null}
,"/mnt/c/code/jam/server/api/controllers/ideaController.js": {"path":"/mnt/c/code/jam/server/api/controllers/ideaController.js","statementMap":{"0":{"start":{"line":8,"column":26},"end":{"line":52,"column":1}},"1":{"start":{"line":9,"column":2},"end":{"line":51,"column":3}},"2":{"start":{"line":10,"column":24},"end":{"line":10,"column":32}},"3":{"start":{"line":11,"column":21},"end":{"line":11,"column":24}},"4":{"start":{"line":12,"column":22},"end":{"line":12,"column":57}},"5":{"start":{"line":14,"column":4},"end":{"line":19,"column":5}},"6":{"start":{"line":15,"column":6},"end":{"line":18,"column":9}},"7":{"start":{"line":21,"column":4},"end":{"line":26,"column":5}},"8":{"start":{"line":22,"column":6},"end":{"line":25,"column":9}},"9":{"start":{"line":28,"column":4},"end":{"line":33,"column":5}},"10":{"start":{"line":29,"column":6},"end":{"line":32,"column":9}},"11":{"start":{"line":36,"column":17},"end":{"line":36,"column":68}},"12":{"start":{"line":38,"column":4},"end":{"line":43,"column":7}},"13":{"start":{"line":45,"column":4},"end":{"line":45,"column":47}},"14":{"start":{"line":47,"column":4},"end":{"line":50,"column":7}},"15":{"start":{"line":59,"column":33},"end":{"line":80,"column":1}},"16":{"start":{"line":60,"column":2},"end":{"line":79,"column":3}},"17":{"start":{"line":61,"column":19},"end":{"line":61,"column":29}},"18":{"start":{"line":64,"column":18},"end":{"line":64,"column":53}},"19":{"start":{"line":66,"column":4},"end":{"line":71,"column":7}},"20":{"start":{"line":73,"column":4},"end":{"line":73,"column":45}},"21":{"start":{"line":75,"column":4},"end":{"line":78,"column":7}},"22":{"start":{"line":87,"column":38},"end":{"line":109,"column":1}},"23":{"start":{"line":88,"column":2},"end":{"line":108,"column":3}},"24":{"start":{"line":89,"column":19},"end":{"line":89,"column":29}},"25":{"start":{"line":90,"column":21},"end":{"line":90,"column":24}},"26":{"start":{"line":93,"column":18},"end":{"line":93,"column":69}},"27":{"start":{"line":95,"column":4},"end":{"line":100,"column":7}},"28":{"start":{"line":102,"column":4},"end":{"line":102,"column":50}},"29":{"start":{"line":104,"column":4},"end":{"line":107,"column":7}},"30":{"start":{"line":116,"column":33},"end":{"line":137,"column":1}},"31":{"start":{"line":117,"column":2},"end":{"line":136,"column":3}},"32":{"start":{"line":118,"column":19},"end":{"line":118,"column":29}},"33":{"start":{"line":121,"column":18},"end":{"line":121,"column":60}},"34":{"start":{"line":123,"column":4},"end":{"line":128,"column":7}},"35":{"start":{"line":130,"column":4},"end":{"line":130,"column":55}},"36":{"start":{"line":132,"column":4},"end":{"line":135,"column":7}},"37":{"start":{"line":144,"column":31},"end":{"line":165,"column":1}},"38":{"start":{"line":145,"column":2},"end":{"line":164,"column":3}},"39":{"start":{"line":146,"column":19},"end":{"line":146,"column":29}},"40":{"start":{"line":149,"column":18},"end":{"line":149,"column":49}},"41":{"start":{"line":151,"column":4},"end":{"line":156,"column":7}},"42":{"start":{"line":158,"column":4},"end":{"line":158,"column":53}},"43":{"start":{"line":160,"column":4},"end":{"line":163,"column":7}}},"fnMap":{"0":{"name":"(anonymous_0)","decl":{"start":{"line":8,"column":26},"end":{"line":8,"column":27}},"loc":{"start":{"line":8,"column":46},"end":{"line":52,"column":1}},"line":8},"1":{"name":"(anonymous_1)","decl":{"start":{"line":59,"column":33},"end":{"line":59,"column":34}},"loc":{"start":{"line":59,"column":53},"end":{"line":80,"column":1}},"line":59},"2":{"name":"(anonymous_2)","decl":{"start":{"line":87,"column":38},"end":{"line":87,"column":39}},"loc":{"start":{"line":87,"column":58},"end":{"line":109,"column":1}},"line":87},"3":{"name":"(anonymous_3)","decl":{"start":{"line":116,"column":33},"end":{"line":116,"column":34}},"loc":{"start":{"line":116,"column":53},"end":{"line":137,"column":1}},"line":116},"4":{"name":"(anonymous_4)","decl":{"start":{"line":144,"column":31},"end":{"line":144,"column":32}},"loc":{"start":{"line":144,"column":51},"end":{"line":165,"column":1}},"line":144}},"branchMap":{"0":{"loc":{"start":{"line":12,"column":22},"end":{"line":12,"column":57}},"type":"binary-expr","locations":[{"start":{"line":12,"column":22},"end":{"line":12,"column":35}},{"start":{"line":12,"column":39},"end":{"line":12,"column":57}}],"line":12},"1":{"loc":{"start":{"line":14,"column":4},"end":{"line":19,"column":5}},"type":"if","locations":[{"start":{"line":14,"column":4},"end":{"line":19,"column":5}},{"start":{},"end":{}}],"line":14},"2":{"loc":{"start":{"line":14,"column":8},"end":{"line":14,"column":30}},"type":"binary-expr","locations":[{"start":{"line":14,"column":8},"end":{"line":14,"column":16}},{"start":{"line":14,"column":20},"end":{"line":14,"column":30}}],"line":14},"3":{"loc":{"start":{"line":21,"column":4},"end":{"line":26,"column":5}},"type":"if","locations":[{"start":{"line":21,"column":4},"end":{"line":26,"column":5}},{"start":{},"end":{}}],"line":21},"4":{"loc":{"start":{"line":28,"column":4},"end":{"line":33,"column":5}},"type":"if","locations":[{"start":{"line":28,"column":4},"end":{"line":33,"column":5}},{"start":{},"end":{}}],"line":28},"5":{"loc":{"start":{"line":49,"column":13},"end":{"line":49,"column":53}},"type":"binary-expr","locations":[{"start":{"line":49,"column":13},"end":{"line":49,"column":26}},{"start":{"line":49,"column":30},"end":{"line":49,"column":53}}],"line":49},"6":{"loc":{"start":{"line":134,"column":13},"end":{"line":134,"column":61}},"type":"binary-expr","locations":[{"start":{"line":134,"column":13},"end":{"line":134,"column":26}},{"start":{"line":134,"column":30},"end":{"line":134,"column":61}}],"line":134},"7":{"loc":{"start":{"line":162,"column":13},"end":{"line":162,"column":59}},"type":"binary-expr","locations":[{"start":{"line":162,"column":13},"end":{"line":162,"column":26}},{"start":{"line":162,"column":30},"end":{"line":162,"column":59}}],"line":162}},"s":{"0":0,"1":0,"2":0,"3":0,"4":0,"5":0,"6":0,"7":0,"8":0,"9":0,"10":0,"11":0,"12":0,"13":0,"14":0,"15":0,"16":0,"17":0,"18":0,"19":0,"20":0,"21":0,"22":0,"23":0,"24":0,"25":0,"26":0,"27":0,"28":0,"29":0,"30":0,"31":0,"32":0,"33":0,"34":0,"35":0,"36":0,"37":0,"38":0,"39":0,"40":0,"41":0,"42":0,"43":0},"f":{"0":0,"1":0,"2":0,"3":0,"4":0},"b":{"0":[0,0],"1":[0,0],"2":[0,0],"3":[0,0],"4":[0,0],"5":[0,0],"6":[0,0],"7":[0,0]},"inputSourceMap":null}
,"/mnt/c/code/jam/server/api/controllers/sessionController.js": {"path":"/mnt/c/code/jam/server/api/controllers/sessionController.js","statementMap":{"0":{"start":{"line":9,"column":29},"end":{"line":30,"column":1}},"1":{"start":{"line":10,"column":2},"end":{"line":29,"column":3}},"2":{"start":{"line":11,"column":21},"end":{"line":11,"column":24}},"3":{"start":{"line":14,"column":20},"end":{"line":14,"column":57}},"4":{"start":{"line":16,"column":4},"end":{"line":21,"column":7}},"5":{"start":{"line":23,"column":4},"end":{"line":23,"column":50}},"6":{"start":{"line":25,"column":4},"end":{"line":28,"column":7}},"7":{"start":{"line":37,"column":26},"end":{"line":65,"column":1}},"8":{"start":{"line":38,"column":2},"end":{"line":64,"column":3}},"9":{"start":{"line":39,"column":19},"end":{"line":39,"column":29}},"10":{"start":{"line":42,"column":20},"end":{"line":42,"column":65}},"11":{"start":{"line":44,"column":4},"end":{"line":49,"column":5}},"12":{"start":{"line":45,"column":6},"end":{"line":48,"column":9}},"13":{"start":{"line":51,"column":4},"end":{"line":56,"column":7}},"14":{"start":{"line":58,"column":4},"end":{"line":58,"column":47}},"15":{"start":{"line":60,"column":4},"end":{"line":63,"column":7}},"16":{"start":{"line":72,"column":27},"end":{"line":111,"column":1}},"17":{"start":{"line":73,"column":2},"end":{"line":110,"column":3}},"18":{"start":{"line":74,"column":21},"end":{"line":74,"column":29}},"19":{"start":{"line":75,"column":21},"end":{"line":75,"column":24}},"20":{"start":{"line":77,"column":4},"end":{"line":82,"column":5}},"21":{"start":{"line":78,"column":6},"end":{"line":81,"column":9}},"22":{"start":{"line":85,"column":20},"end":{"line":85,"column":57}},"23":{"start":{"line":87,"column":4},"end":{"line":92,"column":5}},"24":{"start":{"line":88,"column":6},"end":{"line":91,"column":9}},"25":{"start":{"line":95,"column":27},"end":{"line":95,"column":74}},"26":{"start":{"line":97,"column":4},"end":{"line":102,"column":7}},"27":{"start":{"line":104,"column":4},"end":{"line":104,"column":48}},"28":{"start":{"line":106,"column":4},"end":{"line":109,"column":7}},"29":{"start":{"line":118,"column":28},"end":{"line":140,"column":1}},"30":{"start":{"line":119,"column":2},"end":{"line":139,"column":3}},"31":{"start":{"line":120,"column":19},"end":{"line":120,"column":29}},"32":{"start":{"line":121,"column":21},"end":{"line":121,"column":24}},"33":{"start":{"line":124,"column":20},"end":{"line":124,"column":60}},"34":{"start":{"line":126,"column":4},"end":{"line":131,"column":7}},"35":{"start":{"line":133,"column":4},"end":{"line":133,"column":49}},"36":{"start":{"line":135,"column":4},"end":{"line":138,"column":7}},"37":{"start":{"line":147,"column":32},"end":{"line":196,"column":1}},"38":{"start":{"line":148,"column":2},"end":{"line":195,"column":3}},"39":{"start":{"line":149,"column":19},"end":{"line":149,"column":29}},"40":{"start":{"line":152,"column":20},"end":{"line":152,"column":65}},"41":{"start":{"line":154,"column":4},"end":{"line":159,"column":5}},"42":{"start":{"line":155,"column":6},"end":{"line":158,"column":9}},"43":{"start":{"line":162,"column":16},"end":{"line":162,"column":18}},"44":{"start":{"line":163,"column":4},"end":{"line":165,"column":5}},"45":{"start":{"line":164,"column":6},"end":{"line":164,"column":50}},"46":{"start":{"line":168,"column":25},"end":{"line":182,"column":5}},"47":{"start":{"line":184,"column":4},"end":{"line":187,"column":7}},"48":{"start":{"line":189,"column":4},"end":{"line":189,"column":54}},"49":{"start":{"line":191,"column":4},"end":{"line":194,"column":7}},"50":{"start":{"line":203,"column":30},"end":{"line":221,"column":1}},"51":{"start":{"line":204,"column":2},"end":{"line":220,"column":3}},"52":{"start":{"line":205,"column":21},"end":{"line":205,"column":52}},"53":{"start":{"line":207,"column":4},"end":{"line":212,"column":7}},"54":{"start":{"line":214,"column":4},"end":{"line":214,"column":52}},"55":{"start":{"line":216,"column":4},"end":{"line":219,"column":7}}},"fnMap":{"0":{"name":"(anonymous_0)","decl":{"start":{"line":9,"column":29},"end":{"line":9,"column":30}},"loc":{"start":{"line":9,"column":49},"end":{"line":30,"column":1}},"line":9},"1":{"name":"(anonymous_1)","decl":{"start":{"line":37,"column":26},"end":{"line":37,"column":27}},"loc":{"start":{"line":37,"column":46},"end":{"line":65,"column":1}},"line":37},"2":{"name":"(anonymous_2)","decl":{"start":{"line":72,"column":27},"end":{"line":72,"column":28}},"loc":{"start":{"line":72,"column":47},"end":{"line":111,"column":1}},"line":72},"3":{"name":"(anonymous_3)","decl":{"start":{"line":118,"column":28},"end":{"line":118,"column":29}},"loc":{"start":{"line":118,"column":48},"end":{"line":140,"column":1}},"line":118},"4":{"name":"(anonymous_4)","decl":{"start":{"line":147,"column":32},"end":{"line":147,"column":33}},"loc":{"start":{"line":147,"column":52},"end":{"line":196,"column":1}},"line":147},"5":{"name":"(anonymous_5)","decl":{"start":{"line":203,"column":30},"end":{"line":203,"column":31}},"loc":{"start":{"line":203,"column":50},"end":{"line":221,"column":1}},"line":203}},"branchMap":{"0":{"loc":{"start":{"line":44,"column":4},"end":{"line":49,"column":5}},"type":"if","locations":[{"start":{"line":44,"column":4},"end":{"line":49,"column":5}},{"start":{},"end":{}}],"line":44},"1":{"loc":{"start":{"line":77,"column":4},"end":{"line":82,"column":5}},"type":"if","locations":[{"start":{"line":77,"column":4},"end":{"line":82,"column":5}},{"start":{},"end":{}}],"line":77},"2":{"loc":{"start":{"line":87,"column":4},"end":{"line":92,"column":5}},"type":"if","locations":[{"start":{"line":87,"column":4},"end":{"line":92,"column":5}},{"start":{},"end":{}}],"line":87},"3":{"loc":{"start":{"line":108,"column":13},"end":{"line":108,"column":54}},"type":"binary-expr","locations":[{"start":{"line":108,"column":13},"end":{"line":108,"column":26}},{"start":{"line":108,"column":30},"end":{"line":108,"column":54}}],"line":108},"4":{"loc":{"start":{"line":137,"column":13},"end":{"line":137,"column":55}},"type":"binary-expr","locations":[{"start":{"line":137,"column":13},"end":{"line":137,"column":26}},{"start":{"line":137,"column":30},"end":{"line":137,"column":55}}],"line":137},"5":{"loc":{"start":{"line":154,"column":4},"end":{"line":159,"column":5}},"type":"if","locations":[{"start":{"line":154,"column":4},"end":{"line":159,"column":5}},{"start":{},"end":{}}],"line":154},"6":{"loc":{"start":{"line":163,"column":4},"end":{"line":165,"column":5}},"type":"if","locations":[{"start":{"line":163,"column":4},"end":{"line":165,"column":5}},{"start":{},"end":{}}],"line":163},"7":{"loc":{"start":{"line":163,"column":8},"end":{"line":163,"column":110}},"type":"binary-expr","locations":[{"start":{"line":163,"column":8},"end":{"line":163,"column":45}},{"start":{"line":163,"column":49},"end":{"line":163,"column":76}},{"start":{"line":163,"column":80},"end":{"line":163,"column":110}}],"line":163}},"s":{"0":0,"1":0,"2":0,"3":0,"4":0,"5":0,"6":0,"7":0,"8":0,"9":0,"10":0,"11":0,"12":0,"13":0,"14":0,"15":0,"16":0,"17":0,"18":0,"19":0,"20":0,"21":0,"22":0,"23":0,"24":0,"25":0,"26":0,"27":0,"28":0,"29":0,"30":0,"31":0,"32":0,"33":0,"34":0,"35":0,"36":0,"37":0,"38":0,"39":0,"40":0,"41":0,"42":0,"43":0,"44":0,"45":0,"46":0,"47":0,"48":0,"49":0,"50":0,"51":0,"52":0,"53":0,"54":0,"55":0},"f":{"0":0,"1":0,"2":0,"3":0,"4":0,"5":0},"b":{"0":[0,0],"1":[0,0],"2":[0,0],"3":[0,0],"4":[0,0],"5":[0,0],"6":[0,0],"7":[0,0,0]},"inputSourceMap":null}
,"/mnt/c/code/jam/server/api/controllers/voteController.js": {"path":"/mnt/c/code/jam/server/api/controllers/voteController.js","statementMap":{"0":{"start":{"line":8,"column":26},"end":{"line":36,"column":1}},"1":{"start":{"line":9,"column":2},"end":{"line":35,"column":3}},"2":{"start":{"line":10,"column":23},"end":{"line":10,"column":31}},"3":{"start":{"line":11,"column":21},"end":{"line":11,"column":24}},"4":{"start":{"line":12,"column":22},"end":{"line":12,"column":57}},"5":{"start":{"line":14,"column":4},"end":{"line":19,"column":5}},"6":{"start":{"line":15,"column":6},"end":{"line":18,"column":9}},"7":{"start":{"line":22,"column":19},"end":{"line":22,"column":75}},"8":{"start":{"line":24,"column":4},"end":{"line":27,"column":7}},"9":{"start":{"line":29,"column":4},"end":{"line":29,"column":47}},"10":{"start":{"line":31,"column":4},"end":{"line":34,"column":7}},"11":{"start":{"line":43,"column":29},"end":{"line":65,"column":1}},"12":{"start":{"line":44,"column":2},"end":{"line":64,"column":3}},"13":{"start":{"line":45,"column":19},"end":{"line":45,"column":29}},"14":{"start":{"line":46,"column":18},"end":{"line":46,"column":77}},"15":{"start":{"line":49,"column":19},"end":{"line":49,"column":55}},"16":{"start":{"line":51,"column":4},"end":{"line":56,"column":7}},"17":{"start":{"line":58,"column":4},"end":{"line":58,"column":51}},"18":{"start":{"line":60,"column":4},"end":{"line":63,"column":7}},"19":{"start":{"line":72,"column":30},"end":{"line":94,"column":1}},"20":{"start":{"line":73,"column":2},"end":{"line":93,"column":3}},"21":{"start":{"line":74,"column":19},"end":{"line":74,"column":29}},"22":{"start":{"line":75,"column":18},"end":{"line":75,"column":77}},"23":{"start":{"line":78,"column":20},"end":{"line":78,"column":57}},"24":{"start":{"line":80,"column":4},"end":{"line":85,"column":7}},"25":{"start":{"line":87,"column":4},"end":{"line":87,"column":52}},"26":{"start":{"line":89,"column":4},"end":{"line":92,"column":7}},"27":{"start":{"line":101,"column":30},"end":{"line":137,"column":1}},"28":{"start":{"line":102,"column":2},"end":{"line":136,"column":3}},"29":{"start":{"line":103,"column":19},"end":{"line":103,"column":29}},"30":{"start":{"line":104,"column":21},"end":{"line":104,"column":24}},"31":{"start":{"line":107,"column":20},"end":{"line":107,"column":61}},"32":{"start":{"line":109,"column":4},"end":{"line":114,"column":5}},"33":{"start":{"line":110,"column":6},"end":{"line":113,"column":9}},"34":{"start":{"line":117,"column":21},"end":{"line":121,"column":5}},"35":{"start":{"line":123,"column":4},"end":{"line":128,"column":7}},"36":{"start":{"line":130,"column":4},"end":{"line":130,"column":52}},"37":{"start":{"line":132,"column":4},"end":{"line":135,"column":7}}},"fnMap":{"0":{"name":"(anonymous_0)","decl":{"start":{"line":8,"column":26},"end":{"line":8,"column":27}},"loc":{"start":{"line":8,"column":46},"end":{"line":36,"column":1}},"line":8},"1":{"name":"(anonymous_1)","decl":{"start":{"line":43,"column":29},"end":{"line":43,"column":30}},"loc":{"start":{"line":43,"column":49},"end":{"line":65,"column":1}},"line":43},"2":{"name":"(anonymous_2)","decl":{"start":{"line":72,"column":30},"end":{"line":72,"column":31}},"loc":{"start":{"line":72,"column":50},"end":{"line":94,"column":1}},"line":72},"3":{"name":"(anonymous_3)","decl":{"start":{"line":101,"column":30},"end":{"line":101,"column":31}},"loc":{"start":{"line":101,"column":50},"end":{"line":137,"column":1}},"line":101}},"branchMap":{"0":{"loc":{"start":{"line":12,"column":22},"end":{"line":12,"column":57}},"type":"binary-expr","locations":[{"start":{"line":12,"column":22},"end":{"line":12,"column":35}},{"start":{"line":12,"column":39},"end":{"line":12,"column":57}}],"line":12},"1":{"loc":{"start":{"line":14,"column":4},"end":{"line":19,"column":5}},"type":"if","locations":[{"start":{"line":14,"column":4},"end":{"line":19,"column":5}},{"start":{},"end":{}}],"line":14},"2":{"loc":{"start":{"line":14,"column":8},"end":{"line":14,"column":29}},"type":"binary-expr","locations":[{"start":{"line":14,"column":8},"end":{"line":14,"column":15}},{"start":{"line":14,"column":19},"end":{"line":14,"column":29}}],"line":14},"3":{"loc":{"start":{"line":33,"column":13},"end":{"line":33,"column":53}},"type":"binary-expr","locations":[{"start":{"line":33,"column":13},"end":{"line":33,"column":26}},{"start":{"line":33,"column":30},"end":{"line":33,"column":53}}],"line":33},"4":{"loc":{"start":{"line":46,"column":18},"end":{"line":46,"column":77}},"type":"cond-expr","locations":[{"start":{"line":46,"column":36},"end":{"line":46,"column":65}},{"start":{"line":46,"column":68},"end":{"line":46,"column":77}}],"line":46},"5":{"loc":{"start":{"line":75,"column":18},"end":{"line":75,"column":77}},"type":"cond-expr","locations":[{"start":{"line":75,"column":36},"end":{"line":75,"column":65}},{"start":{"line":75,"column":68},"end":{"line":75,"column":77}}],"line":75},"6":{"loc":{"start":{"line":109,"column":4},"end":{"line":114,"column":5}},"type":"if","locations":[{"start":{"line":109,"column":4},"end":{"line":114,"column":5}},{"start":{},"end":{}}],"line":109}},"s":{"0":0,"1":0,"2":0,"3":0,"4":0,"5":0,"6":0,"7":0,"8":0,"9":0,"10":0,"11":0,"12":0,"13":0,"14":0,"15":0,"16":0,"17":0,"18":0,"19":0,"20":0,"21":0,"22":0,"23":0,"24":0,"25":0,"26":0,"27":0,"28":0,"29":0,"30":0,"31":0,"32":0,"33":0,"34":0,"35":0,"36":0,"37":0},"f":{"0":0,"1":0,"2":0,"3":0},"b":{"0":[0,0],"1":[0,0],"2":[0,0],"3":[0,0],"4":[0,0],"5":[0,0],"6":[0,0]},"inputSourceMap":null}
,"/mnt/c/code/jam/server/api/middleware/auth.js": {"path":"/mnt/c/code/jam/server/api/middleware/auth.js","statementMap":{"0":{"start":{"line":7,"column":30},"end":{"line":48,"column":1}},"1":{"start":{"line":9,"column":17},"end":{"line":9,"column":36}},"2":{"start":{"line":11,"column":2},"end":{"line":16,"column":3}},"3":{"start":{"line":12,"column":4},"end":{"line":15,"column":7}},"4":{"start":{"line":18,"column":2},"end":{"line":47,"column":3}},"5":{"start":{"line":20,"column":17},"end":{"line":20,"column":41}},"6":{"start":{"line":22,"column":4},"end":{"line":30,"column":5}},"7":{"start":{"line":24,"column":6},"end":{"line":24,"column":28}},"8":{"start":{"line":26,"column":6},"end":{"line":29,"column":9}},"9":{"start":{"line":33,"column":4},"end":{"line":33,"column":20}},"10":{"start":{"line":36,"column":4},"end":{"line":36,"column":38}},"11":{"start":{"line":39,"column":4},"end":{"line":39,"column":11}},"12":{"start":{"line":41,"column":4},"end":{"line":41,"column":51}},"13":{"start":{"line":43,"column":4},"end":{"line":46,"column":7}},"14":{"start":{"line":54,"column":38},"end":{"line":86,"column":1}},"15":{"start":{"line":56,"column":17},"end":{"line":56,"column":36}},"16":{"start":{"line":58,"column":2},"end":{"line":61,"column":3}},"17":{"start":{"line":60,"column":4},"end":{"line":60,"column":18}},"18":{"start":{"line":63,"column":2},"end":{"line":85,"column":3}},"19":{"start":{"line":65,"column":17},"end":{"line":65,"column":41}},"20":{"start":{"line":67,"column":4},"end":{"line":76,"column":5}},"21":{"start":{"line":69,"column":6},"end":{"line":69,"column":22}},"22":{"start":{"line":72,"column":6},"end":{"line":72,"column":40}},"23":{"start":{"line":75,"column":6},"end":{"line":75,"column":28}},"24":{"start":{"line":79,"column":4},"end":{"line":79,"column":11}},"25":{"start":{"line":81,"column":4},"end":{"line":81,"column":60}},"26":{"start":{"line":84,"column":4},"end":{"line":84,"column":11}},"27":{"start":{"line":92,"column":38},"end":{"line":137,"column":1}},"28":{"start":{"line":94,"column":2},"end":{"line":136,"column":5}},"29":{"start":{"line":95,"column":22},"end":{"line":95,"column":57}},"30":{"start":{"line":97,"column":4},"end":{"line":102,"column":5}},"31":{"start":{"line":98,"column":6},"end":{"line":101,"column":9}},"32":{"start":{"line":104,"column":4},"end":{"line":135,"column":5}},"33":{"start":{"line":106,"column":22},"end":{"line":106,"column":70}},"34":{"start":{"line":108,"column":6},"end":{"line":113,"column":7}},"35":{"start":{"line":109,"column":8},"end":{"line":112,"column":11}},"36":{"start":{"line":116,"column":6},"end":{"line":121,"column":7}},"37":{"start":{"line":117,"column":8},"end":{"line":120,"column":11}},"38":{"start":{"line":124,"column":6},"end":{"line":124,"column":28}},"39":{"start":{"line":127,"column":6},"end":{"line":127,"column":13}},"40":{"start":{"line":129,"column":6},"end":{"line":129,"column":62}},"41":{"start":{"line":131,"column":6},"end":{"line":134,"column":9}},"42":{"start":{"line":143,"column":44},"end":{"line":194,"column":1}},"43":{"start":{"line":145,"column":2},"end":{"line":193,"column":5}},"44":{"start":{"line":146,"column":22},"end":{"line":146,"column":57}},"45":{"start":{"line":148,"column":4},"end":{"line":153,"column":5}},"46":{"start":{"line":149,"column":6},"end":{"line":152,"column":9}},"47":{"start":{"line":155,"column":4},"end":{"line":192,"column":5}},"48":{"start":{"line":157,"column":22},"end":{"line":157,"column":70}},"49":{"start":{"line":159,"column":6},"end":{"line":164,"column":7}},"50":{"start":{"line":160,"column":8},"end":{"line":163,"column":11}},"51":{"start":{"line":167,"column":27},"end":{"line":167,"column":76}},"52":{"start":{"line":170,"column":28},"end":{"line":170,"column":72}},"53":{"start":{"line":170,"column":51},"end":{"line":170,"column":71}},"54":{"start":{"line":172,"column":6},"end":{"line":177,"column":7}},"55":{"start":{"line":173,"column":8},"end":{"line":176,"column":11}},"56":{"start":{"line":180,"column":6},"end":{"line":180,"column":28}},"57":{"start":{"line":181,"column":6},"end":{"line":181,"column":38}},"58":{"start":{"line":184,"column":6},"end":{"line":184,"column":13}},"59":{"start":{"line":186,"column":6},"end":{"line":186,"column":68}},"60":{"start":{"line":188,"column":6},"end":{"line":191,"column":9}}},"fnMap":{"0":{"name":"(anonymous_0)","decl":{"start":{"line":7,"column":30},"end":{"line":7,"column":31}},"loc":{"start":{"line":7,"column":50},"end":{"line":48,"column":1}},"line":7},"1":{"name":"(anonymous_1)","decl":{"start":{"line":54,"column":38},"end":{"line":54,"column":39}},"loc":{"start":{"line":54,"column":58},"end":{"line":86,"column":1}},"line":54},"2":{"name":"(anonymous_2)","decl":{"start":{"line":92,"column":38},"end":{"line":92,"column":39}},"loc":{"start":{"line":92,"column":58},"end":{"line":137,"column":1}},"line":92},"3":{"name":"(anonymous_3)","decl":{"start":{"line":94,"column":27},"end":{"line":94,"column":28}},"loc":{"start":{"line":94,"column":33},"end":{"line":136,"column":3}},"line":94},"4":{"name":"(anonymous_4)","decl":{"start":{"line":143,"column":44},"end":{"line":143,"column":45}},"loc":{"start":{"line":143,"column":64},"end":{"line":194,"column":1}},"line":143},"5":{"name":"(anonymous_5)","decl":{"start":{"line":145,"column":27},"end":{"line":145,"column":28}},"loc":{"start":{"line":145,"column":33},"end":{"line":193,"column":3}},"line":145},"6":{"name":"(anonymous_6)","decl":{"start":{"line":170,"column":46},"end":{"line":170,"column":47}},"loc":{"start":{"line":170,"column":51},"end":{"line":170,"column":71}},"line":170}},"branchMap":{"0":{"loc":{"start":{"line":11,"column":2},"end":{"line":16,"column":3}},"type":"if","locations":[{"start":{"line":11,"column":2},"end":{"line":16,"column":3}},{"start":{},"end":{}}],"line":11},"1":{"loc":{"start":{"line":22,"column":4},"end":{"line":30,"column":5}},"type":"if","locations":[{"start":{"line":22,"column":4},"end":{"line":30,"column":5}},{"start":{},"end":{}}],"line":22},"2":{"loc":{"start":{"line":58,"column":2},"end":{"line":61,"column":3}},"type":"if","locations":[{"start":{"line":58,"column":2},"end":{"line":61,"column":3}},{"start":{},"end":{}}],"line":58},"3":{"loc":{"start":{"line":67,"column":4},"end":{"line":76,"column":5}},"type":"if","locations":[{"start":{"line":67,"column":4},"end":{"line":76,"column":5}},{"start":{"line":73,"column":11},"end":{"line":76,"column":5}}],"line":67},"4":{"loc":{"start":{"line":95,"column":22},"end":{"line":95,"column":57}},"type":"binary-expr","locations":[{"start":{"line":95,"column":22},"end":{"line":95,"column":35}},{"start":{"line":95,"column":39},"end":{"line":95,"column":57}}],"line":95},"5":{"loc":{"start":{"line":97,"column":4},"end":{"line":102,"column":5}},"type":"if","locations":[{"start":{"line":97,"column":4},"end":{"line":102,"column":5}},{"start":{},"end":{}}],"line":97},"6":{"loc":{"start":{"line":108,"column":6},"end":{"line":113,"column":7}},"type":"if","locations":[{"start":{"line":108,"column":6},"end":{"line":113,"column":7}},{"start":{},"end":{}}],"line":108},"7":{"loc":{"start":{"line":116,"column":6},"end":{"line":121,"column":7}},"type":"if","locations":[{"start":{"line":116,"column":6},"end":{"line":121,"column":7}},{"start":{},"end":{}}],"line":116},"8":{"loc":{"start":{"line":146,"column":22},"end":{"line":146,"column":57}},"type":"binary-expr","locations":[{"start":{"line":146,"column":22},"end":{"line":146,"column":35}},{"start":{"line":146,"column":39},"end":{"line":146,"column":57}}],"line":146},"9":{"loc":{"start":{"line":148,"column":4},"end":{"line":153,"column":5}},"type":"if","locations":[{"start":{"line":148,"column":4},"end":{"line":153,"column":5}},{"start":{},"end":{}}],"line":148},"10":{"loc":{"start":{"line":159,"column":6},"end":{"line":164,"column":7}},"type":"if","locations":[{"start":{"line":159,"column":6},"end":{"line":164,"column":7}},{"start":{},"end":{}}],"line":159},"11":{"loc":{"start":{"line":172,"column":6},"end":{"line":177,"column":7}},"type":"if","locations":[{"start":{"line":172,"column":6},"end":{"line":177,"column":7}},{"start":{},"end":{}}],"line":172}},"s":{"0":0,"1":0,"2":0,"3":0,"4":0,"5":0,"6":0,"7":0,"8":0,"9":0,"10":0,"11":0,"12":0,"13":0,"14":0,"15":0,"16":0,"17":0,"18":0,"19":0,"20":0,"21":0,"22":0,"23":0,"24":0,"25":0,"26":0,"27":0,"28":0,"29":0,"30":0,"31":0,"32":0,"33":0,"34":0,"35":0,"36":0,"37":0,"38":0,"39":0,"40":0,"41":0,"42":0,"43":0,"44":0,"45":0,"46":0,"47":0,"48":0,"49":0,"50":0,"51":0,"52":0,"53":0,"54":0,"55":0,"56":0,"57":0,"58":0,"59":0,"60":0},"f":{"0":0,"1":0,"2":0,"3":0,"4":0,"5":0,"6":0},"b":{"0":[0,0],"1":[0,0],"2":[0,0],"3":[0,0],"4":[0,0],"5":[0,0],"6":[0,0],"7":[0,0],"8":[0,0],"9":[0,0],"10":[0,0],"11":[0,0]},"inputSourceMap":null}
,"/mnt/c/code/jam/server/api/routes/auth.js": {"path":"/mnt/c/code/jam/server/api/routes/auth.js","statementMap":{"0":{"start":{"line":5,"column":15},"end":{"line":5,"column":31}},"1":{"start":{"line":8,"column":0},"end":{"line":8,"column":35}},"2":{"start":{"line":11,"column":0},"end":{"line":11,"column":50}},"3":{"start":{"line":12,"column":0},"end":{"line":12,"column":47}}},"fnMap":{},"branchMap":{},"s":{"0":0,"1":0,"2":0,"3":0},"f":{},"b":{},"inputSourceMap":null}
,"/mnt/c/code/jam/server/api/routes/ideas.js": {"path":"/mnt/c/code/jam/server/api/routes/ideas.js","statementMap":{"0":{"start":{"line":11,"column":15},"end":{"line":11,"column":31}},"1":{"start":{"line":14,"column":0},"end":{"line":14,"column":27}},"2":{"start":{"line":17,"column":0},"end":{"line":17,"column":38}},"3":{"start":{"line":18,"column":0},"end":{"line":18,"column":44}},"4":{"start":{"line":19,"column":0},"end":{"line":19,"column":54}},"5":{"start":{"line":20,"column":0},"end":{"line":20,"column":55}},"6":{"start":{"line":21,"column":0},"end":{"line":21,"column":50}}},"fnMap":{},"branchMap":{},"s":{"0":0,"1":0,"2":0,"3":0,"4":0,"5":0,"6":0},"f":{},"b":{},"inputSourceMap":null}
,"/mnt/c/code/jam/server/api/routes/sessions.js": {"path":"/mnt/c/code/jam/server/api/routes/sessions.js","statementMap":{"0":{"start":{"line":12,"column":15},"end":{"line":12,"column":31}},"1":{"start":{"line":15,"column":0},"end":{"line":15,"column":27}},"2":{"start":{"line":18,"column":0},"end":{"line":18,"column":32}},"3":{"start":{"line":19,"column":0},"end":{"line":19,"column":32}},"4":{"start":{"line":20,"column":0},"end":{"line":20,"column":31}},"5":{"start":{"line":21,"column":0},"end":{"line":21,"column":44}},"6":{"start":{"line":22,"column":0},"end":{"line":22,"column":38}},"7":{"start":{"line":23,"column":0},"end":{"line":23,"column":40}}},"fnMap":{},"branchMap":{},"s":{"0":0,"1":0,"2":0,"3":0,"4":0,"5":0,"6":0,"7":0},"f":{},"b":{},"inputSourceMap":null}
,"/mnt/c/code/jam/server/api/routes/votes.js": {"path":"/mnt/c/code/jam/server/api/routes/votes.js","statementMap":{"0":{"start":{"line":10,"column":15},"end":{"line":10,"column":31}},"1":{"start":{"line":13,"column":0},"end":{"line":13,"column":27}},"2":{"start":{"line":16,"column":0},"end":{"line":16,"column":38}},"3":{"start":{"line":17,"column":0},"end":{"line":17,"column":47}},"4":{"start":{"line":18,"column":0},"end":{"line":18,"column":49}},"5":{"start":{"line":19,"column":0},"end":{"line":19,"column":46}}},"fnMap":{},"branchMap":{},"s":{"0":0,"1":0,"2":0,"3":0,"4":0,"5":0},"f":{},"b":{},"inputSourceMap":null}
,"/mnt/c/code/jam/server/models/Idea.js": {"path":"/mnt/c/code/jam/server/models/Idea.js","statementMap":{"0":{"start":{"line":13,"column":4},"end":{"line":15,"column":5}},"1":{"start":{"line":14,"column":6},"end":{"line":14,"column":73}},"2":{"start":{"line":17,"column":15},"end":{"line":17,"column":28}},"3":{"start":{"line":18,"column":15},"end":{"line":18,"column":23}},"4":{"start":{"line":20,"column":17},"end":{"line":23,"column":6}},"5":{"start":{"line":25,"column":4},"end":{"line":25,"column":54}},"6":{"start":{"line":27,"column":4},"end":{"line":27,"column":32}},"7":{"start":{"line":36,"column":4},"end":{"line":38,"column":5}},"8":{"start":{"line":37,"column":6},"end":{"line":37,"column":45}},"9":{"start":{"line":40,"column":15},"end":{"line":40,"column":28}},"10":{"start":{"line":41,"column":17},"end":{"line":46,"column":6}},"11":{"start":{"line":48,"column":4},"end":{"line":48,"column":32}},"12":{"start":{"line":57,"column":4},"end":{"line":59,"column":5}},"13":{"start":{"line":58,"column":6},"end":{"line":58,"column":48}},"14":{"start":{"line":61,"column":15},"end":{"line":61,"column":28}},"15":{"start":{"line":62,"column":17},"end":{"line":68,"column":6}},"16":{"start":{"line":70,"column":4},"end":{"line":70,"column":31}},"17":{"start":{"line":79,"column":4},"end":{"line":81,"column":5}},"18":{"start":{"line":80,"column":6},"end":{"line":80,"column":47}},"19":{"start":{"line":83,"column":15},"end":{"line":83,"column":28}},"20":{"start":{"line":84,"column":17},"end":{"line":90,"column":6}},"21":{"start":{"line":92,"column":4},"end":{"line":92,"column":30}},"22":{"start":{"line":102,"column":4},"end":{"line":104,"column":5}},"23":{"start":{"line":103,"column":6},"end":{"line":103,"column":63}},"24":{"start":{"line":106,"column":15},"end":{"line":106,"column":28}},"25":{"start":{"line":107,"column":17},"end":{"line":113,"column":6}},"26":{"start":{"line":115,"column":4},"end":{"line":115,"column":41}},"27":{"start":{"line":124,"column":4},"end":{"line":126,"column":5}},"28":{"start":{"line":125,"column":6},"end":{"line":125,"column":16}},"29":{"start":{"line":128,"column":15},"end":{"line":128,"column":28}},"30":{"start":{"line":131,"column":25},"end":{"line":131,"column":57}},"31":{"start":{"line":131,"column":43},"end":{"line":131,"column":46}},"32":{"start":{"line":133,"column":17},"end":{"line":139,"column":6}},"33":{"start":{"line":141,"column":4},"end":{"line":141,"column":32}},"34":{"start":{"line":150,"column":4},"end":{"line":152,"column":5}},"35":{"start":{"line":151,"column":6},"end":{"line":151,"column":48}},"36":{"start":{"line":154,"column":15},"end":{"line":154,"column":28}},"37":{"start":{"line":155,"column":17},"end":{"line":159,"column":6}},"38":{"start":{"line":161,"column":19},"end":{"line":161,"column":38}},"39":{"start":{"line":162,"column":4},"end":{"line":162,"column":37}},"40":{"start":{"line":172,"column":4},"end":{"line":174,"column":5}},"41":{"start":{"line":173,"column":6},"end":{"line":173,"column":63}},"42":{"start":{"line":176,"column":15},"end":{"line":176,"column":28}},"43":{"start":{"line":177,"column":17},"end":{"line":181,"column":6}},"44":{"start":{"line":183,"column":19},"end":{"line":183,"column":48}},"45":{"start":{"line":184,"column":4},"end":{"line":184,"column":37}},"46":{"start":{"line":193,"column":4},"end":{"line":195,"column":5}},"47":{"start":{"line":194,"column":6},"end":{"line":194,"column":45}},"48":{"start":{"line":197,"column":15},"end":{"line":197,"column":28}},"49":{"start":{"line":198,"column":17},"end":{"line":201,"column":6}},"50":{"start":{"line":203,"column":4},"end":{"line":203,"column":17}},"51":{"start":{"line":204,"column":4},"end":{"line":204,"column":16}},"52":{"start":{"line":213,"column":4},"end":{"line":215,"column":5}},"53":{"start":{"line":214,"column":6},"end":{"line":214,"column":48}},"54":{"start":{"line":217,"column":15},"end":{"line":217,"column":28}},"55":{"start":{"line":218,"column":17},"end":{"line":221,"column":6}},"56":{"start":{"line":223,"column":4},"end":{"line":223,"column":24}},"57":{"start":{"line":224,"column":4},"end":{"line":224,"column":16}}},"fnMap":{"0":{"name":"(anonymous_0)","decl":{"start":{"line":12,"column":2},"end":{"line":12,"column":3}},"loc":{"start":{"line":12,"column":50},"end":{"line":28,"column":3}},"line":12},"1":{"name":"(anonymous_1)","decl":{"start":{"line":35,"column":2},"end":{"line":35,"column":3}},"loc":{"start":{"line":35,"column":25},"end":{"line":49,"column":3}},"line":35},"2":{"name":"(anonymous_2)","decl":{"start":{"line":56,"column":2},"end":{"line":56,"column":3}},"loc":{"start":{"line":56,"column":40},"end":{"line":71,"column":3}},"line":56},"3":{"name":"(anonymous_3)","decl":{"start":{"line":78,"column":2},"end":{"line":78,"column":3}},"loc":{"start":{"line":78,"column":38},"end":{"line":93,"column":3}},"line":78},"4":{"name":"(anonymous_4)","decl":{"start":{"line":101,"column":2},"end":{"line":101,"column":3}},"loc":{"start":{"line":101,"column":57},"end":{"line":116,"column":3}},"line":101},"5":{"name":"(anonymous_5)","decl":{"start":{"line":123,"column":2},"end":{"line":123,"column":3}},"loc":{"start":{"line":123,"column":32},"end":{"line":142,"column":3}},"line":123},"6":{"name":"(anonymous_6)","decl":{"start":{"line":131,"column":37},"end":{"line":131,"column":38}},"loc":{"start":{"line":131,"column":43},"end":{"line":131,"column":46}},"line":131},"7":{"name":"(anonymous_7)","decl":{"start":{"line":149,"column":2},"end":{"line":149,"column":3}},"loc":{"start":{"line":149,"column":40},"end":{"line":163,"column":3}},"line":149},"8":{"name":"(anonymous_8)","decl":{"start":{"line":171,"column":2},"end":{"line":171,"column":3}},"loc":{"start":{"line":171,"column":59},"end":{"line":185,"column":3}},"line":171},"9":{"name":"(anonymous_9)","decl":{"start":{"line":192,"column":2},"end":{"line":192,"column":3}},"loc":{"start":{"line":192,"column":24},"end":{"line":205,"column":3}},"line":192},"10":{"name":"(anonymous_10)","decl":{"start":{"line":212,"column":2},"end":{"line":212,"column":3}},"loc":{"start":{"line":212,"column":41},"end":{"line":225,"column":3}},"line":212}},"branchMap":{"0":{"loc":{"start":{"line":13,"column":4},"end":{"line":15,"column":5}},"type":"if","locations":[{"start":{"line":13,"column":4},"end":{"line":15,"column":5}},{"start":{},"end":{}}],"line":13},"1":{"loc":{"start":{"line":13,"column":8},"end":{"line":13,"column":43}},"type":"binary-expr","locations":[{"start":{"line":13,"column":8},"end":{"line":13,"column":16}},{"start":{"line":13,"column":20},"end":{"line":13,"column":29}},{"start":{"line":13,"column":33},"end":{"line":13,"column":43}}],"line":13},"2":{"loc":{"start":{"line":36,"column":4},"end":{"line":38,"column":5}},"type":"if","locations":[{"start":{"line":36,"column":4},"end":{"line":38,"column":5}},{"start":{},"end":{}}],"line":36},"3":{"loc":{"start":{"line":48,"column":11},"end":{"line":48,"column":31}},"type":"binary-expr","locations":[{"start":{"line":48,"column":11},"end":{"line":48,"column":23}},{"start":{"line":48,"column":27},"end":{"line":48,"column":31}}],"line":48},"4":{"loc":{"start":{"line":57,"column":4},"end":{"line":59,"column":5}},"type":"if","locations":[{"start":{"line":57,"column":4},"end":{"line":59,"column":5}},{"start":{},"end":{}}],"line":57},"5":{"loc":{"start":{"line":79,"column":4},"end":{"line":81,"column":5}},"type":"if","locations":[{"start":{"line":79,"column":4},"end":{"line":81,"column":5}},{"start":{},"end":{}}],"line":79},"6":{"loc":{"start":{"line":102,"column":4},"end":{"line":104,"column":5}},"type":"if","locations":[{"start":{"line":102,"column":4},"end":{"line":104,"column":5}},{"start":{},"end":{}}],"line":102},"7":{"loc":{"start":{"line":102,"column":8},"end":{"line":102,"column":31}},"type":"binary-expr","locations":[{"start":{"line":102,"column":8},"end":{"line":102,"column":18}},{"start":{"line":102,"column":22},"end":{"line":102,"column":31}}],"line":102},"8":{"loc":{"start":{"line":124,"column":4},"end":{"line":126,"column":5}},"type":"if","locations":[{"start":{"line":124,"column":4},"end":{"line":126,"column":5}},{"start":{},"end":{}}],"line":124},"9":{"loc":{"start":{"line":124,"column":8},"end":{"line":124,"column":55}},"type":"binary-expr","locations":[{"start":{"line":124,"column":8},"end":{"line":124,"column":31}},{"start":{"line":124,"column":35},"end":{"line":124,"column":55}}],"line":124},"10":{"loc":{"start":{"line":150,"column":4},"end":{"line":152,"column":5}},"type":"if","locations":[{"start":{"line":150,"column":4},"end":{"line":152,"column":5}},{"start":{},"end":{}}],"line":150},"11":{"loc":{"start":{"line":162,"column":11},"end":{"line":162,"column":36}},"type":"cond-expr","locations":[{"start":{"line":162,"column":20},"end":{"line":162,"column":32}},{"start":{"line":162,"column":35},"end":{"line":162,"column":36}}],"line":162},"12":{"loc":{"start":{"line":172,"column":4},"end":{"line":174,"column":5}},"type":"if","locations":[{"start":{"line":172,"column":4},"end":{"line":174,"column":5}},{"start":{},"end":{}}],"line":172},"13":{"loc":{"start":{"line":172,"column":8},"end":{"line":172,"column":31}},"type":"binary-expr","locations":[{"start":{"line":172,"column":8},"end":{"line":172,"column":18}},{"start":{"line":172,"column":22},"end":{"line":172,"column":31}}],"line":172},"14":{"loc":{"start":{"line":184,"column":11},"end":{"line":184,"column":36}},"type":"cond-expr","locations":[{"start":{"line":184,"column":20},"end":{"line":184,"column":32}},{"start":{"line":184,"column":35},"end":{"line":184,"column":36}}],"line":184},"15":{"loc":{"start":{"line":193,"column":4},"end":{"line":195,"column":5}},"type":"if","locations":[{"start":{"line":193,"column":4},"end":{"line":195,"column":5}},{"start":{},"end":{}}],"line":193},"16":{"loc":{"start":{"line":213,"column":4},"end":{"line":215,"column":5}},"type":"if","locations":[{"start":{"line":213,"column":4},"end":{"line":215,"column":5}},{"start":{},"end":{}}],"line":213}},"s":{"0":0,"1":0,"2":0,"3":0,"4":0,"5":0,"6":0,"7":0,"8":0,"9":0,"10":0,"11":0,"12":0,"13":0,"14":0,"15":0,"16":0,"17":0,"18":0,"19":0,"20":0,"21":0,"22":0,"23":0,"24":0,"25":0,"26":0,"27":0,"28":0,"29":0,"30":0,"31":0,"32":0,"33":0,"34":0,"35":0,"36":0,"37":0,"38":0,"39":0,"40":0,"41":0,"42":0,"43":0,"44":0,"45":0,"46":0,"47":0,"48":0,"49":0,"50":0,"51":0,"52":0,"53":0,"54":0,"55":0,"56":0,"57":0},"f":{"0":0,"1":0,"2":0,"3":0,"4":0,"5":0,"6":0,"7":0,"8":0,"9":0,"10":0},"b":{"0":[0,0],"1":[0,0,0],"2":[0,0],"3":[0,0],"4":[0,0],"5":[0,0],"6":[0,0],"7":[0,0],"8":[0,0],"9":[0,0],"10":[0,0],"11":[0,0],"12":[0,0],"13":[0,0],"14":[0,0],"15":[0,0],"16":[0,0]},"inputSourceMap":null}
,"/mnt/c/code/jam/server/models/Session.js": {"path":"/mnt/c/code/jam/server/models/Session.js","statementMap":{"0":{"start":{"line":5,"column":30},"end":{"line":10,"column":1}},"1":{"start":{"line":19,"column":4},"end":{"line":21,"column":5}},"2":{"start":{"line":20,"column":6},"end":{"line":20,"column":46}},"3":{"start":{"line":23,"column":15},"end":{"line":23,"column":28}},"4":{"start":{"line":24,"column":15},"end":{"line":24,"column":23}},"5":{"start":{"line":25,"column":17},"end":{"line":25,"column":43}},"6":{"start":{"line":28,"column":23},"end":{"line":31,"column":6}},"7":{"start":{"line":33,"column":4},"end":{"line":33,"column":62}},"8":{"start":{"line":36,"column":28},"end":{"line":39,"column":6}},"9":{"start":{"line":41,"column":4},"end":{"line":41,"column":37}},"10":{"start":{"line":44,"column":25},"end":{"line":47,"column":6}},"11":{"start":{"line":49,"column":4},"end":{"line":49,"column":25}},"12":{"start":{"line":51,"column":4},"end":{"line":51,"column":35}},"13":{"start":{"line":60,"column":4},"end":{"line":62,"column":5}},"14":{"start":{"line":61,"column":6},"end":{"line":61,"column":48}},"15":{"start":{"line":64,"column":15},"end":{"line":64,"column":28}},"16":{"start":{"line":65,"column":17},"end":{"line":71,"column":6}},"17":{"start":{"line":73,"column":4},"end":{"line":73,"column":32}},"18":{"start":{"line":82,"column":4},"end":{"line":84,"column":5}},"19":{"start":{"line":83,"column":6},"end":{"line":83,"column":50}},"20":{"start":{"line":86,"column":15},"end":{"line":86,"column":28}},"21":{"start":{"line":87,"column":17},"end":{"line":93,"column":6}},"22":{"start":{"line":95,"column":4},"end":{"line":95,"column":34}},"23":{"start":{"line":103,"column":15},"end":{"line":103,"column":28}},"24":{"start":{"line":104,"column":17},"end":{"line":110,"column":6}},"25":{"start":{"line":112,"column":4},"end":{"line":112,"column":22}},"26":{"start":{"line":122,"column":4},"end":{"line":124,"column":5}},"27":{"start":{"line":123,"column":6},"end":{"line":123,"column":60}},"28":{"start":{"line":126,"column":4},"end":{"line":128,"column":5}},"29":{"start":{"line":127,"column":6},"end":{"line":127,"column":48}},"30":{"start":{"line":130,"column":15},"end":{"line":130,"column":28}},"31":{"start":{"line":131,"column":17},"end":{"line":135,"column":6}},"32":{"start":{"line":137,"column":4},"end":{"line":137,"column":32}},"33":{"start":{"line":147,"column":4},"end":{"line":149,"column":5}},"34":{"start":{"line":148,"column":6},"end":{"line":148,"column":59}},"35":{"start":{"line":151,"column":15},"end":{"line":151,"column":28}},"36":{"start":{"line":152,"column":17},"end":{"line":156,"column":6}},"37":{"start":{"line":158,"column":4},"end":{"line":158,"column":31}},"38":{"start":{"line":168,"column":4},"end":{"line":170,"column":5}},"39":{"start":{"line":169,"column":6},"end":{"line":169,"column":61}},"40":{"start":{"line":172,"column":15},"end":{"line":172,"column":28}},"41":{"start":{"line":175,"column":22},"end":{"line":179,"column":6}},"42":{"start":{"line":181,"column":19},"end":{"line":181,"column":51}},"43":{"start":{"line":183,"column":4},"end":{"line":185,"column":5}},"44":{"start":{"line":184,"column":6},"end":{"line":184,"column":18}},"45":{"start":{"line":188,"column":23},"end":{"line":191,"column":6}},"46":{"start":{"line":193,"column":4},"end":{"line":193,"column":38}},"47":{"start":{"line":194,"column":4},"end":{"line":194,"column":16}},"48":{"start":{"line":203,"column":4},"end":{"line":205,"column":5}},"49":{"start":{"line":204,"column":6},"end":{"line":204,"column":48}},"50":{"start":{"line":207,"column":15},"end":{"line":207,"column":28}},"51":{"start":{"line":208,"column":17},"end":{"line":214,"column":6}},"52":{"start":{"line":216,"column":4},"end":{"line":216,"column":31}},"53":{"start":{"line":226,"column":4},"end":{"line":228,"column":5}},"54":{"start":{"line":227,"column":6},"end":{"line":227,"column":62}},"55":{"start":{"line":230,"column":15},"end":{"line":230,"column":28}},"56":{"start":{"line":231,"column":79},"end":{"line":231,"column":87}},"57":{"start":{"line":234,"column":26},"end":{"line":236,"column":22}},"58":{"start":{"line":238,"column":28},"end":{"line":240,"column":24}},"59":{"start":{"line":242,"column":17},"end":{"line":249,"column":6}},"60":{"start":{"line":251,"column":4},"end":{"line":257,"column":6}},"61":{"start":{"line":259,"column":4},"end":{"line":259,"column":16}},"62":{"start":{"line":268,"column":4},"end":{"line":270,"column":5}},"63":{"start":{"line":269,"column":6},"end":{"line":269,"column":48}},"64":{"start":{"line":272,"column":15},"end":{"line":272,"column":28}},"65":{"start":{"line":273,"column":17},"end":{"line":276,"column":6}},"66":{"start":{"line":278,"column":21},"end":{"line":278,"column":40}},"67":{"start":{"line":280,"column":4},"end":{"line":280,"column":31}},"68":{"start":{"line":280,"column":19},"end":{"line":280,"column":31}},"69":{"start":{"line":283,"column":4},"end":{"line":289,"column":5}},"70":{"start":{"line":284,"column":6},"end":{"line":288,"column":7}},"71":{"start":{"line":285,"column":8},"end":{"line":285,"column":70}},"72":{"start":{"line":287,"column":8},"end":{"line":287,"column":37}},"73":{"start":{"line":291,"column":4},"end":{"line":297,"column":5}},"74":{"start":{"line":292,"column":6},"end":{"line":296,"column":7}},"75":{"start":{"line":293,"column":8},"end":{"line":293,"column":74}},"76":{"start":{"line":295,"column":8},"end":{"line":295,"column":39}},"77":{"start":{"line":299,"column":4},"end":{"line":299,"column":20}},"78":{"start":{"line":308,"column":4},"end":{"line":310,"column":5}},"79":{"start":{"line":309,"column":6},"end":{"line":309,"column":48}},"80":{"start":{"line":312,"column":15},"end":{"line":312,"column":28}},"81":{"start":{"line":315,"column":35},"end":{"line":318,"column":6}},"82":{"start":{"line":320,"column":4},"end":{"line":320,"column":35}},"83":{"start":{"line":323,"column":31},"end":{"line":326,"column":6}},"84":{"start":{"line":328,"column":4},"end":{"line":328,"column":31}},"85":{"start":{"line":331,"column":30},"end":{"line":334,"column":6}},"86":{"start":{"line":336,"column":4},"end":{"line":336,"column":30}},"87":{"start":{"line":338,"column":4},"end":{"line":338,"column":16}},"88":{"start":{"line":347,"column":23},"end":{"line":347,"column":57}},"89":{"start":{"line":348,"column":15},"end":{"line":348,"column":17}},"90":{"start":{"line":350,"column":4},"end":{"line":352,"column":5}},"91":{"start":{"line":350,"column":17},"end":{"line":350,"column":18}},"92":{"start":{"line":351,"column":6},"end":{"line":351,"column":79}},"93":{"start":{"line":355,"column":15},"end":{"line":355,"column":28}},"94":{"start":{"line":356,"column":17},"end":{"line":356,"column":84}},"95":{"start":{"line":357,"column":19},"end":{"line":357,"column":33}},"96":{"start":{"line":360,"column":4},"end":{"line":362,"column":5}},"97":{"start":{"line":361,"column":6},"end":{"line":361,"column":40}},"98":{"start":{"line":364,"column":4},"end":{"line":364,"column":16}}},"fnMap":{"0":{"name":"(anonymous_0)","decl":{"start":{"line":18,"column":2},"end":{"line":18,"column":3}},"loc":{"start":{"line":18,"column":32},"end":{"line":52,"column":3}},"line":18},"1":{"name":"(anonymous_1)","decl":{"start":{"line":59,"column":2},"end":{"line":59,"column":3}},"loc":{"start":{"line":59,"column":28},"end":{"line":74,"column":3}},"line":59},"2":{"name":"(anonymous_2)","decl":{"start":{"line":81,"column":2},"end":{"line":81,"column":3}},"loc":{"start":{"line":81,"column":32},"end":{"line":96,"column":3}},"line":81},"3":{"name":"(anonymous_3)","decl":{"start":{"line":102,"column":2},"end":{"line":102,"column":3}},"loc":{"start":{"line":102,"column":26},"end":{"line":113,"column":3}},"line":102},"4":{"name":"(anonymous_4)","decl":{"start":{"line":121,"column":2},"end":{"line":121,"column":3}},"loc":{"start":{"line":121,"column":41},"end":{"line":138,"column":3}},"line":121},"5":{"name":"(anonymous_5)","decl":{"start":{"line":146,"column":2},"end":{"line":146,"column":3}},"loc":{"start":{"line":146,"column":39},"end":{"line":159,"column":3}},"line":146},"6":{"name":"(anonymous_6)","decl":{"start":{"line":167,"column":2},"end":{"line":167,"column":3}},"loc":{"start":{"line":167,"column":43},"end":{"line":195,"column":3}},"line":167},"7":{"name":"(anonymous_7)","decl":{"start":{"line":202,"column":2},"end":{"line":202,"column":3}},"loc":{"start":{"line":202,"column":36},"end":{"line":217,"column":3}},"line":202},"8":{"name":"(anonymous_8)","decl":{"start":{"line":225,"column":2},"end":{"line":225,"column":3}},"loc":{"start":{"line":225,"column":52},"end":{"line":260,"column":3}},"line":225},"9":{"name":"(anonymous_9)","decl":{"start":{"line":267,"column":2},"end":{"line":267,"column":3}},"loc":{"start":{"line":267,"column":39},"end":{"line":300,"column":3}},"line":267},"10":{"name":"(anonymous_10)","decl":{"start":{"line":307,"column":2},"end":{"line":307,"column":3}},"loc":{"start":{"line":307,"column":27},"end":{"line":339,"column":3}},"line":307},"11":{"name":"(anonymous_11)","decl":{"start":{"line":345,"column":2},"end":{"line":345,"column":3}},"loc":{"start":{"line":345,"column":31},"end":{"line":365,"column":3}},"line":345}},"branchMap":{"0":{"loc":{"start":{"line":19,"column":4},"end":{"line":21,"column":5}},"type":"if","locations":[{"start":{"line":19,"column":4},"end":{"line":21,"column":5}},{"start":{},"end":{}}],"line":19},"1":{"loc":{"start":{"line":60,"column":4},"end":{"line":62,"column":5}},"type":"if","locations":[{"start":{"line":60,"column":4},"end":{"line":62,"column":5}},{"start":{},"end":{}}],"line":60},"2":{"loc":{"start":{"line":73,"column":11},"end":{"line":73,"column":31}},"type":"binary-expr","locations":[{"start":{"line":73,"column":11},"end":{"line":73,"column":23}},{"start":{"line":73,"column":27},"end":{"line":73,"column":31}}],"line":73},"3":{"loc":{"start":{"line":82,"column":4},"end":{"line":84,"column":5}},"type":"if","locations":[{"start":{"line":82,"column":4},"end":{"line":84,"column":5}},{"start":{},"end":{}}],"line":82},"4":{"loc":{"start":{"line":95,"column":11},"end":{"line":95,"column":33}},"type":"binary-expr","locations":[{"start":{"line":95,"column":11},"end":{"line":95,"column":25}},{"start":{"line":95,"column":29},"end":{"line":95,"column":33}}],"line":95},"5":{"loc":{"start":{"line":122,"column":4},"end":{"line":124,"column":5}},"type":"if","locations":[{"start":{"line":122,"column":4},"end":{"line":124,"column":5}},{"start":{},"end":{}}],"line":122},"6":{"loc":{"start":{"line":122,"column":8},"end":{"line":122,"column":22}},"type":"binary-expr","locations":[{"start":{"line":122,"column":8},"end":{"line":122,"column":11}},{"start":{"line":122,"column":15},"end":{"line":122,"column":22}}],"line":122},"7":{"loc":{"start":{"line":126,"column":4},"end":{"line":128,"column":5}},"type":"if","locations":[{"start":{"line":126,"column":4},"end":{"line":128,"column":5}},{"start":{},"end":{}}],"line":126},"8":{"loc":{"start":{"line":147,"column":4},"end":{"line":149,"column":5}},"type":"if","locations":[{"start":{"line":147,"column":4},"end":{"line":149,"column":5}},{"start":{},"end":{}}],"line":147},"9":{"loc":{"start":{"line":147,"column":8},"end":{"line":147,"column":34}},"type":"binary-expr","locations":[{"start":{"line":147,"column":8},"end":{"line":147,"column":11}},{"start":{"line":147,"column":15},"end":{"line":147,"column":34}}],"line":147},"10":{"loc":{"start":{"line":168,"column":4},"end":{"line":170,"column":5}},"type":"if","locations":[{"start":{"line":168,"column":4},"end":{"line":170,"column":5}},{"start":{},"end":{}}],"line":168},"11":{"loc":{"start":{"line":168,"column":8},"end":{"line":168,"column":29}},"type":"binary-expr","locations":[{"start":{"line":168,"column":8},"end":{"line":168,"column":18}},{"start":{"line":168,"column":22},"end":{"line":168,"column":29}}],"line":168},"12":{"loc":{"start":{"line":183,"column":4},"end":{"line":185,"column":5}},"type":"if","locations":[{"start":{"line":183,"column":4},"end":{"line":185,"column":5}},{"start":{},"end":{}}],"line":183},"13":{"loc":{"start":{"line":183,"column":8},"end":{"line":183,"column":34}},"type":"binary-expr","locations":[{"start":{"line":183,"column":8},"end":{"line":183,"column":14}},{"start":{"line":183,"column":18},"end":{"line":183,"column":34}}],"line":183},"14":{"loc":{"start":{"line":203,"column":4},"end":{"line":205,"column":5}},"type":"if","locations":[{"start":{"line":203,"column":4},"end":{"line":205,"column":5}},{"start":{},"end":{}}],"line":203},"15":{"loc":{"start":{"line":226,"column":4},"end":{"line":228,"column":5}},"type":"if","locations":[{"start":{"line":226,"column":4},"end":{"line":228,"column":5}},{"start":{},"end":{}}],"line":226},"16":{"loc":{"start":{"line":226,"column":8},"end":{"line":226,"column":31}},"type":"binary-expr","locations":[{"start":{"line":226,"column":8},"end":{"line":226,"column":18}},{"start":{"line":226,"column":22},"end":{"line":226,"column":31}}],"line":226},"17":{"loc":{"start":{"line":234,"column":26},"end":{"line":236,"column":22}},"type":"cond-expr","locations":[{"start":{"line":235,"column":8},"end":{"line":235,"column":38}},{"start":{"line":236,"column":8},"end":{"line":236,"column":22}}],"line":234},"18":{"loc":{"start":{"line":238,"column":28},"end":{"line":240,"column":24}},"type":"cond-expr","locations":[{"start":{"line":239,"column":8},"end":{"line":239,"column":40}},{"start":{"line":240,"column":8},"end":{"line":240,"column":24}}],"line":238},"19":{"loc":{"start":{"line":268,"column":4},"end":{"line":270,"column":5}},"type":"if","locations":[{"start":{"line":268,"column":4},"end":{"line":270,"column":5}},{"start":{},"end":{}}],"line":268},"20":{"loc":{"start":{"line":280,"column":4},"end":{"line":280,"column":31}},"type":"if","locations":[{"start":{"line":280,"column":4},"end":{"line":280,"column":31}},{"start":{},"end":{}}],"line":280},"21":{"loc":{"start":{"line":283,"column":4},"end":{"line":289,"column":5}},"type":"if","locations":[{"start":{"line":283,"column":4},"end":{"line":289,"column":5}},{"start":{},"end":{}}],"line":283},"22":{"loc":{"start":{"line":291,"column":4},"end":{"line":297,"column":5}},"type":"if","locations":[{"start":{"line":291,"column":4},"end":{"line":297,"column":5}},{"start":{},"end":{}}],"line":291},"23":{"loc":{"start":{"line":308,"column":4},"end":{"line":310,"column":5}},"type":"if","locations":[{"start":{"line":308,"column":4},"end":{"line":310,"column":5}},{"start":{},"end":{}}],"line":308},"24":{"loc":{"start":{"line":360,"column":4},"end":{"line":362,"column":5}},"type":"if","locations":[{"start":{"line":360,"column":4},"end":{"line":362,"column":5}},{"start":{},"end":{}}],"line":360},"25":{"loc":{"start":{"line":360,"column":8},"end":{"line":360,"column":34}},"type":"binary-expr","locations":[{"start":{"line":360,"column":8},"end":{"line":360,"column":14}},{"start":{"line":360,"column":18},"end":{"line":360,"column":34}}],"line":360}},"s":{"0":1,"1":4,"2":0,"3":4,"4":4,"5":4,"6":4,"7":4,"8":4,"9":4,"10":4,"11":4,"12":4,"13":6,"14":0,"15":6,"16":6,"17":6,"18":1,"19":0,"20":1,"21":1,"22":1,"23":0,"24":0,"25":0,"26":1,"27":0,"28":1,"29":0,"30":1,"31":1,"32":1,"33":0,"34":0,"35":0,"36":0,"37":0,"38":0,"39":0,"40":0,"41":0,"42":0,"43":0,"44":0,"45":0,"46":0,"47":0,"48":0,"49":0,"50":0,"51":0,"52":0,"53":0,"54":0,"55":0,"56":0,"57":0,"58":0,"59":0,"60":0,"61":0,"62":0,"63":0,"64":0,"65":0,"66":0,"67":0,"68":0,"69":0,"70":0,"71":0,"72":0,"73":0,"74":0,"75":0,"76":0,"77":0,"78":0,"79":0,"80":0,"81":0,"82":0,"83":0,"84":0,"85":0,"86":0,"87":0,"88":4,"89":4,"90":4,"91":4,"92":24,"93":4,"94":4,"95":4,"96":4,"97":0,"98":4},"f":{"0":4,"1":6,"2":1,"3":0,"4":1,"5":0,"6":0,"7":0,"8":0,"9":0,"10":0,"11":4},"b":{"0":[0,4],"1":[0,6],"2":[6,0],"3":[0,1],"4":[1,0],"5":[0,1],"6":[1,1],"7":[0,1],"8":[0,0],"9":[0,0],"10":[0,0],"11":[0,0],"12":[0,0],"13":[0,0],"14":[0,0],"15":[0,0],"16":[0,0],"17":[0,0],"18":[0,0],"19":[0,0],"20":[0,0],"21":[0,0],"22":[0,0],"23":[0,0],"24":[0,4],"25":[4,4]},"inputSourceMap":null,"_coverageSchema":"1a1c01bbd47fc00a2c39e90264f33305004495a9","hash":"5b926b76b38b5e694f8c1a1daf8a292f852afeb0"}
,"/mnt/c/code/jam/server/models/User.js": {"path":"/mnt/c/code/jam/server/models/User.js","statementMap":{"0":{"start":{"line":11,"column":4},"end":{"line":13,"column":5}},"1":{"start":{"line":12,"column":6},"end":{"line":12,"column":47}},"2":{"start":{"line":15,"column":15},"end":{"line":15,"column":28}},"3":{"start":{"line":16,"column":15},"end":{"line":16,"column":23}},"4":{"start":{"line":18,"column":17},"end":{"line":18,"column":73}},"5":{"start":{"line":19,"column":4},"end":{"line":19,"column":30}},"6":{"start":{"line":21,"column":4},"end":{"line":21,"column":32}},"7":{"start":{"line":30,"column":4},"end":{"line":32,"column":5}},"8":{"start":{"line":31,"column":6},"end":{"line":31,"column":45}},"9":{"start":{"line":34,"column":15},"end":{"line":34,"column":28}},"10":{"start":{"line":35,"column":17},"end":{"line":35,"column":63}},"11":{"start":{"line":36,"column":4},"end":{"line":36,"column":32}},"12":{"start":{"line":45,"column":4},"end":{"line":47,"column":5}},"13":{"start":{"line":46,"column":6},"end":{"line":46,"column":45}},"14":{"start":{"line":49,"column":15},"end":{"line":49,"column":28}},"15":{"start":{"line":50,"column":17},"end":{"line":50,"column":92}},"16":{"start":{"line":51,"column":4},"end":{"line":51,"column":24}},"17":{"start":{"line":59,"column":15},"end":{"line":59,"column":28}},"18":{"start":{"line":60,"column":17},"end":{"line":60,"column":75}},"19":{"start":{"line":61,"column":4},"end":{"line":61,"column":22}},"20":{"start":{"line":70,"column":4},"end":{"line":72,"column":5}},"21":{"start":{"line":71,"column":6},"end":{"line":71,"column":48}},"22":{"start":{"line":74,"column":15},"end":{"line":74,"column":28}},"23":{"start":{"line":75,"column":17},"end":{"line":81,"column":6}},"24":{"start":{"line":83,"column":4},"end":{"line":83,"column":31}},"25":{"start":{"line":92,"column":4},"end":{"line":94,"column":5}},"26":{"start":{"line":93,"column":6},"end":{"line":93,"column":45}},"27":{"start":{"line":96,"column":15},"end":{"line":96,"column":28}},"28":{"start":{"line":97,"column":17},"end":{"line":97,"column":61}},"29":{"start":{"line":98,"column":4},"end":{"line":98,"column":24}}},"fnMap":{"0":{"name":"(anonymous_0)","decl":{"start":{"line":10,"column":2},"end":{"line":10,"column":3}},"loc":{"start":{"line":10,"column":26},"end":{"line":22,"column":3}},"line":10},"1":{"name":"(anonymous_1)","decl":{"start":{"line":29,"column":2},"end":{"line":29,"column":3}},"loc":{"start":{"line":29,"column":25},"end":{"line":37,"column":3}},"line":29},"2":{"name":"(anonymous_2)","decl":{"start":{"line":44,"column":2},"end":{"line":44,"column":3}},"loc":{"start":{"line":44,"column":34},"end":{"line":52,"column":3}},"line":44},"3":{"name":"(anonymous_3)","decl":{"start":{"line":58,"column":2},"end":{"line":58,"column":3}},"loc":{"start":{"line":58,"column":23},"end":{"line":62,"column":3}},"line":58},"4":{"name":"(anonymous_4)","decl":{"start":{"line":69,"column":2},"end":{"line":69,"column":3}},"loc":{"start":{"line":69,"column":40},"end":{"line":84,"column":3}},"line":69},"5":{"name":"(anonymous_5)","decl":{"start":{"line":91,"column":2},"end":{"line":91,"column":3}},"loc":{"start":{"line":91,"column":24},"end":{"line":99,"column":3}},"line":91}},"branchMap":{"0":{"loc":{"start":{"line":11,"column":4},"end":{"line":13,"column":5}},"type":"if","locations":[{"start":{"line":11,"column":4},"end":{"line":13,"column":5}},{"start":{},"end":{}}],"line":11},"1":{"loc":{"start":{"line":11,"column":8},"end":{"line":11,"column":35}},"type":"binary-expr","locations":[{"start":{"line":11,"column":8},"end":{"line":11,"column":13}},{"start":{"line":11,"column":17},"end":{"line":11,"column":35}}],"line":11},"2":{"loc":{"start":{"line":30,"column":4},"end":{"line":32,"column":5}},"type":"if","locations":[{"start":{"line":30,"column":4},"end":{"line":32,"column":5}},{"start":{},"end":{}}],"line":30},"3":{"loc":{"start":{"line":36,"column":11},"end":{"line":36,"column":31}},"type":"binary-expr","locations":[{"start":{"line":36,"column":11},"end":{"line":36,"column":23}},{"start":{"line":36,"column":27},"end":{"line":36,"column":31}}],"line":36},"4":{"loc":{"start":{"line":45,"column":4},"end":{"line":47,"column":5}},"type":"if","locations":[{"start":{"line":45,"column":4},"end":{"line":47,"column":5}},{"start":{},"end":{}}],"line":45},"5":{"loc":{"start":{"line":70,"column":4},"end":{"line":72,"column":5}},"type":"if","locations":[{"start":{"line":70,"column":4},"end":{"line":72,"column":5}},{"start":{},"end":{}}],"line":70},"6":{"loc":{"start":{"line":92,"column":4},"end":{"line":94,"column":5}},"type":"if","locations":[{"start":{"line":92,"column":4},"end":{"line":94,"column":5}},{"start":{},"end":{}}],"line":92}},"s":{"0":2,"1":0,"2":2,"3":2,"4":2,"5":2,"6":2,"7":3,"8":0,"9":3,"10":3,"11":3,"12":0,"13":0,"14":0,"15":0,"16":0,"17":0,"18":0,"19":0,"20":0,"21":0,"22":0,"23":0,"24":0,"25":0,"26":0,"27":0,"28":0,"29":0},"f":{"0":2,"1":3,"2":0,"3":0,"4":0,"5":0},"b":{"0":[0,2],"1":[2,2],"2":[0,3],"3":[3,0],"4":[0,0],"5":[0,0],"6":[0,0]},"inputSourceMap":null,"_coverageSchema":"1a1c01bbd47fc00a2c39e90264f33305004495a9","hash":"938244c28dbef7a8c5c0de07c7df2d52e3018b09"}
,"/mnt/c/code/jam/server/models/Vote.js": {"path":"/mnt/c/code/jam/server/models/Vote.js","statementMap":{"0":{"start":{"line":14,"column":4},"end":{"line":16,"column":5}},"1":{"start":{"line":15,"column":6},"end":{"line":15,"column":78}},"2":{"start":{"line":18,"column":15},"end":{"line":18,"column":28}},"3":{"start":{"line":19,"column":15},"end":{"line":19,"column":23}},"4":{"start":{"line":21,"column":4},"end":{"line":36,"column":5}},"5":{"start":{"line":22,"column":19},"end":{"line":25,"column":8}},"6":{"start":{"line":27,"column":6},"end":{"line":27,"column":53}},"7":{"start":{"line":29,"column":6},"end":{"line":29,"column":34}},"8":{"start":{"line":32,"column":6},"end":{"line":34,"column":7}},"9":{"start":{"line":33,"column":8},"end":{"line":33,"column":78}},"10":{"start":{"line":35,"column":6},"end":{"line":35,"column":18}},"11":{"start":{"line":45,"column":4},"end":{"line":47,"column":5}},"12":{"start":{"line":46,"column":6},"end":{"line":46,"column":45}},"13":{"start":{"line":49,"column":15},"end":{"line":49,"column":28}},"14":{"start":{"line":50,"column":17},"end":{"line":56,"column":6}},"15":{"start":{"line":58,"column":4},"end":{"line":58,"column":32}},"16":{"start":{"line":68,"column":4},"end":{"line":70,"column":5}},"17":{"start":{"line":69,"column":6},"end":{"line":69,"column":59}},"18":{"start":{"line":72,"column":15},"end":{"line":72,"column":28}},"19":{"start":{"line":73,"column":17},"end":{"line":80,"column":6}},"20":{"start":{"line":82,"column":4},"end":{"line":82,"column":38}},"21":{"start":{"line":93,"column":4},"end":{"line":95,"column":5}},"22":{"start":{"line":94,"column":6},"end":{"line":94,"column":69}},"23":{"start":{"line":97,"column":15},"end":{"line":97,"column":28}},"24":{"start":{"line":98,"column":17},"end":{"line":105,"column":6}},"25":{"start":{"line":107,"column":4},"end":{"line":107,"column":46}},"26":{"start":{"line":117,"column":4},"end":{"line":119,"column":5}},"27":{"start":{"line":118,"column":6},"end":{"line":118,"column":59}},"28":{"start":{"line":121,"column":15},"end":{"line":121,"column":28}},"29":{"start":{"line":122,"column":17},"end":{"line":129,"column":6}},"30":{"start":{"line":131,"column":4},"end":{"line":131,"column":38}},"31":{"start":{"line":142,"column":4},"end":{"line":144,"column":5}},"32":{"start":{"line":143,"column":6},"end":{"line":143,"column":69}},"33":{"start":{"line":146,"column":15},"end":{"line":146,"column":28}},"34":{"start":{"line":147,"column":17},"end":{"line":151,"column":6}},"35":{"start":{"line":153,"column":19},"end":{"line":153,"column":53}},"36":{"start":{"line":154,"column":4},"end":{"line":154,"column":38}},"37":{"start":{"line":164,"column":4},"end":{"line":166,"column":5}},"38":{"start":{"line":165,"column":6},"end":{"line":165,"column":59}},"39":{"start":{"line":168,"column":15},"end":{"line":168,"column":28}},"40":{"start":{"line":169,"column":17},"end":{"line":173,"column":6}},"41":{"start":{"line":175,"column":19},"end":{"line":175,"column":45}},"42":{"start":{"line":176,"column":4},"end":{"line":176,"column":37}},"43":{"start":{"line":186,"column":4},"end":{"line":188,"column":5}},"44":{"start":{"line":187,"column":6},"end":{"line":187,"column":59}},"45":{"start":{"line":190,"column":15},"end":{"line":190,"column":28}},"46":{"start":{"line":191,"column":17},"end":{"line":195,"column":6}},"47":{"start":{"line":197,"column":4},"end":{"line":197,"column":62}},"48":{"start":{"line":197,"column":49},"end":{"line":197,"column":60}},"49":{"start":{"line":208,"column":4},"end":{"line":210,"column":5}},"50":{"start":{"line":209,"column":6},"end":{"line":209,"column":69}},"51":{"start":{"line":212,"column":15},"end":{"line":212,"column":28}},"52":{"start":{"line":213,"column":17},"end":{"line":216,"column":6}},"53":{"start":{"line":218,"column":4},"end":{"line":218,"column":39}},"54":{"start":{"line":219,"column":4},"end":{"line":219,"column":16}},"55":{"start":{"line":228,"column":4},"end":{"line":230,"column":5}},"56":{"start":{"line":229,"column":6},"end":{"line":229,"column":48}},"57":{"start":{"line":232,"column":15},"end":{"line":232,"column":28}},"58":{"start":{"line":233,"column":17},"end":{"line":236,"column":6}},"59":{"start":{"line":238,"column":4},"end":{"line":238,"column":24}},"60":{"start":{"line":239,"column":4},"end":{"line":239,"column":16}},"61":{"start":{"line":249,"column":4},"end":{"line":251,"column":5}},"62":{"start":{"line":250,"column":6},"end":{"line":250,"column":59}},"63":{"start":{"line":253,"column":15},"end":{"line":253,"column":28}},"64":{"start":{"line":254,"column":17},"end":{"line":257,"column":6}},"65":{"start":{"line":259,"column":4},"end":{"line":259,"column":31}},"66":{"start":{"line":260,"column":4},"end":{"line":260,"column":16}}},"fnMap":{"0":{"name":"(anonymous_0)","decl":{"start":{"line":13,"column":2},"end":{"line":13,"column":3}},"loc":{"start":{"line":13,"column":54},"end":{"line":37,"column":3}},"line":13},"1":{"name":"(anonymous_1)","decl":{"start":{"line":44,"column":2},"end":{"line":44,"column":3}},"loc":{"start":{"line":44,"column":25},"end":{"line":59,"column":3}},"line":44},"2":{"name":"(anonymous_2)","decl":{"start":{"line":67,"column":2},"end":{"line":67,"column":3}},"loc":{"start":{"line":67,"column":53},"end":{"line":83,"column":3}},"line":67},"3":{"name":"(anonymous_3)","decl":{"start":{"line":92,"column":2},"end":{"line":92,"column":3}},"loc":{"start":{"line":92,"column":65},"end":{"line":108,"column":3}},"line":92},"4":{"name":"(anonymous_4)","decl":{"start":{"line":116,"column":2},"end":{"line":116,"column":3}},"loc":{"start":{"line":116,"column":47},"end":{"line":132,"column":3}},"line":116},"5":{"name":"(anonymous_5)","decl":{"start":{"line":141,"column":2},"end":{"line":141,"column":3}},"loc":{"start":{"line":141,"column":55},"end":{"line":155,"column":3}},"line":141},"6":{"name":"(anonymous_6)","decl":{"start":{"line":163,"column":2},"end":{"line":163,"column":3}},"loc":{"start":{"line":163,"column":45},"end":{"line":177,"column":3}},"line":163},"7":{"name":"(anonymous_7)","decl":{"start":{"line":185,"column":2},"end":{"line":185,"column":3}},"loc":{"start":{"line":185,"column":44},"end":{"line":198,"column":3}},"line":185},"8":{"name":"(anonymous_8)","decl":{"start":{"line":197,"column":42},"end":{"line":197,"column":43}},"loc":{"start":{"line":197,"column":49},"end":{"line":197,"column":60}},"line":197},"9":{"name":"(anonymous_9)","decl":{"start":{"line":207,"column":2},"end":{"line":207,"column":3}},"loc":{"start":{"line":207,"column":58},"end":{"line":220,"column":3}},"line":207},"10":{"name":"(anonymous_10)","decl":{"start":{"line":227,"column":2},"end":{"line":227,"column":3}},"loc":{"start":{"line":227,"column":41},"end":{"line":240,"column":3}},"line":227},"11":{"name":"(anonymous_11)","decl":{"start":{"line":248,"column":2},"end":{"line":248,"column":3}},"loc":{"start":{"line":248,"column":46},"end":{"line":261,"column":3}},"line":248}},"branchMap":{"0":{"loc":{"start":{"line":14,"column":4},"end":{"line":16,"column":5}},"type":"if","locations":[{"start":{"line":14,"column":4},"end":{"line":16,"column":5}},{"start":{},"end":{}}],"line":14},"1":{"loc":{"start":{"line":14,"column":8},"end":{"line":14,"column":63}},"type":"binary-expr","locations":[{"start":{"line":14,"column":8},"end":{"line":14,"column":15}},{"start":{"line":14,"column":19},"end":{"line":14,"column":26}},{"start":{"line":14,"column":30},"end":{"line":14,"column":40}},{"start":{"line":14,"column":44},"end":{"line":14,"column":63}}],"line":14},"2":{"loc":{"start":{"line":32,"column":6},"end":{"line":34,"column":7}},"type":"if","locations":[{"start":{"line":32,"column":6},"end":{"line":34,"column":7}},{"start":{},"end":{}}],"line":32},"3":{"loc":{"start":{"line":45,"column":4},"end":{"line":47,"column":5}},"type":"if","locations":[{"start":{"line":45,"column":4},"end":{"line":47,"column":5}},{"start":{},"end":{}}],"line":45},"4":{"loc":{"start":{"line":58,"column":11},"end":{"line":58,"column":31}},"type":"binary-expr","locations":[{"start":{"line":58,"column":11},"end":{"line":58,"column":23}},{"start":{"line":58,"column":27},"end":{"line":58,"column":31}}],"line":58},"5":{"loc":{"start":{"line":68,"column":4},"end":{"line":70,"column":5}},"type":"if","locations":[{"start":{"line":68,"column":4},"end":{"line":70,"column":5}},{"start":{},"end":{}}],"line":68},"6":{"loc":{"start":{"line":68,"column":8},"end":{"line":68,"column":41}},"type":"binary-expr","locations":[{"start":{"line":68,"column":8},"end":{"line":68,"column":18}},{"start":{"line":68,"column":22},"end":{"line":68,"column":41}}],"line":68},"7":{"loc":{"start":{"line":93,"column":4},"end":{"line":95,"column":5}},"type":"if","locations":[{"start":{"line":93,"column":4},"end":{"line":95,"column":5}},{"start":{},"end":{}}],"line":93},"8":{"loc":{"start":{"line":93,"column":8},"end":{"line":93,"column":52}},"type":"binary-expr","locations":[{"start":{"line":93,"column":8},"end":{"line":93,"column":15}},{"start":{"line":93,"column":19},"end":{"line":93,"column":29}},{"start":{"line":93,"column":33},"end":{"line":93,"column":52}}],"line":93},"9":{"loc":{"start":{"line":117,"column":4},"end":{"line":119,"column":5}},"type":"if","locations":[{"start":{"line":117,"column":4},"end":{"line":119,"column":5}},{"start":{},"end":{}}],"line":117},"10":{"loc":{"start":{"line":117,"column":8},"end":{"line":117,"column":41}},"type":"binary-expr","locations":[{"start":{"line":117,"column":8},"end":{"line":117,"column":18}},{"start":{"line":117,"column":22},"end":{"line":117,"column":41}}],"line":117},"11":{"loc":{"start":{"line":142,"column":4},"end":{"line":144,"column":5}},"type":"if","locations":[{"start":{"line":142,"column":4},"end":{"line":144,"column":5}},{"start":{},"end":{}}],"line":142},"12":{"loc":{"start":{"line":142,"column":8},"end":{"line":142,"column":52}},"type":"binary-expr","locations":[{"start":{"line":142,"column":8},"end":{"line":142,"column":15}},{"start":{"line":142,"column":19},"end":{"line":142,"column":29}},{"start":{"line":142,"column":33},"end":{"line":142,"column":52}}],"line":142},"13":{"loc":{"start":{"line":154,"column":11},"end":{"line":154,"column":37}},"type":"binary-expr","locations":[{"start":{"line":154,"column":11},"end":{"line":154,"column":17}},{"start":{"line":154,"column":21},"end":{"line":154,"column":37}}],"line":154},"14":{"loc":{"start":{"line":164,"column":4},"end":{"line":166,"column":5}},"type":"if","locations":[{"start":{"line":164,"column":4},"end":{"line":166,"column":5}},{"start":{},"end":{}}],"line":164},"15":{"loc":{"start":{"line":164,"column":8},"end":{"line":164,"column":41}},"type":"binary-expr","locations":[{"start":{"line":164,"column":8},"end":{"line":164,"column":18}},{"start":{"line":164,"column":22},"end":{"line":164,"column":41}}],"line":164},"16":{"loc":{"start":{"line":176,"column":11},"end":{"line":176,"column":36}},"type":"cond-expr","locations":[{"start":{"line":176,"column":20},"end":{"line":176,"column":32}},{"start":{"line":176,"column":35},"end":{"line":176,"column":36}}],"line":176},"17":{"loc":{"start":{"line":186,"column":4},"end":{"line":188,"column":5}},"type":"if","locations":[{"start":{"line":186,"column":4},"end":{"line":188,"column":5}},{"start":{},"end":{}}],"line":186},"18":{"loc":{"start":{"line":186,"column":8},"end":{"line":186,"column":41}},"type":"binary-expr","locations":[{"start":{"line":186,"column":8},"end":{"line":186,"column":18}},{"start":{"line":186,"column":22},"end":{"line":186,"column":41}}],"line":186},"19":{"loc":{"start":{"line":208,"column":4},"end":{"line":210,"column":5}},"type":"if","locations":[{"start":{"line":208,"column":4},"end":{"line":210,"column":5}},{"start":{},"end":{}}],"line":208},"20":{"loc":{"start":{"line":208,"column":8},"end":{"line":208,"column":52}},"type":"binary-expr","locations":[{"start":{"line":208,"column":8},"end":{"line":208,"column":15}},{"start":{"line":208,"column":19},"end":{"line":208,"column":29}},{"start":{"line":208,"column":33},"end":{"line":208,"column":52}}],"line":208},"21":{"loc":{"start":{"line":228,"column":4},"end":{"line":230,"column":5}},"type":"if","locations":[{"start":{"line":228,"column":4},"end":{"line":230,"column":5}},{"start":{},"end":{}}],"line":228},"22":{"loc":{"start":{"line":249,"column":4},"end":{"line":251,"column":5}},"type":"if","locations":[{"start":{"line":249,"column":4},"end":{"line":251,"column":5}},{"start":{},"end":{}}],"line":249},"23":{"loc":{"start":{"line":249,"column":8},"end":{"line":249,"column":41}},"type":"binary-expr","locations":[{"start":{"line":249,"column":8},"end":{"line":249,"column":18}},{"start":{"line":249,"column":22},"end":{"line":249,"column":41}}],"line":249}},"s":{"0":0,"1":0,"2":0,"3":0,"4":0,"5":0,"6":0,"7":0,"8":0,"9":0,"10":0,"11":0,"12":0,"13":0,"14":0,"15":0,"16":0,"17":0,"18":0,"19":0,"20":0,"21":0,"22":0,"23":0,"24":0,"25":0,"26":0,"27":0,"28":0,"29":0,"30":0,"31":0,"32":0,"33":0,"34":0,"35":0,"36":0,"37":0,"38":0,"39":0,"40":0,"41":0,"42":0,"43":0,"44":0,"45":0,"46":0,"47":0,"48":0,"49":0,"50":0,"51":0,"52":0,"53":0,"54":0,"55":0,"56":0,"57":0,"58":0,"59":0,"60":0,"61":0,"62":0,"63":0,"64":0,"65":0,"66":0},"f":{"0":0,"1":0,"2":0,"3":0,"4":0,"5":0,"6":0,"7":0,"8":0,"9":0,"10":0,"11":0},"b":{"0":[0,0],"1":[0,0,0,0],"2":[0,0],"3":[0,0],"4":[0,0],"5":[0,0],"6":[0,0],"7":[0,0],"8":[0,0,0],"9":[0,0],"10":[0,0],"11":[0,0],"12":[0,0,0],"13":[0,0],"14":[0,0],"15":[0,0],"16":[0,0],"17":[0,0],"18":[0,0],"19":[0,0],"20":[0,0,0],"21":[0,0],"22":[0,0],"23":[0,0]},"inputSourceMap":null}
[...]
olumn":6},"end":{"line":65,"column":7}},{"start":{},"end":{}}],"line":56},"5":{"loc":{"start":{"line":56,"column":10},"end":{"line":56,"column":101}},"type":"binary-expr","locations":[{"start":{"line":56,"column":10},"end":{"line":56,"column":57}},{"start":{"line":56,"column":61},"end":{"line":56,"column":101}}],"line":56},"6":{"loc":{"start":{"line":70,"column":38},"end":{"line":70,"column":78}},"type":"binary-expr","locations":[{"start":{"line":70,"column":38},"end":{"line":70,"column":51}},{"start":{"line":70,"column":55},"end":{"line":70,"column":78}}],"line":70},"7":{"loc":{"start":{"line":79,"column":6},"end":{"line":82,"column":7}},"type":"if","locations":[{"start":{"line":79,"column":6},"end":{"line":82,"column":7}},{"start":{},"end":{}}],"line":79},"8":{"loc":{"start":{"line":86,"column":6},"end":{"line":89,"column":7}},"type":"if","locations":[{"start":{"line":86,"column":6},"end":{"line":89,"column":7}},{"start":{},"end":{}}],"line":86},"9":{"loc":{"start":{"line":103,"column":38},"end":{"line":103,"column":76}},"type":"binary-expr","locations":[{"start":{"line":103,"column":38},"end":{"line":103,"column":51}},{"start":{"line":103,"column":55},"end":{"line":103,"column":76}}],"line":103},"10":{"loc":{"start":{"line":112,"column":6},"end":{"line":115,"column":7}},"type":"if","locations":[{"start":{"line":112,"column":6},"end":{"line":115,"column":7}},{"start":{},"end":{}}],"line":112},"11":{"loc":{"start":{"line":119,"column":6},"end":{"line":122,"column":7}},"type":"if","locations":[{"start":{"line":119,"column":6},"end":{"line":122,"column":7}},{"start":{},"end":{}}],"line":119},"12":{"loc":{"start":{"line":125,"column":6},"end":{"line":128,"column":7}},"type":"if","locations":[{"start":{"line":125,"column":6},"end":{"line":128,"column":7}},{"start":{},"end":{}}],"line":125},"13":{"loc":{"start":{"line":143,"column":38},"end":{"line":143,"column":86}},"type":"binary-expr","locations":[{"start":{"line":143,"column":38},"end":{"line":143,"column":51}},{"start":{"line":143,"column":55},"end":{"line":143,"column":86}}],"line":143}},"s":{"0":0,"1":0,"2":0,"3":0,"4":0,"5":0,"6":0,"7":0,"8":0,"9":0,"10":0,"11":0,"12":0,"13":0,"14":0,"15":0,"16":0,"17":0,"18":0,"19":0,"20":0,"21":0,"22":0,"23":0,"24":0,"25":0,"26":0,"27":0,"28":0,"29":0,"30":0,"31":0,"32":0,"33":0,"34":0,"35":0,"36":0,"37":0,"38":0,"39":0,"40":0,"41":0,"42":0,"43":0,"44":0,"45":0,"46":0,"47":0,"48":0,"49":0,"50":0,"51":0},"f":{"0":0,"1":0,"2":0,"3":0},"b":{"0":[0,0],"1":[0,0],"2":[0,0],"3":[0,0],"4":[0,0],"5":[0,0],"6":[0,0],"7":[0,0],"8":[0,0],"9":[0,0],"10":[0,0],"11":[0,0],"12":[0,0],"13":[0,0]},"inputSourceMap":null}
,"/mnt/c/code/jam/server/socket/index.js": {"path":"/mnt/c/code/jam/server/socket/index.js","statementMap":{"0":{"start":{"line":14,"column":13},"end":{"line":20,"column":4}},"1":{"start":{"line":23,"column":2},"end":{"line":47,"column":5}},"2":{"start":{"line":24,"column":19},"end":{"line":24,"column":47}},"3":{"start":{"line":26,"column":4},"end":{"line":28,"column":5}},"4":{"start":{"line":27,"column":6},"end":{"line":27,"column":53}},"5":{"start":{"line":31,"column":4},"end":{"line":46,"column":5}},"6":{"start":{"line":32,"column":19},"end":{"line":32,"column":50}},"7":{"start":{"line":34,"column":6},"end":{"line":36,"column":7}},"8":{"start":{"line":35,"column":8},"end":{"line":35,"column":47}},"9":{"start":{"line":39,"column":6},"end":{"line":39,"column":29}},"10":{"start":{"line":40,"column":6},"end":{"line":40,"column":25}},"11":{"start":{"line":42,"column":6},"end":{"line":42,"column":20}},"12":{"start":{"line":44,"column":6},"end":{"line":44,"column":59}},"13":{"start":{"line":45,"column":6},"end":{"line":45,"column":53}},"14":{"start":{"line":49,"column":2},"end":{"line":61,"column":5}},"15":{"start":{"line":50,"column":4},"end":{"line":50,"column":52}},"16":{"start":{"line":53,"column":4},"end":{"line":53,"column":32}},"17":{"start":{"line":54,"column":4},"end":{"line":54,"column":29}},"18":{"start":{"line":55,"column":4},"end":{"line":55,"column":29}},"19":{"start":{"line":58,"column":4},"end":{"line":60,"column":7}},"20":{"start":{"line":59,"column":6},"end":{"line":59,"column":57}},"21":{"start":{"line":63,"column":2},"end":{"line":63,"column":12}}},"fnMap":{"0":{"name":"setupSocketServer","decl":{"start":{"line":13,"column":16},"end":{"line":13,"column":33}},"loc":{"start":{"line":13,"column":46},"end":{"line":64,"column":1}},"line":13},"1":{"name":"(anonymous_1)","decl":{"start":{"line":23,"column":9},"end":{"line":23,"column":10}},"loc":{"start":{"line":23,"column":27},"end":{"line":47,"column":3}},"line":23},"2":{"name":"(anonymous_2)","decl":{"start":{"line":49,"column":22},"end":{"line":49,"column":23}},"loc":{"start":{"line":49,"column":34},"end":{"line":61,"column":3}},"line":49},"3":{"name":"(anonymous_3)","decl":{"start":{"line":58,"column":28},"end":{"line":58,"column":29}},"loc":{"start":{"line":58,"column":34},"end":{"line":60,"column":5}},"line":58}},"branchMap":{"0":{"loc":{"start":{"line":16,"column":14},"end":{"line":16,"column":63}},"type":"binary-expr","locations":[{"start":{"line":16,"column":14},"end":{"line":16,"column":36}},{"start":{"line":16,"column":40},"end":{"line":16,"column":63}}],"line":16},"1":{"loc":{"start":{"line":26,"column":4},"end":{"line":28,"column":5}},"type":"if","locations":[{"start":{"line":26,"column":4},"end":{"line":28,"column":5}},{"start":{},"end":{}}],"line":26},"2":{"loc":{"start":{"line":34,"column":6},"end":{"line":36,"column":7}},"type":"if","locations":[{"start":{"line":34,"column":6},"end":{"line":36,"column":7}},{"start":{},"end":{}}],"line":34}},"s":{"0":0,"1":0,"2":0,"3":0,"4":0,"5":0,"6":0,"7":0,"8":0,"9":0,"10":0,"11":0,"12":0,"13":0,"14":0,"15":0,"16":0,"17":0,"18":0,"19":0,"20":0,"21":0},"f":{"0":0,"1":0,"2":0,"3":0},"b":{"0":[0,0],"1":[0,0],"2":[0,0]},"inputSourceMap":null}
,"/mnt/c/code/jam/server/socket/sessionHandlers.js": {"path":"/mnt/c/code/jam/server/socket/sessionHandlers.js","statementMap":{"0":{"start":{"line":13,"column":2},"end":{"line":57,"column":5}},"1":{"start":{"line":14,"column":4},"end":{"line":56,"column":5}},"2":{"start":{"line":15,"column":6},"end":{"line":18,"column":7}},"3":{"start":{"line":16,"column":8},"end":{"line":16,"column":68}},"4":{"start":{"line":17,"column":8},"end":{"line":17,"column":15}},"5":{"start":{"line":21,"column":22},"end":{"line":21,"column":62}},"6":{"start":{"line":22,"column":6},"end":{"line":25,"column":7}},"7":{"start":{"line":23,"column":8},"end":{"line":23,"column":63}},"8":{"start":{"line":24,"column":8},"end":{"line":24,"column":15}},"9":{"start":{"line":28,"column":28},"end":{"line":28,"column":91}},"10":{"start":{"line":29,"column":6},"end":{"line":32,"column":7}},"11":{"start":{"line":30,"column":8},"end":{"line":30,"column":79}},"12":{"start":{"line":31,"column":8},"end":{"line":31,"column":15}},"13":{"start":{"line":35,"column":6},"end":{"line":35,"column":42}},"14":{"start":{"line":38,"column":6},"end":{"line":38,"column":54}},"15":{"start":{"line":41,"column":6},"end":{"line":44,"column":9}},"16":{"start":{"line":47,"column":29},"end":{"line":47,"column":81}},"17":{"start":{"line":50,"column":6},"end":{"line":50,"column":51}},"18":{"start":{"line":52,"column":6},"end":{"line":52,"column":71}},"19":{"start":{"line":54,"column":6},"end":{"line":54,"column":53}},"20":{"start":{"line":55,"column":6},"end":{"line":55,"column":83}},"21":{"start":{"line":62,"column":2},"end":{"line":83,"column":5}},"22":{"start":{"line":63,"column":4},"end":{"line":82,"column":5}},"23":{"start":{"line":64,"column":6},"end":{"line":67,"column":7}},"24":{"start":{"line":65,"column":8},"end":{"line":65,"column":68}},"25":{"start":{"line":66,"column":8},"end":{"line":66,"column":15}},"26":{"start":{"line":70,"column":6},"end":{"line":70,"column":43}},"27":{"start":{"line":73,"column":6},"end":{"line":76,"column":9}},"28":{"start":{"line":78,"column":6},"end":{"line":78,"column":69}},"29":{"start":{"line":80,"column":6},"end":{"line":80,"column":54}},"30":{"start":{"line":81,"column":6},"end":{"line":81,"column":84}},"31":{"start":{"line":88,"column":2},"end":{"line":108,"column":5}},"32":{"start":{"line":89,"column":4},"end":{"line":107,"column":5}},"33":{"start":{"line":90,"column":6},"end":{"line":93,"column":7}},"34":{"start":{"line":91,"column":8},"end":{"line":91,"column":68}},"35":{"start":{"line":92,"column":8},"end":{"line":92,"column":15}},"36":{"start":{"line":96,"column":22},"end":{"line":96,"column":75}},"37":{"start":{"line":99,"column":6},"end":{"line":101,"column":9}},"38":{"start":{"line":103,"column":6},"end":{"line":103,"column":75}},"39":{"start":{"line":105,"column":6},"end":{"line":105,"column":54}},"40":{"start":{"line":106,"column":6},"end":{"line":106,"column":84}}},"fnMap":{"0":{"name":"sessionHandlers","decl":{"start":{"line":9,"column":16},"end":{"line":9,"column":31}},"loc":{"start":{"line":9,"column":44},"end":{"line":109,"column":1}},"line":9},"1":{"name":"(anonymous_1)","decl":{"start":{"line":13,"column":28},"end":{"line":13,"column":29}},"loc":{"start":{"line":13,"column":53},"end":{"line":57,"column":3}},"line":13},"2":{"name":"(anonymous_2)","decl":{"start":{"line":62,"column":29},"end":{"line":62,"column":30}},"loc":{"start":{"line":62,"column":48},"end":{"line":83,"column":3}},"line":62},"3":{"name":"(anonymous_3)","decl":{"start":{"line":88,"column":29},"end":{"line":88,"column":30}},"loc":{"start":{"line":88,"column":54},"end":{"line":108,"column":3}},"line":88}},"branchMap":{"0":{"loc":{"start":{"line":15,"column":6},"end":{"line":18,"column":7}},"type":"if","locations":[{"start":{"line":15,"column":6},"end":{"line":18,"column":7}},{"start":{},"end":{}}],"line":15},"1":{"loc":{"start":{"line":22,"column":6},"end":{"line":25,"column":7}},"type":"if","locations":[{"start":{"line":22,"column":6},"end":{"line":25,"column":7}},{"start":{},"end":{}}],"line":22},"2":{"loc":{"start":{"line":29,"column":6},"end":{"line":32,"column":7}},"type":"if","locations":[{"start":{"line":29,"column":6},"end":{"line":32,"column":7}},{"start":{},"end":{}}],"line":29},"3":{"loc":{"start":{"line":55,"column":38},"end":{"line":55,"column":79}},"type":"binary-expr","locations":[{"start":{"line":55,"column":38},"end":{"line":55,"column":51}},{"start":{"line":55,"column":55},"end":{"line":55,"column":79}}],"line":55},"4":{"loc":{"start":{"line":64,"column":6},"end":{"line":67,"column":7}},"type":"if","locations":[{"start":{"line":64,"column":6},"end":{"line":67,"column":7}},{"start":{},"end":{}}],"line":64},"5":{"loc":{"start":{"line":81,"column":38},"end":{"line":81,"column":80}},"type":"binary-expr","locations":[{"start":{"line":81,"column":38},"end":{"line":81,"column":51}},{"start":{"line":81,"column":55},"end":{"line":81,"column":80}}],"line":81},"6":{"loc":{"start":{"line":90,"column":6},"end":{"line":93,"column":7}},"type":"if","locations":[{"start":{"line":90,"column":6},"end":{"line":93,"column":7}},{"start":{},"end":{}}],"line":90},"7":{"loc":{"start":{"line":106,"column":38},"end":{"line":106,"column":80}},"type":"binary-expr","locations":[{"start":{"line":106,"column":38},"end":{"line":106,"column":51}},{"start":{"line":106,"column":55},"end":{"line":106,"column":80}}],"line":106}},"s":{"0":0,"1":0,"2":0,"3":0,"4":0,"5":0,"6":0,"7":0,"8":0,"9":0,"10":0,"11":0,"12":0,"13":0,"14":0,"15":0,"16":0,"17":0,"18":0,"19":0,"20":0,"21":0,"22":0,"23":0,"24":0,"25":0,"26":0,"27":0,"28":0,"29":0,"30":0,"31":0,"32":0,"33":0,"34":0,"35":0,"36":0,"37":0,"38":0,"39":0,"40":0},"f":{"0":0,"1":0,"2":0,"3":0},"b":{"0":[0,0],"1":[0,0],"2":[0,0],"3":[0,0],"4":[0,0],"5":[0,0],"6":[0,0],"7":[0,0]},"inputSourceMap":null}
,"/mnt/c/code/jam/server/socket/voteHandlers.js": {"path":"/mnt/c/code/jam/server/socket/voteHandlers.js","statementMap":{"0":{"start":{"line":14,"column":2},"end":{"line":74,"column":5}},"1":{"start":{"line":15,"column":4},"end":{"line":73,"column":5}},"2":{"start":{"line":16,"column":6},"end":{"line":19,"column":7}},"3":{"start":{"line":17,"column":8},"end":{"line":17,"column":81}},"4":{"start":{"line":18,"column":8},"end":{"line":18,"column":15}},"5":{"start":{"line":22,"column":22},"end":{"line":22,"column":62}},"6":{"start":{"line":23,"column":6},"end":{"line":26,"column":7}},"7":{"start":{"line":24,"column":8},"end":{"line":24,"column":63}},"8":{"start":{"line":25,"column":8},"end":{"line":25,"column":15}},"9":{"start":{"line":29,"column":6},"end":{"line":32,"column":7}},"10":{"start":{"line":30,"column":8},"end":{"line":30,"column":80}},"11":{"start":{"line":31,"column":8},"end":{"line":31,"column":15}},"12":{"start":{"line":35,"column":21},"end":{"line":35,"column":83}},"13":{"start":{"line":38,"column":6},"end":{"line":41,"column":9}},"14":{"start":{"line":44,"column":6},"end":{"line":48,"column":9}},"15":{"start":{"line":51,"column":6},"end":{"line":67,"column":7}},"16":{"start":{"line":53,"column":8},"end":{"line":66,"column":9}},"17":{"start":{"line":55,"column":10},"end":{"line":58,"column":13}},"18":{"start":{"line":59,"column":15},"end":{"line":66,"column":9}},"19":{"start":{"line":61,"column":10},"end":{"line":65,"column":13}},"20":{"start":{"line":69,"column":6},"end":{"line":69,"column":82}},"21":{"start":{"line":71,"column":6},"end":{"line":71,"column":52}},"22":{"start":{"line":72,"column":6},"end":{"line":72,"column":82}},"23":{"start":{"line":79,"column":2},"end":{"line":107,"column":5}},"24":{"start":{"line":80,"column":4},"end":{"line":106,"column":5}},"25":{"start":{"line":81,"column":6},"end":{"line":84,"column":7}},"26":{"start":{"line":82,"column":8},"end":{"line":82,"column":68}},"27":{"start":{"line":83,"column":8},"end":{"line":83,"column":15}},"28":{"start":{"line":87,"column":22},"end":{"line":87,"column":62}},"29":{"start":{"line":88,"column":6},"end":{"line":91,"column":7}},"30":{"start":{"line":89,"column":8},"end":{"line":89,"column":63}},"31":{"start":{"line":90,"column":8},"end":{"line":90,"column":15}},"32":{"start":{"line":94,"column":21},"end":{"line":94,"column":57}},"33":{"start":{"line":97,"column":6},"end":{"line":100,"column":9}},"34":{"start":{"line":102,"column":6},"end":{"line":102,"column":90}},"35":{"start":{"line":104,"column":6},"end":{"line":104,"column":56}},"36":{"start":{"line":105,"column":6},"end":{"line":105,"column":86}},"37":{"start":{"line":112,"column":2},"end":{"line":145,"column":5}},"38":{"start":{"line":113,"column":4},"end":{"line":144,"column":5}},"39":{"start":{"line":114,"column":6},"end":{"line":117,"column":7}},"40":{"start":{"line":115,"column":8},"end":{"line":115,"column":68}},"41":{"start":{"line":116,"column":8},"end":{"line":116,"column":15}},"42":{"start":{"line":120,"column":22},"end":{"line":120,"column":62}},"43":{"start":{"line":121,"column":6},"end":{"line":124,"column":7}},"44":{"start":{"line":122,"column":8},"end":{"line":122,"column":63}},"45":{"start":{"line":123,"column":8},"end":{"line":123,"column":15}},"46":{"start":{"line":126,"column":6},"end":{"line":129,"column":7}},"47":{"start":{"line":127,"column":8},"end":{"line":127,"column":70}},"48":{"start":{"line":128,"column":8},"end":{"line":128,"column":15}},"49":{"start":{"line":132,"column":22},"end":{"line":132,"column":59}},"50":{"start":{"line":135,"column":6},"end":{"line":138,"column":9}},"51":{"start":{"line":140,"column":6},"end":{"line":140,"column":91}},"52":{"start":{"line":142,"column":6},"end":{"line":142,"column":57}},"53":{"start":{"line":143,"column":6},"end":{"line":143,"column":87}}},"fnMap":{"0":{"name":"voteHandlers","decl":{"start":{"line":10,"column":16},"end":{"line":10,"column":28}},"loc":{"start":{"line":10,"column":41},"end":{"line":146,"column":1}},"line":10},"1":{"name":"(anonymous_1)","decl":{"start":{"line":14,"column":27},"end":{"line":14,"column":28}},"loc":{"start":{"line":14,"column":60},"end":{"line":74,"column":3}},"line":14},"2":{"name":"(anonymous_2)","decl":{"start":{"line":79,"column":31},"end":{"line":79,"column":32}},"loc":{"start":{"line":79,"column":56},"end":{"line":107,"column":3}},"line":79},"3":{"name":"(anonymous_3)","decl":{"start":{"line":112,"column":32},"end":{"line":112,"column":33}},"loc":{"start":{"line":112,"column":57},"end":{"line":145,"column":3}},"line":112}},"branchMap":{"0":{"loc":{"start":{"line":16,"column":6},"end":{"line":19,"column":7}},"type":"if","locations":[{"start":{"line":16,"column":6},"end":{"line":19,"column":7}},{"start":{},"end":{}}],"line":16},"1":{"loc":{"start":{"line":16,"column":10},"end":{"line":16,"column":31}},"type":"binary-expr","locations":[{"start":{"line":16,"column":10},"end":{"line":16,"column":20}},{"start":{"line":16,"column":24},"end":{"line":16,"column":31}}],"line":16},"2":{"loc":{"start":{"line":23,"column":6},"end":{"line":26,"column":7}},"type":"if","locations":[{"start":{"line":23,"column":6},"end":{"line":26,"column":7}},{"start":{},"end":{}}],"line":23},"3":{"loc":{"start":{"line":29,"column":6},"end":{"line":32,"column":7}},"type":"if","locations":[{"start":{"line":29,"column":6},"end":{"line":32,"column":7}},{"start":{},"end":{}}],"line":29},"4":{"loc":{"start":{"line":51,"column":6},"end":{"line":67,"column":7}},"type":"if","locations":[{"start":{"line":51,"column":6},"end":{"line":67,"column":7}},{"start":{},"end":{}}],"line":51},"5":{"loc":{"start":{"line":53,"column":8},"end":{"line":66,"column":9}},"type":"if","locations":[{"start":{"line":53,"column":8},"end":{"line":66,"column":9}},{"start":{"line":59,"column":15},"end":{"line":66,"column":9}}],"line":53},"6":{"loc":{"start":{"line":59,"column":15},"end":{"line":66,"column":9}},"type":"if","locations":[{"start":{"line":59,"column":15},"end":{"line":66,"column":9}},{"start":{},"end":{}}],"line":59},"7":{"loc":{"start":{"line":72,"column":38},"end":{"line":72,"column":78}},"type":"binary-expr","locations":[{"start":{"line":72,"column":38},"end":{"line":72,"column":51}},{"start":{"line":72,"column":55},"end":{"line":72,"column":78}}],"line":72},"8":{"loc":{"start":{"line":81,"column":6},"end":{"line":84,"column":7}},"type":"if","locations":[{"start":{"line":81,"column":6},"end":{"line":84,"column":7}},{"start":{},"end":{}}],"line":81},"9":{"loc":{"start":{"line":88,"column":6},"end":{"line":91,"column":7}},"type":"if","locations":[{"start":{"line":88,"column":6},"end":{"line":91,"column":7}},{"start":{},"end":{}}],"line":88},"10":{"loc":{"start":{"line":105,"column":38},"end":{"line":105,"column":82}},"type":"binary-expr","locations":[{"start":{"line":105,"column":38},"end":{"line":105,"column":51}},{"start":{"line":105,"column":55},"end":{"line":105,"column":82}}],"line":105},"11":{"loc":{"start":{"line":114,"column":6},"end":{"line":117,"column":7}},"type":"if","locations":[{"start":{"line":114,"column":6},"end":{"line":117,"column":7}},{"start":{},"end":{}}],"line":114},"12":{"loc":{"start":{"line":121,"column":6},"end":{"line":124,"column":7}},"type":"if","locations":[{"start":{"line":121,"column":6},"end":{"line":124,"column":7}},{"start":{},"end":{}}],"line":121},"13":{"loc":{"start":{"line":126,"column":6},"end":{"line":129,"column":7}},"type":"if","locations":[{"start":{"line":126,"column":6},"end":{"line":129,"column":7}},{"start":{},"end":{}}],"line":126},"14":{"loc":{"start":{"line":143,"column":38},"end":{"line":143,"column":83}},"type":"binary-expr","locations":[{"start":{"line":143,"column":38},"end":{"line":143,"column":51}},{"start":{"line":143,"column":55},"end":{"line":143,"column":83}}],"line":143}},"s":{"0":0,"1":0,"2":0,"3":0,"4":0,"5":0,"6":0,"7":0,"8":0,"9":0,"10":0,"11":0,"12":0,"13":0,"14":0,"15":0,"16":0,"17":0,"18":0,"19":0,"20":0,"21":0,"22":0,"23":0,"24":0,"25":0,"26":0,"27":0,"28":0,"29":0,"30":0,"31":0,"32":0,"33":0,"34":0,"35":0,"36":0,"37":0,"38":0,"39":0,"40":0,"41":0,"42":0,"43":0,"44":0,"45":0,"46":0,"47":0,"48":0,"49":0,"50":0,"51":0,"52":0,"53":0},"f":{"0":0,"1":0,"2":0,"3":0},"b":{"0":[0,0],"1":[0,0],"2":[0,0],"3":[0,0],"4":[0,0],"5":[0,0],"6":[0,0],"7":[0,0],"8":[0,0],"9":[0,0],"10":[0,0],"11":[0,0],"12":[0,0],"13":[0,0],"14":[0,0]},"inputSourceMap":null}
}
