TN:
SF:api/controllers/authController.js
FN:8,(anonymous_0)
FN:49,(anonymous_1)
FN:78,(anonymous_2)
FN:81,(anonymous_3)
FNF:4
FNH:0
FNDA:0,(anonymous_0)
FNDA:0,(anonymous_1)
FNDA:0,(anonymous_2)
FNDA:0,(anonymous_3)
DA:8,0
DA:9,0
DA:10,0
DA:12,0
DA:13,0
DA:20,0
DA:23,0
DA:25,0
DA:35,0
DA:37,0
DA:49,0
DA:50,0
DA:52,0
DA:54,0
DA:64,0
DA:66,0
DA:78,0
DA:79,0
DA:81,0
DA:82,0
DA:83,0
DA:85,0
DA:91,0
DA:97,0
DA:99,0
LF:25
LH:0
BRDA:12,0,0,0
BRDA:12,0,1,0
BRDA:12,1,0,0
BRDA:12,1,1,0
BRDA:82,2,0,0
BRDA:82,2,1,0
BRF:6
BRH:0
end_of_record
TN:
SF:api/controllers/ideaController.js
FN:8,(anonymous_0)
FN:59,(anonymous_1)
FN:87,(anonymous_2)
FN:116,(anonymous_3)
FN:144,(anonymous_4)
FNF:5
FNH:0
FNDA:0,(anonymous_0)
FNDA:0,(anonymous_1)
FNDA:0,(anonymous_2)
FNDA:0,(anonymous_3)
FNDA:0,(anonymous_4)
DA:8,0
DA:9,0
DA:10,0
DA:11,0
DA:12,0
DA:14,0
DA:15,0
DA:21,0
DA:22,0
DA:28,0
DA:29,0
DA:36,0
DA:38,0
DA:45,0
DA:47,0
DA:59,0
DA:60,0
DA:61,0
DA:64,0
DA:66,0
DA:73,0
DA:75,0
DA:87,0
DA:88,0
DA:89,0
DA:90,0
DA:93,0
DA:95,0
DA:102,0
DA:104,0
DA:116,0
DA:117,0
DA:118,0
DA:121,0
DA:123,0
DA:130,0
DA:132,0
DA:144,0
DA:145,0
DA:146,0
DA:149,0
DA:151,0
DA:158,0
DA:160,0
LF:44
LH:0
BRDA:12,0,0,0
BRDA:12,0,1,0
BRDA:14,1,0,0
BRDA:14,1,1,0
BRDA:14,2,0,0
BRDA:14,2,1,0
BRDA:21,3,0,0
BRDA:21,3,1,0
BRDA:28,4,0,0
BRDA:28,4,1,0
BRDA:49,5,0,0
BRDA:49,5,1,0
BRDA:134,6,0,0
BRDA:134,6,1,0
BRDA:162,7,0,0
BRDA:162,7,1,0
BRF:16
BRH:0
end_of_record
TN:
SF:api/controllers/sessionController.js
FN:9,(anonymous_0)
FN:37,(anonymous_1)
FN:72,(anonymous_2)
FN:118,(anonymous_3)
FN:147,(anonymous_4)
FN:203,(anonymous_5)
FNF:6
FNH:0
FNDA:0,(anonymous_0)
FNDA:0,(anonymous_1)
FNDA:0,(anonymous_2)
FNDA:0,(anonymous_3)
FNDA:0,(anonymous_4)
FNDA:0,(anonymous_5)
DA:9,0
DA:10,0
DA:11,0
DA:14,0
DA:16,0
DA:23,0
DA:25,0
DA:37,0
DA:38,0
DA:39,0
DA:42,0
DA:44,0
DA:45,0
DA:51,0
DA:58,0
DA:60,0
DA:72,0
DA:73,0
DA:74,0
DA:75,0
DA:77,0
DA:78,0
DA:85,0
DA:87,0
DA:88,0
DA:95,0
DA:97,0
DA:104,0
DA:106,0
DA:118,0
DA:119,0
DA:120,0
DA:121,0
DA:124,0
DA:126,0
DA:133,0
DA:135,0
DA:147,0
DA:148,0
DA:149,0
DA:152,0
DA:154,0
DA:155,0
DA:162,0
DA:163,0
DA:164,0
DA:168,0
DA:184,0
DA:189,0
DA:191,0
DA:203,0
DA:204,0
DA:205,0
DA:207,0
DA:214,0
DA:216,0
LF:56
LH:0
BRDA:44,0,0,0
BRDA:44,0,1,0
BRDA:77,1,0,0
BRDA:77,1,1,0
BRDA:87,2,0,0
BRDA:87,2,1,0
BRDA:108,3,0,0
BRDA:108,3,1,0
BRDA:137,4,0,0
BRDA:137,4,1,0
BRDA:154,5,0,0
BRDA:154,5,1,0
BRDA:163,6,0,0
BRDA:163,6,1,0
BRDA:163,7,0,0
BRDA:163,7,1,0
BRDA:163,7,2,0
BRF:17
BRH:0
end_of_record
TN:
SF:api/controllers/voteController.js
FN:8,(anonymous_0)
FN:43,(anonymous_1)
FN:72,(anonymous_2)
FN:101,(anonymous_3)
FNF:4
FNH:0
FNDA:0,(anonymous_0)
FNDA:0,(anonymous_1)
FNDA:0,(anonymous_2)
FNDA:0,(anonymous_3)
DA:8,0
DA:9,0
DA:10,0
DA:11,0
DA:12,0
DA:14,0
DA:15,0
DA:22,0
DA:24,0
DA:29,0
DA:31,0
DA:43,0
DA:44,0
DA:45,0
DA:46,0
DA:49,0
DA:51,0
DA:58,0
DA:60,0
DA:72,0
DA:73,0
DA:74,0
DA:75,0
DA:78,0
DA:80,0
DA:87,0
DA:89,0
DA:101,0
DA:102,0
DA:103,0
DA:104,0
DA:107,0
DA:109,0
DA:110,0
DA:117,0
DA:123,0
DA:130,0
DA:132,0
LF:38
LH:0
BRDA:12,0,0,0
BRDA:12,0,1,0
BRDA:14,1,0,0
BRDA:14,1,1,0
BRDA:14,2,0,0
BRDA:14,2,1,0
BRDA:33,3,0,0
BRDA:33,3,1,0
BRDA:46,4,0,0
BRDA:46,4,1,0
BRDA:75,5,0,0
BRDA:75,5,1,0
BRDA:109,6,0,0
BRDA:109,6,1,0
BRF:14
BRH:0
end_of_record
TN:
SF:api/middleware/auth.js
FN:7,(anonymous_0)
FN:54,(anonymous_1)
FN:92,(anonymous_2)
FN:94,(anonymous_3)
FN:143,(anonymous_4)
FN:145,(anonymous_5)
FN:170,(anonymous_6)
FNF:7
FNH:0
FNDA:0,(anonymous_0)
FNDA:0,(anonymous_1)
FNDA:0,(anonymous_2)
FNDA:0,(anonymous_3)
FNDA:0,(anonymous_4)
FNDA:0,(anonymous_5)
FNDA:0,(anonymous_6)
DA:7,0
DA:9,0
DA:11,0
DA:12,0
DA:18,0
DA:20,0
DA:22,0
DA:24,0
DA:26,0
DA:33,0
DA:36,0
DA:39,0
DA:41,0
DA:43,0
DA:54,0
DA:56,0
DA:58,0
DA:60,0
DA:63,0
DA:65,0
DA:67,0
DA:69,0
DA:72,0
DA:75,0
DA:79,0
DA:81,0
DA:84,0
DA:92,0
DA:94,0
DA:95,0
DA:97,0
DA:98,0
DA:104,0
DA:106,0
DA:108,0
DA:109,0
DA:116,0
DA:117,0
DA:124,0
DA:127,0
DA:129,0
DA:131,0
DA:143,0
DA:145,0
DA:146,0
DA:148,0
DA:149,0
DA:155,0
DA:157,0
DA:159,0
DA:160,0
DA:167,0
DA:170,0
DA:172,0
DA:173,0
DA:180,0
DA:181,0
DA:184,0
DA:186,0
DA:188,0
LF:60
LH:0
BRDA:11,0,0,0
BRDA:11,0,1,0
BRDA:22,1,0,0
BRDA:22,1,1,0
BRDA:58,2,0,0
BRDA:58,2,1,0
BRDA:67,3,0,0
BRDA:67,3,1,0
BRDA:95,4,0,0
BRDA:95,4,1,0
BRDA:97,5,0,0
BRDA:97,5,1,0
BRDA:108,6,0,0
BRDA:108,6,1,0
BRDA:116,7,0,0
BRDA:116,7,1,0
BRDA:146,8,0,0
BRDA:146,8,1,0
BRDA:148,9,0,0
BRDA:148,9,1,0
BRDA:159,10,0,0
BRDA:159,10,1,0
BRDA:172,11,0,0
BRDA:172,11,1,0
BRF:24
BRH:0
end_of_record
TN:
SF:api/routes/auth.js
FNF:0
FNH:0
DA:5,0
DA:8,0
DA:11,0
DA:12,0
LF:4
LH:0
BRF:0
BRH:0
end_of_record
TN:
SF:api/routes/ideas.js
FNF:0
FNH:0
DA:11,0
DA:14,0
DA:17,0
DA:18,0
DA:19,0
DA:20,0
DA:21,0
LF:7
LH:0
BRF:0
BRH:0
end_of_record
TN:
SF:api/routes/sessions.js
FNF:0
FNH:0
DA:12,0
DA:15,0
DA:18,0
DA:19,0
DA:20,0
DA:21,0
DA:22,0
DA:23,0
LF:8
LH:0
BRF:0
BRH:0
end_of_record
TN:
SF:api/routes/votes.js
FNF:0
FNH:0
DA:10,0
DA:13,0
DA:16,0
DA:17,0
DA:18,0
DA:19,0
LF:6
LH:0
BRF:0
BRH:0
end_of_record
TN:
SF:models/Idea.js
FN:12,(anonymous_0)
FN:35,(anonymous_1)
FN:56,(anonymous_2)
FN:78,(anonymous_3)
FN:101,(anonymous_4)
FN:123,(anonymous_5)
FN:131,(anonymous_6)
FN:149,(anonymous_7)
FN:171,(anonymous_8)
FN:192,(anonymous_9)
FN:212,(anonymous_10)
FNF:11
FNH:0
FNDA:0,(anonymous_0)
FNDA:0,(anonymous_1)
FNDA:0,(anonymous_2)
FNDA:0,(anonymous_3)
FNDA:0,(anonymous_4)
FNDA:0,(anonymous_5)
FNDA:0,(anonymous_6)
FNDA:0,(anonymous_7)
FNDA:0,(anonymous_8)
FNDA:0,(anonymous_9)
FNDA:0,(anonymous_10)
DA:13,0
DA:14,0
DA:17,0
DA:18,0
DA:20,0
DA:25,0
DA:27,0
DA:36,0
DA:37,0
DA:40,0
DA:41,0
DA:48,0
DA:57,0
DA:58,0
DA:61,0
DA:62,0
DA:70,0
DA:79,0
DA:80,0
DA:83,0
DA:84,0
DA:92,0
DA:102,0
DA:103,0
DA:106,0
DA:107,0
DA:115,0
DA:124,0
DA:125,0
DA:128,0
DA:131,0
DA:133,0
DA:141,0
DA:150,0
DA:151,0
DA:154,0
DA:155,0
DA:161,0
DA:162,0
DA:172,0
DA:173,0
DA:176,0
DA:177,0
DA:183,0
DA:184,0
DA:193,0
DA:194,0
DA:197,0
DA:198,0
DA:203,0
DA:204,0
DA:213,0
DA:214,0
DA:217,0
DA:218,0
DA:223,0
DA:224,0
LF:57
LH:0
BRDA:13,0,0,0
BRDA:13,0,1,0
BRDA:13,1,0,0
BRDA:13,1,1,0
BRDA:13,1,2,0
BRDA:36,2,0,0
BRDA:36,2,1,0
BRDA:48,3,0,0
BRDA:48,3,1,0
BRDA:57,4,0,0
BRDA:57,4,1,0
BRDA:79,5,0,0
BRDA:79,5,1,0
BRDA:102,6,0,0
BRDA:102,6,1,0
BRDA:102,7,0,0
BRDA:102,7,1,0
BRDA:124,8,0,0
BRDA:124,8,1,0
BRDA:124,9,0,0
BRDA:124,9,1,0
BRDA:150,10,0,0
BRDA:150,10,1,0
BRDA:162,11,0,0
BRDA:162,11,1,0
BRDA:172,12,0,0
BRDA:172,12,1,0
BRDA:172,13,0,0
BRDA:172,13,1,0
BRDA:184,14,0,0
BRDA:184,14,1,0
BRDA:193,15,0,0
BRDA:193,15,1,0
BRDA:213,16,0,0
BRDA:213,16,1,0
BRF:35
BRH:0
end_of_record
TN:
SF:models/Session.js
FN:18,(anonymous_0)
FN:59,(anonymous_1)
FN:81,(anonymous_2)
FN:102,(anonymous_3)
FN:121,(anonymous_4)
FN:146,(anonymous_5)
FN:167,(anonymous_6)
FN:202,(anonymous_7)
FN:225,(anonymous_8)
FN:267,(anonymous_9)
FN:307,(anonymous_10)
FN:345,(anonymous_11)
FNF:12
FNH:5
FNDA:4,(anonymous_0)
FNDA:6,(anonymous_1)
FNDA:1,(anonymous_2)
FNDA:0,(anonymous_3)
FNDA:1,(anonymous_4)
FNDA:0,(anonymous_5)
FNDA:0,(anonymous_6)
FNDA:0,(anonymous_7)
FNDA:0,(anonymous_8)
FNDA:0,(anonymous_9)
FNDA:0,(anonymous_10)
FNDA:4,(anonymous_11)
DA:5,1
DA:19,4
DA:20,0
DA:23,4
DA:24,4
DA:25,4
DA:28,4
DA:33,4
DA:36,4
DA:41,4
DA:44,4
DA:49,4
DA:51,4
DA:60,6
DA:61,0
DA:64,6
DA:65,6
DA:73,6
DA:82,1
DA:83,0
DA:86,1
DA:87,1
DA:95,1
DA:103,0
DA:104,0
DA:112,0
DA:122,1
DA:123,0
DA:126,1
DA:127,0
DA:130,1
DA:131,1
DA:137,1
DA:147,0
DA:148,0
DA:151,0
DA:152,0
DA:158,0
DA:168,0
DA:169,0
DA:172,0
DA:175,0
DA:181,0
DA:183,0
DA:184,0
DA:188,0
DA:193,0
DA:194,0
DA:203,0
DA:204,0
DA:207,0
DA:208,0
DA:216,0
DA:226,0
DA:227,0
DA:230,0
DA:231,0
DA:234,0
DA:238,0
DA:242,0
DA:251,0
DA:259,0
DA:268,0
DA:269,0
DA:272,0
DA:273,0
DA:278,0
DA:280,0
DA:283,0
DA:284,0
DA:285,0
DA:287,0
DA:291,0
DA:292,0
DA:293,0
DA:295,0
DA:299,0
DA:308,0
DA:309,0
DA:312,0
DA:315,0
DA:320,0
DA:323,0
DA:328,0
DA:331,0
DA:336,0
DA:338,0
DA:347,4
DA:348,4
DA:350,4
DA:351,24
DA:355,4
DA:356,4
DA:357,4
DA:360,4
DA:361,0
DA:364,4
LF:97
LH:34
BRDA:19,0,0,0
BRDA:19,0,1,4
BRDA:60,1,0,0
BRDA:60,1,1,6
BRDA:73,2,0,6
BRDA:73,2,1,0
BRDA:82,3,0,0
BRDA:82,3,1,1
BRDA:95,4,0,1
BRDA:95,4,1,0
BRDA:122,5,0,0
BRDA:122,5,1,1
BRDA:122,6,0,1
BRDA:122,6,1,1
BRDA:126,7,0,0
BRDA:126,7,1,1
BRDA:147,8,0,0
BRDA:147,8,1,0
BRDA:147,9,0,0
BRDA:147,9,1,0
BRDA:168,10,0,0
BRDA:168,10,1,0
BRDA:168,11,0,0
BRDA:168,11,1,0
BRDA:183,12,0,0
BRDA:183,12,1,0
BRDA:183,13,0,0
BRDA:183,13,1,0
BRDA:203,14,0,0
BRDA:203,14,1,0
BRDA:226,15,0,0
BRDA:226,15,1,0
BRDA:226,16,0,0
BRDA:226,16,1,0
BRDA:234,17,0,0
BRDA:234,17,1,0
BRDA:238,18,0,0
BRDA:238,18,1,0
BRDA:268,19,0,0
BRDA:268,19,1,0
BRDA:280,20,0,0
BRDA:280,20,1,0
BRDA:283,21,0,0
BRDA:283,21,1,0
BRDA:291,22,0,0
BRDA:291,22,1,0
BRDA:308,23,0,0
BRDA:308,23,1,0
BRDA:360,24,0,0
BRDA:360,24,1,4
BRDA:360,25,0,4
BRDA:360,25,1,4
BRF:52
BRH:12
end_of_record
TN:
SF:models/User.js
FN:10,(anonymous_0)
FN:29,(anonymous_1)
FN:44,(anonymous_2)
FN:58,(anonymous_3)
FN:69,(anonymous_4)
FN:91,(anonymous_5)
FNF:6
FNH:2
FNDA:2,(anonymous_0)
FNDA:3,(anonymous_1)
FNDA:0,(anonymous_2)
FNDA:0,(anonymous_3)
FNDA:0,(anonymous_4)
FNDA:0,(anonymous_5)
DA:11,2
DA:12,0
DA:15,2
DA:16,2
DA:18,2
DA:19,2
DA:21,2
DA:30,3
DA:31,0
DA:34,3
DA:35,3
DA:36,3
DA:45,0
DA:46,0
DA:49,0
DA:50,0
DA:51,0
DA:59,0
DA:60,0
DA:61,0
DA:70,0
DA:71,0
DA:74,0
DA:75,0
DA:83,0
DA:92,0
DA:93,0
DA:96,0
DA:97,0
DA:98,0
LF:30
LH:10
BRDA:11,0,0,0
BRDA:11,0,1,2
BRDA:11,1,0,2
BRDA:11,1,1,2
BRDA:30,2,0,0
BRDA:30,2,1,3
BRDA:36,3,0,3
BRDA:36,3,1,0
BRDA:45,4,0,0
BRDA:45,4,1,0
BRDA:70,5,0,0
BRDA:70,5,1,0
BRDA:92,6,0,0
BRDA:92,6,1,0
BRF:14
BRH:5
end_of_record
TN:
SF:models/Vote.js
FN:13,(anonymous_0)
FN:44,(anonymous_1)
FN:67,(anonymous_2)
FN:92,(anonymous_3)
FN:116,(anonymous_4)
FN:141,(anonymous_5)
FN:163,(anonymous_6)
FN:185,(anonymous_7)
FN:197,(anonymous_8)
FN:207,(anonymous_9)
FN:227,(anonymous_10)
FN:248,(anonymous_11)
FNF:12
FNH:0
FNDA:0,(anonymous_0)
FNDA:0,(anonymous_1)
FNDA:0,(anonymous_2)
FNDA:0,(anonymous_3)
FNDA:0,(anonymous_4)
FNDA:0,(anonymous_5)
FNDA:0,(anonymous_6)
FNDA:0,(anonymous_7)
FNDA:0,(anonymous_8)
FNDA:0,(anonymous_9)
FNDA:0,(anonymous_10)
FNDA:0,(anonymous_11)
DA:14,0
DA:15,0
DA:18,0
DA:19,0
DA:21,0
DA:22,0
DA:27,0
DA:29,0
DA:32,0
DA:33,0
DA:35,0
DA:45,0
DA:46,0
DA:49,0
DA:50,0
DA:58,0
DA:68,0
DA:69,0
DA:72,0
DA:73,0
DA:82,0
DA:93,0
DA:94,0
DA:97,0
DA:98,0
DA:107,0
DA:117,0
DA:118,0
DA:121,0
DA:122,0
DA:131,0
DA:142,0
DA:143,0
DA:146,0
DA:147,0
DA:153,0
DA:154,0
DA:164,0
DA:165,0
DA:168,0
DA:169,0
DA:175,0
DA:176,0
DA:186,0
DA:187,0
DA:190,0
DA:191,0
DA:197,0
DA:208,0
DA:209,0
DA:212,0
DA:213,0
DA:218,0
DA:219,0
DA:228,0
DA:229,0
DA:232,0
DA:233,0
DA:238,0
DA:239,0
DA:249,0
DA:250,0
DA:253,0
DA:254,0
DA:259,0
DA:260,0
LF:66
LH:0
BRDA:14,0,0,0
BRDA:14,0,1,0
BRDA:14,1,0,0
BRDA:14,1,1,0
BRDA:14,1,2,0
BRDA:14,1,3,0
BRDA:32,2,0,0
BRDA:32,2,1,0
BRDA:45,3,0,0
BRDA:45,3,1,0
BRDA:58,4,0,0
BRDA:58,4,1,0
BRDA:68,5,0,0
BRDA:68,5,1,0
BRDA:68,6,0,0
BRDA:68,6,1,0
BRDA:93,7,0,0
BRDA:93,7,1,0
BRDA:93,8,0,0
BRDA:93,8,1,0
BRDA:93,8,2,0
BRDA:117,9,0,0
BRDA:117,9,1,0
BRDA:117,10,0,0
BRDA:117,10,1,0
BRDA:142,11,0,0
BRDA:142,11,1,0
BRDA:142,12,0,0
BRDA:142,12,1,0
BRDA:142,12,2,0
BRDA:154,13,0,0
BRDA:154,13,1,0
BRDA:164,14,0,0
BRDA:164,14,1,0
BRDA:164,15,0,0
BRDA:164,15,1,0
BRDA:176,16,0,0
BRDA:176,16,1,0
BRDA:186,17,0,0
BRDA:186,17,1,0
BRDA:186,18,0,0
BRDA:186,18,1,0
BRDA:208,19,0,0
BRDA:208,19,1,0
BRDA:208,20,0,0
BRDA:208,20,1,0
BRDA:208,20,2,0
BRDA:228,21,0,0
BRDA:228,21,1,0
BRDA:249,22,0,0
BRDA:249,22,1,0
BRDA:249,23,0,0
BRDA:249,23,1,0
BRF:53
BRH:0
end_of_record
TN:
SF:models/db.js
FN:21,initDatabase
FN:59,getDatabase
FN:82,setTestDb
FN:89,closeDatabase
FN:101,setTestMode
FN:111,initTestDatabase
FNF:6
FNH:3
FNDA:0,initDatabase
FNDA:21,getDatabase
FNDA:2,setTestDb
FNDA:0,closeDatabase
FNDA:2,setTestMode
FNDA:0,initTestDatabase
DA:7,2
DA:8,2
DA:10,2
DA:11,2
DA:14,2
DA:15,2
DA:22,0
DA:24,0
DA:26,0
DA:27,0
DA:30,0
DA:35,0
DA:36,0
DA:37,0
DA:41,0
DA:42,0
DA:43,0
DA:44,0
DA:47,0
DA:48,0
DA:50,0
DA:51,0
DA:61,21
DA:63,21
DA:64,21
DA:68,0
DA:69,0
DA:72,0
DA:73,0
DA:75,0
DA:83,2
DA:90,0
DA:91,0
DA:92,0
DA:93,0
DA:102,2
DA:106,2
DA:107,0
DA:112,0
DA:115,0
DA:116,0
DA:120,0
DA:124,0
DA:125,0
DA:127,0
LF:45
LH:12
BRDA:24,0,0,0
BRDA:24,0,1,0
BRDA:36,1,0,0
BRDA:36,1,1,0
BRDA:42,2,0,0
BRDA:42,2,1,0
BRDA:61,3,0,21
BRDA:61,3,1,0
BRDA:63,4,0,21
BRDA:63,4,1,0
BRDA:72,5,0,0
BRDA:72,5,1,0
BRDA:90,6,0,0
BRDA:90,6,1,0
BRDA:106,7,0,0
BRDA:106,7,1,2
BRDA:115,8,0,0
BRDA:115,8,1,0
BRF:18
BRH:3
end_of_record
TN:
SF:services/ideaService.js
FN:12,createIdea
FN:60,getIdeaById
FN:78,getIdeasBySessionId
FN:97,getIdeasBySessionAndAuthor
FN:115,getCandidateIdeasForVoting
FN:151,getWinningIdeas
FNF:6
FNH:0
FNDA:0,createIdea
FNDA:0,getIdeaById
FNDA:0,getIdeasBySessionId
FNDA:0,getIdeasBySessionAndAuthor
FNDA:0,getCandidateIdeasForVoting
FNDA:0,getWinningIdeas
DA:13,0
DA:14,0
DA:17,0
DA:19,0
DA:20,0
DA:21,0
DA:24,0
DA:25,0
DA:29,0
DA:30,0
DA:33,0
DA:34,0
DA:35,0
DA:39,0
DA:42,0
DA:43,0
DA:45,0
DA:48,0
DA:50,0
DA:51,0
DA:61,0
DA:62,0
DA:65,0
DA:66,0
DA:68,0
DA:69,0
DA:79,0
DA:80,0
DA:83,0
DA:84,0
DA:86,0
DA:87,0
DA:98,0
DA:99,0
DA:102,0
DA:103,0
DA:105,0
DA:106,0
DA:116,0
DA:117,0
DA:120,0
DA:121,0
DA:122,0
DA:123,0
DA:126,0
DA:127,0
DA:131,0
DA:133,0
DA:135,0
DA:138,0
DA:141,0
DA:142,0
DA:152,0
DA:153,0
DA:156,0
DA:157,0
DA:158,0
DA:159,0
DA:162,0
DA:163,0
DA:167,0
DA:169,0
DA:170,0
DA:172,0
DA:175,0
DA:176,0
LF:66
LH:0
BRDA:13,0,0,0
BRDA:13,0,1,0
BRDA:13,1,0,0
BRDA:13,1,1,0
BRDA:13,1,2,0
BRDA:20,2,0,0
BRDA:20,2,1,0
BRDA:24,3,0,0
BRDA:24,3,1,0
BRDA:34,4,0,0
BRDA:34,4,1,0
BRDA:43,5,0,0
BRDA:43,5,1,0
BRDA:61,6,0,0
BRDA:61,6,1,0
BRDA:79,7,0,0
BRDA:79,7,1,0
BRDA:98,8,0,0
BRDA:98,8,1,0
BRDA:98,9,0,0
BRDA:98,9,1,0
BRDA:116,10,0,0
BRDA:116,10,1,0
BRDA:122,11,0,0
BRDA:122,11,1,0
BRDA:126,12,0,0
BRDA:126,12,1,0
BRDA:133,13,0,0
BRDA:133,13,1,0
BRDA:133,14,0,0
BRDA:133,14,1,0
BRDA:133,14,2,0
BRDA:152,15,0,0
BRDA:152,15,1,0
BRDA:158,16,0,0
BRDA:158,16,1,0
BRDA:162,17,0,0
BRDA:162,17,1,0
BRDA:169,18,0,0
BRDA:169,18,1,0
BRDA:169,19,0,0
BRDA:169,19,1,0
BRDA:169,19,2,0
BRF:43
BRH:0
end_of_record
TN:
SF:services/sessionService.js
FN:8,createSession
FN:26,getSessionById
FN:44,getSessionByCode
FN:61,getAllSessions
FN:76,joinSession
FN:110,startSession
FN:155,updateSessionStatus
FN:179,updateSessionRound
FN:198,getSessionWithParticipants
FN:228,getSessionMetadata
FN:247,updateSessionMetadata
FNF:11
FNH:0
FNDA:0,createSession
FNDA:0,getSessionById
FNDA:0,getSessionByCode
FNDA:0,getAllSessions
FNDA:0,joinSession
FNDA:0,startSession
FNDA:0,updateSessionStatus
FNDA:0,updateSessionRound
FNDA:0,getSessionWithParticipants
FNDA:0,getSessionMetadata
FNDA:0,updateSessionMetadata
DA:9,0
DA:10,0
DA:13,0
DA:14,0
DA:16,0
DA:17,0
DA:27,0
DA:28,0
DA:31,0
DA:32,0
DA:34,0
DA:35,0
DA:45,0
DA:46,0
DA:49,0
DA:50,0
DA:52,0
DA:53,0
DA:62,0
DA:63,0
DA:65,0
DA:66,0
DA:77,0
DA:78,0
DA:81,0
DA:83,0
DA:84,0
DA:85,0
DA:89,0
DA:90,0
DA:94,0
DA:97,0
DA:99,0
DA:100,0
DA:111,0
DA:112,0
DA:115,0
DA:117,0
DA:118,0
DA:119,0
DA:123,0
DA:124,0
DA:128,0
DA:129,0
DA:133,0
DA:134,0
DA:135,0
DA:139,0
DA:142,0
DA:144,0
DA:145,0
DA:156,0
DA:157,0
DA:160,0
DA:161,0
DA:164,0
DA:165,0
DA:166,0
DA:168,0
DA:169,0
DA:180,0
DA:181,0
DA:184,0
DA:185,0
DA:186,0
DA:188,0
DA:189,0
DA:199,0
DA:200,0
DA:203,0
DA:204,0
DA:205,0
DA:206,0
DA:209,0
DA:210,0
DA:212,0
DA:218,0
DA:219,0
DA:229,0
DA:230,0
DA:233,0
DA:234,0
DA:236,0
DA:237,0
DA:248,0
DA:249,0
DA:252,0
DA:253,0
DA:254,0
DA:256,0
DA:257,0
LF:91
LH:0
BRDA:9,0,0,0
BRDA:9,0,1,0
BRDA:27,1,0,0
BRDA:27,1,1,0
BRDA:45,2,0,0
BRDA:45,2,1,0
BRDA:77,3,0,0
BRDA:77,3,1,0
BRDA:77,4,0,0
BRDA:77,4,1,0
BRDA:84,5,0,0
BRDA:84,5,1,0
BRDA:89,6,0,0
BRDA:89,6,1,0
BRDA:111,7,0,0
BRDA:111,7,1,0
BRDA:111,8,0,0
BRDA:111,8,1,0
BRDA:118,9,0,0
BRDA:118,9,1,0
BRDA:123,10,0,0
BRDA:123,10,1,0
BRDA:128,11,0,0
BRDA:128,11,1,0
BRDA:134,12,0,0
BRDA:134,12,1,0
BRDA:156,13,0,0
BRDA:156,13,1,0
BRDA:156,14,0,0
BRDA:156,14,1,0
BRDA:160,15,0,0
BRDA:160,15,1,0
BRDA:180,16,0,0
BRDA:180,16,1,0
BRDA:180,17,0,0
BRDA:180,17,1,0
BRDA:199,18,0,0
BRDA:199,18,1,0
BRDA:205,19,0,0
BRDA:205,19,1,0
BRDA:229,20,0,0
BRDA:229,20,1,0
BRDA:248,21,0,0
BRDA:248,21,1,0
BRDA:248,22,0,0
BRDA:248,22,1,0
BRF:46
BRH:0
end_of_record
TN:
SF:services/userService.js
FN:8,createUser
FN:26,getUserById
FN:44,updateUserLastActive
FN:62,getAllUsers
FN:76,getUsersBySessionId
FN:95,validateUserSessionAccess
FN:102,(anonymous_6)
FNF:7
FNH:0
FNDA:0,createUser
FNDA:0,getUserById
FNDA:0,updateUserLastActive
FNDA:0,getAllUsers
FNDA:0,getUsersBySessionId
FNDA:0,validateUserSessionAccess
FNDA:0,(anonymous_6)
DA:9,0
DA:10,0
DA:13,0
DA:14,0
DA:16,0
DA:17,0
DA:27,0
DA:28,0
DA:31,0
DA:32,0
DA:34,0
DA:35,0
DA:45,0
DA:46,0
DA:49,0
DA:50,0
DA:51,0
DA:53,0
DA:54,0
DA:63,0
DA:64,0
DA:66,0
DA:67,0
DA:77,0
DA:78,0
DA:81,0
DA:82,0
DA:84,0
DA:85,0
DA:96,0
DA:97,0
DA:100,0
DA:101,0
DA:102,0
DA:104,0
DA:105,0
LF:36
LH:0
BRDA:9,0,0,0
BRDA:9,0,1,0
BRDA:9,1,0,0
BRDA:9,1,1,0
BRDA:27,2,0,0
BRDA:27,2,1,0
BRDA:45,3,0,0
BRDA:45,3,1,0
BRDA:77,4,0,0
BRDA:77,4,1,0
BRDA:96,5,0,0
BRDA:96,5,1,0
BRDA:96,6,0,0
BRDA:96,6,1,0
BRF:14
BRH:0
end_of_record
TN:
SF:services/voteService.js
FN:12,createVote
FN:70,getVotesBySessionAndRound
FN:97,getVoteStatus
FN:135,getVoteResults
FNF:4
FNH:0
FNDA:0,createVote
FNDA:0,getVotesBySessionAndRound
FNDA:0,getVoteStatus
FNDA:0,getVoteResults
DA:13,0
DA:14,0
DA:17,0
DA:19,0
DA:20,0
DA:21,0
DA:24,0
DA:25,0
DA:28,0
DA:31,0
DA:32,0
DA:36,0
DA:39,0
DA:40,0
DA:43,0
DA:45,0
DA:47,0
DA:54,0
DA:59,0
DA:60,0
DA:71,0
DA:72,0
DA:75,0
DA:76,0
DA:77,0
DA:78,0
DA:82,0
DA:84,0
DA:86,0
DA:87,0
DA:98,0
DA:99,0
DA:102,0
DA:103,0
DA:104,0
DA:105,0
DA:109,0
DA:111,0
DA:112,0
DA:113,0
DA:115,0
DA:124,0
DA:125,0
DA:136,0
DA:137,0
DA:140,0
DA:141,0
DA:142,0
DA:143,0
DA:147,0
DA:149,0
DA:151,0
DA:152,0
LF:53
LH:0
BRDA:13,0,0,0
BRDA:13,0,1,0
BRDA:13,1,0,0
BRDA:13,1,1,0
BRDA:13,1,2,0
BRDA:20,2,0,0
BRDA:20,2,1,0
BRDA:24,3,0,0
BRDA:24,3,1,0
BRDA:31,4,0,0
BRDA:31,4,1,0
BRDA:43,5,0,0
BRDA:43,5,1,0
BRDA:71,6,0,0
BRDA:71,6,1,0
BRDA:77,7,0,0
BRDA:77,7,1,0
BRDA:82,8,0,0
BRDA:82,8,1,0
BRDA:98,9,0,0
BRDA:98,9,1,0
BRDA:104,10,0,0
BRDA:104,10,1,0
BRDA:109,11,0,0
BRDA:109,11,1,0
BRDA:136,12,0,0
BRDA:136,12,1,0
BRDA:142,13,0,0
BRDA:142,13,1,0
BRDA:147,14,0,0
BRDA:147,14,1,0
BRF:31
BRH:0
end_of_record
TN:
SF:services/votingService.js
FN:11,processVotingRound
FN:24,(anonymous_1)
FN:79,determinarAccionSiguiente
FN:85,(anonymous_3)
FN:86,(anonymous_4)
FN:95,(anonymous_5)
FN:103,(anonymous_6)
FN:121,(anonymous_7)
FN:129,(anonymous_8)
FN:145,(anonymous_9)
FN:153,(anonymous_10)
FN:166,(anonymous_11)
FN:174,(anonymous_12)
FN:183,agruparIdeasPorVotos
FN:184,(anonymous_14)
FNF:15
FNH:0
FNDA:0,processVotingRound
FNDA:0,(anonymous_1)
FNDA:0,determinarAccionSiguiente
FNDA:0,(anonymous_3)
FNDA:0,(anonymous_4)
FNDA:0,(anonymous_5)
FNDA:0,(anonymous_6)
FNDA:0,(anonymous_7)
FNDA:0,(anonymous_8)
FNDA:0,(anonymous_9)
FNDA:0,(anonymous_10)
FNDA:0,(anonymous_11)
FNDA:0,(anonymous_12)
FNDA:0,agruparIdeasPorVotos
FNDA:0,(anonymous_14)
DA:12,0
DA:13,0
DA:17,0
DA:19,0
DA:20,0
DA:24,0
DA:32,0
DA:35,0
DA:37,0
DA:40,0
DA:41,0
DA:46,0
DA:51,0
DA:53,0
DA:54,0
DA:57,0
DA:58,0
DA:63,0
DA:71,0
DA:81,0
DA:84,0
DA:85,0
DA:86,0
DA:92,0
DA:93,0
DA:95,0
DA:100,0
DA:101,0
DA:103,0
DA:108,0
DA:109,0
DA:110,0
DA:113,0
DA:114,0
DA:117,0
DA:118,0
DA:119,0
DA:121,0
DA:126,0
DA:127,0
DA:129,0
DA:134,0
DA:135,0
DA:137,0
DA:138,0
DA:141,0
DA:142,0
DA:143,0
DA:145,0
DA:150,0
DA:151,0
DA:153,0
DA:158,0
DA:163,0
DA:164,0
DA:166,0
DA:172,0
DA:174,0
DA:184,0
DA:185,0
DA:186,0
DA:188,0
DA:189,0
LF:63
LH:0
BRDA:12,0,0,0
BRDA:12,0,1,0
BRDA:12,1,0,0
BRDA:12,1,1,0
BRDA:19,2,0,0
BRDA:19,2,1,0
BRDA:19,3,0,0
BRDA:19,3,1,0
BRDA:35,4,0,0
BRDA:35,4,1,0
BRDA:51,5,0,0
BRDA:51,5,1,0
BRDA:92,6,0,0
BRDA:92,6,1,0
BRDA:92,7,0,0
BRDA:92,7,1,0
BRDA:100,8,0,0
BRDA:100,8,1,0
BRDA:100,9,0,0
BRDA:100,9,1,0
BRDA:108,10,0,0
BRDA:108,10,1,0
BRDA:113,11,0,0
BRDA:113,11,1,0
BRDA:113,12,0,0
BRDA:113,12,1,0
BRDA:117,13,0,0
BRDA:117,13,1,0
BRDA:126,14,0,0
BRDA:126,14,1,0
BRDA:137,15,0,0
BRDA:137,15,1,0
BRDA:137,16,0,0
BRDA:137,16,1,0
BRDA:141,17,0,0
BRDA:141,17,1,0
BRDA:150,18,0,0
BRDA:150,18,1,0
BRDA:163,19,0,0
BRDA:163,19,1,0
BRDA:163,20,0,0
BRDA:163,20,1,0
BRDA:185,21,0,0
BRDA:185,21,1,0
BRF:44
BRH:0
end_of_record
TN:
SF:socket/ideaHandlers.js
FN:10,ideaHandlers
FN:14,(anonymous_1)
FN:77,(anonymous_2)
FN:110,(anonymous_3)
FNF:4
FNH:0
FNDA:0,ideaHandlers
FNDA:0,(anonymous_1)
FNDA:0,(anonymous_2)
FNDA:0,(anonymous_3)
DA:14,0
DA:15,0
DA:16,0
DA:17,0
DA:18,0
DA:22,0
DA:23,0
DA:24,0
DA:25,0
DA:29,0
DA:30,0
DA:31,0
DA:35,0
DA:38,0
DA:41,0
DA:56,0
DA:58,0
DA:61,0
DA:67,0
DA:69,0
DA:70,0
DA:77,0
DA:78,0
DA:79,0
DA:80,0
DA:81,0
DA:85,0
DA:86,0
DA:87,0
DA:88,0
DA:92,0
DA:95,0
DA:100,0
DA:102,0
DA:103,0
DA:110,0
DA:111,0
DA:112,0
DA:113,0
DA:114,0
DA:118,0
DA:119,0
DA:120,0
DA:121,0
DA:125,0
DA:126,0
DA:127,0
DA:131,0
DA:134,0
DA:140,0
DA:142,0
DA:143,0
LF:52
LH:0
BRDA:16,0,0,0
BRDA:16,0,1,0
BRDA:16,1,0,0
BRDA:16,1,1,0
BRDA:23,2,0,0
BRDA:23,2,1,0
BRDA:29,3,0,0
BRDA:29,3,1,0
BRDA:56,4,0,0
BRDA:56,4,1,0
BRDA:56,5,0,0
BRDA:56,5,1,0
BRDA:70,6,0,0
BRDA:70,6,1,0
BRDA:79,7,0,0
BRDA:79,7,1,0
BRDA:86,8,0,0
BRDA:86,8,1,0
BRDA:103,9,0,0
BRDA:103,9,1,0
BRDA:112,10,0,0
BRDA:112,10,1,0
BRDA:119,11,0,0
BRDA:119,11,1,0
BRDA:125,12,0,0
BRDA:125,12,1,0
BRDA:143,13,0,0
BRDA:143,13,1,0
BRF:28
BRH:0
end_of_record
TN:
SF:socket/index.js
FN:13,setupSocketServer
FN:23,(anonymous_1)
FN:49,(anonymous_2)
FN:58,(anonymous_3)
FNF:4
FNH:0
FNDA:0,setupSocketServer
FNDA:0,(anonymous_1)
FNDA:0,(anonymous_2)
FNDA:0,(anonymous_3)
DA:14,0
DA:23,0
DA:24,0
DA:26,0
DA:27,0
DA:31,0
DA:32,0
DA:34,0
DA:35,0
DA:39,0
DA:40,0
DA:42,0
DA:44,0
DA:45,0
DA:49,0
DA:50,0
DA:53,0
DA:54,0
DA:55,0
DA:58,0
DA:59,0
DA:63,0
LF:22
LH:0
BRDA:16,0,0,0
BRDA:16,0,1,0
BRDA:26,1,0,0
BRDA:26,1,1,0
BRDA:34,2,0,0
BRDA:34,2,1,0
BRF:6
BRH:0
end_of_record
TN:
SF:socket/sessionHandlers.js
FN:9,sessionHandlers
FN:13,(anonymous_1)
FN:62,(anonymous_2)
FN:88,(anonymous_3)
FNF:4
FNH:0
FNDA:0,sessionHandlers
FNDA:0,(anonymous_1)
FNDA:0,(anonymous_2)
FNDA:0,(anonymous_3)
DA:13,0
DA:14,0
DA:15,0
DA:16,0
DA:17,0
DA:21,0
DA:22,0
DA:23,0
DA:24,0
DA:28,0
DA:29,0
DA:30,0
DA:31,0
DA:35,0
DA:38,0
DA:41,0
DA:47,0
DA:50,0
DA:52,0
DA:54,0
DA:55,0
DA:62,0
DA:63,0
DA:64,0
DA:65,0
DA:66,0
DA:70,0
DA:73,0
DA:78,0
DA:80,0
DA:81,0
DA:88,0
DA:89,0
DA:90,0
DA:91,0
DA:92,0
DA:96,0
DA:99,0
DA:103,0
DA:105,0
DA:106,0
LF:41
LH:0
BRDA:15,0,0,0
BRDA:15,0,1,0
BRDA:22,1,0,0
BRDA:22,1,1,0
BRDA:29,2,0,0
BRDA:29,2,1,0
BRDA:55,3,0,0
BRDA:55,3,1,0
BRDA:64,4,0,0
BRDA:64,4,1,0
BRDA:81,5,0,0
BRDA:81,5,1,0
BRDA:90,6,0,0
BRDA:90,6,1,0
BRDA:106,7,0,0
BRDA:106,7,1,0
BRF:16
BRH:0
end_of_record
TN:
SF:socket/voteHandlers.js
FN:10,voteHandlers
FN:14,(anonymous_1)
FN:79,(anonymous_2)
FN:112,(anonymous_3)
FNF:4
FNH:0
FNDA:0,voteHandlers
FNDA:0,(anonymous_1)
FNDA:0,(anonymous_2)
FNDA:0,(anonymous_3)
DA:14,0
DA:15,0
DA:16,0
DA:17,0
DA:18,0
DA:22,0
DA:23,0
DA:24,0
DA:25,0
DA:29,0
DA:30,0
DA:31,0
DA:35,0
DA:38,0
DA:44,0
DA:51,0
DA:53,0
DA:55,0
DA:59,0
DA:61,0
DA:69,0
DA:71,0
DA:72,0
DA:79,0
DA:80,0
DA:81,0
DA:82,0
DA:83,0
DA:87,0
DA:88,0
DA:89,0
DA:90,0
DA:94,0
DA:97,0
DA:102,0
DA:104,0
DA:105,0
DA:112,0
DA:113,0
DA:114,0
DA:115,0
DA:116,0
DA:120,0
DA:121,0
DA:122,0
DA:123,0
DA:126,0
DA:127,0
DA:128,0
DA:132,0
DA:135,0
DA:140,0
DA:142,0
DA:143,0
LF:54
LH:0
BRDA:16,0,0,0
BRDA:16,0,1,0
BRDA:16,1,0,0
BRDA:16,1,1,0
BRDA:23,2,0,0
BRDA:23,2,1,0
BRDA:29,3,0,0
BRDA:29,3,1,0
BRDA:51,4,0,0
BRDA:51,4,1,0
BRDA:53,5,0,0
BRDA:53,5,1,0
BRDA:59,6,0,0
BRDA:59,6,1,0
BRDA:72,7,0,0
BRDA:72,7,1,0
BRDA:81,8,0,0
BRDA:81,8,1,0
BRDA:88,9,0,0
BRDA:88,9,1,0
BRDA:105,10,0,0
BRDA:105,10,1,0
BRDA:114,11,0,0
BRDA:114,11,1,0
BRDA:121,12,0,0
BRDA:121,12,1,0
BRDA:126,13,0,0
BRDA:126,13,1,0
BRDA:143,14,0,0
BRDA:143,14,1,0
BRF:30
BRH:0
end_of_record
